{"uid":"29252e3f7516e43","name":"FAILED 기능 동작 하는지 확인","fullName":"src.tests.ui_tests.test_fail_screenshot#test_fail_screenshot","historyId":"295b0300b44e64aac7e9de8f2dd396ad","time":{"start":1743616699599,"stop":1743616702299,"duration":2700},"description":"\n일부러 실패하게 만드는 테스트\n- 올바르지 않은 요소 선택\n- 검색창이 없는 요소를 클릭 시도하여 실패 유발\n","descriptionHtml":"<p>일부러 실패하게 만드는 테스트</p>\n<ul>\n<li>올바르지 않은 요소 선택</li>\n<li>검색창이 없는 요소를 클릭 시도하여 실패 유발</li>\n</ul>\n","status":"failed","statusMessage":"Failed: \uD83D\uDCCC 예상된 실패: 잘못된 XPATH로 인해 클릭할 수 없음","statusTrace":"driver = <selenium.webdriver.chrome.webdriver.WebDriver (session=\"cf440b7206d9e126d2bf543b130611f3\")>\n\n    @allure.feature(\"UI 테스트\")\n    @allure.story(\"검색창 FAILED 테스트\")\n    @allure.title(\"FAILED 기능 동작 하는지 확인\")\n    def test_fail_screenshot(driver):\n        \"\"\"\n        일부러 실패하게 만드는 테스트\n        - 올바르지 않은 요소 선택\n        - 검색창이 없는 요소를 클릭 시도하여 실패 유발\n        \"\"\"\n        driver.get(\"https://www.kurly.com/main\")\n    \n        try:\n>           driver.find_element(By.XPATH, \"//input[@id='wrong_search_id']\").click()\n\nsrc/tests/ui_tests/test_fail_screenshot.py:17: \n_ _ _ _ _ _ _ _ _ _ _ _ _ _ _ _ _ _ _ _ _ _ _ _ _ _ _ _ _ _ _ _ _ _ _ _ _ _ _ _ \n/usr/local/lib/python3.13/site-packages/selenium/webdriver/remote/webdriver.py:898: in find_element\n    return self.execute(Command.FIND_ELEMENT, {\"using\": by, \"value\": value})[\"value\"]\n/usr/local/lib/python3.13/site-packages/selenium/webdriver/remote/webdriver.py:429: in execute\n    self.error_handler.check_response(response)\n_ _ _ _ _ _ _ _ _ _ _ _ _ _ _ _ _ _ _ _ _ _ _ _ _ _ _ _ _ _ _ _ _ _ _ _ _ _ _ _ \n\nself = <selenium.webdriver.remote.errorhandler.ErrorHandler object at 0x7f01315782f0>\nresponse = {'status': 404, 'value': '{\"value\":{\"error\":\"no such element\",\"message\":\"no such element: Unable to locate element: {\\...\\\\n#16 0x564881096ea9 \\\\u003Cunknown>\\\\n#17 0x5648810a6fc6 \\\\u003Cunknown>\\\\n#18 0x7f82d05351c4 \\\\u003Cunknown>\\\\n\"}}'}\n\n    def check_response(self, response: Dict[str, Any]) -> None:\n        \"\"\"Checks that a JSON response from the WebDriver does not have an\n        error.\n    \n        :Args:\n         - response - The JSON response from the WebDriver server as a dictionary\n           object.\n    \n        :Raises: If the response contains an error message.\n        \"\"\"\n        status = response.get(\"status\", None)\n        if not status or status == ErrorCode.SUCCESS:\n            return\n        value = None\n        message = response.get(\"message\", \"\")\n        screen: str = response.get(\"screen\", \"\")\n        stacktrace = None\n        if isinstance(status, int):\n            value_json = response.get(\"value\", None)\n            if value_json and isinstance(value_json, str):\n                import json\n    \n                try:\n                    value = json.loads(value_json)\n                    if len(value) == 1:\n                        value = value[\"value\"]\n                    status = value.get(\"error\", None)\n                    if not status:\n                        status = value.get(\"status\", ErrorCode.UNKNOWN_ERROR)\n                        message = value.get(\"value\") or value.get(\"message\")\n                        if not isinstance(message, str):\n                            value = message\n                            message = message.get(\"message\")\n                    else:\n                        message = value.get(\"message\", None)\n                except ValueError:\n                    pass\n    \n        exception_class: Type[WebDriverException]\n        e = ErrorCode()\n        error_codes = [item for item in dir(e) if not item.startswith(\"__\")]\n        for error_code in error_codes:\n            error_info = getattr(ErrorCode, error_code)\n            if isinstance(error_info, list) and status in error_info:\n                exception_class = getattr(ExceptionMapping, error_code, WebDriverException)\n                break\n        else:\n            exception_class = WebDriverException\n    \n        if not value:\n            value = response[\"value\"]\n        if isinstance(value, str):\n            raise exception_class(value)\n        if message == \"\" and \"message\" in value:\n            message = value[\"message\"]\n    \n        screen = None  # type: ignore[assignment]\n        if \"screen\" in value:\n            screen = value[\"screen\"]\n    \n        stacktrace = None\n        st_value = value.get(\"stackTrace\") or value.get(\"stacktrace\")\n        if st_value:\n            if isinstance(st_value, str):\n                stacktrace = st_value.split(\"\\n\")\n            else:\n                stacktrace = []\n                try:\n                    for frame in st_value:\n                        line = frame.get(\"lineNumber\", \"\")\n                        file = frame.get(\"fileName\", \"<anonymous>\")\n                        if line:\n                            file = f\"{file}:{line}\"\n                        meth = frame.get(\"methodName\", \"<anonymous>\")\n                        if \"className\" in frame:\n                            meth = f\"{frame['className']}.{meth}\"\n                        msg = \"    at %s (%s)\"\n                        msg = msg % (meth, file)\n                        stacktrace.append(msg)\n                except TypeError:\n                    pass\n        if exception_class == UnexpectedAlertPresentException:\n            alert_text = None\n            if \"data\" in value:\n                alert_text = value[\"data\"].get(\"text\")\n            elif \"alert\" in value:\n                alert_text = value[\"alert\"].get(\"text\")\n            raise exception_class(message, screen, stacktrace, alert_text)  # type: ignore[call-arg]  # mypy is not smart enough here\n>       raise exception_class(message, screen, stacktrace)\nE       selenium.common.exceptions.NoSuchElementException: Message: no such element: Unable to locate element: {\"method\":\"xpath\",\"selector\":\"//input[@id='wrong_search_id']\"}\nE         (Session info: chrome=133.0.6943.126); For documentation on this error, please visit: https://www.selenium.dev/documentation/webdriver/troubleshooting/errors#no-such-element-exception\nE       Stacktrace:\nE       #0 0x5648810a814a <unknown>\nE       #1 0x564880b45b80 <unknown>\nE       #2 0x564880b970e9 <unknown>\nE       #3 0x564880b97271 <unknown>\nE       #4 0x564880be5de4 <unknown>\nE       #5 0x564880bbcefd <unknown>\nE       #6 0x564880be314a <unknown>\nE       #7 0x564880bbcca3 <unknown>\nE       #8 0x564880b88f08 <unknown>\nE       #9 0x564880b8a071 <unknown>\nE       #10 0x564881071b5b <unknown>\nE       #11 0x564881075ae2 <unknown>\nE       #12 0x56488105d967 <unknown>\nE       #13 0x5648810766d4 <unknown>\nE       #14 0x564881041c7f <unknown>\nE       #15 0x564881096cd8 <unknown>\nE       #16 0x564881096ea9 <unknown>\nE       #17 0x5648810a6fc6 <unknown>\nE       #18 0x7f82d05351c4 <unknown>\n\n/usr/local/lib/python3.13/site-packages/selenium/webdriver/remote/errorhandler.py:232: NoSuchElementException\n\nDuring handling of the above exception, another exception occurred:\n\ndriver = <selenium.webdriver.chrome.webdriver.WebDriver (session=\"cf440b7206d9e126d2bf543b130611f3\")>\n\n    @allure.feature(\"UI 테스트\")\n    @allure.story(\"검색창 FAILED 테스트\")\n    @allure.title(\"FAILED 기능 동작 하는지 확인\")\n    def test_fail_screenshot(driver):\n        \"\"\"\n        일부러 실패하게 만드는 테스트\n        - 올바르지 않은 요소 선택\n        - 검색창이 없는 요소를 클릭 시도하여 실패 유발\n        \"\"\"\n        driver.get(\"https://www.kurly.com/main\")\n    \n        try:\n            driver.find_element(By.XPATH, \"//input[@id='wrong_search_id']\").click()\n        except Exception:\n            driver.save_screenshot(\"unexpected_result.png\")\n>           pytest.fail(\"\uD83D\uDCCC 예상된 실패: 잘못된 XPATH로 인해 클릭할 수 없음\")\nE           Failed: \uD83D\uDCCC 예상된 실패: 잘못된 XPATH로 인해 클릭할 수 없음\n\nsrc/tests/ui_tests/test_fail_screenshot.py:20: Failed","flaky":false,"newFailed":false,"newBroken":false,"newPassed":false,"retriesCount":0,"retriesStatusChange":false,"beforeStages":[{"name":"driver","time":{"start":1743616694260,"stop":1743616699598,"duration":5338},"status":"passed","steps":[],"attachments":[],"parameters":[],"attachmentsCount":0,"shouldDisplayMessage":false,"stepsCount":0,"attachmentStep":false,"hasContent":false}],"testStage":{"description":"\n일부러 실패하게 만드는 테스트\n- 올바르지 않은 요소 선택\n- 검색창이 없는 요소를 클릭 시도하여 실패 유발\n","status":"failed","statusMessage":"Failed: \uD83D\uDCCC 예상된 실패: 잘못된 XPATH로 인해 클릭할 수 없음","statusTrace":"driver = <selenium.webdriver.chrome.webdriver.WebDriver (session=\"cf440b7206d9e126d2bf543b130611f3\")>\n\n    @allure.feature(\"UI 테스트\")\n    @allure.story(\"검색창 FAILED 테스트\")\n    @allure.title(\"FAILED 기능 동작 하는지 확인\")\n    def test_fail_screenshot(driver):\n        \"\"\"\n        일부러 실패하게 만드는 테스트\n        - 올바르지 않은 요소 선택\n        - 검색창이 없는 요소를 클릭 시도하여 실패 유발\n        \"\"\"\n        driver.get(\"https://www.kurly.com/main\")\n    \n        try:\n>           driver.find_element(By.XPATH, \"//input[@id='wrong_search_id']\").click()\n\nsrc/tests/ui_tests/test_fail_screenshot.py:17: \n_ _ _ _ _ _ _ _ _ _ _ _ _ _ _ _ _ _ _ _ _ _ _ _ _ _ _ _ _ _ _ _ _ _ _ _ _ _ _ _ \n/usr/local/lib/python3.13/site-packages/selenium/webdriver/remote/webdriver.py:898: in find_element\n    return self.execute(Command.FIND_ELEMENT, {\"using\": by, \"value\": value})[\"value\"]\n/usr/local/lib/python3.13/site-packages/selenium/webdriver/remote/webdriver.py:429: in execute\n    self.error_handler.check_response(response)\n_ _ _ _ _ _ _ _ _ _ _ _ _ _ _ _ _ _ _ _ _ _ _ _ _ _ _ _ _ _ _ _ _ _ _ _ _ _ _ _ \n\nself = <selenium.webdriver.remote.errorhandler.ErrorHandler object at 0x7f01315782f0>\nresponse = {'status': 404, 'value': '{\"value\":{\"error\":\"no such element\",\"message\":\"no such element: Unable to locate element: {\\...\\\\n#16 0x564881096ea9 \\\\u003Cunknown>\\\\n#17 0x5648810a6fc6 \\\\u003Cunknown>\\\\n#18 0x7f82d05351c4 \\\\u003Cunknown>\\\\n\"}}'}\n\n    def check_response(self, response: Dict[str, Any]) -> None:\n        \"\"\"Checks that a JSON response from the WebDriver does not have an\n        error.\n    \n        :Args:\n         - response - The JSON response from the WebDriver server as a dictionary\n           object.\n    \n        :Raises: If the response contains an error message.\n        \"\"\"\n        status = response.get(\"status\", None)\n        if not status or status == ErrorCode.SUCCESS:\n            return\n        value = None\n        message = response.get(\"message\", \"\")\n        screen: str = response.get(\"screen\", \"\")\n        stacktrace = None\n        if isinstance(status, int):\n            value_json = response.get(\"value\", None)\n            if value_json and isinstance(value_json, str):\n                import json\n    \n                try:\n                    value = json.loads(value_json)\n                    if len(value) == 1:\n                        value = value[\"value\"]\n                    status = value.get(\"error\", None)\n                    if not status:\n                        status = value.get(\"status\", ErrorCode.UNKNOWN_ERROR)\n                        message = value.get(\"value\") or value.get(\"message\")\n                        if not isinstance(message, str):\n                            value = message\n                            message = message.get(\"message\")\n                    else:\n                        message = value.get(\"message\", None)\n                except ValueError:\n                    pass\n    \n        exception_class: Type[WebDriverException]\n        e = ErrorCode()\n        error_codes = [item for item in dir(e) if not item.startswith(\"__\")]\n        for error_code in error_codes:\n            error_info = getattr(ErrorCode, error_code)\n            if isinstance(error_info, list) and status in error_info:\n                exception_class = getattr(ExceptionMapping, error_code, WebDriverException)\n                break\n        else:\n            exception_class = WebDriverException\n    \n        if not value:\n            value = response[\"value\"]\n        if isinstance(value, str):\n            raise exception_class(value)\n        if message == \"\" and \"message\" in value:\n            message = value[\"message\"]\n    \n        screen = None  # type: ignore[assignment]\n        if \"screen\" in value:\n            screen = value[\"screen\"]\n    \n        stacktrace = None\n        st_value = value.get(\"stackTrace\") or value.get(\"stacktrace\")\n        if st_value:\n            if isinstance(st_value, str):\n                stacktrace = st_value.split(\"\\n\")\n            else:\n                stacktrace = []\n                try:\n                    for frame in st_value:\n                        line = frame.get(\"lineNumber\", \"\")\n                        file = frame.get(\"fileName\", \"<anonymous>\")\n                        if line:\n                            file = f\"{file}:{line}\"\n                        meth = frame.get(\"methodName\", \"<anonymous>\")\n                        if \"className\" in frame:\n                            meth = f\"{frame['className']}.{meth}\"\n                        msg = \"    at %s (%s)\"\n                        msg = msg % (meth, file)\n                        stacktrace.append(msg)\n                except TypeError:\n                    pass\n        if exception_class == UnexpectedAlertPresentException:\n            alert_text = None\n            if \"data\" in value:\n                alert_text = value[\"data\"].get(\"text\")\n            elif \"alert\" in value:\n                alert_text = value[\"alert\"].get(\"text\")\n            raise exception_class(message, screen, stacktrace, alert_text)  # type: ignore[call-arg]  # mypy is not smart enough here\n>       raise exception_class(message, screen, stacktrace)\nE       selenium.common.exceptions.NoSuchElementException: Message: no such element: Unable to locate element: {\"method\":\"xpath\",\"selector\":\"//input[@id='wrong_search_id']\"}\nE         (Session info: chrome=133.0.6943.126); For documentation on this error, please visit: https://www.selenium.dev/documentation/webdriver/troubleshooting/errors#no-such-element-exception\nE       Stacktrace:\nE       #0 0x5648810a814a <unknown>\nE       #1 0x564880b45b80 <unknown>\nE       #2 0x564880b970e9 <unknown>\nE       #3 0x564880b97271 <unknown>\nE       #4 0x564880be5de4 <unknown>\nE       #5 0x564880bbcefd <unknown>\nE       #6 0x564880be314a <unknown>\nE       #7 0x564880bbcca3 <unknown>\nE       #8 0x564880b88f08 <unknown>\nE       #9 0x564880b8a071 <unknown>\nE       #10 0x564881071b5b <unknown>\nE       #11 0x564881075ae2 <unknown>\nE       #12 0x56488105d967 <unknown>\nE       #13 0x5648810766d4 <unknown>\nE       #14 0x564881041c7f <unknown>\nE       #15 0x564881096cd8 <unknown>\nE       #16 0x564881096ea9 <unknown>\nE       #17 0x5648810a6fc6 <unknown>\nE       #18 0x7f82d05351c4 <unknown>\n\n/usr/local/lib/python3.13/site-packages/selenium/webdriver/remote/errorhandler.py:232: NoSuchElementException\n\nDuring handling of the above exception, another exception occurred:\n\ndriver = <selenium.webdriver.chrome.webdriver.WebDriver (session=\"cf440b7206d9e126d2bf543b130611f3\")>\n\n    @allure.feature(\"UI 테스트\")\n    @allure.story(\"검색창 FAILED 테스트\")\n    @allure.title(\"FAILED 기능 동작 하는지 확인\")\n    def test_fail_screenshot(driver):\n        \"\"\"\n        일부러 실패하게 만드는 테스트\n        - 올바르지 않은 요소 선택\n        - 검색창이 없는 요소를 클릭 시도하여 실패 유발\n        \"\"\"\n        driver.get(\"https://www.kurly.com/main\")\n    \n        try:\n            driver.find_element(By.XPATH, \"//input[@id='wrong_search_id']\").click()\n        except Exception:\n            driver.save_screenshot(\"unexpected_result.png\")\n>           pytest.fail(\"\uD83D\uDCCC 예상된 실패: 잘못된 XPATH로 인해 클릭할 수 없음\")\nE           Failed: \uD83D\uDCCC 예상된 실패: 잘못된 XPATH로 인해 클릭할 수 없음\n\nsrc/tests/ui_tests/test_fail_screenshot.py:20: Failed","steps":[],"attachments":[{"uid":"21650de05e8d5d7c","name":"Failure Screenshot","source":"21650de05e8d5d7c.png","type":"image/png","size":1161488}],"parameters":[],"attachmentsCount":1,"shouldDisplayMessage":true,"stepsCount":0,"attachmentStep":false,"hasContent":true},"afterStages":[{"name":"driver::0","time":{"start":1743616702939,"stop":1743616703068,"duration":129},"status":"passed","steps":[],"attachments":[],"parameters":[],"attachmentsCount":0,"shouldDisplayMessage":false,"stepsCount":0,"attachmentStep":false,"hasContent":false}],"labels":[{"name":"story","value":"검색창 FAILED 테스트"},{"name":"feature","value":"UI 테스트"},{"name":"parentSuite","value":"src.tests.ui_tests"},{"name":"suite","value":"test_fail_screenshot"},{"name":"host","value":"3b13d0096cd0"},{"name":"thread","value":"1-MainThread"},{"name":"framework","value":"pytest"},{"name":"language","value":"cpython3"},{"name":"package","value":"src.tests.ui_tests.test_fail_screenshot"},{"name":"resultFormat","value":"allure2"}],"parameters":[],"links":[],"hidden":true,"retry":true,"extra":{"categories":[],"tags":[]},"source":"29252e3f7516e43.json","parameterValues":[]}