{"uid":"b30ac914511191c9","name":"잘못된 ID,PW 입력 시 로그인이 실패하는지 확인","fullName":"src.tests.ui_tests.test_ui_login#test_login","historyId":"98e8f149c7227721782a965f730ba74a","time":{"start":1745158760021,"stop":1745158766001,"duration":5980},"status":"failed","statusMessage":"Failed: ❌ 로그인 실패 :Message: no such element: Unable to locate element: {\"method\":\"css selector\",\"selector\":\"[id=\"pw\"]\"}\n  (Session info: chrome=135.0.7049.96); For documentation on this error, please visit: https://www.selenium.dev/documentation/webdriver/troubleshooting/errors#no-such-element-exception\nStacktrace:\n\tGetHandleVerifier [0x005D8073+60707]\n\tGetHandleVerifier [0x005D80B4+60772]\n\t(No symbol) [0x00400683]\n\t(No symbol) [0x00448660]\n\t(No symbol) [0x004489FB]\n\t(No symbol) [0x00491022]\n\t(No symbol) [0x0046D094]\n\t(No symbol) [0x0048E824]\n\t(No symbol) [0x0046CE46]\n\t(No symbol) [0x0043C5D3]\n\t(No symbol) [0x0043D424]\n\tGetHandleVerifier [0x0081BB53+2435075]\n\tGetHandleVerifier [0x008170F3+2416035]\n\tGetHandleVerifier [0x0083349C+2531660]\n\tGetHandleVerifier [0x005EF145+155125]\n\tGetHandleVerifier [0x005F5AED+182173]\n\tGetHandleVerifier [0x005DF948+91640]\n\tGetHandleVerifier [0x005DFAF0+92064]\n\tGetHandleVerifier [0x005CA5B0+4704]\n\tBaseThreadInitThunk [0x763B7BA9+25]\n\tRtlInitializeExceptionChain [0x771EC0CB+107]\n\tRtlClearBits [0x771EC04F+191]","statusTrace":"driver = <selenium.webdriver.chrome.webdriver.WebDriver (session=\"6f8b48fd1ecb7fd717ba34dcfa08123d\")>\n\n    @allure.feature(\"예외 케이스\")\n    @allure.story(\"잘못된 ID,PW 입력\")\n    @allure.title(\"잘못된 ID,PW 입력 시 로그인이 실패하는지 확인\")\n    def test_login(driver):\n        driver.get(\"https://www.kurly.com/main\")\n        driver.maximize_window()\n    \n        try:\n            # 로그인 버튼 클릭\n            login_button = driver.find_element(By.XPATH, \"//a[contains(text(),'로그인')]\")\n            login_button.click()\n            time.sleep(2)\n    \n            #아이디 패스워드 입력\n            login_username_input = driver.find_element(By.NAME, \"id\")\n>           login_password_input = driver.find_element(By.ID, \"pw\")\n\nsrc\\tests\\ui_tests\\test_ui_login.py:22: \n_ _ _ _ _ _ _ _ _ _ _ _ _ _ _ _ _ _ _ _ _ _ _ _ _ _ _ _ _ _ _ _ _ _ _ _ _ _ _ _ _ _ _ _ _ _ _ _ _ _ _ _ _ _ _ _ _ _ _ _ _ _ _ _ _ _ _ _ _ _ _ _ _ _ _ _ _ _ _ _ _ _ _ _ _ _ _ _ _ _ _ _ _ _ _ _ _ _ _ _ _ _ _ _ _ _ _ _ _ _ _ _ _ \n..\\..\\..\\PycharmProjects\\pythonProject\\venv\\Lib\\site-packages\\selenium\\webdriver\\remote\\webdriver.py:770: in find_element\n    return self.execute(Command.FIND_ELEMENT, {\"using\": by, \"value\": value})[\"value\"]\n..\\..\\..\\PycharmProjects\\pythonProject\\venv\\Lib\\site-packages\\selenium\\webdriver\\remote\\webdriver.py:384: in execute\n    self.error_handler.check_response(response)\n_ _ _ _ _ _ _ _ _ _ _ _ _ _ _ _ _ _ _ _ _ _ _ _ _ _ _ _ _ _ _ _ _ _ _ _ _ _ _ _ _ _ _ _ _ _ _ _ _ _ _ _ _ _ _ _ _ _ _ _ _ _ _ _ _ _ _ _ _ _ _ _ _ _ _ _ _ _ _ _ _ _ _ _ _ _ _ _ _ _ _ _ _ _ _ _ _ _ _ _ _ _ _ _ _ _ _ _ _ _ _ _ _ \n\nself = <selenium.webdriver.remote.errorhandler.ErrorHandler object at 0x00000246FFC20450>\nresponse = {'status': 404, 'value': '{\"value\":{\"error\":\"no such element\",\"message\":\"no such element: Unable to locate element: {\\...dInitThunk [0x763B7BA9+25]\\\\n\\\\tRtlInitializeExceptionChain [0x771EC0CB+107]\\\\n\\\\tRtlClearBits [0x771EC04F+191]\\\\n\"}}'}\n\n    def check_response(self, response: Dict[str, Any]) -> None:\n        \"\"\"Checks that a JSON response from the WebDriver does not have an\n        error.\n    \n        :Args:\n         - response - The JSON response from the WebDriver server as a dictionary\n           object.\n    \n        :Raises: If the response contains an error message.\n        \"\"\"\n        status = response.get(\"status\", None)\n        if not status or status == ErrorCode.SUCCESS:\n            return\n        value = None\n        message = response.get(\"message\", \"\")\n        screen: str = response.get(\"screen\", \"\")\n        stacktrace = None\n        if isinstance(status, int):\n            value_json = response.get(\"value\", None)\n            if value_json and isinstance(value_json, str):\n                import json\n    \n                try:\n                    value = json.loads(value_json)\n                    if len(value) == 1:\n                        value = value[\"value\"]\n                    status = value.get(\"error\", None)\n                    if not status:\n                        status = value.get(\"status\", ErrorCode.UNKNOWN_ERROR)\n                        message = value.get(\"value\") or value.get(\"message\")\n                        if not isinstance(message, str):\n                            value = message\n                            message = message.get(\"message\")\n                    else:\n                        message = value.get(\"message\", None)\n                except ValueError:\n                    pass\n    \n        exception_class: Type[WebDriverException]\n        e = ErrorCode()\n        error_codes = [item for item in dir(e) if not item.startswith(\"__\")]\n        for error_code in error_codes:\n            error_info = getattr(ErrorCode, error_code)\n            if isinstance(error_info, list) and status in error_info:\n                exception_class = getattr(ExceptionMapping, error_code, WebDriverException)\n                break\n        else:\n            exception_class = WebDriverException\n    \n        if not value:\n            value = response[\"value\"]\n        if isinstance(value, str):\n            raise exception_class(value)\n        if message == \"\" and \"message\" in value:\n            message = value[\"message\"]\n    \n        screen = None  # type: ignore[assignment]\n        if \"screen\" in value:\n            screen = value[\"screen\"]\n    \n        stacktrace = None\n        st_value = value.get(\"stackTrace\") or value.get(\"stacktrace\")\n        if st_value:\n            if isinstance(st_value, str):\n                stacktrace = st_value.split(\"\\n\")\n            else:\n                stacktrace = []\n                try:\n                    for frame in st_value:\n                        line = frame.get(\"lineNumber\", \"\")\n                        file = frame.get(\"fileName\", \"<anonymous>\")\n                        if line:\n                            file = f\"{file}:{line}\"\n                        meth = frame.get(\"methodName\", \"<anonymous>\")\n                        if \"className\" in frame:\n                            meth = f\"{frame['className']}.{meth}\"\n                        msg = \"    at %s (%s)\"\n                        msg = msg % (meth, file)\n                        stacktrace.append(msg)\n                except TypeError:\n                    pass\n        if exception_class == UnexpectedAlertPresentException:\n            alert_text = None\n            if \"data\" in value:\n                alert_text = value[\"data\"].get(\"text\")\n            elif \"alert\" in value:\n                alert_text = value[\"alert\"].get(\"text\")\n            raise exception_class(message, screen, stacktrace, alert_text)  # type: ignore[call-arg]  # mypy is not smart enough here\n>       raise exception_class(message, screen, stacktrace)\nE       selenium.common.exceptions.NoSuchElementException: Message: no such element: Unable to locate element: {\"method\":\"css selector\",\"selector\":\"[id=\"pw\"]\"}\nE         (Session info: chrome=135.0.7049.96); For documentation on this error, please visit: https://www.selenium.dev/documentation/webdriver/troubleshooting/errors#no-such-element-exception\nE       Stacktrace:\nE       \tGetHandleVerifier [0x005D8073+60707]\nE       \tGetHandleVerifier [0x005D80B4+60772]\nE       \t(No symbol) [0x00400683]\nE       \t(No symbol) [0x00448660]\nE       \t(No symbol) [0x004489FB]\nE       \t(No symbol) [0x00491022]\nE       \t(No symbol) [0x0046D094]\nE       \t(No symbol) [0x0048E824]\nE       \t(No symbol) [0x0046CE46]\nE       \t(No symbol) [0x0043C5D3]\nE       \t(No symbol) [0x0043D424]\nE       \tGetHandleVerifier [0x0081BB53+2435075]\nE       \tGetHandleVerifier [0x008170F3+2416035]\nE       \tGetHandleVerifier [0x0083349C+2531660]\nE       \tGetHandleVerifier [0x005EF145+155125]\nE       \tGetHandleVerifier [0x005F5AED+182173]\nE       \tGetHandleVerifier [0x005DF948+91640]\nE       \tGetHandleVerifier [0x005DFAF0+92064]\nE       \tGetHandleVerifier [0x005CA5B0+4704]\nE       \tBaseThreadInitThunk [0x763B7BA9+25]\nE       \tRtlInitializeExceptionChain [0x771EC0CB+107]\nE       \tRtlClearBits [0x771EC04F+191]\n\n..\\..\\..\\PycharmProjects\\pythonProject\\venv\\Lib\\site-packages\\selenium\\webdriver\\remote\\errorhandler.py:232: NoSuchElementException\n\nDuring handling of the above exception, another exception occurred:\n\ndriver = <selenium.webdriver.chrome.webdriver.WebDriver (session=\"6f8b48fd1ecb7fd717ba34dcfa08123d\")>\n\n    @allure.feature(\"예외 케이스\")\n    @allure.story(\"잘못된 ID,PW 입력\")\n    @allure.title(\"잘못된 ID,PW 입력 시 로그인이 실패하는지 확인\")\n    def test_login(driver):\n        driver.get(\"https://www.kurly.com/main\")\n        driver.maximize_window()\n    \n        try:\n            # 로그인 버튼 클릭\n            login_button = driver.find_element(By.XPATH, \"//a[contains(text(),'로그인')]\")\n            login_button.click()\n            time.sleep(2)\n    \n            #아이디 패스워드 입력\n            login_username_input = driver.find_element(By.NAME, \"id\")\n            login_password_input = driver.find_element(By.ID, \"pw\")\n            login_submit_button = driver.find_element(By.ID,\"log.login\")\n            time.sleep(2)\n    \n            login_username_input.clear()\n            login_password_input.clear()\n    \n            login_username_input.send_keys('boksoon8')\n            login_password_input.send_keys('1232133123')\n            login_submit_button.click()\n            time.sleep(3)\n        except Exception as e:\n            capture_screenshot(driver, \"로그인\", \"screenshots_login\")\n>           pytest.fail(f\"❌ 로그인 실패 :{str(e)}\")\nE           Failed: ❌ 로그인 실패 :Message: no such element: Unable to locate element: {\"method\":\"css selector\",\"selector\":\"[id=\"pw\"]\"}\nE             (Session info: chrome=135.0.7049.96); For documentation on this error, please visit: https://www.selenium.dev/documentation/webdriver/troubleshooting/errors#no-such-element-exception\nE           Stacktrace:\nE           \tGetHandleVerifier [0x005D8073+60707]\nE           \tGetHandleVerifier [0x005D80B4+60772]\nE           \t(No symbol) [0x00400683]\nE           \t(No symbol) [0x00448660]\nE           \t(No symbol) [0x004489FB]\nE           \t(No symbol) [0x00491022]\nE           \t(No symbol) [0x0046D094]\nE           \t(No symbol) [0x0048E824]\nE           \t(No symbol) [0x0046CE46]\nE           \t(No symbol) [0x0043C5D3]\nE           \t(No symbol) [0x0043D424]\nE           \tGetHandleVerifier [0x0081BB53+2435075]\nE           \tGetHandleVerifier [0x008170F3+2416035]\nE           \tGetHandleVerifier [0x0083349C+2531660]\nE           \tGetHandleVerifier [0x005EF145+155125]\nE           \tGetHandleVerifier [0x005F5AED+182173]\nE           \tGetHandleVerifier [0x005DF948+91640]\nE           \tGetHandleVerifier [0x005DFAF0+92064]\nE           \tGetHandleVerifier [0x005CA5B0+4704]\nE           \tBaseThreadInitThunk [0x763B7BA9+25]\nE           \tRtlInitializeExceptionChain [0x771EC0CB+107]\nE           \tRtlClearBits [0x771EC04F+191]\n\nsrc\\tests\\ui_tests\\test_ui_login.py:35: Failed","flaky":false,"newFailed":false,"newBroken":false,"newPassed":false,"retriesCount":1,"retriesStatusChange":false,"beforeStages":[{"name":"driver","time":{"start":1745158753658,"stop":1745158760020,"duration":6362},"status":"passed","steps":[],"attachments":[],"parameters":[],"attachmentsCount":0,"shouldDisplayMessage":false,"stepsCount":0,"attachmentStep":false,"hasContent":false}],"testStage":{"status":"failed","statusMessage":"Failed: ❌ 로그인 실패 :Message: no such element: Unable to locate element: {\"method\":\"css selector\",\"selector\":\"[id=\"pw\"]\"}\n  (Session info: chrome=135.0.7049.96); For documentation on this error, please visit: https://www.selenium.dev/documentation/webdriver/troubleshooting/errors#no-such-element-exception\nStacktrace:\n\tGetHandleVerifier [0x005D8073+60707]\n\tGetHandleVerifier [0x005D80B4+60772]\n\t(No symbol) [0x00400683]\n\t(No symbol) [0x00448660]\n\t(No symbol) [0x004489FB]\n\t(No symbol) [0x00491022]\n\t(No symbol) [0x0046D094]\n\t(No symbol) [0x0048E824]\n\t(No symbol) [0x0046CE46]\n\t(No symbol) [0x0043C5D3]\n\t(No symbol) [0x0043D424]\n\tGetHandleVerifier [0x0081BB53+2435075]\n\tGetHandleVerifier [0x008170F3+2416035]\n\tGetHandleVerifier [0x0083349C+2531660]\n\tGetHandleVerifier [0x005EF145+155125]\n\tGetHandleVerifier [0x005F5AED+182173]\n\tGetHandleVerifier [0x005DF948+91640]\n\tGetHandleVerifier [0x005DFAF0+92064]\n\tGetHandleVerifier [0x005CA5B0+4704]\n\tBaseThreadInitThunk [0x763B7BA9+25]\n\tRtlInitializeExceptionChain [0x771EC0CB+107]\n\tRtlClearBits [0x771EC04F+191]","statusTrace":"driver = <selenium.webdriver.chrome.webdriver.WebDriver (session=\"6f8b48fd1ecb7fd717ba34dcfa08123d\")>\n\n    @allure.feature(\"예외 케이스\")\n    @allure.story(\"잘못된 ID,PW 입력\")\n    @allure.title(\"잘못된 ID,PW 입력 시 로그인이 실패하는지 확인\")\n    def test_login(driver):\n        driver.get(\"https://www.kurly.com/main\")\n        driver.maximize_window()\n    \n        try:\n            # 로그인 버튼 클릭\n            login_button = driver.find_element(By.XPATH, \"//a[contains(text(),'로그인')]\")\n            login_button.click()\n            time.sleep(2)\n    \n            #아이디 패스워드 입력\n            login_username_input = driver.find_element(By.NAME, \"id\")\n>           login_password_input = driver.find_element(By.ID, \"pw\")\n\nsrc\\tests\\ui_tests\\test_ui_login.py:22: \n_ _ _ _ _ _ _ _ _ _ _ _ _ _ _ _ _ _ _ _ _ _ _ _ _ _ _ _ _ _ _ _ _ _ _ _ _ _ _ _ _ _ _ _ _ _ _ _ _ _ _ _ _ _ _ _ _ _ _ _ _ _ _ _ _ _ _ _ _ _ _ _ _ _ _ _ _ _ _ _ _ _ _ _ _ _ _ _ _ _ _ _ _ _ _ _ _ _ _ _ _ _ _ _ _ _ _ _ _ _ _ _ _ \n..\\..\\..\\PycharmProjects\\pythonProject\\venv\\Lib\\site-packages\\selenium\\webdriver\\remote\\webdriver.py:770: in find_element\n    return self.execute(Command.FIND_ELEMENT, {\"using\": by, \"value\": value})[\"value\"]\n..\\..\\..\\PycharmProjects\\pythonProject\\venv\\Lib\\site-packages\\selenium\\webdriver\\remote\\webdriver.py:384: in execute\n    self.error_handler.check_response(response)\n_ _ _ _ _ _ _ _ _ _ _ _ _ _ _ _ _ _ _ _ _ _ _ _ _ _ _ _ _ _ _ _ _ _ _ _ _ _ _ _ _ _ _ _ _ _ _ _ _ _ _ _ _ _ _ _ _ _ _ _ _ _ _ _ _ _ _ _ _ _ _ _ _ _ _ _ _ _ _ _ _ _ _ _ _ _ _ _ _ _ _ _ _ _ _ _ _ _ _ _ _ _ _ _ _ _ _ _ _ _ _ _ _ \n\nself = <selenium.webdriver.remote.errorhandler.ErrorHandler object at 0x00000246FFC20450>\nresponse = {'status': 404, 'value': '{\"value\":{\"error\":\"no such element\",\"message\":\"no such element: Unable to locate element: {\\...dInitThunk [0x763B7BA9+25]\\\\n\\\\tRtlInitializeExceptionChain [0x771EC0CB+107]\\\\n\\\\tRtlClearBits [0x771EC04F+191]\\\\n\"}}'}\n\n    def check_response(self, response: Dict[str, Any]) -> None:\n        \"\"\"Checks that a JSON response from the WebDriver does not have an\n        error.\n    \n        :Args:\n         - response - The JSON response from the WebDriver server as a dictionary\n           object.\n    \n        :Raises: If the response contains an error message.\n        \"\"\"\n        status = response.get(\"status\", None)\n        if not status or status == ErrorCode.SUCCESS:\n            return\n        value = None\n        message = response.get(\"message\", \"\")\n        screen: str = response.get(\"screen\", \"\")\n        stacktrace = None\n        if isinstance(status, int):\n            value_json = response.get(\"value\", None)\n            if value_json and isinstance(value_json, str):\n                import json\n    \n                try:\n                    value = json.loads(value_json)\n                    if len(value) == 1:\n                        value = value[\"value\"]\n                    status = value.get(\"error\", None)\n                    if not status:\n                        status = value.get(\"status\", ErrorCode.UNKNOWN_ERROR)\n                        message = value.get(\"value\") or value.get(\"message\")\n                        if not isinstance(message, str):\n                            value = message\n                            message = message.get(\"message\")\n                    else:\n                        message = value.get(\"message\", None)\n                except ValueError:\n                    pass\n    \n        exception_class: Type[WebDriverException]\n        e = ErrorCode()\n        error_codes = [item for item in dir(e) if not item.startswith(\"__\")]\n        for error_code in error_codes:\n            error_info = getattr(ErrorCode, error_code)\n            if isinstance(error_info, list) and status in error_info:\n                exception_class = getattr(ExceptionMapping, error_code, WebDriverException)\n                break\n        else:\n            exception_class = WebDriverException\n    \n        if not value:\n            value = response[\"value\"]\n        if isinstance(value, str):\n            raise exception_class(value)\n        if message == \"\" and \"message\" in value:\n            message = value[\"message\"]\n    \n        screen = None  # type: ignore[assignment]\n        if \"screen\" in value:\n            screen = value[\"screen\"]\n    \n        stacktrace = None\n        st_value = value.get(\"stackTrace\") or value.get(\"stacktrace\")\n        if st_value:\n            if isinstance(st_value, str):\n                stacktrace = st_value.split(\"\\n\")\n            else:\n                stacktrace = []\n                try:\n                    for frame in st_value:\n                        line = frame.get(\"lineNumber\", \"\")\n                        file = frame.get(\"fileName\", \"<anonymous>\")\n                        if line:\n                            file = f\"{file}:{line}\"\n                        meth = frame.get(\"methodName\", \"<anonymous>\")\n                        if \"className\" in frame:\n                            meth = f\"{frame['className']}.{meth}\"\n                        msg = \"    at %s (%s)\"\n                        msg = msg % (meth, file)\n                        stacktrace.append(msg)\n                except TypeError:\n                    pass\n        if exception_class == UnexpectedAlertPresentException:\n            alert_text = None\n            if \"data\" in value:\n                alert_text = value[\"data\"].get(\"text\")\n            elif \"alert\" in value:\n                alert_text = value[\"alert\"].get(\"text\")\n            raise exception_class(message, screen, stacktrace, alert_text)  # type: ignore[call-arg]  # mypy is not smart enough here\n>       raise exception_class(message, screen, stacktrace)\nE       selenium.common.exceptions.NoSuchElementException: Message: no such element: Unable to locate element: {\"method\":\"css selector\",\"selector\":\"[id=\"pw\"]\"}\nE         (Session info: chrome=135.0.7049.96); For documentation on this error, please visit: https://www.selenium.dev/documentation/webdriver/troubleshooting/errors#no-such-element-exception\nE       Stacktrace:\nE       \tGetHandleVerifier [0x005D8073+60707]\nE       \tGetHandleVerifier [0x005D80B4+60772]\nE       \t(No symbol) [0x00400683]\nE       \t(No symbol) [0x00448660]\nE       \t(No symbol) [0x004489FB]\nE       \t(No symbol) [0x00491022]\nE       \t(No symbol) [0x0046D094]\nE       \t(No symbol) [0x0048E824]\nE       \t(No symbol) [0x0046CE46]\nE       \t(No symbol) [0x0043C5D3]\nE       \t(No symbol) [0x0043D424]\nE       \tGetHandleVerifier [0x0081BB53+2435075]\nE       \tGetHandleVerifier [0x008170F3+2416035]\nE       \tGetHandleVerifier [0x0083349C+2531660]\nE       \tGetHandleVerifier [0x005EF145+155125]\nE       \tGetHandleVerifier [0x005F5AED+182173]\nE       \tGetHandleVerifier [0x005DF948+91640]\nE       \tGetHandleVerifier [0x005DFAF0+92064]\nE       \tGetHandleVerifier [0x005CA5B0+4704]\nE       \tBaseThreadInitThunk [0x763B7BA9+25]\nE       \tRtlInitializeExceptionChain [0x771EC0CB+107]\nE       \tRtlClearBits [0x771EC04F+191]\n\n..\\..\\..\\PycharmProjects\\pythonProject\\venv\\Lib\\site-packages\\selenium\\webdriver\\remote\\errorhandler.py:232: NoSuchElementException\n\nDuring handling of the above exception, another exception occurred:\n\ndriver = <selenium.webdriver.chrome.webdriver.WebDriver (session=\"6f8b48fd1ecb7fd717ba34dcfa08123d\")>\n\n    @allure.feature(\"예외 케이스\")\n    @allure.story(\"잘못된 ID,PW 입력\")\n    @allure.title(\"잘못된 ID,PW 입력 시 로그인이 실패하는지 확인\")\n    def test_login(driver):\n        driver.get(\"https://www.kurly.com/main\")\n        driver.maximize_window()\n    \n        try:\n            # 로그인 버튼 클릭\n            login_button = driver.find_element(By.XPATH, \"//a[contains(text(),'로그인')]\")\n            login_button.click()\n            time.sleep(2)\n    \n            #아이디 패스워드 입력\n            login_username_input = driver.find_element(By.NAME, \"id\")\n            login_password_input = driver.find_element(By.ID, \"pw\")\n            login_submit_button = driver.find_element(By.ID,\"log.login\")\n            time.sleep(2)\n    \n            login_username_input.clear()\n            login_password_input.clear()\n    \n            login_username_input.send_keys('boksoon8')\n            login_password_input.send_keys('1232133123')\n            login_submit_button.click()\n            time.sleep(3)\n        except Exception as e:\n            capture_screenshot(driver, \"로그인\", \"screenshots_login\")\n>           pytest.fail(f\"❌ 로그인 실패 :{str(e)}\")\nE           Failed: ❌ 로그인 실패 :Message: no such element: Unable to locate element: {\"method\":\"css selector\",\"selector\":\"[id=\"pw\"]\"}\nE             (Session info: chrome=135.0.7049.96); For documentation on this error, please visit: https://www.selenium.dev/documentation/webdriver/troubleshooting/errors#no-such-element-exception\nE           Stacktrace:\nE           \tGetHandleVerifier [0x005D8073+60707]\nE           \tGetHandleVerifier [0x005D80B4+60772]\nE           \t(No symbol) [0x00400683]\nE           \t(No symbol) [0x00448660]\nE           \t(No symbol) [0x004489FB]\nE           \t(No symbol) [0x00491022]\nE           \t(No symbol) [0x0046D094]\nE           \t(No symbol) [0x0048E824]\nE           \t(No symbol) [0x0046CE46]\nE           \t(No symbol) [0x0043C5D3]\nE           \t(No symbol) [0x0043D424]\nE           \tGetHandleVerifier [0x0081BB53+2435075]\nE           \tGetHandleVerifier [0x008170F3+2416035]\nE           \tGetHandleVerifier [0x0083349C+2531660]\nE           \tGetHandleVerifier [0x005EF145+155125]\nE           \tGetHandleVerifier [0x005F5AED+182173]\nE           \tGetHandleVerifier [0x005DF948+91640]\nE           \tGetHandleVerifier [0x005DFAF0+92064]\nE           \tGetHandleVerifier [0x005CA5B0+4704]\nE           \tBaseThreadInitThunk [0x763B7BA9+25]\nE           \tRtlInitializeExceptionChain [0x771EC0CB+107]\nE           \tRtlClearBits [0x771EC04F+191]\n\nsrc\\tests\\ui_tests\\test_ui_login.py:35: Failed","steps":[],"attachments":[{"uid":"5f1c7f47cb4a448c","name":"Failure sreenshot","source":"5f1c7f47cb4a448c.png","type":"image/png","size":163761},{"uid":"8a9956d17259a600","name":"stdout","source":"8a9956d17259a600.txt","type":"text/plain","size":92}],"parameters":[],"attachmentsCount":2,"shouldDisplayMessage":true,"stepsCount":0,"attachmentStep":false,"hasContent":true},"afterStages":[{"name":"driver::0","time":{"start":1745158766389,"stop":1745158768542,"duration":2153},"status":"passed","steps":[],"attachments":[],"parameters":[],"attachmentsCount":0,"shouldDisplayMessage":false,"stepsCount":0,"attachmentStep":false,"hasContent":false}],"labels":[{"name":"story","value":"잘못된 ID,PW 입력"},{"name":"feature","value":"예외 케이스"},{"name":"parentSuite","value":"src.tests.ui_tests"},{"name":"suite","value":"test_ui_login"},{"name":"host","value":"jmlim"},{"name":"thread","value":"1908-MainThread"},{"name":"framework","value":"pytest"},{"name":"language","value":"cpython3"},{"name":"package","value":"src.tests.ui_tests.test_ui_login"},{"name":"resultFormat","value":"allure2"}],"parameters":[],"links":[],"hidden":false,"retry":false,"extra":{"severity":"normal","retries":[{"uid":"d4082d55632764bc","status":"failed","statusDetails":"Failed: ❌ 로그인 실패 :Message: no such element: Unable to locate element: {\"method\":\"css selector\",\"selector\":\"[id=\"pw\"]\"}\n  (Session info: chrome=133.0.6943.126); For documentation on this error, please visit: https://www.selenium.dev/documentation/webdriver/troubleshooting/errors#no-such-element-exception\nStacktrace:\n#0 0x55f10db9614a <unknown>\n#1 0x55f10d633b80 <unknown>\n#2 0x55f10d6850e9 <unknown>\n#3 0x55f10d685271 <unknown>\n#4 0x55f10d6d3de4 <unknown>\n#5 0x55f10d6aaefd <unknown>\n#6 0x55f10d6d114a <unknown>\n#7 0x55f10d6aaca3 <unknown>\n#8 0x55f10d676f08 <unknown>\n#9 0x55f10d678071 <unknown>\n#10 0x55f10db5fb5b <unknown>\n#11 0x55f10db63ae2 <unknown>\n#12 0x55f10db4b967 <unknown>\n#13 0x55f10db646d4 <unknown>\n#14 0x55f10db2fc7f <unknown>\n#15 0x55f10db84cd8 <unknown>\n#16 0x55f10db84ea9 <unknown>\n#17 0x55f10db94fc6 <unknown>\n#18 0x7fccd276f1c4 <unknown>","time":{"start":1743616771949,"stop":1743616776269,"duration":4320}}],"categories":[{"name":"Product defects","matchedStatuses":[],"flaky":false}],"tags":[]},"source":"b30ac914511191c9.json","parameterValues":[]}