{"uid":"1015da3d2e1755e7","name":"잘못된 ID,PW 입력 시 로그인이 실패하는지 확인","fullName":"src.tests.ui_tests.test_ui_login#test_login","historyId":"98e8f149c7227721782a965f730ba74a","time":{"start":1749126603832,"stop":1749126614134,"duration":10302},"status":"failed","statusMessage":"Failed: ❌ 로그인 실패 :Message: invalid selector: Unable to locate an element with the xpath expression //div[@class='swiper-slide swiper-slide-active']//img[@alt='메인배너' because of the following error:\nSyntaxError: Failed to execute 'evaluate' on 'Document': The string '//div[@class='swiper-slide swiper-slide-active']//img[@alt='메인배너'' is not a valid XPath expression.\n  (Session info: chrome=137.0.7151.55); For documentation on this error, please visit: https://www.selenium.dev/documentation/webdriver/troubleshooting/errors#invalid-selector-exception\nStacktrace:\n#0 0x5629a0103c4a <unknown>\n#1 0x56299fba96e0 <unknown>\n#2 0x56299fbb0378 <unknown>\n#3 0x56299fbb2c18 <unknown>\n#4 0x56299fbb2ca3 <unknown>\n#5 0x56299fbfab45 <unknown>\n#6 0x56299fbfb311 <unknown>\n#7 0x56299fc49ec4 <unknown>\n#8 0x56299fc20e5d <unknown>\n#9 0x56299fc472cc <unknown>\n#10 0x56299fc20c03 <unknown>\n#11 0x56299fbed47b <unknown>\n#12 0x56299fbee0e1 <unknown>\n#13 0x5629a00c83fb <unknown>\n#14 0x5629a00cc32f <unknown>\n#15 0x5629a00aff39 <unknown>\n#16 0x5629a00ccec8 <unknown>\n#17 0x5629a009468f <unknown>\n#18 0x5629a00f12b8 <unknown>\n#19 0x5629a00f1496 <unknown>\n#20 0x5629a0102b26 <unknown>\n#21 0x7fe97289caa4 <unknown>\n#22 0x7fe972929c3c <unknown>","statusTrace":"driver = <selenium.webdriver.chrome.webdriver.WebDriver (session=\"77d81e0da5dbf7604410c3eece4e487a\")>\n\n    @allure.feature(\"예외 케이스\")\n    @allure.story(\"잘못된 ID,PW 입력\")\n    @allure.title(\"잘못된 ID,PW 입력 시 로그인이 실패하는지 확인\")\n    def test_login(driver):\n        driver.get(\"https://www.kurly.com/main\")\n        driver.maximize_window()\n    \n        try:\n            login_button = driver.find_element(By.XPATH, \"//a[contains(text(),'로그인')]\")\n            login_button.click()\n            time.sleep(2)\n    \n            #아이디 패스워드 입력\n            login_username_input = driver.find_element(By.XPATH, \"//input[@placeholder='아이디를 입력해주세요']\")\n            login_password_input = driver.find_element(By.XPATH, \"//input[@placeholder='비밀번호를 입력해주세요']\")\n            login_submit_button = driver.find_element(By.XPATH,\"//button[@type='submit']\")\n    \n            login_username_input.clear()\n            login_password_input.clear()\n    \n            login_username_input.send_keys('boksoon8')\n            login_password_input.send_keys('1232133123')\n            time.sleep(3)\n            login_submit_button.click()\n            time.sleep(3)\n    \n>           success_case = driver.find_element(By.XPATH, \"//div[@class='swiper-slide swiper-slide-active']//img[@alt='메인배너'\")\n\nsrc/tests/ui_tests/test_ui_login.py:33: \n_ _ _ _ _ _ _ _ _ _ _ _ _ _ _ _ _ _ _ _ _ _ _ _ _ _ _ _ _ _ _ _ _ _ _ _ _ _ _ _ \nvenv/lib/python3.11/site-packages/selenium/webdriver/remote/webdriver.py:770: in find_element\n    return self.execute(Command.FIND_ELEMENT, {\"using\": by, \"value\": value})[\"value\"]\nvenv/lib/python3.11/site-packages/selenium/webdriver/remote/webdriver.py:384: in execute\n    self.error_handler.check_response(response)\n_ _ _ _ _ _ _ _ _ _ _ _ _ _ _ _ _ _ _ _ _ _ _ _ _ _ _ _ _ _ _ _ _ _ _ _ _ _ _ _ \n\nself = <selenium.webdriver.remote.errorhandler.ErrorHandler object at 0x7f44901d9dd0>\nresponse = {'status': 400, 'value': '{\"value\":{\"error\":\"invalid selector\",\"message\":\"invalid selector: Unable to locate an elemen...\\\\n#20 0x5629a0102b26 \\\\u003Cunknown>\\\\n#21 0x7fe97289caa4 \\\\u003Cunknown>\\\\n#22 0x7fe972929c3c \\\\u003Cunknown>\\\\n\"}}'}\n\n    def check_response(self, response: Dict[str, Any]) -> None:\n        \"\"\"Checks that a JSON response from the WebDriver does not have an\n        error.\n    \n        :Args:\n         - response - The JSON response from the WebDriver server as a dictionary\n           object.\n    \n        :Raises: If the response contains an error message.\n        \"\"\"\n        status = response.get(\"status\", None)\n        if not status or status == ErrorCode.SUCCESS:\n            return\n        value = None\n        message = response.get(\"message\", \"\")\n        screen: str = response.get(\"screen\", \"\")\n        stacktrace = None\n        if isinstance(status, int):\n            value_json = response.get(\"value\", None)\n            if value_json and isinstance(value_json, str):\n                import json\n    \n                try:\n                    value = json.loads(value_json)\n                    if len(value) == 1:\n                        value = value[\"value\"]\n                    status = value.get(\"error\", None)\n                    if not status:\n                        status = value.get(\"status\", ErrorCode.UNKNOWN_ERROR)\n                        message = value.get(\"value\") or value.get(\"message\")\n                        if not isinstance(message, str):\n                            value = message\n                            message = message.get(\"message\")\n                    else:\n                        message = value.get(\"message\", None)\n                except ValueError:\n                    pass\n    \n        exception_class: Type[WebDriverException]\n        e = ErrorCode()\n        error_codes = [item for item in dir(e) if not item.startswith(\"__\")]\n        for error_code in error_codes:\n            error_info = getattr(ErrorCode, error_code)\n            if isinstance(error_info, list) and status in error_info:\n                exception_class = getattr(ExceptionMapping, error_code, WebDriverException)\n                break\n        else:\n            exception_class = WebDriverException\n    \n        if not value:\n            value = response[\"value\"]\n        if isinstance(value, str):\n            raise exception_class(value)\n        if message == \"\" and \"message\" in value:\n            message = value[\"message\"]\n    \n        screen = None  # type: ignore[assignment]\n        if \"screen\" in value:\n            screen = value[\"screen\"]\n    \n        stacktrace = None\n        st_value = value.get(\"stackTrace\") or value.get(\"stacktrace\")\n        if st_value:\n            if isinstance(st_value, str):\n                stacktrace = st_value.split(\"\\n\")\n            else:\n                stacktrace = []\n                try:\n                    for frame in st_value:\n                        line = frame.get(\"lineNumber\", \"\")\n                        file = frame.get(\"fileName\", \"<anonymous>\")\n                        if line:\n                            file = f\"{file}:{line}\"\n                        meth = frame.get(\"methodName\", \"<anonymous>\")\n                        if \"className\" in frame:\n                            meth = f\"{frame['className']}.{meth}\"\n                        msg = \"    at %s (%s)\"\n                        msg = msg % (meth, file)\n                        stacktrace.append(msg)\n                except TypeError:\n                    pass\n        if exception_class == UnexpectedAlertPresentException:\n            alert_text = None\n            if \"data\" in value:\n                alert_text = value[\"data\"].get(\"text\")\n            elif \"alert\" in value:\n                alert_text = value[\"alert\"].get(\"text\")\n            raise exception_class(message, screen, stacktrace, alert_text)  # type: ignore[call-arg]  # mypy is not smart enough here\n>       raise exception_class(message, screen, stacktrace)\nE       selenium.common.exceptions.InvalidSelectorException: Message: invalid selector: Unable to locate an element with the xpath expression //div[@class='swiper-slide swiper-slide-active']//img[@alt='메인배너' because of the following error:\nE       SyntaxError: Failed to execute 'evaluate' on 'Document': The string '//div[@class='swiper-slide swiper-slide-active']//img[@alt='메인배너'' is not a valid XPath expression.\nE         (Session info: chrome=137.0.7151.55); For documentation on this error, please visit: https://www.selenium.dev/documentation/webdriver/troubleshooting/errors#invalid-selector-exception\nE       Stacktrace:\nE       #0 0x5629a0103c4a <unknown>\nE       #1 0x56299fba96e0 <unknown>\nE       #2 0x56299fbb0378 <unknown>\nE       #3 0x56299fbb2c18 <unknown>\nE       #4 0x56299fbb2ca3 <unknown>\nE       #5 0x56299fbfab45 <unknown>\nE       #6 0x56299fbfb311 <unknown>\nE       #7 0x56299fc49ec4 <unknown>\nE       #8 0x56299fc20e5d <unknown>\nE       #9 0x56299fc472cc <unknown>\nE       #10 0x56299fc20c03 <unknown>\nE       #11 0x56299fbed47b <unknown>\nE       #12 0x56299fbee0e1 <unknown>\nE       #13 0x5629a00c83fb <unknown>\nE       #14 0x5629a00cc32f <unknown>\nE       #15 0x5629a00aff39 <unknown>\nE       #16 0x5629a00ccec8 <unknown>\nE       #17 0x5629a009468f <unknown>\nE       #18 0x5629a00f12b8 <unknown>\nE       #19 0x5629a00f1496 <unknown>\nE       #20 0x5629a0102b26 <unknown>\nE       #21 0x7fe97289caa4 <unknown>\nE       #22 0x7fe972929c3c <unknown>\n\nvenv/lib/python3.11/site-packages/selenium/webdriver/remote/errorhandler.py:232: InvalidSelectorException\n\nDuring handling of the above exception, another exception occurred:\n\ndriver = <selenium.webdriver.chrome.webdriver.WebDriver (session=\"77d81e0da5dbf7604410c3eece4e487a\")>\n\n    @allure.feature(\"예외 케이스\")\n    @allure.story(\"잘못된 ID,PW 입력\")\n    @allure.title(\"잘못된 ID,PW 입력 시 로그인이 실패하는지 확인\")\n    def test_login(driver):\n        driver.get(\"https://www.kurly.com/main\")\n        driver.maximize_window()\n    \n        try:\n            login_button = driver.find_element(By.XPATH, \"//a[contains(text(),'로그인')]\")\n            login_button.click()\n            time.sleep(2)\n    \n            #아이디 패스워드 입력\n            login_username_input = driver.find_element(By.XPATH, \"//input[@placeholder='아이디를 입력해주세요']\")\n            login_password_input = driver.find_element(By.XPATH, \"//input[@placeholder='비밀번호를 입력해주세요']\")\n            login_submit_button = driver.find_element(By.XPATH,\"//button[@type='submit']\")\n    \n            login_username_input.clear()\n            login_password_input.clear()\n    \n            login_username_input.send_keys('boksoon8')\n            login_password_input.send_keys('1232133123')\n            time.sleep(3)\n            login_submit_button.click()\n            time.sleep(3)\n    \n            success_case = driver.find_element(By.XPATH, \"//div[@class='swiper-slide swiper-slide-active']//img[@alt='메인배너'\")\n            assert success_case.is_displayed(), f\"❌ 로그인 실패\"\n    \n        except Exception as e:\n            capture_screenshot(driver, \"로그인\", \"screenshots_login_failed\")\n>           pytest.fail(f\"❌ 로그인 실패 :{str(e)}\")\nE           Failed: ❌ 로그인 실패 :Message: invalid selector: Unable to locate an element with the xpath expression //div[@class='swiper-slide swiper-slide-active']//img[@alt='메인배너' because of the following error:\nE           SyntaxError: Failed to execute 'evaluate' on 'Document': The string '//div[@class='swiper-slide swiper-slide-active']//img[@alt='메인배너'' is not a valid XPath expression.\nE             (Session info: chrome=137.0.7151.55); For documentation on this error, please visit: https://www.selenium.dev/documentation/webdriver/troubleshooting/errors#invalid-selector-exception\nE           Stacktrace:\nE           #0 0x5629a0103c4a <unknown>\nE           #1 0x56299fba96e0 <unknown>\nE           #2 0x56299fbb0378 <unknown>\nE           #3 0x56299fbb2c18 <unknown>\nE           #4 0x56299fbb2ca3 <unknown>\nE           #5 0x56299fbfab45 <unknown>\nE           #6 0x56299fbfb311 <unknown>\nE           #7 0x56299fc49ec4 <unknown>\nE           #8 0x56299fc20e5d <unknown>\nE           #9 0x56299fc472cc <unknown>\nE           #10 0x56299fc20c03 <unknown>\nE           #11 0x56299fbed47b <unknown>\nE           #12 0x56299fbee0e1 <unknown>\nE           #13 0x5629a00c83fb <unknown>\nE           #14 0x5629a00cc32f <unknown>\nE           #15 0x5629a00aff39 <unknown>\nE           #16 0x5629a00ccec8 <unknown>\nE           #17 0x5629a009468f <unknown>\nE           #18 0x5629a00f12b8 <unknown>\nE           #19 0x5629a00f1496 <unknown>\nE           #20 0x5629a0102b26 <unknown>\nE           #21 0x7fe97289caa4 <unknown>\nE           #22 0x7fe972929c3c <unknown>\n\nsrc/tests/ui_tests/test_ui_login.py:38: Failed","flaky":false,"newFailed":false,"newBroken":false,"newPassed":false,"retriesCount":0,"retriesStatusChange":false,"beforeStages":[{"name":"driver","time":{"start":1749126603192,"stop":1749126603831,"duration":639},"status":"passed","steps":[],"attachments":[],"parameters":[],"shouldDisplayMessage":false,"stepsCount":0,"attachmentsCount":0,"hasContent":false,"attachmentStep":false}],"testStage":{"status":"failed","statusMessage":"Failed: ❌ 로그인 실패 :Message: invalid selector: Unable to locate an element with the xpath expression //div[@class='swiper-slide swiper-slide-active']//img[@alt='메인배너' because of the following error:\nSyntaxError: Failed to execute 'evaluate' on 'Document': The string '//div[@class='swiper-slide swiper-slide-active']//img[@alt='메인배너'' is not a valid XPath expression.\n  (Session info: chrome=137.0.7151.55); For documentation on this error, please visit: https://www.selenium.dev/documentation/webdriver/troubleshooting/errors#invalid-selector-exception\nStacktrace:\n#0 0x5629a0103c4a <unknown>\n#1 0x56299fba96e0 <unknown>\n#2 0x56299fbb0378 <unknown>\n#3 0x56299fbb2c18 <unknown>\n#4 0x56299fbb2ca3 <unknown>\n#5 0x56299fbfab45 <unknown>\n#6 0x56299fbfb311 <unknown>\n#7 0x56299fc49ec4 <unknown>\n#8 0x56299fc20e5d <unknown>\n#9 0x56299fc472cc <unknown>\n#10 0x56299fc20c03 <unknown>\n#11 0x56299fbed47b <unknown>\n#12 0x56299fbee0e1 <unknown>\n#13 0x5629a00c83fb <unknown>\n#14 0x5629a00cc32f <unknown>\n#15 0x5629a00aff39 <unknown>\n#16 0x5629a00ccec8 <unknown>\n#17 0x5629a009468f <unknown>\n#18 0x5629a00f12b8 <unknown>\n#19 0x5629a00f1496 <unknown>\n#20 0x5629a0102b26 <unknown>\n#21 0x7fe97289caa4 <unknown>\n#22 0x7fe972929c3c <unknown>","statusTrace":"driver = <selenium.webdriver.chrome.webdriver.WebDriver (session=\"77d81e0da5dbf7604410c3eece4e487a\")>\n\n    @allure.feature(\"예외 케이스\")\n    @allure.story(\"잘못된 ID,PW 입력\")\n    @allure.title(\"잘못된 ID,PW 입력 시 로그인이 실패하는지 확인\")\n    def test_login(driver):\n        driver.get(\"https://www.kurly.com/main\")\n        driver.maximize_window()\n    \n        try:\n            login_button = driver.find_element(By.XPATH, \"//a[contains(text(),'로그인')]\")\n            login_button.click()\n            time.sleep(2)\n    \n            #아이디 패스워드 입력\n            login_username_input = driver.find_element(By.XPATH, \"//input[@placeholder='아이디를 입력해주세요']\")\n            login_password_input = driver.find_element(By.XPATH, \"//input[@placeholder='비밀번호를 입력해주세요']\")\n            login_submit_button = driver.find_element(By.XPATH,\"//button[@type='submit']\")\n    \n            login_username_input.clear()\n            login_password_input.clear()\n    \n            login_username_input.send_keys('boksoon8')\n            login_password_input.send_keys('1232133123')\n            time.sleep(3)\n            login_submit_button.click()\n            time.sleep(3)\n    \n>           success_case = driver.find_element(By.XPATH, \"//div[@class='swiper-slide swiper-slide-active']//img[@alt='메인배너'\")\n\nsrc/tests/ui_tests/test_ui_login.py:33: \n_ _ _ _ _ _ _ _ _ _ _ _ _ _ _ _ _ _ _ _ _ _ _ _ _ _ _ _ _ _ _ _ _ _ _ _ _ _ _ _ \nvenv/lib/python3.11/site-packages/selenium/webdriver/remote/webdriver.py:770: in find_element\n    return self.execute(Command.FIND_ELEMENT, {\"using\": by, \"value\": value})[\"value\"]\nvenv/lib/python3.11/site-packages/selenium/webdriver/remote/webdriver.py:384: in execute\n    self.error_handler.check_response(response)\n_ _ _ _ _ _ _ _ _ _ _ _ _ _ _ _ _ _ _ _ _ _ _ _ _ _ _ _ _ _ _ _ _ _ _ _ _ _ _ _ \n\nself = <selenium.webdriver.remote.errorhandler.ErrorHandler object at 0x7f44901d9dd0>\nresponse = {'status': 400, 'value': '{\"value\":{\"error\":\"invalid selector\",\"message\":\"invalid selector: Unable to locate an elemen...\\\\n#20 0x5629a0102b26 \\\\u003Cunknown>\\\\n#21 0x7fe97289caa4 \\\\u003Cunknown>\\\\n#22 0x7fe972929c3c \\\\u003Cunknown>\\\\n\"}}'}\n\n    def check_response(self, response: Dict[str, Any]) -> None:\n        \"\"\"Checks that a JSON response from the WebDriver does not have an\n        error.\n    \n        :Args:\n         - response - The JSON response from the WebDriver server as a dictionary\n           object.\n    \n        :Raises: If the response contains an error message.\n        \"\"\"\n        status = response.get(\"status\", None)\n        if not status or status == ErrorCode.SUCCESS:\n            return\n        value = None\n        message = response.get(\"message\", \"\")\n        screen: str = response.get(\"screen\", \"\")\n        stacktrace = None\n        if isinstance(status, int):\n            value_json = response.get(\"value\", None)\n            if value_json and isinstance(value_json, str):\n                import json\n    \n                try:\n                    value = json.loads(value_json)\n                    if len(value) == 1:\n                        value = value[\"value\"]\n                    status = value.get(\"error\", None)\n                    if not status:\n                        status = value.get(\"status\", ErrorCode.UNKNOWN_ERROR)\n                        message = value.get(\"value\") or value.get(\"message\")\n                        if not isinstance(message, str):\n                            value = message\n                            message = message.get(\"message\")\n                    else:\n                        message = value.get(\"message\", None)\n                except ValueError:\n                    pass\n    \n        exception_class: Type[WebDriverException]\n        e = ErrorCode()\n        error_codes = [item for item in dir(e) if not item.startswith(\"__\")]\n        for error_code in error_codes:\n            error_info = getattr(ErrorCode, error_code)\n            if isinstance(error_info, list) and status in error_info:\n                exception_class = getattr(ExceptionMapping, error_code, WebDriverException)\n                break\n        else:\n            exception_class = WebDriverException\n    \n        if not value:\n            value = response[\"value\"]\n        if isinstance(value, str):\n            raise exception_class(value)\n        if message == \"\" and \"message\" in value:\n            message = value[\"message\"]\n    \n        screen = None  # type: ignore[assignment]\n        if \"screen\" in value:\n            screen = value[\"screen\"]\n    \n        stacktrace = None\n        st_value = value.get(\"stackTrace\") or value.get(\"stacktrace\")\n        if st_value:\n            if isinstance(st_value, str):\n                stacktrace = st_value.split(\"\\n\")\n            else:\n                stacktrace = []\n                try:\n                    for frame in st_value:\n                        line = frame.get(\"lineNumber\", \"\")\n                        file = frame.get(\"fileName\", \"<anonymous>\")\n                        if line:\n                            file = f\"{file}:{line}\"\n                        meth = frame.get(\"methodName\", \"<anonymous>\")\n                        if \"className\" in frame:\n                            meth = f\"{frame['className']}.{meth}\"\n                        msg = \"    at %s (%s)\"\n                        msg = msg % (meth, file)\n                        stacktrace.append(msg)\n                except TypeError:\n                    pass\n        if exception_class == UnexpectedAlertPresentException:\n            alert_text = None\n            if \"data\" in value:\n                alert_text = value[\"data\"].get(\"text\")\n            elif \"alert\" in value:\n                alert_text = value[\"alert\"].get(\"text\")\n            raise exception_class(message, screen, stacktrace, alert_text)  # type: ignore[call-arg]  # mypy is not smart enough here\n>       raise exception_class(message, screen, stacktrace)\nE       selenium.common.exceptions.InvalidSelectorException: Message: invalid selector: Unable to locate an element with the xpath expression //div[@class='swiper-slide swiper-slide-active']//img[@alt='메인배너' because of the following error:\nE       SyntaxError: Failed to execute 'evaluate' on 'Document': The string '//div[@class='swiper-slide swiper-slide-active']//img[@alt='메인배너'' is not a valid XPath expression.\nE         (Session info: chrome=137.0.7151.55); For documentation on this error, please visit: https://www.selenium.dev/documentation/webdriver/troubleshooting/errors#invalid-selector-exception\nE       Stacktrace:\nE       #0 0x5629a0103c4a <unknown>\nE       #1 0x56299fba96e0 <unknown>\nE       #2 0x56299fbb0378 <unknown>\nE       #3 0x56299fbb2c18 <unknown>\nE       #4 0x56299fbb2ca3 <unknown>\nE       #5 0x56299fbfab45 <unknown>\nE       #6 0x56299fbfb311 <unknown>\nE       #7 0x56299fc49ec4 <unknown>\nE       #8 0x56299fc20e5d <unknown>\nE       #9 0x56299fc472cc <unknown>\nE       #10 0x56299fc20c03 <unknown>\nE       #11 0x56299fbed47b <unknown>\nE       #12 0x56299fbee0e1 <unknown>\nE       #13 0x5629a00c83fb <unknown>\nE       #14 0x5629a00cc32f <unknown>\nE       #15 0x5629a00aff39 <unknown>\nE       #16 0x5629a00ccec8 <unknown>\nE       #17 0x5629a009468f <unknown>\nE       #18 0x5629a00f12b8 <unknown>\nE       #19 0x5629a00f1496 <unknown>\nE       #20 0x5629a0102b26 <unknown>\nE       #21 0x7fe97289caa4 <unknown>\nE       #22 0x7fe972929c3c <unknown>\n\nvenv/lib/python3.11/site-packages/selenium/webdriver/remote/errorhandler.py:232: InvalidSelectorException\n\nDuring handling of the above exception, another exception occurred:\n\ndriver = <selenium.webdriver.chrome.webdriver.WebDriver (session=\"77d81e0da5dbf7604410c3eece4e487a\")>\n\n    @allure.feature(\"예외 케이스\")\n    @allure.story(\"잘못된 ID,PW 입력\")\n    @allure.title(\"잘못된 ID,PW 입력 시 로그인이 실패하는지 확인\")\n    def test_login(driver):\n        driver.get(\"https://www.kurly.com/main\")\n        driver.maximize_window()\n    \n        try:\n            login_button = driver.find_element(By.XPATH, \"//a[contains(text(),'로그인')]\")\n            login_button.click()\n            time.sleep(2)\n    \n            #아이디 패스워드 입력\n            login_username_input = driver.find_element(By.XPATH, \"//input[@placeholder='아이디를 입력해주세요']\")\n            login_password_input = driver.find_element(By.XPATH, \"//input[@placeholder='비밀번호를 입력해주세요']\")\n            login_submit_button = driver.find_element(By.XPATH,\"//button[@type='submit']\")\n    \n            login_username_input.clear()\n            login_password_input.clear()\n    \n            login_username_input.send_keys('boksoon8')\n            login_password_input.send_keys('1232133123')\n            time.sleep(3)\n            login_submit_button.click()\n            time.sleep(3)\n    \n            success_case = driver.find_element(By.XPATH, \"//div[@class='swiper-slide swiper-slide-active']//img[@alt='메인배너'\")\n            assert success_case.is_displayed(), f\"❌ 로그인 실패\"\n    \n        except Exception as e:\n            capture_screenshot(driver, \"로그인\", \"screenshots_login_failed\")\n>           pytest.fail(f\"❌ 로그인 실패 :{str(e)}\")\nE           Failed: ❌ 로그인 실패 :Message: invalid selector: Unable to locate an element with the xpath expression //div[@class='swiper-slide swiper-slide-active']//img[@alt='메인배너' because of the following error:\nE           SyntaxError: Failed to execute 'evaluate' on 'Document': The string '//div[@class='swiper-slide swiper-slide-active']//img[@alt='메인배너'' is not a valid XPath expression.\nE             (Session info: chrome=137.0.7151.55); For documentation on this error, please visit: https://www.selenium.dev/documentation/webdriver/troubleshooting/errors#invalid-selector-exception\nE           Stacktrace:\nE           #0 0x5629a0103c4a <unknown>\nE           #1 0x56299fba96e0 <unknown>\nE           #2 0x56299fbb0378 <unknown>\nE           #3 0x56299fbb2c18 <unknown>\nE           #4 0x56299fbb2ca3 <unknown>\nE           #5 0x56299fbfab45 <unknown>\nE           #6 0x56299fbfb311 <unknown>\nE           #7 0x56299fc49ec4 <unknown>\nE           #8 0x56299fc20e5d <unknown>\nE           #9 0x56299fc472cc <unknown>\nE           #10 0x56299fc20c03 <unknown>\nE           #11 0x56299fbed47b <unknown>\nE           #12 0x56299fbee0e1 <unknown>\nE           #13 0x5629a00c83fb <unknown>\nE           #14 0x5629a00cc32f <unknown>\nE           #15 0x5629a00aff39 <unknown>\nE           #16 0x5629a00ccec8 <unknown>\nE           #17 0x5629a009468f <unknown>\nE           #18 0x5629a00f12b8 <unknown>\nE           #19 0x5629a00f1496 <unknown>\nE           #20 0x5629a0102b26 <unknown>\nE           #21 0x7fe97289caa4 <unknown>\nE           #22 0x7fe972929c3c <unknown>\n\nsrc/tests/ui_tests/test_ui_login.py:38: Failed","steps":[],"attachments":[{"uid":"405e3fc14ca21747","name":"Failure Screenshot","source":"405e3fc14ca21747.png","type":"image/png","size":27120},{"uid":"e5ade79d4500100b","name":"stdout","source":"e5ade79d4500100b.txt","type":"text/plain","size":88}],"parameters":[],"shouldDisplayMessage":true,"stepsCount":0,"attachmentsCount":2,"hasContent":true,"attachmentStep":false},"afterStages":[{"name":"driver::0","time":{"start":1749126614240,"stop":1749126614308,"duration":68},"status":"passed","steps":[],"attachments":[],"parameters":[],"shouldDisplayMessage":false,"stepsCount":0,"attachmentsCount":0,"hasContent":false,"attachmentStep":false}],"labels":[{"name":"story","value":"잘못된 ID,PW 입력"},{"name":"feature","value":"예외 케이스"},{"name":"parentSuite","value":"src.tests.ui_tests"},{"name":"suite","value":"test_ui_login"},{"name":"host","value":"fv-az1044-839"},{"name":"thread","value":"2527-MainThread"},{"name":"framework","value":"pytest"},{"name":"language","value":"cpython3"},{"name":"package","value":"src.tests.ui_tests.test_ui_login"},{"name":"resultFormat","value":"allure2"}],"parameters":[],"links":[],"hidden":false,"retry":false,"extra":{"severity":"normal","retries":[],"categories":[{"name":"Product defects","matchedStatuses":[],"flaky":false}],"tags":[]},"source":"1015da3d2e1755e7.json","parameterValues":[]}