{"uid":"1f3d8893639b3f47","name":"잘못된 ID,PW 입력 시 로그인이 실패하는지 확인","fullName":"src.tests.ui_tests.test_ui_login#test_login","historyId":"98e8f149c7227721782a965f730ba74a","time":{"start":1750163433391,"stop":1750163444332,"duration":10941},"status":"failed","statusMessage":"Failed: ❌ 로그인 실패 :Message: invalid selector: Unable to locate an element with the xpath expression //div[@class='swiper-slide swiper-slide-active']//img[@alt='메인배너' because of the following error:\nSyntaxError: Failed to execute 'evaluate' on 'Document': The string '//div[@class='swiper-slide swiper-slide-active']//img[@alt='메인배너'' is not a valid XPath expression.\n  (Session info: chrome=137.0.7151.103); For documentation on this error, please visit: https://www.selenium.dev/documentation/webdriver/troubleshooting/errors#invalid-selector-exception\nStacktrace:\n#0 0x55ad6c12ec9a <unknown>\n#1 0x55ad6bbd46e0 <unknown>\n#2 0x55ad6bbdb378 <unknown>\n#3 0x55ad6bbddc18 <unknown>\n#4 0x55ad6bbddca3 <unknown>\n#5 0x55ad6bc25b45 <unknown>\n#6 0x55ad6bc26311 <unknown>\n#7 0x55ad6bc74ec4 <unknown>\n#8 0x55ad6bc4be5d <unknown>\n#9 0x55ad6bc722cc <unknown>\n#10 0x55ad6bc4bc03 <unknown>\n#11 0x55ad6bc1847b <unknown>\n#12 0x55ad6bc190e1 <unknown>\n#13 0x55ad6c0f344b <unknown>\n#14 0x55ad6c0f737f <unknown>\n#15 0x55ad6c0daf89 <unknown>\n#16 0x55ad6c0f7f18 <unknown>\n#17 0x55ad6c0bf6df <unknown>\n#18 0x55ad6c11c308 <unknown>\n#19 0x55ad6c11c4e6 <unknown>\n#20 0x55ad6c12db76 <unknown>\n#21 0x7f41cc89caa4 <unknown>\n#22 0x7f41cc929c3c <unknown>","statusTrace":"driver = <selenium.webdriver.chrome.webdriver.WebDriver (session=\"10fcd583af56036e678546612e54694d\")>\n\n    @allure.feature(\"예외 케이스\")\n    @allure.story(\"잘못된 ID,PW 입력\")\n    @allure.title(\"잘못된 ID,PW 입력 시 로그인이 실패하는지 확인\")\n    def test_login(driver):\n        driver.get(\"https://www.kurly.com/main\")\n        driver.maximize_window()\n    \n        try:\n            login_button = driver.find_element(By.XPATH, \"//a[contains(text(),'로그인')]\")\n            login_button.click()\n            time.sleep(2)\n    \n            #아이디 패스워드 입력\n            login_username_input = driver.find_element(By.XPATH, \"//input[@placeholder='아이디를 입력해주세요']\")\n            login_password_input = driver.find_element(By.XPATH, \"//input[@placeholder='비밀번호를 입력해주세요']\")\n            login_submit_button = driver.find_element(By.XPATH,\"//button[@type='submit']\")\n    \n            login_username_input.clear()\n            login_password_input.clear()\n    \n            login_username_input.send_keys('boksoon8')\n            login_password_input.send_keys('1232133123')\n            time.sleep(3)\n            login_submit_button.click()\n            time.sleep(3)\n    \n>           success_case = driver.find_element(By.XPATH, \"//div[@class='swiper-slide swiper-slide-active']//img[@alt='메인배너'\")\n\nsrc/tests/ui_tests/test_ui_login.py:33: \n_ _ _ _ _ _ _ _ _ _ _ _ _ _ _ _ _ _ _ _ _ _ _ _ _ _ _ _ _ _ _ _ _ _ _ _ _ _ _ _ \nvenv/lib/python3.11/site-packages/selenium/webdriver/remote/webdriver.py:770: in find_element\n    return self.execute(Command.FIND_ELEMENT, {\"using\": by, \"value\": value})[\"value\"]\nvenv/lib/python3.11/site-packages/selenium/webdriver/remote/webdriver.py:384: in execute\n    self.error_handler.check_response(response)\n_ _ _ _ _ _ _ _ _ _ _ _ _ _ _ _ _ _ _ _ _ _ _ _ _ _ _ _ _ _ _ _ _ _ _ _ _ _ _ _ \n\nself = <selenium.webdriver.remote.errorhandler.ErrorHandler object at 0x7f864a934710>\nresponse = {'status': 400, 'value': '{\"value\":{\"error\":\"invalid selector\",\"message\":\"invalid selector: Unable to locate an elemen...\\\\n#20 0x55ad6c12db76 \\\\u003Cunknown>\\\\n#21 0x7f41cc89caa4 \\\\u003Cunknown>\\\\n#22 0x7f41cc929c3c \\\\u003Cunknown>\\\\n\"}}'}\n\n    def check_response(self, response: Dict[str, Any]) -> None:\n        \"\"\"Checks that a JSON response from the WebDriver does not have an\n        error.\n    \n        :Args:\n         - response - The JSON response from the WebDriver server as a dictionary\n           object.\n    \n        :Raises: If the response contains an error message.\n        \"\"\"\n        status = response.get(\"status\", None)\n        if not status or status == ErrorCode.SUCCESS:\n            return\n        value = None\n        message = response.get(\"message\", \"\")\n        screen: str = response.get(\"screen\", \"\")\n        stacktrace = None\n        if isinstance(status, int):\n            value_json = response.get(\"value\", None)\n            if value_json and isinstance(value_json, str):\n                import json\n    \n                try:\n                    value = json.loads(value_json)\n                    if len(value) == 1:\n                        value = value[\"value\"]\n                    status = value.get(\"error\", None)\n                    if not status:\n                        status = value.get(\"status\", ErrorCode.UNKNOWN_ERROR)\n                        message = value.get(\"value\") or value.get(\"message\")\n                        if not isinstance(message, str):\n                            value = message\n                            message = message.get(\"message\")\n                    else:\n                        message = value.get(\"message\", None)\n                except ValueError:\n                    pass\n    \n        exception_class: Type[WebDriverException]\n        e = ErrorCode()\n        error_codes = [item for item in dir(e) if not item.startswith(\"__\")]\n        for error_code in error_codes:\n            error_info = getattr(ErrorCode, error_code)\n            if isinstance(error_info, list) and status in error_info:\n                exception_class = getattr(ExceptionMapping, error_code, WebDriverException)\n                break\n        else:\n            exception_class = WebDriverException\n    \n        if not value:\n            value = response[\"value\"]\n        if isinstance(value, str):\n            raise exception_class(value)\n        if message == \"\" and \"message\" in value:\n            message = value[\"message\"]\n    \n        screen = None  # type: ignore[assignment]\n        if \"screen\" in value:\n            screen = value[\"screen\"]\n    \n        stacktrace = None\n        st_value = value.get(\"stackTrace\") or value.get(\"stacktrace\")\n        if st_value:\n            if isinstance(st_value, str):\n                stacktrace = st_value.split(\"\\n\")\n            else:\n                stacktrace = []\n                try:\n                    for frame in st_value:\n                        line = frame.get(\"lineNumber\", \"\")\n                        file = frame.get(\"fileName\", \"<anonymous>\")\n                        if line:\n                            file = f\"{file}:{line}\"\n                        meth = frame.get(\"methodName\", \"<anonymous>\")\n                        if \"className\" in frame:\n                            meth = f\"{frame['className']}.{meth}\"\n                        msg = \"    at %s (%s)\"\n                        msg = msg % (meth, file)\n                        stacktrace.append(msg)\n                except TypeError:\n                    pass\n        if exception_class == UnexpectedAlertPresentException:\n            alert_text = None\n            if \"data\" in value:\n                alert_text = value[\"data\"].get(\"text\")\n            elif \"alert\" in value:\n                alert_text = value[\"alert\"].get(\"text\")\n            raise exception_class(message, screen, stacktrace, alert_text)  # type: ignore[call-arg]  # mypy is not smart enough here\n>       raise exception_class(message, screen, stacktrace)\nE       selenium.common.exceptions.InvalidSelectorException: Message: invalid selector: Unable to locate an element with the xpath expression //div[@class='swiper-slide swiper-slide-active']//img[@alt='메인배너' because of the following error:\nE       SyntaxError: Failed to execute 'evaluate' on 'Document': The string '//div[@class='swiper-slide swiper-slide-active']//img[@alt='메인배너'' is not a valid XPath expression.\nE         (Session info: chrome=137.0.7151.103); For documentation on this error, please visit: https://www.selenium.dev/documentation/webdriver/troubleshooting/errors#invalid-selector-exception\nE       Stacktrace:\nE       #0 0x55ad6c12ec9a <unknown>\nE       #1 0x55ad6bbd46e0 <unknown>\nE       #2 0x55ad6bbdb378 <unknown>\nE       #3 0x55ad6bbddc18 <unknown>\nE       #4 0x55ad6bbddca3 <unknown>\nE       #5 0x55ad6bc25b45 <unknown>\nE       #6 0x55ad6bc26311 <unknown>\nE       #7 0x55ad6bc74ec4 <unknown>\nE       #8 0x55ad6bc4be5d <unknown>\nE       #9 0x55ad6bc722cc <unknown>\nE       #10 0x55ad6bc4bc03 <unknown>\nE       #11 0x55ad6bc1847b <unknown>\nE       #12 0x55ad6bc190e1 <unknown>\nE       #13 0x55ad6c0f344b <unknown>\nE       #14 0x55ad6c0f737f <unknown>\nE       #15 0x55ad6c0daf89 <unknown>\nE       #16 0x55ad6c0f7f18 <unknown>\nE       #17 0x55ad6c0bf6df <unknown>\nE       #18 0x55ad6c11c308 <unknown>\nE       #19 0x55ad6c11c4e6 <unknown>\nE       #20 0x55ad6c12db76 <unknown>\nE       #21 0x7f41cc89caa4 <unknown>\nE       #22 0x7f41cc929c3c <unknown>\n\nvenv/lib/python3.11/site-packages/selenium/webdriver/remote/errorhandler.py:232: InvalidSelectorException\n\nDuring handling of the above exception, another exception occurred:\n\ndriver = <selenium.webdriver.chrome.webdriver.WebDriver (session=\"10fcd583af56036e678546612e54694d\")>\n\n    @allure.feature(\"예외 케이스\")\n    @allure.story(\"잘못된 ID,PW 입력\")\n    @allure.title(\"잘못된 ID,PW 입력 시 로그인이 실패하는지 확인\")\n    def test_login(driver):\n        driver.get(\"https://www.kurly.com/main\")\n        driver.maximize_window()\n    \n        try:\n            login_button = driver.find_element(By.XPATH, \"//a[contains(text(),'로그인')]\")\n            login_button.click()\n            time.sleep(2)\n    \n            #아이디 패스워드 입력\n            login_username_input = driver.find_element(By.XPATH, \"//input[@placeholder='아이디를 입력해주세요']\")\n            login_password_input = driver.find_element(By.XPATH, \"//input[@placeholder='비밀번호를 입력해주세요']\")\n            login_submit_button = driver.find_element(By.XPATH,\"//button[@type='submit']\")\n    \n            login_username_input.clear()\n            login_password_input.clear()\n    \n            login_username_input.send_keys('boksoon8')\n            login_password_input.send_keys('1232133123')\n            time.sleep(3)\n            login_submit_button.click()\n            time.sleep(3)\n    \n            success_case = driver.find_element(By.XPATH, \"//div[@class='swiper-slide swiper-slide-active']//img[@alt='메인배너'\")\n            assert success_case.is_displayed(), f\"❌ 로그인 실패\"\n    \n        except Exception as e:\n            capture_screenshot(driver, \"로그인\", \"screenshots_login_failed\")\n>           pytest.fail(f\"❌ 로그인 실패 :{str(e)}\")\nE           Failed: ❌ 로그인 실패 :Message: invalid selector: Unable to locate an element with the xpath expression //div[@class='swiper-slide swiper-slide-active']//img[@alt='메인배너' because of the following error:\nE           SyntaxError: Failed to execute 'evaluate' on 'Document': The string '//div[@class='swiper-slide swiper-slide-active']//img[@alt='메인배너'' is not a valid XPath expression.\nE             (Session info: chrome=137.0.7151.103); For documentation on this error, please visit: https://www.selenium.dev/documentation/webdriver/troubleshooting/errors#invalid-selector-exception\nE           Stacktrace:\nE           #0 0x55ad6c12ec9a <unknown>\nE           #1 0x55ad6bbd46e0 <unknown>\nE           #2 0x55ad6bbdb378 <unknown>\nE           #3 0x55ad6bbddc18 <unknown>\nE           #4 0x55ad6bbddca3 <unknown>\nE           #5 0x55ad6bc25b45 <unknown>\nE           #6 0x55ad6bc26311 <unknown>\nE           #7 0x55ad6bc74ec4 <unknown>\nE           #8 0x55ad6bc4be5d <unknown>\nE           #9 0x55ad6bc722cc <unknown>\nE           #10 0x55ad6bc4bc03 <unknown>\nE           #11 0x55ad6bc1847b <unknown>\nE           #12 0x55ad6bc190e1 <unknown>\nE           #13 0x55ad6c0f344b <unknown>\nE           #14 0x55ad6c0f737f <unknown>\nE           #15 0x55ad6c0daf89 <unknown>\nE           #16 0x55ad6c0f7f18 <unknown>\nE           #17 0x55ad6c0bf6df <unknown>\nE           #18 0x55ad6c11c308 <unknown>\nE           #19 0x55ad6c11c4e6 <unknown>\nE           #20 0x55ad6c12db76 <unknown>\nE           #21 0x7f41cc89caa4 <unknown>\nE           #22 0x7f41cc929c3c <unknown>\n\nsrc/tests/ui_tests/test_ui_login.py:38: Failed","flaky":false,"newFailed":false,"newBroken":false,"newPassed":false,"retriesCount":0,"retriesStatusChange":false,"beforeStages":[{"name":"driver","time":{"start":1750163432645,"stop":1750163433390,"duration":745},"status":"passed","steps":[],"attachments":[],"parameters":[],"shouldDisplayMessage":false,"stepsCount":0,"attachmentsCount":0,"hasContent":false,"attachmentStep":false}],"testStage":{"status":"failed","statusMessage":"Failed: ❌ 로그인 실패 :Message: invalid selector: Unable to locate an element with the xpath expression //div[@class='swiper-slide swiper-slide-active']//img[@alt='메인배너' because of the following error:\nSyntaxError: Failed to execute 'evaluate' on 'Document': The string '//div[@class='swiper-slide swiper-slide-active']//img[@alt='메인배너'' is not a valid XPath expression.\n  (Session info: chrome=137.0.7151.103); For documentation on this error, please visit: https://www.selenium.dev/documentation/webdriver/troubleshooting/errors#invalid-selector-exception\nStacktrace:\n#0 0x55ad6c12ec9a <unknown>\n#1 0x55ad6bbd46e0 <unknown>\n#2 0x55ad6bbdb378 <unknown>\n#3 0x55ad6bbddc18 <unknown>\n#4 0x55ad6bbddca3 <unknown>\n#5 0x55ad6bc25b45 <unknown>\n#6 0x55ad6bc26311 <unknown>\n#7 0x55ad6bc74ec4 <unknown>\n#8 0x55ad6bc4be5d <unknown>\n#9 0x55ad6bc722cc <unknown>\n#10 0x55ad6bc4bc03 <unknown>\n#11 0x55ad6bc1847b <unknown>\n#12 0x55ad6bc190e1 <unknown>\n#13 0x55ad6c0f344b <unknown>\n#14 0x55ad6c0f737f <unknown>\n#15 0x55ad6c0daf89 <unknown>\n#16 0x55ad6c0f7f18 <unknown>\n#17 0x55ad6c0bf6df <unknown>\n#18 0x55ad6c11c308 <unknown>\n#19 0x55ad6c11c4e6 <unknown>\n#20 0x55ad6c12db76 <unknown>\n#21 0x7f41cc89caa4 <unknown>\n#22 0x7f41cc929c3c <unknown>","statusTrace":"driver = <selenium.webdriver.chrome.webdriver.WebDriver (session=\"10fcd583af56036e678546612e54694d\")>\n\n    @allure.feature(\"예외 케이스\")\n    @allure.story(\"잘못된 ID,PW 입력\")\n    @allure.title(\"잘못된 ID,PW 입력 시 로그인이 실패하는지 확인\")\n    def test_login(driver):\n        driver.get(\"https://www.kurly.com/main\")\n        driver.maximize_window()\n    \n        try:\n            login_button = driver.find_element(By.XPATH, \"//a[contains(text(),'로그인')]\")\n            login_button.click()\n            time.sleep(2)\n    \n            #아이디 패스워드 입력\n            login_username_input = driver.find_element(By.XPATH, \"//input[@placeholder='아이디를 입력해주세요']\")\n            login_password_input = driver.find_element(By.XPATH, \"//input[@placeholder='비밀번호를 입력해주세요']\")\n            login_submit_button = driver.find_element(By.XPATH,\"//button[@type='submit']\")\n    \n            login_username_input.clear()\n            login_password_input.clear()\n    \n            login_username_input.send_keys('boksoon8')\n            login_password_input.send_keys('1232133123')\n            time.sleep(3)\n            login_submit_button.click()\n            time.sleep(3)\n    \n>           success_case = driver.find_element(By.XPATH, \"//div[@class='swiper-slide swiper-slide-active']//img[@alt='메인배너'\")\n\nsrc/tests/ui_tests/test_ui_login.py:33: \n_ _ _ _ _ _ _ _ _ _ _ _ _ _ _ _ _ _ _ _ _ _ _ _ _ _ _ _ _ _ _ _ _ _ _ _ _ _ _ _ \nvenv/lib/python3.11/site-packages/selenium/webdriver/remote/webdriver.py:770: in find_element\n    return self.execute(Command.FIND_ELEMENT, {\"using\": by, \"value\": value})[\"value\"]\nvenv/lib/python3.11/site-packages/selenium/webdriver/remote/webdriver.py:384: in execute\n    self.error_handler.check_response(response)\n_ _ _ _ _ _ _ _ _ _ _ _ _ _ _ _ _ _ _ _ _ _ _ _ _ _ _ _ _ _ _ _ _ _ _ _ _ _ _ _ \n\nself = <selenium.webdriver.remote.errorhandler.ErrorHandler object at 0x7f864a934710>\nresponse = {'status': 400, 'value': '{\"value\":{\"error\":\"invalid selector\",\"message\":\"invalid selector: Unable to locate an elemen...\\\\n#20 0x55ad6c12db76 \\\\u003Cunknown>\\\\n#21 0x7f41cc89caa4 \\\\u003Cunknown>\\\\n#22 0x7f41cc929c3c \\\\u003Cunknown>\\\\n\"}}'}\n\n    def check_response(self, response: Dict[str, Any]) -> None:\n        \"\"\"Checks that a JSON response from the WebDriver does not have an\n        error.\n    \n        :Args:\n         - response - The JSON response from the WebDriver server as a dictionary\n           object.\n    \n        :Raises: If the response contains an error message.\n        \"\"\"\n        status = response.get(\"status\", None)\n        if not status or status == ErrorCode.SUCCESS:\n            return\n        value = None\n        message = response.get(\"message\", \"\")\n        screen: str = response.get(\"screen\", \"\")\n        stacktrace = None\n        if isinstance(status, int):\n            value_json = response.get(\"value\", None)\n            if value_json and isinstance(value_json, str):\n                import json\n    \n                try:\n                    value = json.loads(value_json)\n                    if len(value) == 1:\n                        value = value[\"value\"]\n                    status = value.get(\"error\", None)\n                    if not status:\n                        status = value.get(\"status\", ErrorCode.UNKNOWN_ERROR)\n                        message = value.get(\"value\") or value.get(\"message\")\n                        if not isinstance(message, str):\n                            value = message\n                            message = message.get(\"message\")\n                    else:\n                        message = value.get(\"message\", None)\n                except ValueError:\n                    pass\n    \n        exception_class: Type[WebDriverException]\n        e = ErrorCode()\n        error_codes = [item for item in dir(e) if not item.startswith(\"__\")]\n        for error_code in error_codes:\n            error_info = getattr(ErrorCode, error_code)\n            if isinstance(error_info, list) and status in error_info:\n                exception_class = getattr(ExceptionMapping, error_code, WebDriverException)\n                break\n        else:\n            exception_class = WebDriverException\n    \n        if not value:\n            value = response[\"value\"]\n        if isinstance(value, str):\n            raise exception_class(value)\n        if message == \"\" and \"message\" in value:\n            message = value[\"message\"]\n    \n        screen = None  # type: ignore[assignment]\n        if \"screen\" in value:\n            screen = value[\"screen\"]\n    \n        stacktrace = None\n        st_value = value.get(\"stackTrace\") or value.get(\"stacktrace\")\n        if st_value:\n            if isinstance(st_value, str):\n                stacktrace = st_value.split(\"\\n\")\n            else:\n                stacktrace = []\n                try:\n                    for frame in st_value:\n                        line = frame.get(\"lineNumber\", \"\")\n                        file = frame.get(\"fileName\", \"<anonymous>\")\n                        if line:\n                            file = f\"{file}:{line}\"\n                        meth = frame.get(\"methodName\", \"<anonymous>\")\n                        if \"className\" in frame:\n                            meth = f\"{frame['className']}.{meth}\"\n                        msg = \"    at %s (%s)\"\n                        msg = msg % (meth, file)\n                        stacktrace.append(msg)\n                except TypeError:\n                    pass\n        if exception_class == UnexpectedAlertPresentException:\n            alert_text = None\n            if \"data\" in value:\n                alert_text = value[\"data\"].get(\"text\")\n            elif \"alert\" in value:\n                alert_text = value[\"alert\"].get(\"text\")\n            raise exception_class(message, screen, stacktrace, alert_text)  # type: ignore[call-arg]  # mypy is not smart enough here\n>       raise exception_class(message, screen, stacktrace)\nE       selenium.common.exceptions.InvalidSelectorException: Message: invalid selector: Unable to locate an element with the xpath expression //div[@class='swiper-slide swiper-slide-active']//img[@alt='메인배너' because of the following error:\nE       SyntaxError: Failed to execute 'evaluate' on 'Document': The string '//div[@class='swiper-slide swiper-slide-active']//img[@alt='메인배너'' is not a valid XPath expression.\nE         (Session info: chrome=137.0.7151.103); For documentation on this error, please visit: https://www.selenium.dev/documentation/webdriver/troubleshooting/errors#invalid-selector-exception\nE       Stacktrace:\nE       #0 0x55ad6c12ec9a <unknown>\nE       #1 0x55ad6bbd46e0 <unknown>\nE       #2 0x55ad6bbdb378 <unknown>\nE       #3 0x55ad6bbddc18 <unknown>\nE       #4 0x55ad6bbddca3 <unknown>\nE       #5 0x55ad6bc25b45 <unknown>\nE       #6 0x55ad6bc26311 <unknown>\nE       #7 0x55ad6bc74ec4 <unknown>\nE       #8 0x55ad6bc4be5d <unknown>\nE       #9 0x55ad6bc722cc <unknown>\nE       #10 0x55ad6bc4bc03 <unknown>\nE       #11 0x55ad6bc1847b <unknown>\nE       #12 0x55ad6bc190e1 <unknown>\nE       #13 0x55ad6c0f344b <unknown>\nE       #14 0x55ad6c0f737f <unknown>\nE       #15 0x55ad6c0daf89 <unknown>\nE       #16 0x55ad6c0f7f18 <unknown>\nE       #17 0x55ad6c0bf6df <unknown>\nE       #18 0x55ad6c11c308 <unknown>\nE       #19 0x55ad6c11c4e6 <unknown>\nE       #20 0x55ad6c12db76 <unknown>\nE       #21 0x7f41cc89caa4 <unknown>\nE       #22 0x7f41cc929c3c <unknown>\n\nvenv/lib/python3.11/site-packages/selenium/webdriver/remote/errorhandler.py:232: InvalidSelectorException\n\nDuring handling of the above exception, another exception occurred:\n\ndriver = <selenium.webdriver.chrome.webdriver.WebDriver (session=\"10fcd583af56036e678546612e54694d\")>\n\n    @allure.feature(\"예외 케이스\")\n    @allure.story(\"잘못된 ID,PW 입력\")\n    @allure.title(\"잘못된 ID,PW 입력 시 로그인이 실패하는지 확인\")\n    def test_login(driver):\n        driver.get(\"https://www.kurly.com/main\")\n        driver.maximize_window()\n    \n        try:\n            login_button = driver.find_element(By.XPATH, \"//a[contains(text(),'로그인')]\")\n            login_button.click()\n            time.sleep(2)\n    \n            #아이디 패스워드 입력\n            login_username_input = driver.find_element(By.XPATH, \"//input[@placeholder='아이디를 입력해주세요']\")\n            login_password_input = driver.find_element(By.XPATH, \"//input[@placeholder='비밀번호를 입력해주세요']\")\n            login_submit_button = driver.find_element(By.XPATH,\"//button[@type='submit']\")\n    \n            login_username_input.clear()\n            login_password_input.clear()\n    \n            login_username_input.send_keys('boksoon8')\n            login_password_input.send_keys('1232133123')\n            time.sleep(3)\n            login_submit_button.click()\n            time.sleep(3)\n    \n            success_case = driver.find_element(By.XPATH, \"//div[@class='swiper-slide swiper-slide-active']//img[@alt='메인배너'\")\n            assert success_case.is_displayed(), f\"❌ 로그인 실패\"\n    \n        except Exception as e:\n            capture_screenshot(driver, \"로그인\", \"screenshots_login_failed\")\n>           pytest.fail(f\"❌ 로그인 실패 :{str(e)}\")\nE           Failed: ❌ 로그인 실패 :Message: invalid selector: Unable to locate an element with the xpath expression //div[@class='swiper-slide swiper-slide-active']//img[@alt='메인배너' because of the following error:\nE           SyntaxError: Failed to execute 'evaluate' on 'Document': The string '//div[@class='swiper-slide swiper-slide-active']//img[@alt='메인배너'' is not a valid XPath expression.\nE             (Session info: chrome=137.0.7151.103); For documentation on this error, please visit: https://www.selenium.dev/documentation/webdriver/troubleshooting/errors#invalid-selector-exception\nE           Stacktrace:\nE           #0 0x55ad6c12ec9a <unknown>\nE           #1 0x55ad6bbd46e0 <unknown>\nE           #2 0x55ad6bbdb378 <unknown>\nE           #3 0x55ad6bbddc18 <unknown>\nE           #4 0x55ad6bbddca3 <unknown>\nE           #5 0x55ad6bc25b45 <unknown>\nE           #6 0x55ad6bc26311 <unknown>\nE           #7 0x55ad6bc74ec4 <unknown>\nE           #8 0x55ad6bc4be5d <unknown>\nE           #9 0x55ad6bc722cc <unknown>\nE           #10 0x55ad6bc4bc03 <unknown>\nE           #11 0x55ad6bc1847b <unknown>\nE           #12 0x55ad6bc190e1 <unknown>\nE           #13 0x55ad6c0f344b <unknown>\nE           #14 0x55ad6c0f737f <unknown>\nE           #15 0x55ad6c0daf89 <unknown>\nE           #16 0x55ad6c0f7f18 <unknown>\nE           #17 0x55ad6c0bf6df <unknown>\nE           #18 0x55ad6c11c308 <unknown>\nE           #19 0x55ad6c11c4e6 <unknown>\nE           #20 0x55ad6c12db76 <unknown>\nE           #21 0x7f41cc89caa4 <unknown>\nE           #22 0x7f41cc929c3c <unknown>\n\nsrc/tests/ui_tests/test_ui_login.py:38: Failed","steps":[],"attachments":[{"uid":"ff6cd047651a9414","name":"Failure Screenshot","source":"ff6cd047651a9414.png","type":"image/png","size":27438},{"uid":"44e27de9157c5eea","name":"stdout","source":"44e27de9157c5eea.txt","type":"text/plain","size":88}],"parameters":[],"shouldDisplayMessage":true,"stepsCount":0,"attachmentsCount":2,"hasContent":true,"attachmentStep":false},"afterStages":[{"name":"driver::0","time":{"start":1750163444433,"stop":1750163444502,"duration":69},"status":"passed","steps":[],"attachments":[],"parameters":[],"shouldDisplayMessage":false,"stepsCount":0,"attachmentsCount":0,"hasContent":false,"attachmentStep":false}],"labels":[{"name":"feature","value":"예외 케이스"},{"name":"story","value":"잘못된 ID,PW 입력"},{"name":"parentSuite","value":"src.tests.ui_tests"},{"name":"suite","value":"test_ui_login"},{"name":"host","value":"fv-az1337-162"},{"name":"thread","value":"2598-MainThread"},{"name":"framework","value":"pytest"},{"name":"language","value":"cpython3"},{"name":"package","value":"src.tests.ui_tests.test_ui_login"},{"name":"resultFormat","value":"allure2"}],"parameters":[],"links":[],"hidden":false,"retry":false,"extra":{"severity":"normal","retries":[],"categories":[{"name":"Product defects","matchedStatuses":[],"flaky":false}],"tags":[]},"source":"1f3d8893639b3f47.json","parameterValues":[]}