{"uid":"2f3e39fa76fc6ba8","name":"존재하지 않는 상품 검색 시, 결과 없음 메시지 확인","fullName":"src.tests.ui_tests.test_invalied_search#test_search_invalid_product","historyId":"8a73c4c5e9ebde1734f58ebd81cbc70e","time":{"start":1747628606327,"stop":1747628613386,"duration":7059},"status":"failed","statusMessage":"Failed: ❌ 결과 메시지 미노출 또는 실패: Message: no such element: Unable to locate element: {\"method\":\"xpath\",\"selector\":\"//div[@class='css-1d3w5wq e1oh2pka6']\"}\n  (Session info: chrome=136.0.7103.92); For documentation on this error, please visit: https://www.selenium.dev/documentation/webdriver/troubleshooting/errors#no-such-element-exception\nStacktrace:\n#0 0x55fd5562475a <unknown>\n#1 0x55fd550c70a0 <unknown>\n#2 0x55fd551189b0 <unknown>\n#3 0x55fd55118ba1 <unknown>\n#4 0x55fd55166ea4 <unknown>\n#5 0x55fd5513e3cd <unknown>\n#6 0x55fd551642a0 <unknown>\n#7 0x55fd5513e173 <unknown>\n#8 0x55fd5510ad4b <unknown>\n#9 0x55fd5510b9b1 <unknown>\n#10 0x55fd555e990b <unknown>\n#11 0x55fd555ed80a <unknown>\n#12 0x55fd555d1662 <unknown>\n#13 0x55fd555ee394 <unknown>\n#14 0x55fd555b649f <unknown>\n#15 0x55fd55612538 <unknown>\n#16 0x55fd55612716 <unknown>\n#17 0x55fd556235c6 <unknown>\n#18 0x7f9a71c9caa4 <unknown>\n#19 0x7f9a71d29c3c <unknown>","statusTrace":"driver = <selenium.webdriver.chrome.webdriver.WebDriver (session=\"5c5b7877314dcc48393bd0b6fdb0de7a\")>\n\n    @allure.feature(\"UI 테스트\")\n    @allure.story(\"검색 실패 케이스\")\n    @allure.title(\"존재하지 않는 상품 검색 시, 결과 없음 메시지 확인\")\n    def test_search_invalid_product(driver):\n        driver.get(\"https://www.kurly.com/main\")\n        driver.maximize_window()\n    \n        try:\n            search_box = driver.find_element(By.XPATH, \"//input[@placeholder='검색어를 입력해주세요']\")\n            search_box.send_keys(\"ㅁㄴㅇㄹ\")\n            search_box.send_keys(Keys.RETURN)\n            time.sleep(4)\n        except Exception as e:\n            capture_screenshot(driver, \"검색 실행 실패\", \"search_box_error\")\n            pytest.fail(f\"❌ 검색 입력 중 오류: {str(e)}\")\n    \n        try:\n>           error_msg = driver.find_element(By.XPATH,\"//div[@class='css-1d3w5wq e1oh2pka6']\")\n\nsrc/tests/ui_tests/test_invalied_search.py:25: \n_ _ _ _ _ _ _ _ _ _ _ _ _ _ _ _ _ _ _ _ _ _ _ _ _ _ _ _ _ _ _ _ _ _ _ _ _ _ _ _ \nvenv/lib/python3.11/site-packages/selenium/webdriver/remote/webdriver.py:770: in find_element\n    return self.execute(Command.FIND_ELEMENT, {\"using\": by, \"value\": value})[\"value\"]\nvenv/lib/python3.11/site-packages/selenium/webdriver/remote/webdriver.py:384: in execute\n    self.error_handler.check_response(response)\n_ _ _ _ _ _ _ _ _ _ _ _ _ _ _ _ _ _ _ _ _ _ _ _ _ _ _ _ _ _ _ _ _ _ _ _ _ _ _ _ \n\nself = <selenium.webdriver.remote.errorhandler.ErrorHandler object at 0x7fbba86b7f10>\nresponse = {'status': 404, 'value': '{\"value\":{\"error\":\"no such element\",\"message\":\"no such element: Unable to locate element: {\\...\\\\n#17 0x55fd556235c6 \\\\u003Cunknown>\\\\n#18 0x7f9a71c9caa4 \\\\u003Cunknown>\\\\n#19 0x7f9a71d29c3c \\\\u003Cunknown>\\\\n\"}}'}\n\n    def check_response(self, response: Dict[str, Any]) -> None:\n        \"\"\"Checks that a JSON response from the WebDriver does not have an\n        error.\n    \n        :Args:\n         - response - The JSON response from the WebDriver server as a dictionary\n           object.\n    \n        :Raises: If the response contains an error message.\n        \"\"\"\n        status = response.get(\"status\", None)\n        if not status or status == ErrorCode.SUCCESS:\n            return\n        value = None\n        message = response.get(\"message\", \"\")\n        screen: str = response.get(\"screen\", \"\")\n        stacktrace = None\n        if isinstance(status, int):\n            value_json = response.get(\"value\", None)\n            if value_json and isinstance(value_json, str):\n                import json\n    \n                try:\n                    value = json.loads(value_json)\n                    if len(value) == 1:\n                        value = value[\"value\"]\n                    status = value.get(\"error\", None)\n                    if not status:\n                        status = value.get(\"status\", ErrorCode.UNKNOWN_ERROR)\n                        message = value.get(\"value\") or value.get(\"message\")\n                        if not isinstance(message, str):\n                            value = message\n                            message = message.get(\"message\")\n                    else:\n                        message = value.get(\"message\", None)\n                except ValueError:\n                    pass\n    \n        exception_class: Type[WebDriverException]\n        e = ErrorCode()\n        error_codes = [item for item in dir(e) if not item.startswith(\"__\")]\n        for error_code in error_codes:\n            error_info = getattr(ErrorCode, error_code)\n            if isinstance(error_info, list) and status in error_info:\n                exception_class = getattr(ExceptionMapping, error_code, WebDriverException)\n                break\n        else:\n            exception_class = WebDriverException\n    \n        if not value:\n            value = response[\"value\"]\n        if isinstance(value, str):\n            raise exception_class(value)\n        if message == \"\" and \"message\" in value:\n            message = value[\"message\"]\n    \n        screen = None  # type: ignore[assignment]\n        if \"screen\" in value:\n            screen = value[\"screen\"]\n    \n        stacktrace = None\n        st_value = value.get(\"stackTrace\") or value.get(\"stacktrace\")\n        if st_value:\n            if isinstance(st_value, str):\n                stacktrace = st_value.split(\"\\n\")\n            else:\n                stacktrace = []\n                try:\n                    for frame in st_value:\n                        line = frame.get(\"lineNumber\", \"\")\n                        file = frame.get(\"fileName\", \"<anonymous>\")\n                        if line:\n                            file = f\"{file}:{line}\"\n                        meth = frame.get(\"methodName\", \"<anonymous>\")\n                        if \"className\" in frame:\n                            meth = f\"{frame['className']}.{meth}\"\n                        msg = \"    at %s (%s)\"\n                        msg = msg % (meth, file)\n                        stacktrace.append(msg)\n                except TypeError:\n                    pass\n        if exception_class == UnexpectedAlertPresentException:\n            alert_text = None\n            if \"data\" in value:\n                alert_text = value[\"data\"].get(\"text\")\n            elif \"alert\" in value:\n                alert_text = value[\"alert\"].get(\"text\")\n            raise exception_class(message, screen, stacktrace, alert_text)  # type: ignore[call-arg]  # mypy is not smart enough here\n>       raise exception_class(message, screen, stacktrace)\nE       selenium.common.exceptions.NoSuchElementException: Message: no such element: Unable to locate element: {\"method\":\"xpath\",\"selector\":\"//div[@class='css-1d3w5wq e1oh2pka6']\"}\nE         (Session info: chrome=136.0.7103.92); For documentation on this error, please visit: https://www.selenium.dev/documentation/webdriver/troubleshooting/errors#no-such-element-exception\nE       Stacktrace:\nE       #0 0x55fd5562475a <unknown>\nE       #1 0x55fd550c70a0 <unknown>\nE       #2 0x55fd551189b0 <unknown>\nE       #3 0x55fd55118ba1 <unknown>\nE       #4 0x55fd55166ea4 <unknown>\nE       #5 0x55fd5513e3cd <unknown>\nE       #6 0x55fd551642a0 <unknown>\nE       #7 0x55fd5513e173 <unknown>\nE       #8 0x55fd5510ad4b <unknown>\nE       #9 0x55fd5510b9b1 <unknown>\nE       #10 0x55fd555e990b <unknown>\nE       #11 0x55fd555ed80a <unknown>\nE       #12 0x55fd555d1662 <unknown>\nE       #13 0x55fd555ee394 <unknown>\nE       #14 0x55fd555b649f <unknown>\nE       #15 0x55fd55612538 <unknown>\nE       #16 0x55fd55612716 <unknown>\nE       #17 0x55fd556235c6 <unknown>\nE       #18 0x7f9a71c9caa4 <unknown>\nE       #19 0x7f9a71d29c3c <unknown>\n\nvenv/lib/python3.11/site-packages/selenium/webdriver/remote/errorhandler.py:232: NoSuchElementException\n\nDuring handling of the above exception, another exception occurred:\n\ndriver = <selenium.webdriver.chrome.webdriver.WebDriver (session=\"5c5b7877314dcc48393bd0b6fdb0de7a\")>\n\n    @allure.feature(\"UI 테스트\")\n    @allure.story(\"검색 실패 케이스\")\n    @allure.title(\"존재하지 않는 상품 검색 시, 결과 없음 메시지 확인\")\n    def test_search_invalid_product(driver):\n        driver.get(\"https://www.kurly.com/main\")\n        driver.maximize_window()\n    \n        try:\n            search_box = driver.find_element(By.XPATH, \"//input[@placeholder='검색어를 입력해주세요']\")\n            search_box.send_keys(\"ㅁㄴㅇㄹ\")\n            search_box.send_keys(Keys.RETURN)\n            time.sleep(4)\n        except Exception as e:\n            capture_screenshot(driver, \"검색 실행 실패\", \"search_box_error\")\n            pytest.fail(f\"❌ 검색 입력 중 오류: {str(e)}\")\n    \n        try:\n            error_msg = driver.find_element(By.XPATH,\"//div[@class='css-1d3w5wq e1oh2pka6']\")\n            assert error_msg.is_displayed()\n        except Exception as e:\n            capture_screenshot(driver, \"결과 메시지 확인 실패\", \"no_result_msg_error\")\n>           pytest.fail(f\"❌ 결과 메시지 미노출 또는 실패: {str(e)}\")\nE           Failed: ❌ 결과 메시지 미노출 또는 실패: Message: no such element: Unable to locate element: {\"method\":\"xpath\",\"selector\":\"//div[@class='css-1d3w5wq e1oh2pka6']\"}\nE             (Session info: chrome=136.0.7103.92); For documentation on this error, please visit: https://www.selenium.dev/documentation/webdriver/troubleshooting/errors#no-such-element-exception\nE           Stacktrace:\nE           #0 0x55fd5562475a <unknown>\nE           #1 0x55fd550c70a0 <unknown>\nE           #2 0x55fd551189b0 <unknown>\nE           #3 0x55fd55118ba1 <unknown>\nE           #4 0x55fd55166ea4 <unknown>\nE           #5 0x55fd5513e3cd <unknown>\nE           #6 0x55fd551642a0 <unknown>\nE           #7 0x55fd5513e173 <unknown>\nE           #8 0x55fd5510ad4b <unknown>\nE           #9 0x55fd5510b9b1 <unknown>\nE           #10 0x55fd555e990b <unknown>\nE           #11 0x55fd555ed80a <unknown>\nE           #12 0x55fd555d1662 <unknown>\nE           #13 0x55fd555ee394 <unknown>\nE           #14 0x55fd555b649f <unknown>\nE           #15 0x55fd55612538 <unknown>\nE           #16 0x55fd55612716 <unknown>\nE           #17 0x55fd556235c6 <unknown>\nE           #18 0x7f9a71c9caa4 <unknown>\nE           #19 0x7f9a71d29c3c <unknown>\n\nsrc/tests/ui_tests/test_invalied_search.py:29: Failed","flaky":false,"newFailed":false,"newBroken":false,"newPassed":false,"retriesCount":0,"retriesStatusChange":false,"beforeStages":[{"name":"driver","time":{"start":1747628605562,"stop":1747628606327,"duration":765},"status":"passed","steps":[],"attachments":[],"parameters":[],"shouldDisplayMessage":false,"stepsCount":0,"attachmentsCount":0,"hasContent":false,"attachmentStep":false}],"testStage":{"status":"failed","statusMessage":"Failed: ❌ 결과 메시지 미노출 또는 실패: Message: no such element: Unable to locate element: {\"method\":\"xpath\",\"selector\":\"//div[@class='css-1d3w5wq e1oh2pka6']\"}\n  (Session info: chrome=136.0.7103.92); For documentation on this error, please visit: https://www.selenium.dev/documentation/webdriver/troubleshooting/errors#no-such-element-exception\nStacktrace:\n#0 0x55fd5562475a <unknown>\n#1 0x55fd550c70a0 <unknown>\n#2 0x55fd551189b0 <unknown>\n#3 0x55fd55118ba1 <unknown>\n#4 0x55fd55166ea4 <unknown>\n#5 0x55fd5513e3cd <unknown>\n#6 0x55fd551642a0 <unknown>\n#7 0x55fd5513e173 <unknown>\n#8 0x55fd5510ad4b <unknown>\n#9 0x55fd5510b9b1 <unknown>\n#10 0x55fd555e990b <unknown>\n#11 0x55fd555ed80a <unknown>\n#12 0x55fd555d1662 <unknown>\n#13 0x55fd555ee394 <unknown>\n#14 0x55fd555b649f <unknown>\n#15 0x55fd55612538 <unknown>\n#16 0x55fd55612716 <unknown>\n#17 0x55fd556235c6 <unknown>\n#18 0x7f9a71c9caa4 <unknown>\n#19 0x7f9a71d29c3c <unknown>","statusTrace":"driver = <selenium.webdriver.chrome.webdriver.WebDriver (session=\"5c5b7877314dcc48393bd0b6fdb0de7a\")>\n\n    @allure.feature(\"UI 테스트\")\n    @allure.story(\"검색 실패 케이스\")\n    @allure.title(\"존재하지 않는 상품 검색 시, 결과 없음 메시지 확인\")\n    def test_search_invalid_product(driver):\n        driver.get(\"https://www.kurly.com/main\")\n        driver.maximize_window()\n    \n        try:\n            search_box = driver.find_element(By.XPATH, \"//input[@placeholder='검색어를 입력해주세요']\")\n            search_box.send_keys(\"ㅁㄴㅇㄹ\")\n            search_box.send_keys(Keys.RETURN)\n            time.sleep(4)\n        except Exception as e:\n            capture_screenshot(driver, \"검색 실행 실패\", \"search_box_error\")\n            pytest.fail(f\"❌ 검색 입력 중 오류: {str(e)}\")\n    \n        try:\n>           error_msg = driver.find_element(By.XPATH,\"//div[@class='css-1d3w5wq e1oh2pka6']\")\n\nsrc/tests/ui_tests/test_invalied_search.py:25: \n_ _ _ _ _ _ _ _ _ _ _ _ _ _ _ _ _ _ _ _ _ _ _ _ _ _ _ _ _ _ _ _ _ _ _ _ _ _ _ _ \nvenv/lib/python3.11/site-packages/selenium/webdriver/remote/webdriver.py:770: in find_element\n    return self.execute(Command.FIND_ELEMENT, {\"using\": by, \"value\": value})[\"value\"]\nvenv/lib/python3.11/site-packages/selenium/webdriver/remote/webdriver.py:384: in execute\n    self.error_handler.check_response(response)\n_ _ _ _ _ _ _ _ _ _ _ _ _ _ _ _ _ _ _ _ _ _ _ _ _ _ _ _ _ _ _ _ _ _ _ _ _ _ _ _ \n\nself = <selenium.webdriver.remote.errorhandler.ErrorHandler object at 0x7fbba86b7f10>\nresponse = {'status': 404, 'value': '{\"value\":{\"error\":\"no such element\",\"message\":\"no such element: Unable to locate element: {\\...\\\\n#17 0x55fd556235c6 \\\\u003Cunknown>\\\\n#18 0x7f9a71c9caa4 \\\\u003Cunknown>\\\\n#19 0x7f9a71d29c3c \\\\u003Cunknown>\\\\n\"}}'}\n\n    def check_response(self, response: Dict[str, Any]) -> None:\n        \"\"\"Checks that a JSON response from the WebDriver does not have an\n        error.\n    \n        :Args:\n         - response - The JSON response from the WebDriver server as a dictionary\n           object.\n    \n        :Raises: If the response contains an error message.\n        \"\"\"\n        status = response.get(\"status\", None)\n        if not status or status == ErrorCode.SUCCESS:\n            return\n        value = None\n        message = response.get(\"message\", \"\")\n        screen: str = response.get(\"screen\", \"\")\n        stacktrace = None\n        if isinstance(status, int):\n            value_json = response.get(\"value\", None)\n            if value_json and isinstance(value_json, str):\n                import json\n    \n                try:\n                    value = json.loads(value_json)\n                    if len(value) == 1:\n                        value = value[\"value\"]\n                    status = value.get(\"error\", None)\n                    if not status:\n                        status = value.get(\"status\", ErrorCode.UNKNOWN_ERROR)\n                        message = value.get(\"value\") or value.get(\"message\")\n                        if not isinstance(message, str):\n                            value = message\n                            message = message.get(\"message\")\n                    else:\n                        message = value.get(\"message\", None)\n                except ValueError:\n                    pass\n    \n        exception_class: Type[WebDriverException]\n        e = ErrorCode()\n        error_codes = [item for item in dir(e) if not item.startswith(\"__\")]\n        for error_code in error_codes:\n            error_info = getattr(ErrorCode, error_code)\n            if isinstance(error_info, list) and status in error_info:\n                exception_class = getattr(ExceptionMapping, error_code, WebDriverException)\n                break\n        else:\n            exception_class = WebDriverException\n    \n        if not value:\n            value = response[\"value\"]\n        if isinstance(value, str):\n            raise exception_class(value)\n        if message == \"\" and \"message\" in value:\n            message = value[\"message\"]\n    \n        screen = None  # type: ignore[assignment]\n        if \"screen\" in value:\n            screen = value[\"screen\"]\n    \n        stacktrace = None\n        st_value = value.get(\"stackTrace\") or value.get(\"stacktrace\")\n        if st_value:\n            if isinstance(st_value, str):\n                stacktrace = st_value.split(\"\\n\")\n            else:\n                stacktrace = []\n                try:\n                    for frame in st_value:\n                        line = frame.get(\"lineNumber\", \"\")\n                        file = frame.get(\"fileName\", \"<anonymous>\")\n                        if line:\n                            file = f\"{file}:{line}\"\n                        meth = frame.get(\"methodName\", \"<anonymous>\")\n                        if \"className\" in frame:\n                            meth = f\"{frame['className']}.{meth}\"\n                        msg = \"    at %s (%s)\"\n                        msg = msg % (meth, file)\n                        stacktrace.append(msg)\n                except TypeError:\n                    pass\n        if exception_class == UnexpectedAlertPresentException:\n            alert_text = None\n            if \"data\" in value:\n                alert_text = value[\"data\"].get(\"text\")\n            elif \"alert\" in value:\n                alert_text = value[\"alert\"].get(\"text\")\n            raise exception_class(message, screen, stacktrace, alert_text)  # type: ignore[call-arg]  # mypy is not smart enough here\n>       raise exception_class(message, screen, stacktrace)\nE       selenium.common.exceptions.NoSuchElementException: Message: no such element: Unable to locate element: {\"method\":\"xpath\",\"selector\":\"//div[@class='css-1d3w5wq e1oh2pka6']\"}\nE         (Session info: chrome=136.0.7103.92); For documentation on this error, please visit: https://www.selenium.dev/documentation/webdriver/troubleshooting/errors#no-such-element-exception\nE       Stacktrace:\nE       #0 0x55fd5562475a <unknown>\nE       #1 0x55fd550c70a0 <unknown>\nE       #2 0x55fd551189b0 <unknown>\nE       #3 0x55fd55118ba1 <unknown>\nE       #4 0x55fd55166ea4 <unknown>\nE       #5 0x55fd5513e3cd <unknown>\nE       #6 0x55fd551642a0 <unknown>\nE       #7 0x55fd5513e173 <unknown>\nE       #8 0x55fd5510ad4b <unknown>\nE       #9 0x55fd5510b9b1 <unknown>\nE       #10 0x55fd555e990b <unknown>\nE       #11 0x55fd555ed80a <unknown>\nE       #12 0x55fd555d1662 <unknown>\nE       #13 0x55fd555ee394 <unknown>\nE       #14 0x55fd555b649f <unknown>\nE       #15 0x55fd55612538 <unknown>\nE       #16 0x55fd55612716 <unknown>\nE       #17 0x55fd556235c6 <unknown>\nE       #18 0x7f9a71c9caa4 <unknown>\nE       #19 0x7f9a71d29c3c <unknown>\n\nvenv/lib/python3.11/site-packages/selenium/webdriver/remote/errorhandler.py:232: NoSuchElementException\n\nDuring handling of the above exception, another exception occurred:\n\ndriver = <selenium.webdriver.chrome.webdriver.WebDriver (session=\"5c5b7877314dcc48393bd0b6fdb0de7a\")>\n\n    @allure.feature(\"UI 테스트\")\n    @allure.story(\"검색 실패 케이스\")\n    @allure.title(\"존재하지 않는 상품 검색 시, 결과 없음 메시지 확인\")\n    def test_search_invalid_product(driver):\n        driver.get(\"https://www.kurly.com/main\")\n        driver.maximize_window()\n    \n        try:\n            search_box = driver.find_element(By.XPATH, \"//input[@placeholder='검색어를 입력해주세요']\")\n            search_box.send_keys(\"ㅁㄴㅇㄹ\")\n            search_box.send_keys(Keys.RETURN)\n            time.sleep(4)\n        except Exception as e:\n            capture_screenshot(driver, \"검색 실행 실패\", \"search_box_error\")\n            pytest.fail(f\"❌ 검색 입력 중 오류: {str(e)}\")\n    \n        try:\n            error_msg = driver.find_element(By.XPATH,\"//div[@class='css-1d3w5wq e1oh2pka6']\")\n            assert error_msg.is_displayed()\n        except Exception as e:\n            capture_screenshot(driver, \"결과 메시지 확인 실패\", \"no_result_msg_error\")\n>           pytest.fail(f\"❌ 결과 메시지 미노출 또는 실패: {str(e)}\")\nE           Failed: ❌ 결과 메시지 미노출 또는 실패: Message: no such element: Unable to locate element: {\"method\":\"xpath\",\"selector\":\"//div[@class='css-1d3w5wq e1oh2pka6']\"}\nE             (Session info: chrome=136.0.7103.92); For documentation on this error, please visit: https://www.selenium.dev/documentation/webdriver/troubleshooting/errors#no-such-element-exception\nE           Stacktrace:\nE           #0 0x55fd5562475a <unknown>\nE           #1 0x55fd550c70a0 <unknown>\nE           #2 0x55fd551189b0 <unknown>\nE           #3 0x55fd55118ba1 <unknown>\nE           #4 0x55fd55166ea4 <unknown>\nE           #5 0x55fd5513e3cd <unknown>\nE           #6 0x55fd551642a0 <unknown>\nE           #7 0x55fd5513e173 <unknown>\nE           #8 0x55fd5510ad4b <unknown>\nE           #9 0x55fd5510b9b1 <unknown>\nE           #10 0x55fd555e990b <unknown>\nE           #11 0x55fd555ed80a <unknown>\nE           #12 0x55fd555d1662 <unknown>\nE           #13 0x55fd555ee394 <unknown>\nE           #14 0x55fd555b649f <unknown>\nE           #15 0x55fd55612538 <unknown>\nE           #16 0x55fd55612716 <unknown>\nE           #17 0x55fd556235c6 <unknown>\nE           #18 0x7f9a71c9caa4 <unknown>\nE           #19 0x7f9a71d29c3c <unknown>\n\nsrc/tests/ui_tests/test_invalied_search.py:29: Failed","steps":[],"attachments":[{"uid":"b78acf38c4a80777","name":"Failure Screenshot","source":"b78acf38c4a80777.png","type":"image/png","size":1755219},{"uid":"298fd668384a1f82","name":"stdout","source":"298fd668384a1f82.txt","type":"text/plain","size":104}],"parameters":[],"shouldDisplayMessage":true,"stepsCount":0,"attachmentsCount":2,"hasContent":true,"attachmentStep":false},"afterStages":[{"name":"driver::0","time":{"start":1747628648377,"stop":1747628648450,"duration":73},"status":"passed","steps":[],"attachments":[],"parameters":[],"shouldDisplayMessage":false,"stepsCount":0,"attachmentsCount":0,"hasContent":false,"attachmentStep":false}],"labels":[{"name":"story","value":"검색 실패 케이스"},{"name":"feature","value":"UI 테스트"},{"name":"parentSuite","value":"src.tests.ui_tests"},{"name":"suite","value":"test_invalied_search"},{"name":"host","value":"fv-az1344-429"},{"name":"thread","value":"2649-MainThread"},{"name":"framework","value":"pytest"},{"name":"language","value":"cpython3"},{"name":"package","value":"src.tests.ui_tests.test_invalied_search"},{"name":"resultFormat","value":"allure2"}],"parameters":[],"links":[],"hidden":false,"retry":false,"extra":{"severity":"normal","retries":[],"categories":[{"name":"Product defects","matchedStatuses":[],"flaky":false}],"tags":[]},"source":"2f3e39fa76fc6ba8.json","parameterValues":[]}