{"uid":"3b79635d4170d60e","name":"존재하지 않는 상품 검색 시, 결과 없음 메시지 확인","fullName":"src.tests.ui_tests.test_invalied_search#test_search_invalid_product","historyId":"8a73c4c5e9ebde1734f58ebd81cbc70e","time":{"start":1755619545691,"stop":1755619551747,"duration":6056},"status":"failed","statusMessage":"Failed: ❌ 결과 메시지 미노출 또는 실패: assert False\n +  where False = is_displayed()\n +    where is_displayed = <selenium.webdriver.remote.webelement.WebElement (session=\"e6e7358da78793d9234bdb3e64945580\", element=\"f.55900B417B6A0F016623E9DB05E1A35D.d.90C5FA5B7EFCCE252273B055A04DC410.e.49\")>.is_displayed","statusTrace":"driver = <selenium.webdriver.chrome.webdriver.WebDriver (session=\"e6e7358da78793d9234bdb3e64945580\")>\n\n    @allure.feature(\"UI 테스트\")\n    @allure.story(\"검색 실패 케이스\")\n    @allure.title(\"존재하지 않는 상품 검색 시, 결과 없음 메시지 확인\")\n    def test_search_invalid_product(driver):\n        driver.get(\"https://www.kurly.com/main\")\n        driver.maximize_window()\n    \n        try:\n            search_box = driver.find_element(By.XPATH, \"//input[@placeholder='검색어를 입력해주세요']\")\n            search_box.send_keys(\"ㅁㄴㅇㄹ\")\n            search_box.send_keys(Keys.RETURN)\n            time.sleep(4)\n        except Exception as e:\n            capture_screenshot(driver, \"검색 실행 실패\", \"search_box_error\")\n            pytest.fail(f\"❌ 검색 입력 중 오류: {str(e)}\")\n    \n        try:\n            error_msg = driver.find_element(By.XPATH,\"//div[@class='css-1d3w5wq e1oh2pka6']\")\n>           assert error_msg.is_displayed()\nE           assert False\nE            +  where False = is_displayed()\nE            +    where is_displayed = <selenium.webdriver.remote.webelement.WebElement (session=\"e6e7358da78793d9234bdb3e64945580\", element=\"f.55900B417B6A0F016623E9DB05E1A35D.d.90C5FA5B7EFCCE252273B055A04DC410.e.49\")>.is_displayed\n\nsrc/tests/ui_tests/test_invalied_search.py:26: AssertionError\n\nDuring handling of the above exception, another exception occurred:\n\ndriver = <selenium.webdriver.chrome.webdriver.WebDriver (session=\"e6e7358da78793d9234bdb3e64945580\")>\n\n    @allure.feature(\"UI 테스트\")\n    @allure.story(\"검색 실패 케이스\")\n    @allure.title(\"존재하지 않는 상품 검색 시, 결과 없음 메시지 확인\")\n    def test_search_invalid_product(driver):\n        driver.get(\"https://www.kurly.com/main\")\n        driver.maximize_window()\n    \n        try:\n            search_box = driver.find_element(By.XPATH, \"//input[@placeholder='검색어를 입력해주세요']\")\n            search_box.send_keys(\"ㅁㄴㅇㄹ\")\n            search_box.send_keys(Keys.RETURN)\n            time.sleep(4)\n        except Exception as e:\n            capture_screenshot(driver, \"검색 실행 실패\", \"search_box_error\")\n            pytest.fail(f\"❌ 검색 입력 중 오류: {str(e)}\")\n    \n        try:\n            error_msg = driver.find_element(By.XPATH,\"//div[@class='css-1d3w5wq e1oh2pka6']\")\n            assert error_msg.is_displayed()\n        except Exception as e:\n            capture_screenshot(driver, \"결과 메시지 확인 실패\", \"no_result_msg_error\")\n>           pytest.fail(f\"❌ 결과 메시지 미노출 또는 실패: {str(e)}\")\nE           Failed: ❌ 결과 메시지 미노출 또는 실패: assert False\nE            +  where False = is_displayed()\nE            +    where is_displayed = <selenium.webdriver.remote.webelement.WebElement (session=\"e6e7358da78793d9234bdb3e64945580\", element=\"f.55900B417B6A0F016623E9DB05E1A35D.d.90C5FA5B7EFCCE252273B055A04DC410.e.49\")>.is_displayed\n\nsrc/tests/ui_tests/test_invalied_search.py:29: Failed","flaky":false,"newFailed":false,"newBroken":false,"newPassed":false,"retriesCount":0,"retriesStatusChange":false,"beforeStages":[{"name":"driver","time":{"start":1755619545077,"stop":1755619545690,"duration":613},"status":"passed","steps":[],"attachments":[],"parameters":[],"shouldDisplayMessage":false,"stepsCount":0,"attachmentsCount":0,"hasContent":false,"attachmentStep":false}],"testStage":{"status":"failed","statusMessage":"Failed: ❌ 결과 메시지 미노출 또는 실패: assert False\n +  where False = is_displayed()\n +    where is_displayed = <selenium.webdriver.remote.webelement.WebElement (session=\"e6e7358da78793d9234bdb3e64945580\", element=\"f.55900B417B6A0F016623E9DB05E1A35D.d.90C5FA5B7EFCCE252273B055A04DC410.e.49\")>.is_displayed","statusTrace":"driver = <selenium.webdriver.chrome.webdriver.WebDriver (session=\"e6e7358da78793d9234bdb3e64945580\")>\n\n    @allure.feature(\"UI 테스트\")\n    @allure.story(\"검색 실패 케이스\")\n    @allure.title(\"존재하지 않는 상품 검색 시, 결과 없음 메시지 확인\")\n    def test_search_invalid_product(driver):\n        driver.get(\"https://www.kurly.com/main\")\n        driver.maximize_window()\n    \n        try:\n            search_box = driver.find_element(By.XPATH, \"//input[@placeholder='검색어를 입력해주세요']\")\n            search_box.send_keys(\"ㅁㄴㅇㄹ\")\n            search_box.send_keys(Keys.RETURN)\n            time.sleep(4)\n        except Exception as e:\n            capture_screenshot(driver, \"검색 실행 실패\", \"search_box_error\")\n            pytest.fail(f\"❌ 검색 입력 중 오류: {str(e)}\")\n    \n        try:\n            error_msg = driver.find_element(By.XPATH,\"//div[@class='css-1d3w5wq e1oh2pka6']\")\n>           assert error_msg.is_displayed()\nE           assert False\nE            +  where False = is_displayed()\nE            +    where is_displayed = <selenium.webdriver.remote.webelement.WebElement (session=\"e6e7358da78793d9234bdb3e64945580\", element=\"f.55900B417B6A0F016623E9DB05E1A35D.d.90C5FA5B7EFCCE252273B055A04DC410.e.49\")>.is_displayed\n\nsrc/tests/ui_tests/test_invalied_search.py:26: AssertionError\n\nDuring handling of the above exception, another exception occurred:\n\ndriver = <selenium.webdriver.chrome.webdriver.WebDriver (session=\"e6e7358da78793d9234bdb3e64945580\")>\n\n    @allure.feature(\"UI 테스트\")\n    @allure.story(\"검색 실패 케이스\")\n    @allure.title(\"존재하지 않는 상품 검색 시, 결과 없음 메시지 확인\")\n    def test_search_invalid_product(driver):\n        driver.get(\"https://www.kurly.com/main\")\n        driver.maximize_window()\n    \n        try:\n            search_box = driver.find_element(By.XPATH, \"//input[@placeholder='검색어를 입력해주세요']\")\n            search_box.send_keys(\"ㅁㄴㅇㄹ\")\n            search_box.send_keys(Keys.RETURN)\n            time.sleep(4)\n        except Exception as e:\n            capture_screenshot(driver, \"검색 실행 실패\", \"search_box_error\")\n            pytest.fail(f\"❌ 검색 입력 중 오류: {str(e)}\")\n    \n        try:\n            error_msg = driver.find_element(By.XPATH,\"//div[@class='css-1d3w5wq e1oh2pka6']\")\n            assert error_msg.is_displayed()\n        except Exception as e:\n            capture_screenshot(driver, \"결과 메시지 확인 실패\", \"no_result_msg_error\")\n>           pytest.fail(f\"❌ 결과 메시지 미노출 또는 실패: {str(e)}\")\nE           Failed: ❌ 결과 메시지 미노출 또는 실패: assert False\nE            +  where False = is_displayed()\nE            +    where is_displayed = <selenium.webdriver.remote.webelement.WebElement (session=\"e6e7358da78793d9234bdb3e64945580\", element=\"f.55900B417B6A0F016623E9DB05E1A35D.d.90C5FA5B7EFCCE252273B055A04DC410.e.49\")>.is_displayed\n\nsrc/tests/ui_tests/test_invalied_search.py:29: Failed","steps":[],"attachments":[{"uid":"debddc815171fdba","name":"Failure Screenshot","source":"debddc815171fdba.png","type":"image/png","size":23628},{"uid":"6e040515f95dbd39","name":"stdout","source":"6e040515f95dbd39.txt","type":"text/plain","size":104}],"parameters":[],"shouldDisplayMessage":true,"stepsCount":0,"attachmentsCount":2,"hasContent":true,"attachmentStep":false},"afterStages":[{"name":"driver::0","time":{"start":1755619551797,"stop":1755619551861,"duration":64},"status":"passed","steps":[],"attachments":[],"parameters":[],"shouldDisplayMessage":false,"stepsCount":0,"attachmentsCount":0,"hasContent":false,"attachmentStep":false}],"labels":[{"name":"story","value":"검색 실패 케이스"},{"name":"feature","value":"UI 테스트"},{"name":"parentSuite","value":"src.tests.ui_tests"},{"name":"suite","value":"test_invalied_search"},{"name":"host","value":"pkrvmubgrv54qmi"},{"name":"thread","value":"2672-MainThread"},{"name":"framework","value":"pytest"},{"name":"language","value":"cpython3"},{"name":"package","value":"src.tests.ui_tests.test_invalied_search"},{"name":"resultFormat","value":"allure2"}],"parameters":[],"links":[],"hidden":false,"retry":false,"extra":{"severity":"normal","retries":[],"categories":[{"name":"Product defects","matchedStatuses":[],"flaky":false}],"tags":[]},"source":"3b79635d4170d60e.json","parameterValues":[]}