{"uid":"743392391e38a1bc","name":"입력된 상품명으로 검색 시 검색되는지 확인","fullName":"src.tests.ui_tests.test_ui_search#test_product_search","historyId":"bcba0e4df1d2f59fa4918aeb6eea7ff2","time":{"start":1746698602701,"stop":1746698611526,"duration":8825},"status":"failed","statusMessage":"Failed: ❌ 검색 실패: ❌ 검색어 '갤럭시S25'에 대한 검색 결과가 없음.\nassert 0 > 0\n +  where 0 = len([])","statusTrace":"driver = <selenium.webdriver.chrome.webdriver.WebDriver (session=\"d01d8067e994caa5978b3081fd22b32b\")>\ntc_id = 'TC_001', search_term = '갤럭시S25'\n\n    @allure.feature(\"UI 테스트\")\n    @allure.story(\"상품 검색 테스트\")\n    @allure.title(\"입력된 상품명으로 검색 시 검색되는지 확인\" )\n    @pytest.mark.parametrize(\"tc_id, search_term\", search_cases)\n    def test_product_search(driver, tc_id, search_term):\n        driver.get(\"https://www.kurly.com/main\")\n        time.sleep(2)\n        print(f\"\uD83D\uDD0D TC {tc_id}: '{search_term}' 검색 테스트 실행 중...\")\n        try:\n            search_box = driver.find_element(By.XPATH, \"//input[@placeholder='검색어를 입력해주세요']\")\n            time.sleep(2)\n            for _ in range(10):\n                search_box.send_keys(Keys.BACKSPACE)\n    \n            search_box.send_keys(search_term)\n            search_box.send_keys(Keys.RETURN)\n            time.sleep(2)\n    \n            product_elements = driver.find_elements(By.XPATH,\"//span[@class='css-1qfsi3d e1yof8003']\")\n>           assert len(product_elements) > 0, f\"❌ 검색어 '{search_term}'에 대한 검색 결과가 없음.\"\nE           AssertionError: ❌ 검색어 '갤럭시S25'에 대한 검색 결과가 없음.\nE           assert 0 > 0\nE            +  where 0 = len([])\n\nsrc/tests/ui_tests/test_ui_search.py:31: AssertionError\n\nDuring handling of the above exception, another exception occurred:\n\ndriver = <selenium.webdriver.chrome.webdriver.WebDriver (session=\"d01d8067e994caa5978b3081fd22b32b\")>\ntc_id = 'TC_001', search_term = '갤럭시S25'\n\n    @allure.feature(\"UI 테스트\")\n    @allure.story(\"상품 검색 테스트\")\n    @allure.title(\"입력된 상품명으로 검색 시 검색되는지 확인\" )\n    @pytest.mark.parametrize(\"tc_id, search_term\", search_cases)\n    def test_product_search(driver, tc_id, search_term):\n        driver.get(\"https://www.kurly.com/main\")\n        time.sleep(2)\n        print(f\"\uD83D\uDD0D TC {tc_id}: '{search_term}' 검색 테스트 실행 중...\")\n        try:\n            search_box = driver.find_element(By.XPATH, \"//input[@placeholder='검색어를 입력해주세요']\")\n            time.sleep(2)\n            for _ in range(10):\n                search_box.send_keys(Keys.BACKSPACE)\n    \n            search_box.send_keys(search_term)\n            search_box.send_keys(Keys.RETURN)\n            time.sleep(2)\n    \n            product_elements = driver.find_elements(By.XPATH,\"//span[@class='css-1qfsi3d e1yof8003']\")\n            assert len(product_elements) > 0, f\"❌ 검색어 '{search_term}'에 대한 검색 결과가 없음.\"\n    \n            capture_screenshot(driver, f\"{tc_id}_{search_term}_success\", f\"screenshot_search_term\")\n    \n        except Exception as e:\n            capture_screenshot(driver, f\"{tc_id}_{search_term}_failed\", 'screenshots_Search')\n>           pytest.fail(f\"❌ 검색 실패: {str(e)}\")\nE           Failed: ❌ 검색 실패: ❌ 검색어 '갤럭시S25'에 대한 검색 결과가 없음.\nE           assert 0 > 0\nE            +  where 0 = len([])\n\nsrc/tests/ui_tests/test_ui_search.py:37: Failed","flaky":false,"newFailed":false,"newBroken":false,"newPassed":false,"retriesCount":0,"retriesStatusChange":false,"beforeStages":[{"name":"driver","time":{"start":1746698601982,"stop":1746698602700,"duration":718},"status":"passed","steps":[],"attachments":[],"parameters":[],"shouldDisplayMessage":false,"stepsCount":0,"attachmentsCount":0,"hasContent":false,"attachmentStep":false}],"testStage":{"status":"failed","statusMessage":"Failed: ❌ 검색 실패: ❌ 검색어 '갤럭시S25'에 대한 검색 결과가 없음.\nassert 0 > 0\n +  where 0 = len([])","statusTrace":"driver = <selenium.webdriver.chrome.webdriver.WebDriver (session=\"d01d8067e994caa5978b3081fd22b32b\")>\ntc_id = 'TC_001', search_term = '갤럭시S25'\n\n    @allure.feature(\"UI 테스트\")\n    @allure.story(\"상품 검색 테스트\")\n    @allure.title(\"입력된 상품명으로 검색 시 검색되는지 확인\" )\n    @pytest.mark.parametrize(\"tc_id, search_term\", search_cases)\n    def test_product_search(driver, tc_id, search_term):\n        driver.get(\"https://www.kurly.com/main\")\n        time.sleep(2)\n        print(f\"\uD83D\uDD0D TC {tc_id}: '{search_term}' 검색 테스트 실행 중...\")\n        try:\n            search_box = driver.find_element(By.XPATH, \"//input[@placeholder='검색어를 입력해주세요']\")\n            time.sleep(2)\n            for _ in range(10):\n                search_box.send_keys(Keys.BACKSPACE)\n    \n            search_box.send_keys(search_term)\n            search_box.send_keys(Keys.RETURN)\n            time.sleep(2)\n    \n            product_elements = driver.find_elements(By.XPATH,\"//span[@class='css-1qfsi3d e1yof8003']\")\n>           assert len(product_elements) > 0, f\"❌ 검색어 '{search_term}'에 대한 검색 결과가 없음.\"\nE           AssertionError: ❌ 검색어 '갤럭시S25'에 대한 검색 결과가 없음.\nE           assert 0 > 0\nE            +  where 0 = len([])\n\nsrc/tests/ui_tests/test_ui_search.py:31: AssertionError\n\nDuring handling of the above exception, another exception occurred:\n\ndriver = <selenium.webdriver.chrome.webdriver.WebDriver (session=\"d01d8067e994caa5978b3081fd22b32b\")>\ntc_id = 'TC_001', search_term = '갤럭시S25'\n\n    @allure.feature(\"UI 테스트\")\n    @allure.story(\"상품 검색 테스트\")\n    @allure.title(\"입력된 상품명으로 검색 시 검색되는지 확인\" )\n    @pytest.mark.parametrize(\"tc_id, search_term\", search_cases)\n    def test_product_search(driver, tc_id, search_term):\n        driver.get(\"https://www.kurly.com/main\")\n        time.sleep(2)\n        print(f\"\uD83D\uDD0D TC {tc_id}: '{search_term}' 검색 테스트 실행 중...\")\n        try:\n            search_box = driver.find_element(By.XPATH, \"//input[@placeholder='검색어를 입력해주세요']\")\n            time.sleep(2)\n            for _ in range(10):\n                search_box.send_keys(Keys.BACKSPACE)\n    \n            search_box.send_keys(search_term)\n            search_box.send_keys(Keys.RETURN)\n            time.sleep(2)\n    \n            product_elements = driver.find_elements(By.XPATH,\"//span[@class='css-1qfsi3d e1yof8003']\")\n            assert len(product_elements) > 0, f\"❌ 검색어 '{search_term}'에 대한 검색 결과가 없음.\"\n    \n            capture_screenshot(driver, f\"{tc_id}_{search_term}_success\", f\"screenshot_search_term\")\n    \n        except Exception as e:\n            capture_screenshot(driver, f\"{tc_id}_{search_term}_failed\", 'screenshots_Search')\n>           pytest.fail(f\"❌ 검색 실패: {str(e)}\")\nE           Failed: ❌ 검색 실패: ❌ 검색어 '갤럭시S25'에 대한 검색 결과가 없음.\nE           assert 0 > 0\nE            +  where 0 = len([])\n\nsrc/tests/ui_tests/test_ui_search.py:37: Failed","steps":[],"attachments":[{"uid":"ec9d93ab6f4cd140","name":"Failure Screenshot","source":"ec9d93ab6f4cd140.png","type":"image/png","size":95159},{"uid":"653f91a7a03a4116","name":"stdout","source":"653f91a7a03a4116.txt","type":"text/plain","size":161}],"parameters":[],"shouldDisplayMessage":true,"stepsCount":0,"attachmentsCount":2,"hasContent":true,"attachmentStep":false},"afterStages":[{"name":"driver::0","time":{"start":1746698649088,"stop":1746698649164,"duration":76},"status":"passed","steps":[],"attachments":[],"parameters":[],"shouldDisplayMessage":false,"stepsCount":0,"attachmentsCount":0,"hasContent":false,"attachmentStep":false}],"labels":[{"name":"feature","value":"UI 테스트"},{"name":"story","value":"상품 검색 테스트"},{"name":"parentSuite","value":"src.tests.ui_tests"},{"name":"suite","value":"test_ui_search"},{"name":"host","value":"fv-az1670-694"},{"name":"thread","value":"2568-MainThread"},{"name":"framework","value":"pytest"},{"name":"language","value":"cpython3"},{"name":"package","value":"src.tests.ui_tests.test_ui_search"},{"name":"resultFormat","value":"allure2"}],"parameters":[{"name":"search_term","value":"'갤럭시S25'"},{"name":"tc_id","value":"'TC_001'"}],"links":[],"hidden":false,"retry":false,"extra":{"severity":"normal","retries":[],"categories":[{"name":"Product defects","matchedStatuses":[],"flaky":false}],"tags":[]},"source":"743392391e38a1bc.json","parameterValues":["'갤럭시S25'","'TC_001'"]}