{"uid":"7fe33bba6a89720c","name":"잘못된 ID,PW 입력 시 로그인이 실패하는지 확인","fullName":"src.tests.ui_tests.test_ui_login#test_login","historyId":"98e8f149c7227721782a965f730ba74a","time":{"start":1746361745921,"stop":1746361753360,"duration":7439},"status":"failed","statusMessage":"Failed: ❌ 로그인 실패 :Message: no such element: Unable to locate element: {\"method\":\"css selector\",\"selector\":\"[id=\"pw\"]\"}\n  (Session info: chrome=136.0.7103.59); For documentation on this error, please visit: https://www.selenium.dev/documentation/webdriver/troubleshooting/errors#no-such-element-exception\nStacktrace:\n#0 0x555b14e867fa <unknown>\n#1 0x555b1492ae90 <unknown>\n#2 0x555b1497c870 <unknown>\n#3 0x555b1497ca61 <unknown>\n#4 0x555b149cacb4 <unknown>\n#5 0x555b149a226d <unknown>\n#6 0x555b149c8135 <unknown>\n#7 0x555b149a2013 <unknown>\n#8 0x555b1496eb3b <unknown>\n#9 0x555b1496f7a1 <unknown>\n#10 0x555b14e4bb9b <unknown>\n#11 0x555b14e4fa8a <unknown>\n#12 0x555b14e33912 <unknown>\n#13 0x555b14e50604 <unknown>\n#14 0x555b14e1874f <unknown>\n#15 0x555b14e74678 <unknown>\n#16 0x555b14e74856 <unknown>\n#17 0x555b14e85666 <unknown>\n#18 0x7f1fd72171f5 <unknown>","statusTrace":"src/tests/ui_tests/test_ui_login.py:23: in test_login\n    login_password_input = driver.find_element(By.ID, \"pw\")\n/usr/local/lib/python3.13/site-packages/selenium/webdriver/remote/webdriver.py:917: in find_element\n    return self.execute(Command.FIND_ELEMENT, {\"using\": by, \"value\": value})[\"value\"]\n/usr/local/lib/python3.13/site-packages/selenium/webdriver/remote/webdriver.py:448: in execute\n    self.error_handler.check_response(response)\n/usr/local/lib/python3.13/site-packages/selenium/webdriver/remote/errorhandler.py:232: in check_response\n    raise exception_class(message, screen, stacktrace)\nE   selenium.common.exceptions.NoSuchElementException: Message: no such element: Unable to locate element: {\"method\":\"css selector\",\"selector\":\"[id=\"pw\"]\"}\nE     (Session info: chrome=136.0.7103.59); For documentation on this error, please visit: https://www.selenium.dev/documentation/webdriver/troubleshooting/errors#no-such-element-exception\nE   Stacktrace:\nE   #0 0x555b14e867fa <unknown>\nE   #1 0x555b1492ae90 <unknown>\nE   #2 0x555b1497c870 <unknown>\nE   #3 0x555b1497ca61 <unknown>\nE   #4 0x555b149cacb4 <unknown>\nE   #5 0x555b149a226d <unknown>\nE   #6 0x555b149c8135 <unknown>\nE   #7 0x555b149a2013 <unknown>\nE   #8 0x555b1496eb3b <unknown>\nE   #9 0x555b1496f7a1 <unknown>\nE   #10 0x555b14e4bb9b <unknown>\nE   #11 0x555b14e4fa8a <unknown>\nE   #12 0x555b14e33912 <unknown>\nE   #13 0x555b14e50604 <unknown>\nE   #14 0x555b14e1874f <unknown>\nE   #15 0x555b14e74678 <unknown>\nE   #16 0x555b14e74856 <unknown>\nE   #17 0x555b14e85666 <unknown>\nE   #18 0x7f1fd72171f5 <unknown>\n\nDuring handling of the above exception, another exception occurred:\nsrc/tests/ui_tests/test_ui_login.py:37: in test_login\n    pytest.fail(f\"❌ 로그인 실패 :{str(e)}\")\nE   Failed: ❌ 로그인 실패 :Message: no such element: Unable to locate element: {\"method\":\"css selector\",\"selector\":\"[id=\"pw\"]\"}\nE     (Session info: chrome=136.0.7103.59); For documentation on this error, please visit: https://www.selenium.dev/documentation/webdriver/troubleshooting/errors#no-such-element-exception\nE   Stacktrace:\nE   #0 0x555b14e867fa <unknown>\nE   #1 0x555b1492ae90 <unknown>\nE   #2 0x555b1497c870 <unknown>\nE   #3 0x555b1497ca61 <unknown>\nE   #4 0x555b149cacb4 <unknown>\nE   #5 0x555b149a226d <unknown>\nE   #6 0x555b149c8135 <unknown>\nE   #7 0x555b149a2013 <unknown>\nE   #8 0x555b1496eb3b <unknown>\nE   #9 0x555b1496f7a1 <unknown>\nE   #10 0x555b14e4bb9b <unknown>\nE   #11 0x555b14e4fa8a <unknown>\nE   #12 0x555b14e33912 <unknown>\nE   #13 0x555b14e50604 <unknown>\nE   #14 0x555b14e1874f <unknown>\nE   #15 0x555b14e74678 <unknown>\nE   #16 0x555b14e74856 <unknown>\nE   #17 0x555b14e85666 <unknown>\nE   #18 0x7f1fd72171f5 <unknown>","flaky":false,"newFailed":false,"newBroken":false,"newPassed":false,"retriesCount":0,"retriesStatusChange":false,"beforeStages":[],"testStage":{"status":"failed","statusMessage":"Failed: ❌ 로그인 실패 :Message: no such element: Unable to locate element: {\"method\":\"css selector\",\"selector\":\"[id=\"pw\"]\"}\n  (Session info: chrome=136.0.7103.59); For documentation on this error, please visit: https://www.selenium.dev/documentation/webdriver/troubleshooting/errors#no-such-element-exception\nStacktrace:\n#0 0x555b14e867fa <unknown>\n#1 0x555b1492ae90 <unknown>\n#2 0x555b1497c870 <unknown>\n#3 0x555b1497ca61 <unknown>\n#4 0x555b149cacb4 <unknown>\n#5 0x555b149a226d <unknown>\n#6 0x555b149c8135 <unknown>\n#7 0x555b149a2013 <unknown>\n#8 0x555b1496eb3b <unknown>\n#9 0x555b1496f7a1 <unknown>\n#10 0x555b14e4bb9b <unknown>\n#11 0x555b14e4fa8a <unknown>\n#12 0x555b14e33912 <unknown>\n#13 0x555b14e50604 <unknown>\n#14 0x555b14e1874f <unknown>\n#15 0x555b14e74678 <unknown>\n#16 0x555b14e74856 <unknown>\n#17 0x555b14e85666 <unknown>\n#18 0x7f1fd72171f5 <unknown>","statusTrace":"src/tests/ui_tests/test_ui_login.py:23: in test_login\n    login_password_input = driver.find_element(By.ID, \"pw\")\n/usr/local/lib/python3.13/site-packages/selenium/webdriver/remote/webdriver.py:917: in find_element\n    return self.execute(Command.FIND_ELEMENT, {\"using\": by, \"value\": value})[\"value\"]\n/usr/local/lib/python3.13/site-packages/selenium/webdriver/remote/webdriver.py:448: in execute\n    self.error_handler.check_response(response)\n/usr/local/lib/python3.13/site-packages/selenium/webdriver/remote/errorhandler.py:232: in check_response\n    raise exception_class(message, screen, stacktrace)\nE   selenium.common.exceptions.NoSuchElementException: Message: no such element: Unable to locate element: {\"method\":\"css selector\",\"selector\":\"[id=\"pw\"]\"}\nE     (Session info: chrome=136.0.7103.59); For documentation on this error, please visit: https://www.selenium.dev/documentation/webdriver/troubleshooting/errors#no-such-element-exception\nE   Stacktrace:\nE   #0 0x555b14e867fa <unknown>\nE   #1 0x555b1492ae90 <unknown>\nE   #2 0x555b1497c870 <unknown>\nE   #3 0x555b1497ca61 <unknown>\nE   #4 0x555b149cacb4 <unknown>\nE   #5 0x555b149a226d <unknown>\nE   #6 0x555b149c8135 <unknown>\nE   #7 0x555b149a2013 <unknown>\nE   #8 0x555b1496eb3b <unknown>\nE   #9 0x555b1496f7a1 <unknown>\nE   #10 0x555b14e4bb9b <unknown>\nE   #11 0x555b14e4fa8a <unknown>\nE   #12 0x555b14e33912 <unknown>\nE   #13 0x555b14e50604 <unknown>\nE   #14 0x555b14e1874f <unknown>\nE   #15 0x555b14e74678 <unknown>\nE   #16 0x555b14e74856 <unknown>\nE   #17 0x555b14e85666 <unknown>\nE   #18 0x7f1fd72171f5 <unknown>\n\nDuring handling of the above exception, another exception occurred:\nsrc/tests/ui_tests/test_ui_login.py:37: in test_login\n    pytest.fail(f\"❌ 로그인 실패 :{str(e)}\")\nE   Failed: ❌ 로그인 실패 :Message: no such element: Unable to locate element: {\"method\":\"css selector\",\"selector\":\"[id=\"pw\"]\"}\nE     (Session info: chrome=136.0.7103.59); For documentation on this error, please visit: https://www.selenium.dev/documentation/webdriver/troubleshooting/errors#no-such-element-exception\nE   Stacktrace:\nE   #0 0x555b14e867fa <unknown>\nE   #1 0x555b1492ae90 <unknown>\nE   #2 0x555b1497c870 <unknown>\nE   #3 0x555b1497ca61 <unknown>\nE   #4 0x555b149cacb4 <unknown>\nE   #5 0x555b149a226d <unknown>\nE   #6 0x555b149c8135 <unknown>\nE   #7 0x555b149a2013 <unknown>\nE   #8 0x555b1496eb3b <unknown>\nE   #9 0x555b1496f7a1 <unknown>\nE   #10 0x555b14e4bb9b <unknown>\nE   #11 0x555b14e4fa8a <unknown>\nE   #12 0x555b14e33912 <unknown>\nE   #13 0x555b14e50604 <unknown>\nE   #14 0x555b14e1874f <unknown>\nE   #15 0x555b14e74678 <unknown>\nE   #16 0x555b14e74856 <unknown>\nE   #17 0x555b14e85666 <unknown>\nE   #18 0x7f1fd72171f5 <unknown>","steps":[],"attachments":[{"name":"Failure Screenshot","type":"image/png","size":0},{"name":"stdout","type":"text/plain","size":0}],"parameters":[],"shouldDisplayMessage":true,"stepsCount":0,"attachmentsCount":2,"hasContent":true,"attachmentStep":false},"afterStages":[],"labels":[{"name":"story","value":"잘못된 ID,PW 입력"},{"name":"feature","value":"예외 케이스"},{"name":"parentSuite","value":"src.tests.ui_tests"},{"name":"suite","value":"test_ui_login"},{"name":"host","value":"ac37048a65aa"},{"name":"thread","value":"9-MainThread"},{"name":"framework","value":"pytest"},{"name":"language","value":"cpython3"},{"name":"package","value":"src.tests.ui_tests.test_ui_login"},{"name":"resultFormat","value":"allure2"}],"parameters":[],"links":[],"hidden":false,"retry":false,"extra":{"severity":"normal","retries":[],"categories":[{"name":"Product defects","matchedStatuses":[],"flaky":false}],"tags":[]},"source":"7fe33bba6a89720c.json","parameterValues":[]}