{"uid":"8db15fbeeff070f1","name":"입력된 상품명으로 검색 시 검색되는지 확인","fullName":"src.tests.ui_tests.test_ui_search#test_product_search","historyId":"bcba0e4df1d2f59fa4918aeb6eea7ff2","time":{"start":1746698038809,"stop":1746698047007,"duration":8198},"status":"failed","statusMessage":"Failed: ❌ 검색 실패: Message: no such element: Unable to locate element: {\"method\":\"xpath\",\"selector\":\"//span[@class='css-1qfsi3d e1yof8003']\"}\n  (Session info: chrome=136.0.7103.59); For documentation on this error, please visit: https://www.selenium.dev/documentation/webdriver/troubleshooting/errors#no-such-element-exception\nStacktrace:\n#0 0x563677c9e78a <unknown>\n#1 0x5636777410a0 <unknown>\n#2 0x5636777929b0 <unknown>\n#3 0x563677792ba1 <unknown>\n#4 0x5636777e0ea4 <unknown>\n#5 0x5636777b83cd <unknown>\n#6 0x5636777de2a0 <unknown>\n#7 0x5636777b8173 <unknown>\n#8 0x563677784d4b <unknown>\n#9 0x5636777859b1 <unknown>\n#10 0x563677c6393b <unknown>\n#11 0x563677c6783a <unknown>\n#12 0x563677c4b692 <unknown>\n#13 0x563677c683c4 <unknown>\n#14 0x563677c304cf <unknown>\n#15 0x563677c8c568 <unknown>\n#16 0x563677c8c746 <unknown>\n#17 0x563677c9d5f6 <unknown>\n#18 0x7f8e1609caa4 <unknown>\n#19 0x7f8e16129c3c <unknown>","statusTrace":"driver = <selenium.webdriver.chrome.webdriver.WebDriver (session=\"6c967dc87c4482d47a673cb6fdc804a1\")>\ntc_id = 'TC_001', search_term = '갤럭시S25'\n\n    @allure.feature(\"UI 테스트\")\n    @allure.story(\"상품 검색 테스트\")\n    @allure.title(\"입력된 상품명으로 검색 시 검색되는지 확인\" )\n    @pytest.mark.parametrize(\"tc_id, search_term\", search_cases)\n    def test_product_search(driver, tc_id, search_term):\n        driver.get(\"https://www.kurly.com/main\")\n        time.sleep(2)\n        print(f\"\uD83D\uDD0D TC {tc_id}: '{search_term}' 검색 테스트 실행 중...\")\n        try:\n            search_box = driver.find_element(By.XPATH, \"//input[@placeholder='검색어를 입력해주세요']\")\n            time.sleep(2)\n            for _ in range(10):\n                search_box.send_keys(Keys.BACKSPACE)\n    \n            search_box.send_keys(search_term)\n            search_box.send_keys(Keys.RETURN)\n            time.sleep(2)\n    \n>           product_elements = driver.find_element(By.XPATH,\"//span[@class='css-1qfsi3d e1yof8003']\")\n\nsrc/tests/ui_tests/test_ui_search.py:30: \n_ _ _ _ _ _ _ _ _ _ _ _ _ _ _ _ _ _ _ _ _ _ _ _ _ _ _ _ _ _ _ _ _ _ _ _ _ _ _ _ \nvenv/lib/python3.11/site-packages/selenium/webdriver/remote/webdriver.py:770: in find_element\n    return self.execute(Command.FIND_ELEMENT, {\"using\": by, \"value\": value})[\"value\"]\nvenv/lib/python3.11/site-packages/selenium/webdriver/remote/webdriver.py:384: in execute\n    self.error_handler.check_response(response)\n_ _ _ _ _ _ _ _ _ _ _ _ _ _ _ _ _ _ _ _ _ _ _ _ _ _ _ _ _ _ _ _ _ _ _ _ _ _ _ _ \n\nself = <selenium.webdriver.remote.errorhandler.ErrorHandler object at 0x7f646a02e350>\nresponse = {'status': 404, 'value': '{\"value\":{\"error\":\"no such element\",\"message\":\"no such element: Unable to locate element: {\\...\\\\n#17 0x563677c9d5f6 \\\\u003Cunknown>\\\\n#18 0x7f8e1609caa4 \\\\u003Cunknown>\\\\n#19 0x7f8e16129c3c \\\\u003Cunknown>\\\\n\"}}'}\n\n    def check_response(self, response: Dict[str, Any]) -> None:\n        \"\"\"Checks that a JSON response from the WebDriver does not have an\n        error.\n    \n        :Args:\n         - response - The JSON response from the WebDriver server as a dictionary\n           object.\n    \n        :Raises: If the response contains an error message.\n        \"\"\"\n        status = response.get(\"status\", None)\n        if not status or status == ErrorCode.SUCCESS:\n            return\n        value = None\n        message = response.get(\"message\", \"\")\n        screen: str = response.get(\"screen\", \"\")\n        stacktrace = None\n        if isinstance(status, int):\n            value_json = response.get(\"value\", None)\n            if value_json and isinstance(value_json, str):\n                import json\n    \n                try:\n                    value = json.loads(value_json)\n                    if len(value) == 1:\n                        value = value[\"value\"]\n                    status = value.get(\"error\", None)\n                    if not status:\n                        status = value.get(\"status\", ErrorCode.UNKNOWN_ERROR)\n                        message = value.get(\"value\") or value.get(\"message\")\n                        if not isinstance(message, str):\n                            value = message\n                            message = message.get(\"message\")\n                    else:\n                        message = value.get(\"message\", None)\n                except ValueError:\n                    pass\n    \n        exception_class: Type[WebDriverException]\n        e = ErrorCode()\n        error_codes = [item for item in dir(e) if not item.startswith(\"__\")]\n        for error_code in error_codes:\n            error_info = getattr(ErrorCode, error_code)\n            if isinstance(error_info, list) and status in error_info:\n                exception_class = getattr(ExceptionMapping, error_code, WebDriverException)\n                break\n        else:\n            exception_class = WebDriverException\n    \n        if not value:\n            value = response[\"value\"]\n        if isinstance(value, str):\n            raise exception_class(value)\n        if message == \"\" and \"message\" in value:\n            message = value[\"message\"]\n    \n        screen = None  # type: ignore[assignment]\n        if \"screen\" in value:\n            screen = value[\"screen\"]\n    \n        stacktrace = None\n        st_value = value.get(\"stackTrace\") or value.get(\"stacktrace\")\n        if st_value:\n            if isinstance(st_value, str):\n                stacktrace = st_value.split(\"\\n\")\n            else:\n                stacktrace = []\n                try:\n                    for frame in st_value:\n                        line = frame.get(\"lineNumber\", \"\")\n                        file = frame.get(\"fileName\", \"<anonymous>\")\n                        if line:\n                            file = f\"{file}:{line}\"\n                        meth = frame.get(\"methodName\", \"<anonymous>\")\n                        if \"className\" in frame:\n                            meth = f\"{frame['className']}.{meth}\"\n                        msg = \"    at %s (%s)\"\n                        msg = msg % (meth, file)\n                        stacktrace.append(msg)\n                except TypeError:\n                    pass\n        if exception_class == UnexpectedAlertPresentException:\n            alert_text = None\n            if \"data\" in value:\n                alert_text = value[\"data\"].get(\"text\")\n            elif \"alert\" in value:\n                alert_text = value[\"alert\"].get(\"text\")\n            raise exception_class(message, screen, stacktrace, alert_text)  # type: ignore[call-arg]  # mypy is not smart enough here\n>       raise exception_class(message, screen, stacktrace)\nE       selenium.common.exceptions.NoSuchElementException: Message: no such element: Unable to locate element: {\"method\":\"xpath\",\"selector\":\"//span[@class='css-1qfsi3d e1yof8003']\"}\nE         (Session info: chrome=136.0.7103.59); For documentation on this error, please visit: https://www.selenium.dev/documentation/webdriver/troubleshooting/errors#no-such-element-exception\nE       Stacktrace:\nE       #0 0x563677c9e78a <unknown>\nE       #1 0x5636777410a0 <unknown>\nE       #2 0x5636777929b0 <unknown>\nE       #3 0x563677792ba1 <unknown>\nE       #4 0x5636777e0ea4 <unknown>\nE       #5 0x5636777b83cd <unknown>\nE       #6 0x5636777de2a0 <unknown>\nE       #7 0x5636777b8173 <unknown>\nE       #8 0x563677784d4b <unknown>\nE       #9 0x5636777859b1 <unknown>\nE       #10 0x563677c6393b <unknown>\nE       #11 0x563677c6783a <unknown>\nE       #12 0x563677c4b692 <unknown>\nE       #13 0x563677c683c4 <unknown>\nE       #14 0x563677c304cf <unknown>\nE       #15 0x563677c8c568 <unknown>\nE       #16 0x563677c8c746 <unknown>\nE       #17 0x563677c9d5f6 <unknown>\nE       #18 0x7f8e1609caa4 <unknown>\nE       #19 0x7f8e16129c3c <unknown>\n\nvenv/lib/python3.11/site-packages/selenium/webdriver/remote/errorhandler.py:232: NoSuchElementException\n\nDuring handling of the above exception, another exception occurred:\n\ndriver = <selenium.webdriver.chrome.webdriver.WebDriver (session=\"6c967dc87c4482d47a673cb6fdc804a1\")>\ntc_id = 'TC_001', search_term = '갤럭시S25'\n\n    @allure.feature(\"UI 테스트\")\n    @allure.story(\"상품 검색 테스트\")\n    @allure.title(\"입력된 상품명으로 검색 시 검색되는지 확인\" )\n    @pytest.mark.parametrize(\"tc_id, search_term\", search_cases)\n    def test_product_search(driver, tc_id, search_term):\n        driver.get(\"https://www.kurly.com/main\")\n        time.sleep(2)\n        print(f\"\uD83D\uDD0D TC {tc_id}: '{search_term}' 검색 테스트 실행 중...\")\n        try:\n            search_box = driver.find_element(By.XPATH, \"//input[@placeholder='검색어를 입력해주세요']\")\n            time.sleep(2)\n            for _ in range(10):\n                search_box.send_keys(Keys.BACKSPACE)\n    \n            search_box.send_keys(search_term)\n            search_box.send_keys(Keys.RETURN)\n            time.sleep(2)\n    \n            product_elements = driver.find_element(By.XPATH,\"//span[@class='css-1qfsi3d e1yof8003']\")\n            assert len(product_elements) > 0, f\"❌ 검색어 '{search_term}'에 대한 검색 결과가 없음.\"\n    \n            capture_screenshot(driver, f\"{tc_id}_{search_term}\", f\"screenshot_search_term\")\n    \n        except Exception as e:\n            capture_screenshot(driver, f\"{tc_id}_{search_term}\", 'screenshots_Search')\n>           pytest.fail(f\"❌ 검색 실패: {str(e)}\")\nE           Failed: ❌ 검색 실패: Message: no such element: Unable to locate element: {\"method\":\"xpath\",\"selector\":\"//span[@class='css-1qfsi3d e1yof8003']\"}\nE             (Session info: chrome=136.0.7103.59); For documentation on this error, please visit: https://www.selenium.dev/documentation/webdriver/troubleshooting/errors#no-such-element-exception\nE           Stacktrace:\nE           #0 0x563677c9e78a <unknown>\nE           #1 0x5636777410a0 <unknown>\nE           #2 0x5636777929b0 <unknown>\nE           #3 0x563677792ba1 <unknown>\nE           #4 0x5636777e0ea4 <unknown>\nE           #5 0x5636777b83cd <unknown>\nE           #6 0x5636777de2a0 <unknown>\nE           #7 0x5636777b8173 <unknown>\nE           #8 0x563677784d4b <unknown>\nE           #9 0x5636777859b1 <unknown>\nE           #10 0x563677c6393b <unknown>\nE           #11 0x563677c6783a <unknown>\nE           #12 0x563677c4b692 <unknown>\nE           #13 0x563677c683c4 <unknown>\nE           #14 0x563677c304cf <unknown>\nE           #15 0x563677c8c568 <unknown>\nE           #16 0x563677c8c746 <unknown>\nE           #17 0x563677c9d5f6 <unknown>\nE           #18 0x7f8e1609caa4 <unknown>\nE           #19 0x7f8e16129c3c <unknown>\n\nsrc/tests/ui_tests/test_ui_search.py:37: Failed","flaky":false,"newFailed":false,"newBroken":false,"newPassed":false,"retriesCount":0,"retriesStatusChange":false,"beforeStages":[{"name":"driver","time":{"start":1746698038058,"stop":1746698038808,"duration":750},"status":"passed","steps":[],"attachments":[],"parameters":[],"shouldDisplayMessage":false,"stepsCount":0,"attachmentsCount":0,"hasContent":false,"attachmentStep":false}],"testStage":{"status":"failed","statusMessage":"Failed: ❌ 검색 실패: Message: no such element: Unable to locate element: {\"method\":\"xpath\",\"selector\":\"//span[@class='css-1qfsi3d e1yof8003']\"}\n  (Session info: chrome=136.0.7103.59); For documentation on this error, please visit: https://www.selenium.dev/documentation/webdriver/troubleshooting/errors#no-such-element-exception\nStacktrace:\n#0 0x563677c9e78a <unknown>\n#1 0x5636777410a0 <unknown>\n#2 0x5636777929b0 <unknown>\n#3 0x563677792ba1 <unknown>\n#4 0x5636777e0ea4 <unknown>\n#5 0x5636777b83cd <unknown>\n#6 0x5636777de2a0 <unknown>\n#7 0x5636777b8173 <unknown>\n#8 0x563677784d4b <unknown>\n#9 0x5636777859b1 <unknown>\n#10 0x563677c6393b <unknown>\n#11 0x563677c6783a <unknown>\n#12 0x563677c4b692 <unknown>\n#13 0x563677c683c4 <unknown>\n#14 0x563677c304cf <unknown>\n#15 0x563677c8c568 <unknown>\n#16 0x563677c8c746 <unknown>\n#17 0x563677c9d5f6 <unknown>\n#18 0x7f8e1609caa4 <unknown>\n#19 0x7f8e16129c3c <unknown>","statusTrace":"driver = <selenium.webdriver.chrome.webdriver.WebDriver (session=\"6c967dc87c4482d47a673cb6fdc804a1\")>\ntc_id = 'TC_001', search_term = '갤럭시S25'\n\n    @allure.feature(\"UI 테스트\")\n    @allure.story(\"상품 검색 테스트\")\n    @allure.title(\"입력된 상품명으로 검색 시 검색되는지 확인\" )\n    @pytest.mark.parametrize(\"tc_id, search_term\", search_cases)\n    def test_product_search(driver, tc_id, search_term):\n        driver.get(\"https://www.kurly.com/main\")\n        time.sleep(2)\n        print(f\"\uD83D\uDD0D TC {tc_id}: '{search_term}' 검색 테스트 실행 중...\")\n        try:\n            search_box = driver.find_element(By.XPATH, \"//input[@placeholder='검색어를 입력해주세요']\")\n            time.sleep(2)\n            for _ in range(10):\n                search_box.send_keys(Keys.BACKSPACE)\n    \n            search_box.send_keys(search_term)\n            search_box.send_keys(Keys.RETURN)\n            time.sleep(2)\n    \n>           product_elements = driver.find_element(By.XPATH,\"//span[@class='css-1qfsi3d e1yof8003']\")\n\nsrc/tests/ui_tests/test_ui_search.py:30: \n_ _ _ _ _ _ _ _ _ _ _ _ _ _ _ _ _ _ _ _ _ _ _ _ _ _ _ _ _ _ _ _ _ _ _ _ _ _ _ _ \nvenv/lib/python3.11/site-packages/selenium/webdriver/remote/webdriver.py:770: in find_element\n    return self.execute(Command.FIND_ELEMENT, {\"using\": by, \"value\": value})[\"value\"]\nvenv/lib/python3.11/site-packages/selenium/webdriver/remote/webdriver.py:384: in execute\n    self.error_handler.check_response(response)\n_ _ _ _ _ _ _ _ _ _ _ _ _ _ _ _ _ _ _ _ _ _ _ _ _ _ _ _ _ _ _ _ _ _ _ _ _ _ _ _ \n\nself = <selenium.webdriver.remote.errorhandler.ErrorHandler object at 0x7f646a02e350>\nresponse = {'status': 404, 'value': '{\"value\":{\"error\":\"no such element\",\"message\":\"no such element: Unable to locate element: {\\...\\\\n#17 0x563677c9d5f6 \\\\u003Cunknown>\\\\n#18 0x7f8e1609caa4 \\\\u003Cunknown>\\\\n#19 0x7f8e16129c3c \\\\u003Cunknown>\\\\n\"}}'}\n\n    def check_response(self, response: Dict[str, Any]) -> None:\n        \"\"\"Checks that a JSON response from the WebDriver does not have an\n        error.\n    \n        :Args:\n         - response - The JSON response from the WebDriver server as a dictionary\n           object.\n    \n        :Raises: If the response contains an error message.\n        \"\"\"\n        status = response.get(\"status\", None)\n        if not status or status == ErrorCode.SUCCESS:\n            return\n        value = None\n        message = response.get(\"message\", \"\")\n        screen: str = response.get(\"screen\", \"\")\n        stacktrace = None\n        if isinstance(status, int):\n            value_json = response.get(\"value\", None)\n            if value_json and isinstance(value_json, str):\n                import json\n    \n                try:\n                    value = json.loads(value_json)\n                    if len(value) == 1:\n                        value = value[\"value\"]\n                    status = value.get(\"error\", None)\n                    if not status:\n                        status = value.get(\"status\", ErrorCode.UNKNOWN_ERROR)\n                        message = value.get(\"value\") or value.get(\"message\")\n                        if not isinstance(message, str):\n                            value = message\n                            message = message.get(\"message\")\n                    else:\n                        message = value.get(\"message\", None)\n                except ValueError:\n                    pass\n    \n        exception_class: Type[WebDriverException]\n        e = ErrorCode()\n        error_codes = [item for item in dir(e) if not item.startswith(\"__\")]\n        for error_code in error_codes:\n            error_info = getattr(ErrorCode, error_code)\n            if isinstance(error_info, list) and status in error_info:\n                exception_class = getattr(ExceptionMapping, error_code, WebDriverException)\n                break\n        else:\n            exception_class = WebDriverException\n    \n        if not value:\n            value = response[\"value\"]\n        if isinstance(value, str):\n            raise exception_class(value)\n        if message == \"\" and \"message\" in value:\n            message = value[\"message\"]\n    \n        screen = None  # type: ignore[assignment]\n        if \"screen\" in value:\n            screen = value[\"screen\"]\n    \n        stacktrace = None\n        st_value = value.get(\"stackTrace\") or value.get(\"stacktrace\")\n        if st_value:\n            if isinstance(st_value, str):\n                stacktrace = st_value.split(\"\\n\")\n            else:\n                stacktrace = []\n                try:\n                    for frame in st_value:\n                        line = frame.get(\"lineNumber\", \"\")\n                        file = frame.get(\"fileName\", \"<anonymous>\")\n                        if line:\n                            file = f\"{file}:{line}\"\n                        meth = frame.get(\"methodName\", \"<anonymous>\")\n                        if \"className\" in frame:\n                            meth = f\"{frame['className']}.{meth}\"\n                        msg = \"    at %s (%s)\"\n                        msg = msg % (meth, file)\n                        stacktrace.append(msg)\n                except TypeError:\n                    pass\n        if exception_class == UnexpectedAlertPresentException:\n            alert_text = None\n            if \"data\" in value:\n                alert_text = value[\"data\"].get(\"text\")\n            elif \"alert\" in value:\n                alert_text = value[\"alert\"].get(\"text\")\n            raise exception_class(message, screen, stacktrace, alert_text)  # type: ignore[call-arg]  # mypy is not smart enough here\n>       raise exception_class(message, screen, stacktrace)\nE       selenium.common.exceptions.NoSuchElementException: Message: no such element: Unable to locate element: {\"method\":\"xpath\",\"selector\":\"//span[@class='css-1qfsi3d e1yof8003']\"}\nE         (Session info: chrome=136.0.7103.59); For documentation on this error, please visit: https://www.selenium.dev/documentation/webdriver/troubleshooting/errors#no-such-element-exception\nE       Stacktrace:\nE       #0 0x563677c9e78a <unknown>\nE       #1 0x5636777410a0 <unknown>\nE       #2 0x5636777929b0 <unknown>\nE       #3 0x563677792ba1 <unknown>\nE       #4 0x5636777e0ea4 <unknown>\nE       #5 0x5636777b83cd <unknown>\nE       #6 0x5636777de2a0 <unknown>\nE       #7 0x5636777b8173 <unknown>\nE       #8 0x563677784d4b <unknown>\nE       #9 0x5636777859b1 <unknown>\nE       #10 0x563677c6393b <unknown>\nE       #11 0x563677c6783a <unknown>\nE       #12 0x563677c4b692 <unknown>\nE       #13 0x563677c683c4 <unknown>\nE       #14 0x563677c304cf <unknown>\nE       #15 0x563677c8c568 <unknown>\nE       #16 0x563677c8c746 <unknown>\nE       #17 0x563677c9d5f6 <unknown>\nE       #18 0x7f8e1609caa4 <unknown>\nE       #19 0x7f8e16129c3c <unknown>\n\nvenv/lib/python3.11/site-packages/selenium/webdriver/remote/errorhandler.py:232: NoSuchElementException\n\nDuring handling of the above exception, another exception occurred:\n\ndriver = <selenium.webdriver.chrome.webdriver.WebDriver (session=\"6c967dc87c4482d47a673cb6fdc804a1\")>\ntc_id = 'TC_001', search_term = '갤럭시S25'\n\n    @allure.feature(\"UI 테스트\")\n    @allure.story(\"상품 검색 테스트\")\n    @allure.title(\"입력된 상품명으로 검색 시 검색되는지 확인\" )\n    @pytest.mark.parametrize(\"tc_id, search_term\", search_cases)\n    def test_product_search(driver, tc_id, search_term):\n        driver.get(\"https://www.kurly.com/main\")\n        time.sleep(2)\n        print(f\"\uD83D\uDD0D TC {tc_id}: '{search_term}' 검색 테스트 실행 중...\")\n        try:\n            search_box = driver.find_element(By.XPATH, \"//input[@placeholder='검색어를 입력해주세요']\")\n            time.sleep(2)\n            for _ in range(10):\n                search_box.send_keys(Keys.BACKSPACE)\n    \n            search_box.send_keys(search_term)\n            search_box.send_keys(Keys.RETURN)\n            time.sleep(2)\n    \n            product_elements = driver.find_element(By.XPATH,\"//span[@class='css-1qfsi3d e1yof8003']\")\n            assert len(product_elements) > 0, f\"❌ 검색어 '{search_term}'에 대한 검색 결과가 없음.\"\n    \n            capture_screenshot(driver, f\"{tc_id}_{search_term}\", f\"screenshot_search_term\")\n    \n        except Exception as e:\n            capture_screenshot(driver, f\"{tc_id}_{search_term}\", 'screenshots_Search')\n>           pytest.fail(f\"❌ 검색 실패: {str(e)}\")\nE           Failed: ❌ 검색 실패: Message: no such element: Unable to locate element: {\"method\":\"xpath\",\"selector\":\"//span[@class='css-1qfsi3d e1yof8003']\"}\nE             (Session info: chrome=136.0.7103.59); For documentation on this error, please visit: https://www.selenium.dev/documentation/webdriver/troubleshooting/errors#no-such-element-exception\nE           Stacktrace:\nE           #0 0x563677c9e78a <unknown>\nE           #1 0x5636777410a0 <unknown>\nE           #2 0x5636777929b0 <unknown>\nE           #3 0x563677792ba1 <unknown>\nE           #4 0x5636777e0ea4 <unknown>\nE           #5 0x5636777b83cd <unknown>\nE           #6 0x5636777de2a0 <unknown>\nE           #7 0x5636777b8173 <unknown>\nE           #8 0x563677784d4b <unknown>\nE           #9 0x5636777859b1 <unknown>\nE           #10 0x563677c6393b <unknown>\nE           #11 0x563677c6783a <unknown>\nE           #12 0x563677c4b692 <unknown>\nE           #13 0x563677c683c4 <unknown>\nE           #14 0x563677c304cf <unknown>\nE           #15 0x563677c8c568 <unknown>\nE           #16 0x563677c8c746 <unknown>\nE           #17 0x563677c9d5f6 <unknown>\nE           #18 0x7f8e1609caa4 <unknown>\nE           #19 0x7f8e16129c3c <unknown>\n\nsrc/tests/ui_tests/test_ui_search.py:37: Failed","steps":[],"attachments":[{"uid":"b9a304f4289bd50","name":"Failure Screenshot","source":"b9a304f4289bd50.png","type":"image/png","size":216467},{"uid":"e6a045adec31050","name":"stdout","source":"e6a045adec31050.txt","type":"text/plain","size":154}],"parameters":[],"shouldDisplayMessage":true,"stepsCount":0,"attachmentsCount":2,"hasContent":true,"attachmentStep":false},"afterStages":[{"name":"driver::0","time":{"start":1746698077389,"stop":1746698077465,"duration":76},"status":"passed","steps":[],"attachments":[],"parameters":[],"shouldDisplayMessage":false,"stepsCount":0,"attachmentsCount":0,"hasContent":false,"attachmentStep":false}],"labels":[{"name":"story","value":"상품 검색 테스트"},{"name":"feature","value":"UI 테스트"},{"name":"parentSuite","value":"src.tests.ui_tests"},{"name":"suite","value":"test_ui_search"},{"name":"host","value":"fv-az2219-832"},{"name":"thread","value":"2593-MainThread"},{"name":"framework","value":"pytest"},{"name":"language","value":"cpython3"},{"name":"package","value":"src.tests.ui_tests.test_ui_search"},{"name":"resultFormat","value":"allure2"}],"parameters":[{"name":"search_term","value":"'갤럭시S25'"},{"name":"tc_id","value":"'TC_001'"}],"links":[],"hidden":false,"retry":false,"extra":{"severity":"normal","retries":[],"categories":[{"name":"Product defects","matchedStatuses":[],"flaky":false}],"tags":[]},"source":"8db15fbeeff070f1.json","parameterValues":["'갤럭시S25'","'TC_001'"]}