{"uid":"95a1d72228e65942","name":"존재하지 않는 상품 검색 시, 결과 없음 메시지 확인","fullName":"src.tests.ui_tests.test_invalied_search#test_search_invalid_product","historyId":"8a73c4c5e9ebde1734f58ebd81cbc70e","time":{"start":1755504391299,"stop":1755504397454,"duration":6155},"status":"failed","statusMessage":"Failed: ❌ 결과 메시지 미노출 또는 실패: assert False\n +  where False = is_displayed()\n +    where is_displayed = <selenium.webdriver.remote.webelement.WebElement (session=\"1784e0c5ff978456e5f7081ad386c4d3\", element=\"f.1373786A1DA7B2EAD3B55F8690AF4642.d.9DF887F3D67196901F80EB3FFE7B1FD8.e.74\")>.is_displayed","statusTrace":"driver = <selenium.webdriver.chrome.webdriver.WebDriver (session=\"1784e0c5ff978456e5f7081ad386c4d3\")>\n\n    @allure.feature(\"UI 테스트\")\n    @allure.story(\"검색 실패 케이스\")\n    @allure.title(\"존재하지 않는 상품 검색 시, 결과 없음 메시지 확인\")\n    def test_search_invalid_product(driver):\n        driver.get(\"https://www.kurly.com/main\")\n        driver.maximize_window()\n    \n        try:\n            search_box = driver.find_element(By.XPATH, \"//input[@placeholder='검색어를 입력해주세요']\")\n            search_box.send_keys(\"ㅁㄴㅇㄹ\")\n            search_box.send_keys(Keys.RETURN)\n            time.sleep(4)\n        except Exception as e:\n            capture_screenshot(driver, \"검색 실행 실패\", \"search_box_error\")\n            pytest.fail(f\"❌ 검색 입력 중 오류: {str(e)}\")\n    \n        try:\n            error_msg = driver.find_element(By.XPATH,\"//div[@class='css-1d3w5wq e1oh2pka6']\")\n>           assert error_msg.is_displayed()\nE           assert False\nE            +  where False = is_displayed()\nE            +    where is_displayed = <selenium.webdriver.remote.webelement.WebElement (session=\"1784e0c5ff978456e5f7081ad386c4d3\", element=\"f.1373786A1DA7B2EAD3B55F8690AF4642.d.9DF887F3D67196901F80EB3FFE7B1FD8.e.74\")>.is_displayed\n\nsrc/tests/ui_tests/test_invalied_search.py:26: AssertionError\n\nDuring handling of the above exception, another exception occurred:\n\ndriver = <selenium.webdriver.chrome.webdriver.WebDriver (session=\"1784e0c5ff978456e5f7081ad386c4d3\")>\n\n    @allure.feature(\"UI 테스트\")\n    @allure.story(\"검색 실패 케이스\")\n    @allure.title(\"존재하지 않는 상품 검색 시, 결과 없음 메시지 확인\")\n    def test_search_invalid_product(driver):\n        driver.get(\"https://www.kurly.com/main\")\n        driver.maximize_window()\n    \n        try:\n            search_box = driver.find_element(By.XPATH, \"//input[@placeholder='검색어를 입력해주세요']\")\n            search_box.send_keys(\"ㅁㄴㅇㄹ\")\n            search_box.send_keys(Keys.RETURN)\n            time.sleep(4)\n        except Exception as e:\n            capture_screenshot(driver, \"검색 실행 실패\", \"search_box_error\")\n            pytest.fail(f\"❌ 검색 입력 중 오류: {str(e)}\")\n    \n        try:\n            error_msg = driver.find_element(By.XPATH,\"//div[@class='css-1d3w5wq e1oh2pka6']\")\n            assert error_msg.is_displayed()\n        except Exception as e:\n            capture_screenshot(driver, \"결과 메시지 확인 실패\", \"no_result_msg_error\")\n>           pytest.fail(f\"❌ 결과 메시지 미노출 또는 실패: {str(e)}\")\nE           Failed: ❌ 결과 메시지 미노출 또는 실패: assert False\nE            +  where False = is_displayed()\nE            +    where is_displayed = <selenium.webdriver.remote.webelement.WebElement (session=\"1784e0c5ff978456e5f7081ad386c4d3\", element=\"f.1373786A1DA7B2EAD3B55F8690AF4642.d.9DF887F3D67196901F80EB3FFE7B1FD8.e.74\")>.is_displayed\n\nsrc/tests/ui_tests/test_invalied_search.py:29: Failed","flaky":false,"newFailed":false,"newBroken":false,"newPassed":false,"retriesCount":0,"retriesStatusChange":false,"beforeStages":[{"name":"driver","time":{"start":1755504390279,"stop":1755504391299,"duration":1020},"status":"passed","steps":[],"attachments":[],"parameters":[],"shouldDisplayMessage":false,"stepsCount":0,"attachmentsCount":0,"hasContent":false,"attachmentStep":false}],"testStage":{"status":"failed","statusMessage":"Failed: ❌ 결과 메시지 미노출 또는 실패: assert False\n +  where False = is_displayed()\n +    where is_displayed = <selenium.webdriver.remote.webelement.WebElement (session=\"1784e0c5ff978456e5f7081ad386c4d3\", element=\"f.1373786A1DA7B2EAD3B55F8690AF4642.d.9DF887F3D67196901F80EB3FFE7B1FD8.e.74\")>.is_displayed","statusTrace":"driver = <selenium.webdriver.chrome.webdriver.WebDriver (session=\"1784e0c5ff978456e5f7081ad386c4d3\")>\n\n    @allure.feature(\"UI 테스트\")\n    @allure.story(\"검색 실패 케이스\")\n    @allure.title(\"존재하지 않는 상품 검색 시, 결과 없음 메시지 확인\")\n    def test_search_invalid_product(driver):\n        driver.get(\"https://www.kurly.com/main\")\n        driver.maximize_window()\n    \n        try:\n            search_box = driver.find_element(By.XPATH, \"//input[@placeholder='검색어를 입력해주세요']\")\n            search_box.send_keys(\"ㅁㄴㅇㄹ\")\n            search_box.send_keys(Keys.RETURN)\n            time.sleep(4)\n        except Exception as e:\n            capture_screenshot(driver, \"검색 실행 실패\", \"search_box_error\")\n            pytest.fail(f\"❌ 검색 입력 중 오류: {str(e)}\")\n    \n        try:\n            error_msg = driver.find_element(By.XPATH,\"//div[@class='css-1d3w5wq e1oh2pka6']\")\n>           assert error_msg.is_displayed()\nE           assert False\nE            +  where False = is_displayed()\nE            +    where is_displayed = <selenium.webdriver.remote.webelement.WebElement (session=\"1784e0c5ff978456e5f7081ad386c4d3\", element=\"f.1373786A1DA7B2EAD3B55F8690AF4642.d.9DF887F3D67196901F80EB3FFE7B1FD8.e.74\")>.is_displayed\n\nsrc/tests/ui_tests/test_invalied_search.py:26: AssertionError\n\nDuring handling of the above exception, another exception occurred:\n\ndriver = <selenium.webdriver.chrome.webdriver.WebDriver (session=\"1784e0c5ff978456e5f7081ad386c4d3\")>\n\n    @allure.feature(\"UI 테스트\")\n    @allure.story(\"검색 실패 케이스\")\n    @allure.title(\"존재하지 않는 상품 검색 시, 결과 없음 메시지 확인\")\n    def test_search_invalid_product(driver):\n        driver.get(\"https://www.kurly.com/main\")\n        driver.maximize_window()\n    \n        try:\n            search_box = driver.find_element(By.XPATH, \"//input[@placeholder='검색어를 입력해주세요']\")\n            search_box.send_keys(\"ㅁㄴㅇㄹ\")\n            search_box.send_keys(Keys.RETURN)\n            time.sleep(4)\n        except Exception as e:\n            capture_screenshot(driver, \"검색 실행 실패\", \"search_box_error\")\n            pytest.fail(f\"❌ 검색 입력 중 오류: {str(e)}\")\n    \n        try:\n            error_msg = driver.find_element(By.XPATH,\"//div[@class='css-1d3w5wq e1oh2pka6']\")\n            assert error_msg.is_displayed()\n        except Exception as e:\n            capture_screenshot(driver, \"결과 메시지 확인 실패\", \"no_result_msg_error\")\n>           pytest.fail(f\"❌ 결과 메시지 미노출 또는 실패: {str(e)}\")\nE           Failed: ❌ 결과 메시지 미노출 또는 실패: assert False\nE            +  where False = is_displayed()\nE            +    where is_displayed = <selenium.webdriver.remote.webelement.WebElement (session=\"1784e0c5ff978456e5f7081ad386c4d3\", element=\"f.1373786A1DA7B2EAD3B55F8690AF4642.d.9DF887F3D67196901F80EB3FFE7B1FD8.e.74\")>.is_displayed\n\nsrc/tests/ui_tests/test_invalied_search.py:29: Failed","steps":[],"attachments":[{"uid":"b8750c57e8f1cc8f","name":"Failure Screenshot","source":"b8750c57e8f1cc8f.png","type":"image/png","size":23628},{"uid":"e02e44e0ae071cdc","name":"stdout","source":"e02e44e0ae071cdc.txt","type":"text/plain","size":104}],"parameters":[],"shouldDisplayMessage":true,"stepsCount":0,"attachmentsCount":2,"hasContent":true,"attachmentStep":false},"afterStages":[{"name":"driver::0","time":{"start":1755504397503,"stop":1755504397568,"duration":65},"status":"passed","steps":[],"attachments":[],"parameters":[],"shouldDisplayMessage":false,"stepsCount":0,"attachmentsCount":0,"hasContent":false,"attachmentStep":false}],"labels":[{"name":"feature","value":"UI 테스트"},{"name":"story","value":"검색 실패 케이스"},{"name":"parentSuite","value":"src.tests.ui_tests"},{"name":"suite","value":"test_invalied_search"},{"name":"host","value":"pkrvmubgrv54qmi"},{"name":"thread","value":"2706-MainThread"},{"name":"framework","value":"pytest"},{"name":"language","value":"cpython3"},{"name":"package","value":"src.tests.ui_tests.test_invalied_search"},{"name":"resultFormat","value":"allure2"}],"parameters":[],"links":[],"hidden":false,"retry":false,"extra":{"severity":"normal","retries":[],"categories":[{"name":"Product defects","matchedStatuses":[],"flaky":false}],"tags":[]},"source":"95a1d72228e65942.json","parameterValues":[]}