{"uid":"9707c748d336a64c","name":"로그인 후 상품 추가하고 상품이 장바구니에 담겨 있는지 확인","fullName":"src.tests.ui_tests.test_ui_product_add_flow#test_ui_product_add_flow","historyId":"47a9425c62c28bbafe4f074e783c3a22","time":{"start":1758067967581,"stop":1758067969372,"duration":1791},"status":"broken","statusMessage":"FileNotFoundError: [Errno 2] No such file or directory: 'screenshots/login_error.png'","statusTrace":"driver = <selenium.webdriver.chrome.webdriver.WebDriver (session=\"01bf193f3c894c5cb8c72a8f4ff14200\")>\n\n    @allure.feature(\"UI 테스트\")\n    @allure.story(\"로그인 > 상품 추가 > 추가 확인 테스트\")\n    @allure.title(\"로그인 후 상품 추가하고 상품이 장바구니에 담겨 있는지 확인\")\n    def test_ui_product_add_flow(driver):\n        driver.get(\"https://www.kurly.com/main\")\n        driver.maximize_window()\n    \n        # 로그인 단계\n        try:\n>           login_button = driver.find_element(By.XPATH, \"//a[contains(text(),'로그인')]\")\n\nsrc/tests/ui_tests/test_ui_product_add_flow.py:18: \n_ _ _ _ _ _ _ _ _ _ _ _ _ _ _ _ _ _ _ _ _ _ _ _ _ _ _ _ _ _ _ _ _ _ _ _ _ _ _ _ \nvenv/lib/python3.11/site-packages/selenium/webdriver/remote/webdriver.py:770: in find_element\n    return self.execute(Command.FIND_ELEMENT, {\"using\": by, \"value\": value})[\"value\"]\nvenv/lib/python3.11/site-packages/selenium/webdriver/remote/webdriver.py:384: in execute\n    self.error_handler.check_response(response)\n_ _ _ _ _ _ _ _ _ _ _ _ _ _ _ _ _ _ _ _ _ _ _ _ _ _ _ _ _ _ _ _ _ _ _ _ _ _ _ _ \n\nself = <selenium.webdriver.remote.errorhandler.ErrorHandler object at 0x7fa388090510>\nresponse = {'status': 404, 'value': '{\"value\":{\"error\":\"no such element\",\"message\":\"no such element: Unable to locate element: {\\...\\\\n#17 0x55ee47d03a53 \\\\u003Cunknown>\\\\n#18 0x7f2c25e9caa4 \\\\u003Cunknown>\\\\n#19 0x7f2c25f29c3c \\\\u003Cunknown>\\\\n\"}}'}\n\n    def check_response(self, response: Dict[str, Any]) -> None:\n        \"\"\"Checks that a JSON response from the WebDriver does not have an\n        error.\n    \n        :Args:\n         - response - The JSON response from the WebDriver server as a dictionary\n           object.\n    \n        :Raises: If the response contains an error message.\n        \"\"\"\n        status = response.get(\"status\", None)\n        if not status or status == ErrorCode.SUCCESS:\n            return\n        value = None\n        message = response.get(\"message\", \"\")\n        screen: str = response.get(\"screen\", \"\")\n        stacktrace = None\n        if isinstance(status, int):\n            value_json = response.get(\"value\", None)\n            if value_json and isinstance(value_json, str):\n                import json\n    \n                try:\n                    value = json.loads(value_json)\n                    if len(value) == 1:\n                        value = value[\"value\"]\n                    status = value.get(\"error\", None)\n                    if not status:\n                        status = value.get(\"status\", ErrorCode.UNKNOWN_ERROR)\n                        message = value.get(\"value\") or value.get(\"message\")\n                        if not isinstance(message, str):\n                            value = message\n                            message = message.get(\"message\")\n                    else:\n                        message = value.get(\"message\", None)\n                except ValueError:\n                    pass\n    \n        exception_class: Type[WebDriverException]\n        e = ErrorCode()\n        error_codes = [item for item in dir(e) if not item.startswith(\"__\")]\n        for error_code in error_codes:\n            error_info = getattr(ErrorCode, error_code)\n            if isinstance(error_info, list) and status in error_info:\n                exception_class = getattr(ExceptionMapping, error_code, WebDriverException)\n                break\n        else:\n            exception_class = WebDriverException\n    \n        if not value:\n            value = response[\"value\"]\n        if isinstance(value, str):\n            raise exception_class(value)\n        if message == \"\" and \"message\" in value:\n            message = value[\"message\"]\n    \n        screen = None  # type: ignore[assignment]\n        if \"screen\" in value:\n            screen = value[\"screen\"]\n    \n        stacktrace = None\n        st_value = value.get(\"stackTrace\") or value.get(\"stacktrace\")\n        if st_value:\n            if isinstance(st_value, str):\n                stacktrace = st_value.split(\"\\n\")\n            else:\n                stacktrace = []\n                try:\n                    for frame in st_value:\n                        line = frame.get(\"lineNumber\", \"\")\n                        file = frame.get(\"fileName\", \"<anonymous>\")\n                        if line:\n                            file = f\"{file}:{line}\"\n                        meth = frame.get(\"methodName\", \"<anonymous>\")\n                        if \"className\" in frame:\n                            meth = f\"{frame['className']}.{meth}\"\n                        msg = \"    at %s (%s)\"\n                        msg = msg % (meth, file)\n                        stacktrace.append(msg)\n                except TypeError:\n                    pass\n        if exception_class == UnexpectedAlertPresentException:\n            alert_text = None\n            if \"data\" in value:\n                alert_text = value[\"data\"].get(\"text\")\n            elif \"alert\" in value:\n                alert_text = value[\"alert\"].get(\"text\")\n            raise exception_class(message, screen, stacktrace, alert_text)  # type: ignore[call-arg]  # mypy is not smart enough here\n>       raise exception_class(message, screen, stacktrace)\nE       selenium.common.exceptions.NoSuchElementException: Message: no such element: Unable to locate element: {\"method\":\"xpath\",\"selector\":\"//a[contains(text(),'로그인')]\"}\nE         (Session info: chrome=140.0.7339.80); For documentation on this error, please visit: https://www.selenium.dev/documentation/webdriver/troubleshooting/errors#no-such-element-exception\nE       Stacktrace:\nE       #0 0x55ee47d0494a <unknown>\nE       #1 0x55ee477798a0 <unknown>\nE       #2 0x55ee477cb540 <unknown>\nE       #3 0x55ee477cb731 <unknown>\nE       #4 0x55ee47819824 <unknown>\nE       #5 0x55ee477f105d <unknown>\nE       #6 0x55ee47816c23 <unknown>\nE       #7 0x55ee477f0e03 <unknown>\nE       #8 0x55ee477bd968 <unknown>\nE       #9 0x55ee477be5e1 <unknown>\nE       #10 0x55ee47cc8548 <unknown>\nE       #11 0x55ee47ccc272 <unknown>\nE       #12 0x55ee47caf313 <unknown>\nE       #13 0x55ee47cccdc5 <unknown>\nE       #14 0x55ee47c9449f <unknown>\nE       #15 0x55ee47cf1158 <unknown>\nE       #16 0x55ee47cf1332 <unknown>\nE       #17 0x55ee47d03a53 <unknown>\nE       #18 0x7f2c25e9caa4 <unknown>\nE       #19 0x7f2c25f29c3c <unknown>\n\nvenv/lib/python3.11/site-packages/selenium/webdriver/remote/errorhandler.py:232: NoSuchElementException\n\nDuring handling of the above exception, another exception occurred:\n\ndriver = <selenium.webdriver.chrome.webdriver.WebDriver (session=\"01bf193f3c894c5cb8c72a8f4ff14200\")>\n\n    @allure.feature(\"UI 테스트\")\n    @allure.story(\"로그인 > 상품 추가 > 추가 확인 테스트\")\n    @allure.title(\"로그인 후 상품 추가하고 상품이 장바구니에 담겨 있는지 확인\")\n    def test_ui_product_add_flow(driver):\n        driver.get(\"https://www.kurly.com/main\")\n        driver.maximize_window()\n    \n        # 로그인 단계\n        try:\n            login_button = driver.find_element(By.XPATH, \"//a[contains(text(),'로그인')]\")\n            login_button.click()\n            time.sleep(2)\n    \n            login_username_input = driver.find_element(By.XPATH, \"//input[@placeholder='아이디를 입력해주세요']\")\n            login_password_input = driver.find_element(By.XPATH, \"//input[@placeholder='비밀번호를 입력해주세요']\")\n            login_submit_button = driver.find_element(By.XPATH, \"//button[@type='submit']\")\n    \n            login_username_input.clear()\n            login_password_input.clear()\n    \n            login_username_input.send_keys('dlaaslek')\n            login_password_input.send_keys('!test132456')\n            time.sleep(3)\n            login_submit_button.click()\n            time.sleep(3)\n        except Exception as e:\n            capture_screenshot(driver, \"login_error\")\n>           allure.attach.file(\"screenshots/login_error.png\", name=\"로그인 실패\", attachment_type=allure.attachment_type.PNG)\n\nsrc/tests/ui_tests/test_ui_product_add_flow.py:36: \n_ _ _ _ _ _ _ _ _ _ _ _ _ _ _ _ _ _ _ _ _ _ _ _ _ _ _ _ _ _ _ _ _ _ _ _ _ _ _ _ \nvenv/lib/python3.11/site-packages/allure_commons/_allure.py:213: in file\n    plugin_manager.hook.attach_file(source=source, name=name, attachment_type=attachment_type, extension=extension)\nvenv/lib/python3.11/site-packages/pluggy/_hooks.py:513: in __call__\n    return self._hookexec(self.name, self._hookimpls.copy(), kwargs, firstresult)\nvenv/lib/python3.11/site-packages/pluggy/_manager.py:120: in _hookexec\n    return self._inner_hookexec(hook_name, methods, kwargs, firstresult)\nvenv/lib/python3.11/site-packages/allure_pytest/listener.py:258: in attach_file\n    self.allure_logger.attach_file(uuid4(), source, name=name, attachment_type=attachment_type, extension=extension)\nvenv/lib/python3.11/site-packages/allure_commons/reporter.py:160: in attach_file\n    plugin_manager.hook.report_attached_file(source=source, file_name=file_name)\nvenv/lib/python3.11/site-packages/pluggy/_hooks.py:513: in __call__\n    return self._hookexec(self.name, self._hookimpls.copy(), kwargs, firstresult)\nvenv/lib/python3.11/site-packages/pluggy/_manager.py:120: in _hookexec\n    return self._inner_hookexec(hook_name, methods, kwargs, firstresult)\nvenv/lib/python3.11/site-packages/allure_commons/logger.py:39: in report_attached_file\n    shutil.copy2(source, destination)\n/opt/hostedtoolcache/Python/3.11.13/x64/lib/python3.11/shutil.py:448: in copy2\n    copyfile(src, dst, follow_symlinks=follow_symlinks)\n_ _ _ _ _ _ _ _ _ _ _ _ _ _ _ _ _ _ _ _ _ _ _ _ _ _ _ _ _ _ _ _ _ _ _ _ _ _ _ _ \n\nsrc = 'screenshots/login_error.png'\ndst = PosixPath('/home/runner/work/QATEST/QATEST/allure-results/a85847f0-4e73-4ae3-8a00-7f7f82134f4c-attachment.png')\n\n    def copyfile(src, dst, *, follow_symlinks=True):\n        \"\"\"Copy data from src to dst in the most efficient way possible.\n    \n        If follow_symlinks is not set and src is a symbolic link, a new\n        symlink will be created instead of copying the file it points to.\n    \n        \"\"\"\n        sys.audit(\"shutil.copyfile\", src, dst)\n    \n        if _samefile(src, dst):\n            raise SameFileError(\"{!r} and {!r} are the same file\".format(src, dst))\n    \n        file_size = 0\n        for i, fn in enumerate([src, dst]):\n            try:\n                st = _stat(fn)\n            except OSError:\n                # File most likely does not exist\n                pass\n            else:\n                # XXX What about other special files? (sockets, devices...)\n                if stat.S_ISFIFO(st.st_mode):\n                    fn = fn.path if isinstance(fn, os.DirEntry) else fn\n                    raise SpecialFileError(\"`%s` is a named pipe\" % fn)\n                if _WINDOWS and i == 0:\n                    file_size = st.st_size\n    \n        if not follow_symlinks and _islink(src):\n            os.symlink(os.readlink(src), dst)\n        else:\n>           with open(src, 'rb') as fsrc:\nE           FileNotFoundError: [Errno 2] No such file or directory: 'screenshots/login_error.png'\n\n/opt/hostedtoolcache/Python/3.11.13/x64/lib/python3.11/shutil.py:256: FileNotFoundError","flaky":false,"newFailed":false,"newBroken":false,"newPassed":false,"retriesCount":0,"retriesStatusChange":false,"beforeStages":[{"name":"driver","time":{"start":1758067967019,"stop":1758067967580,"duration":561},"status":"passed","steps":[],"attachments":[],"parameters":[],"shouldDisplayMessage":false,"stepsCount":0,"attachmentsCount":0,"hasContent":false,"attachmentStep":false}],"testStage":{"status":"broken","statusMessage":"FileNotFoundError: [Errno 2] No such file or directory: 'screenshots/login_error.png'","statusTrace":"driver = <selenium.webdriver.chrome.webdriver.WebDriver (session=\"01bf193f3c894c5cb8c72a8f4ff14200\")>\n\n    @allure.feature(\"UI 테스트\")\n    @allure.story(\"로그인 > 상품 추가 > 추가 확인 테스트\")\n    @allure.title(\"로그인 후 상품 추가하고 상품이 장바구니에 담겨 있는지 확인\")\n    def test_ui_product_add_flow(driver):\n        driver.get(\"https://www.kurly.com/main\")\n        driver.maximize_window()\n    \n        # 로그인 단계\n        try:\n>           login_button = driver.find_element(By.XPATH, \"//a[contains(text(),'로그인')]\")\n\nsrc/tests/ui_tests/test_ui_product_add_flow.py:18: \n_ _ _ _ _ _ _ _ _ _ _ _ _ _ _ _ _ _ _ _ _ _ _ _ _ _ _ _ _ _ _ _ _ _ _ _ _ _ _ _ \nvenv/lib/python3.11/site-packages/selenium/webdriver/remote/webdriver.py:770: in find_element\n    return self.execute(Command.FIND_ELEMENT, {\"using\": by, \"value\": value})[\"value\"]\nvenv/lib/python3.11/site-packages/selenium/webdriver/remote/webdriver.py:384: in execute\n    self.error_handler.check_response(response)\n_ _ _ _ _ _ _ _ _ _ _ _ _ _ _ _ _ _ _ _ _ _ _ _ _ _ _ _ _ _ _ _ _ _ _ _ _ _ _ _ \n\nself = <selenium.webdriver.remote.errorhandler.ErrorHandler object at 0x7fa388090510>\nresponse = {'status': 404, 'value': '{\"value\":{\"error\":\"no such element\",\"message\":\"no such element: Unable to locate element: {\\...\\\\n#17 0x55ee47d03a53 \\\\u003Cunknown>\\\\n#18 0x7f2c25e9caa4 \\\\u003Cunknown>\\\\n#19 0x7f2c25f29c3c \\\\u003Cunknown>\\\\n\"}}'}\n\n    def check_response(self, response: Dict[str, Any]) -> None:\n        \"\"\"Checks that a JSON response from the WebDriver does not have an\n        error.\n    \n        :Args:\n         - response - The JSON response from the WebDriver server as a dictionary\n           object.\n    \n        :Raises: If the response contains an error message.\n        \"\"\"\n        status = response.get(\"status\", None)\n        if not status or status == ErrorCode.SUCCESS:\n            return\n        value = None\n        message = response.get(\"message\", \"\")\n        screen: str = response.get(\"screen\", \"\")\n        stacktrace = None\n        if isinstance(status, int):\n            value_json = response.get(\"value\", None)\n            if value_json and isinstance(value_json, str):\n                import json\n    \n                try:\n                    value = json.loads(value_json)\n                    if len(value) == 1:\n                        value = value[\"value\"]\n                    status = value.get(\"error\", None)\n                    if not status:\n                        status = value.get(\"status\", ErrorCode.UNKNOWN_ERROR)\n                        message = value.get(\"value\") or value.get(\"message\")\n                        if not isinstance(message, str):\n                            value = message\n                            message = message.get(\"message\")\n                    else:\n                        message = value.get(\"message\", None)\n                except ValueError:\n                    pass\n    \n        exception_class: Type[WebDriverException]\n        e = ErrorCode()\n        error_codes = [item for item in dir(e) if not item.startswith(\"__\")]\n        for error_code in error_codes:\n            error_info = getattr(ErrorCode, error_code)\n            if isinstance(error_info, list) and status in error_info:\n                exception_class = getattr(ExceptionMapping, error_code, WebDriverException)\n                break\n        else:\n            exception_class = WebDriverException\n    \n        if not value:\n            value = response[\"value\"]\n        if isinstance(value, str):\n            raise exception_class(value)\n        if message == \"\" and \"message\" in value:\n            message = value[\"message\"]\n    \n        screen = None  # type: ignore[assignment]\n        if \"screen\" in value:\n            screen = value[\"screen\"]\n    \n        stacktrace = None\n        st_value = value.get(\"stackTrace\") or value.get(\"stacktrace\")\n        if st_value:\n            if isinstance(st_value, str):\n                stacktrace = st_value.split(\"\\n\")\n            else:\n                stacktrace = []\n                try:\n                    for frame in st_value:\n                        line = frame.get(\"lineNumber\", \"\")\n                        file = frame.get(\"fileName\", \"<anonymous>\")\n                        if line:\n                            file = f\"{file}:{line}\"\n                        meth = frame.get(\"methodName\", \"<anonymous>\")\n                        if \"className\" in frame:\n                            meth = f\"{frame['className']}.{meth}\"\n                        msg = \"    at %s (%s)\"\n                        msg = msg % (meth, file)\n                        stacktrace.append(msg)\n                except TypeError:\n                    pass\n        if exception_class == UnexpectedAlertPresentException:\n            alert_text = None\n            if \"data\" in value:\n                alert_text = value[\"data\"].get(\"text\")\n            elif \"alert\" in value:\n                alert_text = value[\"alert\"].get(\"text\")\n            raise exception_class(message, screen, stacktrace, alert_text)  # type: ignore[call-arg]  # mypy is not smart enough here\n>       raise exception_class(message, screen, stacktrace)\nE       selenium.common.exceptions.NoSuchElementException: Message: no such element: Unable to locate element: {\"method\":\"xpath\",\"selector\":\"//a[contains(text(),'로그인')]\"}\nE         (Session info: chrome=140.0.7339.80); For documentation on this error, please visit: https://www.selenium.dev/documentation/webdriver/troubleshooting/errors#no-such-element-exception\nE       Stacktrace:\nE       #0 0x55ee47d0494a <unknown>\nE       #1 0x55ee477798a0 <unknown>\nE       #2 0x55ee477cb540 <unknown>\nE       #3 0x55ee477cb731 <unknown>\nE       #4 0x55ee47819824 <unknown>\nE       #5 0x55ee477f105d <unknown>\nE       #6 0x55ee47816c23 <unknown>\nE       #7 0x55ee477f0e03 <unknown>\nE       #8 0x55ee477bd968 <unknown>\nE       #9 0x55ee477be5e1 <unknown>\nE       #10 0x55ee47cc8548 <unknown>\nE       #11 0x55ee47ccc272 <unknown>\nE       #12 0x55ee47caf313 <unknown>\nE       #13 0x55ee47cccdc5 <unknown>\nE       #14 0x55ee47c9449f <unknown>\nE       #15 0x55ee47cf1158 <unknown>\nE       #16 0x55ee47cf1332 <unknown>\nE       #17 0x55ee47d03a53 <unknown>\nE       #18 0x7f2c25e9caa4 <unknown>\nE       #19 0x7f2c25f29c3c <unknown>\n\nvenv/lib/python3.11/site-packages/selenium/webdriver/remote/errorhandler.py:232: NoSuchElementException\n\nDuring handling of the above exception, another exception occurred:\n\ndriver = <selenium.webdriver.chrome.webdriver.WebDriver (session=\"01bf193f3c894c5cb8c72a8f4ff14200\")>\n\n    @allure.feature(\"UI 테스트\")\n    @allure.story(\"로그인 > 상품 추가 > 추가 확인 테스트\")\n    @allure.title(\"로그인 후 상품 추가하고 상품이 장바구니에 담겨 있는지 확인\")\n    def test_ui_product_add_flow(driver):\n        driver.get(\"https://www.kurly.com/main\")\n        driver.maximize_window()\n    \n        # 로그인 단계\n        try:\n            login_button = driver.find_element(By.XPATH, \"//a[contains(text(),'로그인')]\")\n            login_button.click()\n            time.sleep(2)\n    \n            login_username_input = driver.find_element(By.XPATH, \"//input[@placeholder='아이디를 입력해주세요']\")\n            login_password_input = driver.find_element(By.XPATH, \"//input[@placeholder='비밀번호를 입력해주세요']\")\n            login_submit_button = driver.find_element(By.XPATH, \"//button[@type='submit']\")\n    \n            login_username_input.clear()\n            login_password_input.clear()\n    \n            login_username_input.send_keys('dlaaslek')\n            login_password_input.send_keys('!test132456')\n            time.sleep(3)\n            login_submit_button.click()\n            time.sleep(3)\n        except Exception as e:\n            capture_screenshot(driver, \"login_error\")\n>           allure.attach.file(\"screenshots/login_error.png\", name=\"로그인 실패\", attachment_type=allure.attachment_type.PNG)\n\nsrc/tests/ui_tests/test_ui_product_add_flow.py:36: \n_ _ _ _ _ _ _ _ _ _ _ _ _ _ _ _ _ _ _ _ _ _ _ _ _ _ _ _ _ _ _ _ _ _ _ _ _ _ _ _ \nvenv/lib/python3.11/site-packages/allure_commons/_allure.py:213: in file\n    plugin_manager.hook.attach_file(source=source, name=name, attachment_type=attachment_type, extension=extension)\nvenv/lib/python3.11/site-packages/pluggy/_hooks.py:513: in __call__\n    return self._hookexec(self.name, self._hookimpls.copy(), kwargs, firstresult)\nvenv/lib/python3.11/site-packages/pluggy/_manager.py:120: in _hookexec\n    return self._inner_hookexec(hook_name, methods, kwargs, firstresult)\nvenv/lib/python3.11/site-packages/allure_pytest/listener.py:258: in attach_file\n    self.allure_logger.attach_file(uuid4(), source, name=name, attachment_type=attachment_type, extension=extension)\nvenv/lib/python3.11/site-packages/allure_commons/reporter.py:160: in attach_file\n    plugin_manager.hook.report_attached_file(source=source, file_name=file_name)\nvenv/lib/python3.11/site-packages/pluggy/_hooks.py:513: in __call__\n    return self._hookexec(self.name, self._hookimpls.copy(), kwargs, firstresult)\nvenv/lib/python3.11/site-packages/pluggy/_manager.py:120: in _hookexec\n    return self._inner_hookexec(hook_name, methods, kwargs, firstresult)\nvenv/lib/python3.11/site-packages/allure_commons/logger.py:39: in report_attached_file\n    shutil.copy2(source, destination)\n/opt/hostedtoolcache/Python/3.11.13/x64/lib/python3.11/shutil.py:448: in copy2\n    copyfile(src, dst, follow_symlinks=follow_symlinks)\n_ _ _ _ _ _ _ _ _ _ _ _ _ _ _ _ _ _ _ _ _ _ _ _ _ _ _ _ _ _ _ _ _ _ _ _ _ _ _ _ \n\nsrc = 'screenshots/login_error.png'\ndst = PosixPath('/home/runner/work/QATEST/QATEST/allure-results/a85847f0-4e73-4ae3-8a00-7f7f82134f4c-attachment.png')\n\n    def copyfile(src, dst, *, follow_symlinks=True):\n        \"\"\"Copy data from src to dst in the most efficient way possible.\n    \n        If follow_symlinks is not set and src is a symbolic link, a new\n        symlink will be created instead of copying the file it points to.\n    \n        \"\"\"\n        sys.audit(\"shutil.copyfile\", src, dst)\n    \n        if _samefile(src, dst):\n            raise SameFileError(\"{!r} and {!r} are the same file\".format(src, dst))\n    \n        file_size = 0\n        for i, fn in enumerate([src, dst]):\n            try:\n                st = _stat(fn)\n            except OSError:\n                # File most likely does not exist\n                pass\n            else:\n                # XXX What about other special files? (sockets, devices...)\n                if stat.S_ISFIFO(st.st_mode):\n                    fn = fn.path if isinstance(fn, os.DirEntry) else fn\n                    raise SpecialFileError(\"`%s` is a named pipe\" % fn)\n                if _WINDOWS and i == 0:\n                    file_size = st.st_size\n    \n        if not follow_symlinks and _islink(src):\n            os.symlink(os.readlink(src), dst)\n        else:\n>           with open(src, 'rb') as fsrc:\nE           FileNotFoundError: [Errno 2] No such file or directory: 'screenshots/login_error.png'\n\n/opt/hostedtoolcache/Python/3.11.13/x64/lib/python3.11/shutil.py:256: FileNotFoundError","steps":[],"attachments":[{"name":"로그인 실패","type":"image/png","size":0},{"uid":"e772dc587979f459","name":"Failure Screenshot","source":"e772dc587979f459.png","type":"image/png","size":16645},{"uid":"34c43088f45123ab","name":"stdout","source":"34c43088f45123ab.txt","type":"text/plain","size":77}],"parameters":[],"shouldDisplayMessage":true,"stepsCount":0,"attachmentsCount":3,"hasContent":true,"attachmentStep":false},"afterStages":[{"name":"driver::0","time":{"start":1758067969573,"stop":1758067969635,"duration":62},"status":"passed","steps":[],"attachments":[],"parameters":[],"shouldDisplayMessage":false,"stepsCount":0,"attachmentsCount":0,"hasContent":false,"attachmentStep":false}],"labels":[{"name":"feature","value":"UI 테스트"},{"name":"story","value":"로그인 > 상품 추가 > 추가 확인 테스트"},{"name":"parentSuite","value":"src.tests.ui_tests"},{"name":"suite","value":"test_ui_product_add_flow"},{"name":"host","value":"runnervmf4ws1"},{"name":"thread","value":"2727-MainThread"},{"name":"framework","value":"pytest"},{"name":"language","value":"cpython3"},{"name":"package","value":"src.tests.ui_tests.test_ui_product_add_flow"},{"name":"resultFormat","value":"allure2"}],"parameters":[],"links":[],"hidden":false,"retry":false,"extra":{"severity":"normal","retries":[],"categories":[{"name":"Test defects","matchedStatuses":[],"flaky":false}],"tags":[]},"source":"9707c748d336a64c.json","parameterValues":[]}