{"uid":"9aa9bd70f99cf537","name":"존재하지 않는 상품 검색 시, 결과 없음 메시지 확인","fullName":"src.tests.ui_tests.test_invalied_search#test_search_invalid_product","historyId":"8a73c4c5e9ebde1734f58ebd81cbc70e","time":{"start":1755173236699,"stop":1755173243344,"duration":6645},"status":"failed","statusMessage":"Failed: ❌ 결과 메시지 미노출 또는 실패: assert False\n +  where False = is_displayed()\n +    where is_displayed = <selenium.webdriver.remote.webelement.WebElement (session=\"209916f39b0596739b95407de7b1c83d\", element=\"f.2020EC1DA8C8D6B8CEFCE5ED3C211A76.d.48559756D7DF75F234B7A4FBA11E5F55.e.72\")>.is_displayed","statusTrace":"driver = <selenium.webdriver.chrome.webdriver.WebDriver (session=\"209916f39b0596739b95407de7b1c83d\")>\n\n    @allure.feature(\"UI 테스트\")\n    @allure.story(\"검색 실패 케이스\")\n    @allure.title(\"존재하지 않는 상품 검색 시, 결과 없음 메시지 확인\")\n    def test_search_invalid_product(driver):\n        driver.get(\"https://www.kurly.com/main\")\n        driver.maximize_window()\n    \n        try:\n            search_box = driver.find_element(By.XPATH, \"//input[@placeholder='검색어를 입력해주세요']\")\n            search_box.send_keys(\"ㅁㄴㅇㄹ\")\n            search_box.send_keys(Keys.RETURN)\n            time.sleep(4)\n        except Exception as e:\n            capture_screenshot(driver, \"검색 실행 실패\", \"search_box_error\")\n            pytest.fail(f\"❌ 검색 입력 중 오류: {str(e)}\")\n    \n        try:\n            error_msg = driver.find_element(By.XPATH,\"//div[@class='css-1d3w5wq e1oh2pka6']\")\n>           assert error_msg.is_displayed()\nE           assert False\nE            +  where False = is_displayed()\nE            +    where is_displayed = <selenium.webdriver.remote.webelement.WebElement (session=\"209916f39b0596739b95407de7b1c83d\", element=\"f.2020EC1DA8C8D6B8CEFCE5ED3C211A76.d.48559756D7DF75F234B7A4FBA11E5F55.e.72\")>.is_displayed\n\nsrc/tests/ui_tests/test_invalied_search.py:26: AssertionError\n\nDuring handling of the above exception, another exception occurred:\n\ndriver = <selenium.webdriver.chrome.webdriver.WebDriver (session=\"209916f39b0596739b95407de7b1c83d\")>\n\n    @allure.feature(\"UI 테스트\")\n    @allure.story(\"검색 실패 케이스\")\n    @allure.title(\"존재하지 않는 상품 검색 시, 결과 없음 메시지 확인\")\n    def test_search_invalid_product(driver):\n        driver.get(\"https://www.kurly.com/main\")\n        driver.maximize_window()\n    \n        try:\n            search_box = driver.find_element(By.XPATH, \"//input[@placeholder='검색어를 입력해주세요']\")\n            search_box.send_keys(\"ㅁㄴㅇㄹ\")\n            search_box.send_keys(Keys.RETURN)\n            time.sleep(4)\n        except Exception as e:\n            capture_screenshot(driver, \"검색 실행 실패\", \"search_box_error\")\n            pytest.fail(f\"❌ 검색 입력 중 오류: {str(e)}\")\n    \n        try:\n            error_msg = driver.find_element(By.XPATH,\"//div[@class='css-1d3w5wq e1oh2pka6']\")\n            assert error_msg.is_displayed()\n        except Exception as e:\n            capture_screenshot(driver, \"결과 메시지 확인 실패\", \"no_result_msg_error\")\n>           pytest.fail(f\"❌ 결과 메시지 미노출 또는 실패: {str(e)}\")\nE           Failed: ❌ 결과 메시지 미노출 또는 실패: assert False\nE            +  where False = is_displayed()\nE            +    where is_displayed = <selenium.webdriver.remote.webelement.WebElement (session=\"209916f39b0596739b95407de7b1c83d\", element=\"f.2020EC1DA8C8D6B8CEFCE5ED3C211A76.d.48559756D7DF75F234B7A4FBA11E5F55.e.72\")>.is_displayed\n\nsrc/tests/ui_tests/test_invalied_search.py:29: Failed","flaky":false,"newFailed":false,"newBroken":false,"newPassed":false,"retriesCount":0,"retriesStatusChange":false,"beforeStages":[{"name":"driver","time":{"start":1755173235954,"stop":1755173236699,"duration":745},"status":"passed","steps":[],"attachments":[],"parameters":[],"shouldDisplayMessage":false,"stepsCount":0,"attachmentsCount":0,"hasContent":false,"attachmentStep":false}],"testStage":{"status":"failed","statusMessage":"Failed: ❌ 결과 메시지 미노출 또는 실패: assert False\n +  where False = is_displayed()\n +    where is_displayed = <selenium.webdriver.remote.webelement.WebElement (session=\"209916f39b0596739b95407de7b1c83d\", element=\"f.2020EC1DA8C8D6B8CEFCE5ED3C211A76.d.48559756D7DF75F234B7A4FBA11E5F55.e.72\")>.is_displayed","statusTrace":"driver = <selenium.webdriver.chrome.webdriver.WebDriver (session=\"209916f39b0596739b95407de7b1c83d\")>\n\n    @allure.feature(\"UI 테스트\")\n    @allure.story(\"검색 실패 케이스\")\n    @allure.title(\"존재하지 않는 상품 검색 시, 결과 없음 메시지 확인\")\n    def test_search_invalid_product(driver):\n        driver.get(\"https://www.kurly.com/main\")\n        driver.maximize_window()\n    \n        try:\n            search_box = driver.find_element(By.XPATH, \"//input[@placeholder='검색어를 입력해주세요']\")\n            search_box.send_keys(\"ㅁㄴㅇㄹ\")\n            search_box.send_keys(Keys.RETURN)\n            time.sleep(4)\n        except Exception as e:\n            capture_screenshot(driver, \"검색 실행 실패\", \"search_box_error\")\n            pytest.fail(f\"❌ 검색 입력 중 오류: {str(e)}\")\n    \n        try:\n            error_msg = driver.find_element(By.XPATH,\"//div[@class='css-1d3w5wq e1oh2pka6']\")\n>           assert error_msg.is_displayed()\nE           assert False\nE            +  where False = is_displayed()\nE            +    where is_displayed = <selenium.webdriver.remote.webelement.WebElement (session=\"209916f39b0596739b95407de7b1c83d\", element=\"f.2020EC1DA8C8D6B8CEFCE5ED3C211A76.d.48559756D7DF75F234B7A4FBA11E5F55.e.72\")>.is_displayed\n\nsrc/tests/ui_tests/test_invalied_search.py:26: AssertionError\n\nDuring handling of the above exception, another exception occurred:\n\ndriver = <selenium.webdriver.chrome.webdriver.WebDriver (session=\"209916f39b0596739b95407de7b1c83d\")>\n\n    @allure.feature(\"UI 테스트\")\n    @allure.story(\"검색 실패 케이스\")\n    @allure.title(\"존재하지 않는 상품 검색 시, 결과 없음 메시지 확인\")\n    def test_search_invalid_product(driver):\n        driver.get(\"https://www.kurly.com/main\")\n        driver.maximize_window()\n    \n        try:\n            search_box = driver.find_element(By.XPATH, \"//input[@placeholder='검색어를 입력해주세요']\")\n            search_box.send_keys(\"ㅁㄴㅇㄹ\")\n            search_box.send_keys(Keys.RETURN)\n            time.sleep(4)\n        except Exception as e:\n            capture_screenshot(driver, \"검색 실행 실패\", \"search_box_error\")\n            pytest.fail(f\"❌ 검색 입력 중 오류: {str(e)}\")\n    \n        try:\n            error_msg = driver.find_element(By.XPATH,\"//div[@class='css-1d3w5wq e1oh2pka6']\")\n            assert error_msg.is_displayed()\n        except Exception as e:\n            capture_screenshot(driver, \"결과 메시지 확인 실패\", \"no_result_msg_error\")\n>           pytest.fail(f\"❌ 결과 메시지 미노출 또는 실패: {str(e)}\")\nE           Failed: ❌ 결과 메시지 미노출 또는 실패: assert False\nE            +  where False = is_displayed()\nE            +    where is_displayed = <selenium.webdriver.remote.webelement.WebElement (session=\"209916f39b0596739b95407de7b1c83d\", element=\"f.2020EC1DA8C8D6B8CEFCE5ED3C211A76.d.48559756D7DF75F234B7A4FBA11E5F55.e.72\")>.is_displayed\n\nsrc/tests/ui_tests/test_invalied_search.py:29: Failed","steps":[],"attachments":[{"uid":"3bec4b556a19cc71","name":"Failure Screenshot","source":"3bec4b556a19cc71.png","type":"image/png","size":24091},{"uid":"2771b42966c4435f","name":"stdout","source":"2771b42966c4435f.txt","type":"text/plain","size":104}],"parameters":[],"shouldDisplayMessage":true,"stepsCount":0,"attachmentsCount":2,"hasContent":true,"attachmentStep":false},"afterStages":[{"name":"driver::0","time":{"start":1755173243398,"stop":1755173243465,"duration":67},"status":"passed","steps":[],"attachments":[],"parameters":[],"shouldDisplayMessage":false,"stepsCount":0,"attachmentsCount":0,"hasContent":false,"attachmentStep":false}],"labels":[{"name":"story","value":"검색 실패 케이스"},{"name":"feature","value":"UI 테스트"},{"name":"parentSuite","value":"src.tests.ui_tests"},{"name":"suite","value":"test_invalied_search"},{"name":"host","value":"pkrvmsl9tci6h6u"},{"name":"thread","value":"2667-MainThread"},{"name":"framework","value":"pytest"},{"name":"language","value":"cpython3"},{"name":"package","value":"src.tests.ui_tests.test_invalied_search"},{"name":"resultFormat","value":"allure2"}],"parameters":[],"links":[],"hidden":false,"retry":false,"extra":{"severity":"normal","retries":[],"categories":[{"name":"Product defects","matchedStatuses":[],"flaky":false}],"tags":[]},"source":"9aa9bd70f99cf537.json","parameterValues":[]}