{"uid":"af222213595050dc","name":"수량 올리기/내리기 기능 동작 확인","fullName":"src.tests.ui_tests.test_quantity_up_down#test_quantity_up_down","historyId":"e677fa097bcea0e88e3cbb2f303caf2d","time":{"start":1746467154589,"stop":1746467160626,"duration":6037},"status":"failed","statusMessage":"Failed: ❌ 수량 조절 실패: Message: no such element: Unable to locate element: {\"method\":\"xpath\",\"selector\":\"//button[@aria-label='수량올리기']\"}\n  (Session info: chrome=136.0.7103.59); For documentation on this error, please visit: https://www.selenium.dev/documentation/webdriver/troubleshooting/errors#no-such-element-exception\nStacktrace:\n#0 0x562a9d1f97fa <unknown>\n#1 0x562a9cc9de90 <unknown>\n#2 0x562a9ccef870 <unknown>\n#3 0x562a9ccefa61 <unknown>\n#4 0x562a9cd3dcb4 <unknown>\n#5 0x562a9cd1526d <unknown>\n#6 0x562a9cd3b135 <unknown>\n#7 0x562a9cd15013 <unknown>\n#8 0x562a9cce1b3b <unknown>\n#9 0x562a9cce27a1 <unknown>\n#10 0x562a9d1beb9b <unknown>\n#11 0x562a9d1c2a8a <unknown>\n#12 0x562a9d1a6912 <unknown>\n#13 0x562a9d1c3604 <unknown>\n#14 0x562a9d18b74f <unknown>\n#15 0x562a9d1e7678 <unknown>\n#16 0x562a9d1e7856 <unknown>\n#17 0x562a9d1f8666 <unknown>\n#18 0x7fbe3489caa4 <unknown>\n#19 0x7fbe34929c3c <unknown>","statusTrace":"driver = <selenium.webdriver.chrome.webdriver.WebDriver (session=\"75700f37d2327682987c9be17beabded\")>\n\n    @allure.feature(\"UI 테스트\")\n    @allure.story(\"수량 조절\")\n    @allure.title(\"수량 올리기/내리기 기능 동작 확인\")\n    def test_quantity_up_down(driver):\n        driver.get(\"https://www.kurly.com/main\")\n        driver.maximize_window()\n    \n        search_box = driver.find_element(By.XPATH, \"//input[@placeholder='검색어를 입력해주세요']\")\n        search_box.send_keys(\"과자\")\n        search_box.send_keys(Keys.RETURN)\n        driver.implicitly_wait(3)\n    \n        try:\n>           up_btn = driver.find_element(By.XPATH, \"//button[@aria-label='수량올리기']\")\n\nsrc/tests/ui_tests/test_quantity_up_down.py:21: \n_ _ _ _ _ _ _ _ _ _ _ _ _ _ _ _ _ _ _ _ _ _ _ _ _ _ _ _ _ _ _ _ _ _ _ _ _ _ _ _ \nvenv/lib/python3.11/site-packages/selenium/webdriver/remote/webdriver.py:770: in find_element\n    return self.execute(Command.FIND_ELEMENT, {\"using\": by, \"value\": value})[\"value\"]\nvenv/lib/python3.11/site-packages/selenium/webdriver/remote/webdriver.py:384: in execute\n    self.error_handler.check_response(response)\n_ _ _ _ _ _ _ _ _ _ _ _ _ _ _ _ _ _ _ _ _ _ _ _ _ _ _ _ _ _ _ _ _ _ _ _ _ _ _ _ \n\nself = <selenium.webdriver.remote.errorhandler.ErrorHandler object at 0x7f0f5b9866d0>\nresponse = {'status': 404, 'value': '{\"value\":{\"error\":\"no such element\",\"message\":\"no such element: Unable to locate element: {\\...\\\\n#17 0x562a9d1f8666 \\\\u003Cunknown>\\\\n#18 0x7fbe3489caa4 \\\\u003Cunknown>\\\\n#19 0x7fbe34929c3c \\\\u003Cunknown>\\\\n\"}}'}\n\n    def check_response(self, response: Dict[str, Any]) -> None:\n        \"\"\"Checks that a JSON response from the WebDriver does not have an\n        error.\n    \n        :Args:\n         - response - The JSON response from the WebDriver server as a dictionary\n           object.\n    \n        :Raises: If the response contains an error message.\n        \"\"\"\n        status = response.get(\"status\", None)\n        if not status or status == ErrorCode.SUCCESS:\n            return\n        value = None\n        message = response.get(\"message\", \"\")\n        screen: str = response.get(\"screen\", \"\")\n        stacktrace = None\n        if isinstance(status, int):\n            value_json = response.get(\"value\", None)\n            if value_json and isinstance(value_json, str):\n                import json\n    \n                try:\n                    value = json.loads(value_json)\n                    if len(value) == 1:\n                        value = value[\"value\"]\n                    status = value.get(\"error\", None)\n                    if not status:\n                        status = value.get(\"status\", ErrorCode.UNKNOWN_ERROR)\n                        message = value.get(\"value\") or value.get(\"message\")\n                        if not isinstance(message, str):\n                            value = message\n                            message = message.get(\"message\")\n                    else:\n                        message = value.get(\"message\", None)\n                except ValueError:\n                    pass\n    \n        exception_class: Type[WebDriverException]\n        e = ErrorCode()\n        error_codes = [item for item in dir(e) if not item.startswith(\"__\")]\n        for error_code in error_codes:\n            error_info = getattr(ErrorCode, error_code)\n            if isinstance(error_info, list) and status in error_info:\n                exception_class = getattr(ExceptionMapping, error_code, WebDriverException)\n                break\n        else:\n            exception_class = WebDriverException\n    \n        if not value:\n            value = response[\"value\"]\n        if isinstance(value, str):\n            raise exception_class(value)\n        if message == \"\" and \"message\" in value:\n            message = value[\"message\"]\n    \n        screen = None  # type: ignore[assignment]\n        if \"screen\" in value:\n            screen = value[\"screen\"]\n    \n        stacktrace = None\n        st_value = value.get(\"stackTrace\") or value.get(\"stacktrace\")\n        if st_value:\n            if isinstance(st_value, str):\n                stacktrace = st_value.split(\"\\n\")\n            else:\n                stacktrace = []\n                try:\n                    for frame in st_value:\n                        line = frame.get(\"lineNumber\", \"\")\n                        file = frame.get(\"fileName\", \"<anonymous>\")\n                        if line:\n                            file = f\"{file}:{line}\"\n                        meth = frame.get(\"methodName\", \"<anonymous>\")\n                        if \"className\" in frame:\n                            meth = f\"{frame['className']}.{meth}\"\n                        msg = \"    at %s (%s)\"\n                        msg = msg % (meth, file)\n                        stacktrace.append(msg)\n                except TypeError:\n                    pass\n        if exception_class == UnexpectedAlertPresentException:\n            alert_text = None\n            if \"data\" in value:\n                alert_text = value[\"data\"].get(\"text\")\n            elif \"alert\" in value:\n                alert_text = value[\"alert\"].get(\"text\")\n            raise exception_class(message, screen, stacktrace, alert_text)  # type: ignore[call-arg]  # mypy is not smart enough here\n>       raise exception_class(message, screen, stacktrace)\nE       selenium.common.exceptions.NoSuchElementException: Message: no such element: Unable to locate element: {\"method\":\"xpath\",\"selector\":\"//button[@aria-label='수량올리기']\"}\nE         (Session info: chrome=136.0.7103.59); For documentation on this error, please visit: https://www.selenium.dev/documentation/webdriver/troubleshooting/errors#no-such-element-exception\nE       Stacktrace:\nE       #0 0x562a9d1f97fa <unknown>\nE       #1 0x562a9cc9de90 <unknown>\nE       #2 0x562a9ccef870 <unknown>\nE       #3 0x562a9ccefa61 <unknown>\nE       #4 0x562a9cd3dcb4 <unknown>\nE       #5 0x562a9cd1526d <unknown>\nE       #6 0x562a9cd3b135 <unknown>\nE       #7 0x562a9cd15013 <unknown>\nE       #8 0x562a9cce1b3b <unknown>\nE       #9 0x562a9cce27a1 <unknown>\nE       #10 0x562a9d1beb9b <unknown>\nE       #11 0x562a9d1c2a8a <unknown>\nE       #12 0x562a9d1a6912 <unknown>\nE       #13 0x562a9d1c3604 <unknown>\nE       #14 0x562a9d18b74f <unknown>\nE       #15 0x562a9d1e7678 <unknown>\nE       #16 0x562a9d1e7856 <unknown>\nE       #17 0x562a9d1f8666 <unknown>\nE       #18 0x7fbe3489caa4 <unknown>\nE       #19 0x7fbe34929c3c <unknown>\n\nvenv/lib/python3.11/site-packages/selenium/webdriver/remote/errorhandler.py:232: NoSuchElementException\n\nDuring handling of the above exception, another exception occurred:\n\ndriver = <selenium.webdriver.chrome.webdriver.WebDriver (session=\"75700f37d2327682987c9be17beabded\")>\n\n    @allure.feature(\"UI 테스트\")\n    @allure.story(\"수량 조절\")\n    @allure.title(\"수량 올리기/내리기 기능 동작 확인\")\n    def test_quantity_up_down(driver):\n        driver.get(\"https://www.kurly.com/main\")\n        driver.maximize_window()\n    \n        search_box = driver.find_element(By.XPATH, \"//input[@placeholder='검색어를 입력해주세요']\")\n        search_box.send_keys(\"과자\")\n        search_box.send_keys(Keys.RETURN)\n        driver.implicitly_wait(3)\n    \n        try:\n            up_btn = driver.find_element(By.XPATH, \"//button[@aria-label='수량올리기']\")\n            down_btn = driver.find_element(By.XPATH, \"//button[@aria-label='수량내리기']\")\n    \n            up_btn.click()\n            down_btn.click()\n            time.sleep(2)\n    \n        except Exception as e:\n            capture_screenshot(driver, \"수량 조절 실패\", \"screenshot_qty\")\n>           pytest.fail(f\"❌ 수량 조절 실패: {str(e)}\")\nE           Failed: ❌ 수량 조절 실패: Message: no such element: Unable to locate element: {\"method\":\"xpath\",\"selector\":\"//button[@aria-label='수량올리기']\"}\nE             (Session info: chrome=136.0.7103.59); For documentation on this error, please visit: https://www.selenium.dev/documentation/webdriver/troubleshooting/errors#no-such-element-exception\nE           Stacktrace:\nE           #0 0x562a9d1f97fa <unknown>\nE           #1 0x562a9cc9de90 <unknown>\nE           #2 0x562a9ccef870 <unknown>\nE           #3 0x562a9ccefa61 <unknown>\nE           #4 0x562a9cd3dcb4 <unknown>\nE           #5 0x562a9cd1526d <unknown>\nE           #6 0x562a9cd3b135 <unknown>\nE           #7 0x562a9cd15013 <unknown>\nE           #8 0x562a9cce1b3b <unknown>\nE           #9 0x562a9cce27a1 <unknown>\nE           #10 0x562a9d1beb9b <unknown>\nE           #11 0x562a9d1c2a8a <unknown>\nE           #12 0x562a9d1a6912 <unknown>\nE           #13 0x562a9d1c3604 <unknown>\nE           #14 0x562a9d18b74f <unknown>\nE           #15 0x562a9d1e7678 <unknown>\nE           #16 0x562a9d1e7856 <unknown>\nE           #17 0x562a9d1f8666 <unknown>\nE           #18 0x7fbe3489caa4 <unknown>\nE           #19 0x7fbe34929c3c <unknown>\n\nsrc/tests/ui_tests/test_quantity_up_down.py:30: Failed","flaky":false,"newFailed":false,"newBroken":false,"newPassed":false,"retriesCount":0,"retriesStatusChange":false,"beforeStages":[{"name":"driver","time":{"start":1746467153948,"stop":1746467154589,"duration":641},"status":"passed","steps":[],"attachments":[],"parameters":[],"shouldDisplayMessage":false,"stepsCount":0,"attachmentsCount":0,"hasContent":false,"attachmentStep":false}],"testStage":{"status":"failed","statusMessage":"Failed: ❌ 수량 조절 실패: Message: no such element: Unable to locate element: {\"method\":\"xpath\",\"selector\":\"//button[@aria-label='수량올리기']\"}\n  (Session info: chrome=136.0.7103.59); For documentation on this error, please visit: https://www.selenium.dev/documentation/webdriver/troubleshooting/errors#no-such-element-exception\nStacktrace:\n#0 0x562a9d1f97fa <unknown>\n#1 0x562a9cc9de90 <unknown>\n#2 0x562a9ccef870 <unknown>\n#3 0x562a9ccefa61 <unknown>\n#4 0x562a9cd3dcb4 <unknown>\n#5 0x562a9cd1526d <unknown>\n#6 0x562a9cd3b135 <unknown>\n#7 0x562a9cd15013 <unknown>\n#8 0x562a9cce1b3b <unknown>\n#9 0x562a9cce27a1 <unknown>\n#10 0x562a9d1beb9b <unknown>\n#11 0x562a9d1c2a8a <unknown>\n#12 0x562a9d1a6912 <unknown>\n#13 0x562a9d1c3604 <unknown>\n#14 0x562a9d18b74f <unknown>\n#15 0x562a9d1e7678 <unknown>\n#16 0x562a9d1e7856 <unknown>\n#17 0x562a9d1f8666 <unknown>\n#18 0x7fbe3489caa4 <unknown>\n#19 0x7fbe34929c3c <unknown>","statusTrace":"driver = <selenium.webdriver.chrome.webdriver.WebDriver (session=\"75700f37d2327682987c9be17beabded\")>\n\n    @allure.feature(\"UI 테스트\")\n    @allure.story(\"수량 조절\")\n    @allure.title(\"수량 올리기/내리기 기능 동작 확인\")\n    def test_quantity_up_down(driver):\n        driver.get(\"https://www.kurly.com/main\")\n        driver.maximize_window()\n    \n        search_box = driver.find_element(By.XPATH, \"//input[@placeholder='검색어를 입력해주세요']\")\n        search_box.send_keys(\"과자\")\n        search_box.send_keys(Keys.RETURN)\n        driver.implicitly_wait(3)\n    \n        try:\n>           up_btn = driver.find_element(By.XPATH, \"//button[@aria-label='수량올리기']\")\n\nsrc/tests/ui_tests/test_quantity_up_down.py:21: \n_ _ _ _ _ _ _ _ _ _ _ _ _ _ _ _ _ _ _ _ _ _ _ _ _ _ _ _ _ _ _ _ _ _ _ _ _ _ _ _ \nvenv/lib/python3.11/site-packages/selenium/webdriver/remote/webdriver.py:770: in find_element\n    return self.execute(Command.FIND_ELEMENT, {\"using\": by, \"value\": value})[\"value\"]\nvenv/lib/python3.11/site-packages/selenium/webdriver/remote/webdriver.py:384: in execute\n    self.error_handler.check_response(response)\n_ _ _ _ _ _ _ _ _ _ _ _ _ _ _ _ _ _ _ _ _ _ _ _ _ _ _ _ _ _ _ _ _ _ _ _ _ _ _ _ \n\nself = <selenium.webdriver.remote.errorhandler.ErrorHandler object at 0x7f0f5b9866d0>\nresponse = {'status': 404, 'value': '{\"value\":{\"error\":\"no such element\",\"message\":\"no such element: Unable to locate element: {\\...\\\\n#17 0x562a9d1f8666 \\\\u003Cunknown>\\\\n#18 0x7fbe3489caa4 \\\\u003Cunknown>\\\\n#19 0x7fbe34929c3c \\\\u003Cunknown>\\\\n\"}}'}\n\n    def check_response(self, response: Dict[str, Any]) -> None:\n        \"\"\"Checks that a JSON response from the WebDriver does not have an\n        error.\n    \n        :Args:\n         - response - The JSON response from the WebDriver server as a dictionary\n           object.\n    \n        :Raises: If the response contains an error message.\n        \"\"\"\n        status = response.get(\"status\", None)\n        if not status or status == ErrorCode.SUCCESS:\n            return\n        value = None\n        message = response.get(\"message\", \"\")\n        screen: str = response.get(\"screen\", \"\")\n        stacktrace = None\n        if isinstance(status, int):\n            value_json = response.get(\"value\", None)\n            if value_json and isinstance(value_json, str):\n                import json\n    \n                try:\n                    value = json.loads(value_json)\n                    if len(value) == 1:\n                        value = value[\"value\"]\n                    status = value.get(\"error\", None)\n                    if not status:\n                        status = value.get(\"status\", ErrorCode.UNKNOWN_ERROR)\n                        message = value.get(\"value\") or value.get(\"message\")\n                        if not isinstance(message, str):\n                            value = message\n                            message = message.get(\"message\")\n                    else:\n                        message = value.get(\"message\", None)\n                except ValueError:\n                    pass\n    \n        exception_class: Type[WebDriverException]\n        e = ErrorCode()\n        error_codes = [item for item in dir(e) if not item.startswith(\"__\")]\n        for error_code in error_codes:\n            error_info = getattr(ErrorCode, error_code)\n            if isinstance(error_info, list) and status in error_info:\n                exception_class = getattr(ExceptionMapping, error_code, WebDriverException)\n                break\n        else:\n            exception_class = WebDriverException\n    \n        if not value:\n            value = response[\"value\"]\n        if isinstance(value, str):\n            raise exception_class(value)\n        if message == \"\" and \"message\" in value:\n            message = value[\"message\"]\n    \n        screen = None  # type: ignore[assignment]\n        if \"screen\" in value:\n            screen = value[\"screen\"]\n    \n        stacktrace = None\n        st_value = value.get(\"stackTrace\") or value.get(\"stacktrace\")\n        if st_value:\n            if isinstance(st_value, str):\n                stacktrace = st_value.split(\"\\n\")\n            else:\n                stacktrace = []\n                try:\n                    for frame in st_value:\n                        line = frame.get(\"lineNumber\", \"\")\n                        file = frame.get(\"fileName\", \"<anonymous>\")\n                        if line:\n                            file = f\"{file}:{line}\"\n                        meth = frame.get(\"methodName\", \"<anonymous>\")\n                        if \"className\" in frame:\n                            meth = f\"{frame['className']}.{meth}\"\n                        msg = \"    at %s (%s)\"\n                        msg = msg % (meth, file)\n                        stacktrace.append(msg)\n                except TypeError:\n                    pass\n        if exception_class == UnexpectedAlertPresentException:\n            alert_text = None\n            if \"data\" in value:\n                alert_text = value[\"data\"].get(\"text\")\n            elif \"alert\" in value:\n                alert_text = value[\"alert\"].get(\"text\")\n            raise exception_class(message, screen, stacktrace, alert_text)  # type: ignore[call-arg]  # mypy is not smart enough here\n>       raise exception_class(message, screen, stacktrace)\nE       selenium.common.exceptions.NoSuchElementException: Message: no such element: Unable to locate element: {\"method\":\"xpath\",\"selector\":\"//button[@aria-label='수량올리기']\"}\nE         (Session info: chrome=136.0.7103.59); For documentation on this error, please visit: https://www.selenium.dev/documentation/webdriver/troubleshooting/errors#no-such-element-exception\nE       Stacktrace:\nE       #0 0x562a9d1f97fa <unknown>\nE       #1 0x562a9cc9de90 <unknown>\nE       #2 0x562a9ccef870 <unknown>\nE       #3 0x562a9ccefa61 <unknown>\nE       #4 0x562a9cd3dcb4 <unknown>\nE       #5 0x562a9cd1526d <unknown>\nE       #6 0x562a9cd3b135 <unknown>\nE       #7 0x562a9cd15013 <unknown>\nE       #8 0x562a9cce1b3b <unknown>\nE       #9 0x562a9cce27a1 <unknown>\nE       #10 0x562a9d1beb9b <unknown>\nE       #11 0x562a9d1c2a8a <unknown>\nE       #12 0x562a9d1a6912 <unknown>\nE       #13 0x562a9d1c3604 <unknown>\nE       #14 0x562a9d18b74f <unknown>\nE       #15 0x562a9d1e7678 <unknown>\nE       #16 0x562a9d1e7856 <unknown>\nE       #17 0x562a9d1f8666 <unknown>\nE       #18 0x7fbe3489caa4 <unknown>\nE       #19 0x7fbe34929c3c <unknown>\n\nvenv/lib/python3.11/site-packages/selenium/webdriver/remote/errorhandler.py:232: NoSuchElementException\n\nDuring handling of the above exception, another exception occurred:\n\ndriver = <selenium.webdriver.chrome.webdriver.WebDriver (session=\"75700f37d2327682987c9be17beabded\")>\n\n    @allure.feature(\"UI 테스트\")\n    @allure.story(\"수량 조절\")\n    @allure.title(\"수량 올리기/내리기 기능 동작 확인\")\n    def test_quantity_up_down(driver):\n        driver.get(\"https://www.kurly.com/main\")\n        driver.maximize_window()\n    \n        search_box = driver.find_element(By.XPATH, \"//input[@placeholder='검색어를 입력해주세요']\")\n        search_box.send_keys(\"과자\")\n        search_box.send_keys(Keys.RETURN)\n        driver.implicitly_wait(3)\n    \n        try:\n            up_btn = driver.find_element(By.XPATH, \"//button[@aria-label='수량올리기']\")\n            down_btn = driver.find_element(By.XPATH, \"//button[@aria-label='수량내리기']\")\n    \n            up_btn.click()\n            down_btn.click()\n            time.sleep(2)\n    \n        except Exception as e:\n            capture_screenshot(driver, \"수량 조절 실패\", \"screenshot_qty\")\n>           pytest.fail(f\"❌ 수량 조절 실패: {str(e)}\")\nE           Failed: ❌ 수량 조절 실패: Message: no such element: Unable to locate element: {\"method\":\"xpath\",\"selector\":\"//button[@aria-label='수량올리기']\"}\nE             (Session info: chrome=136.0.7103.59); For documentation on this error, please visit: https://www.selenium.dev/documentation/webdriver/troubleshooting/errors#no-such-element-exception\nE           Stacktrace:\nE           #0 0x562a9d1f97fa <unknown>\nE           #1 0x562a9cc9de90 <unknown>\nE           #2 0x562a9ccef870 <unknown>\nE           #3 0x562a9ccefa61 <unknown>\nE           #4 0x562a9cd3dcb4 <unknown>\nE           #5 0x562a9cd1526d <unknown>\nE           #6 0x562a9cd3b135 <unknown>\nE           #7 0x562a9cd15013 <unknown>\nE           #8 0x562a9cce1b3b <unknown>\nE           #9 0x562a9cce27a1 <unknown>\nE           #10 0x562a9d1beb9b <unknown>\nE           #11 0x562a9d1c2a8a <unknown>\nE           #12 0x562a9d1a6912 <unknown>\nE           #13 0x562a9d1c3604 <unknown>\nE           #14 0x562a9d18b74f <unknown>\nE           #15 0x562a9d1e7678 <unknown>\nE           #16 0x562a9d1e7856 <unknown>\nE           #17 0x562a9d1f8666 <unknown>\nE           #18 0x7fbe3489caa4 <unknown>\nE           #19 0x7fbe34929c3c <unknown>\n\nsrc/tests/ui_tests/test_quantity_up_down.py:30: Failed","steps":[],"attachments":[{"uid":"f90c00e6dcf46f16","name":"Failure Screenshot","source":"f90c00e6dcf46f16.png","type":"image/png","size":136083},{"uid":"c8e77017ed1a3e87","name":"stdout","source":"c8e77017ed1a3e87.txt","type":"text/plain","size":89}],"parameters":[],"shouldDisplayMessage":true,"stepsCount":0,"attachmentsCount":2,"hasContent":true,"attachmentStep":false},"afterStages":[{"name":"driver::0","time":{"start":1746467161349,"stop":1746467161412,"duration":63},"status":"passed","steps":[],"attachments":[],"parameters":[],"shouldDisplayMessage":false,"stepsCount":0,"attachmentsCount":0,"hasContent":false,"attachmentStep":false}],"labels":[{"name":"story","value":"수량 조절"},{"name":"feature","value":"UI 테스트"},{"name":"parentSuite","value":"src.tests.ui_tests"},{"name":"suite","value":"test_quantity_up_down"},{"name":"host","value":"fv-az1361-359"},{"name":"thread","value":"2531-MainThread"},{"name":"framework","value":"pytest"},{"name":"language","value":"cpython3"},{"name":"package","value":"src.tests.ui_tests.test_quantity_up_down"},{"name":"resultFormat","value":"allure2"}],"parameters":[],"links":[],"hidden":false,"retry":false,"extra":{"severity":"normal","retries":[],"categories":[{"name":"Product defects","matchedStatuses":[],"flaky":false}],"tags":[]},"source":"af222213595050dc.json","parameterValues":[]}