{"uid":"b037ea486aae407b","name":"상품 검색 후 카테고리 버튼들이 동작하는지 확인","fullName":"src.tests.ui_tests.test_ui_category#test_ui_category_fix","historyId":"53e4f7573eaa258ea0aff86405710785","time":{"start":1747962300466,"stop":1747962311904,"duration":11438},"status":"failed","statusMessage":"Failed: ❌ '낮은 가격순' 테스트 실패: Message: no such element: Unable to locate element: {\"method\":\"css selector\",\"selector\":\"div[class='css-11kh0cw e1oh2pka5'] a:nth-child(1)\"}\n  (Session info: chrome=136.0.7103.92); For documentation on this error, please visit: https://www.selenium.dev/documentation/webdriver/troubleshooting/errors#no-such-element-exception\nStacktrace:\n#0 0x55c231ed871a <unknown>\n#1 0x55c23197b0a0 <unknown>\n#2 0x55c2319cc9b0 <unknown>\n#3 0x55c2319ccba1 <unknown>\n#4 0x55c231a1aea4 <unknown>\n#5 0x55c2319f23cd <unknown>\n#6 0x55c231a182a0 <unknown>\n#7 0x55c2319f2173 <unknown>\n#8 0x55c2319bed4b <unknown>\n#9 0x55c2319bf9b1 <unknown>\n#10 0x55c231e9d8cb <unknown>\n#11 0x55c231ea17ca <unknown>\n#12 0x55c231e85622 <unknown>\n#13 0x55c231ea2354 <unknown>\n#14 0x55c231e6a45f <unknown>\n#15 0x55c231ec64f8 <unknown>\n#16 0x55c231ec66d6 <unknown>\n#17 0x55c231ed7586 <unknown>\n#18 0x7f2c4a69caa4 <unknown>\n#19 0x7f2c4a729c3c <unknown>","statusTrace":"category_name = '낮은 가격순', screenshot_name = '낮은가격순'\n\n    def click_and_verify_category(category_name, screenshot_name):\n        try:\n    \n            first_item_selector = \"div[class='css-11kh0cw e1oh2pka5'] a:nth-child(1)\"\n            first_item_before = driver.find_element(By.CSS_SELECTOR, first_item_selector).text\n    \n    \n            category_button = driver.find_element(By.XPATH, f\"//a[contains(text(), '{category_name}')]\")\n            category_button.click()\n            time.sleep(4)\n    \n    \n>           first_item_after = driver.find_element(By.CSS_SELECTOR, first_item_selector).text\n\nsrc/tests/ui_tests/test_ui_category.py:35: \n_ _ _ _ _ _ _ _ _ _ _ _ _ _ _ _ _ _ _ _ _ _ _ _ _ _ _ _ _ _ _ _ _ _ _ _ _ _ _ _ \nvenv/lib/python3.11/site-packages/selenium/webdriver/remote/webdriver.py:770: in find_element\n    return self.execute(Command.FIND_ELEMENT, {\"using\": by, \"value\": value})[\"value\"]\nvenv/lib/python3.11/site-packages/selenium/webdriver/remote/webdriver.py:384: in execute\n    self.error_handler.check_response(response)\n_ _ _ _ _ _ _ _ _ _ _ _ _ _ _ _ _ _ _ _ _ _ _ _ _ _ _ _ _ _ _ _ _ _ _ _ _ _ _ _ \n\nself = <selenium.webdriver.remote.errorhandler.ErrorHandler object at 0x7fdb2992c0d0>\nresponse = {'status': 404, 'value': '{\"value\":{\"error\":\"no such element\",\"message\":\"no such element: Unable to locate element: {\\...\\\\n#17 0x55c231ed7586 \\\\u003Cunknown>\\\\n#18 0x7f2c4a69caa4 \\\\u003Cunknown>\\\\n#19 0x7f2c4a729c3c \\\\u003Cunknown>\\\\n\"}}'}\n\n    def check_response(self, response: Dict[str, Any]) -> None:\n        \"\"\"Checks that a JSON response from the WebDriver does not have an\n        error.\n    \n        :Args:\n         - response - The JSON response from the WebDriver server as a dictionary\n           object.\n    \n        :Raises: If the response contains an error message.\n        \"\"\"\n        status = response.get(\"status\", None)\n        if not status or status == ErrorCode.SUCCESS:\n            return\n        value = None\n        message = response.get(\"message\", \"\")\n        screen: str = response.get(\"screen\", \"\")\n        stacktrace = None\n        if isinstance(status, int):\n            value_json = response.get(\"value\", None)\n            if value_json and isinstance(value_json, str):\n                import json\n    \n                try:\n                    value = json.loads(value_json)\n                    if len(value) == 1:\n                        value = value[\"value\"]\n                    status = value.get(\"error\", None)\n                    if not status:\n                        status = value.get(\"status\", ErrorCode.UNKNOWN_ERROR)\n                        message = value.get(\"value\") or value.get(\"message\")\n                        if not isinstance(message, str):\n                            value = message\n                            message = message.get(\"message\")\n                    else:\n                        message = value.get(\"message\", None)\n                except ValueError:\n                    pass\n    \n        exception_class: Type[WebDriverException]\n        e = ErrorCode()\n        error_codes = [item for item in dir(e) if not item.startswith(\"__\")]\n        for error_code in error_codes:\n            error_info = getattr(ErrorCode, error_code)\n            if isinstance(error_info, list) and status in error_info:\n                exception_class = getattr(ExceptionMapping, error_code, WebDriverException)\n                break\n        else:\n            exception_class = WebDriverException\n    \n        if not value:\n            value = response[\"value\"]\n        if isinstance(value, str):\n            raise exception_class(value)\n        if message == \"\" and \"message\" in value:\n            message = value[\"message\"]\n    \n        screen = None  # type: ignore[assignment]\n        if \"screen\" in value:\n            screen = value[\"screen\"]\n    \n        stacktrace = None\n        st_value = value.get(\"stackTrace\") or value.get(\"stacktrace\")\n        if st_value:\n            if isinstance(st_value, str):\n                stacktrace = st_value.split(\"\\n\")\n            else:\n                stacktrace = []\n                try:\n                    for frame in st_value:\n                        line = frame.get(\"lineNumber\", \"\")\n                        file = frame.get(\"fileName\", \"<anonymous>\")\n                        if line:\n                            file = f\"{file}:{line}\"\n                        meth = frame.get(\"methodName\", \"<anonymous>\")\n                        if \"className\" in frame:\n                            meth = f\"{frame['className']}.{meth}\"\n                        msg = \"    at %s (%s)\"\n                        msg = msg % (meth, file)\n                        stacktrace.append(msg)\n                except TypeError:\n                    pass\n        if exception_class == UnexpectedAlertPresentException:\n            alert_text = None\n            if \"data\" in value:\n                alert_text = value[\"data\"].get(\"text\")\n            elif \"alert\" in value:\n                alert_text = value[\"alert\"].get(\"text\")\n            raise exception_class(message, screen, stacktrace, alert_text)  # type: ignore[call-arg]  # mypy is not smart enough here\n>       raise exception_class(message, screen, stacktrace)\nE       selenium.common.exceptions.NoSuchElementException: Message: no such element: Unable to locate element: {\"method\":\"css selector\",\"selector\":\"div[class='css-11kh0cw e1oh2pka5'] a:nth-child(1)\"}\nE         (Session info: chrome=136.0.7103.92); For documentation on this error, please visit: https://www.selenium.dev/documentation/webdriver/troubleshooting/errors#no-such-element-exception\nE       Stacktrace:\nE       #0 0x55c231ed871a <unknown>\nE       #1 0x55c23197b0a0 <unknown>\nE       #2 0x55c2319cc9b0 <unknown>\nE       #3 0x55c2319ccba1 <unknown>\nE       #4 0x55c231a1aea4 <unknown>\nE       #5 0x55c2319f23cd <unknown>\nE       #6 0x55c231a182a0 <unknown>\nE       #7 0x55c2319f2173 <unknown>\nE       #8 0x55c2319bed4b <unknown>\nE       #9 0x55c2319bf9b1 <unknown>\nE       #10 0x55c231e9d8cb <unknown>\nE       #11 0x55c231ea17ca <unknown>\nE       #12 0x55c231e85622 <unknown>\nE       #13 0x55c231ea2354 <unknown>\nE       #14 0x55c231e6a45f <unknown>\nE       #15 0x55c231ec64f8 <unknown>\nE       #16 0x55c231ec66d6 <unknown>\nE       #17 0x55c231ed7586 <unknown>\nE       #18 0x7f2c4a69caa4 <unknown>\nE       #19 0x7f2c4a729c3c <unknown>\n\nvenv/lib/python3.11/site-packages/selenium/webdriver/remote/errorhandler.py:232: NoSuchElementException\n\nDuring handling of the above exception, another exception occurred:\n\ndriver = <selenium.webdriver.chrome.webdriver.WebDriver (session=\"431f8b5e0cb6696b51bb32cb8417c8dc\")>\n\n    @allure.feature(\"UI 테스트\")\n    @allure.story(\"카테고리 기능 테스트\")\n    @allure.title(\"상품 검색 후 카테고리 버튼들이 동작하는지 확인\")\n    def test_ui_category_fix(driver):\n        driver.get(\"https://www.kurly.com/main\")\n        driver.maximize_window()\n    \n        try:\n            # 검색어 입력\n            search_box = driver.find_element(By.XPATH, \"//input[@placeholder='검색어를 입력해주세요']\")\n            search_box.send_keys(\"과자\")\n            search_box.send_keys(Keys.RETURN)\n            time.sleep(4)\n    \n            def click_and_verify_category(category_name, screenshot_name):\n                try:\n    \n                    first_item_selector = \"div[class='css-11kh0cw e1oh2pka5'] a:nth-child(1)\"\n                    first_item_before = driver.find_element(By.CSS_SELECTOR, first_item_selector).text\n    \n    \n                    category_button = driver.find_element(By.XPATH, f\"//a[contains(text(), '{category_name}')]\")\n                    category_button.click()\n                    time.sleep(4)\n    \n    \n                    first_item_after = driver.find_element(By.CSS_SELECTOR, first_item_selector).text\n    \n    \n                    assert first_item_before != first_item_after, f\"❌ '{category_name}' 클릭 후 상품 화면이 바뀌지 않음\"\n    \n    \n                    capture_screenshot(driver, screenshot_name, \"screenshots_category\")\n    \n                except Exception as e:\n                    capture_screenshot(driver, f\"{screenshot_name}_실패\", \"screenshots_category\")\n                    allure.attach(driver.get_screenshot_as_png(), name=f\"{screenshot_name}_실패\",\n                                  attachment_type=allure.attachment_type.PNG)\n                    pytest.fail(f\"❌ '{category_name}' 테스트 실패: {str(e)}\")\n    \n            categories = [\n                (\"낮은 가격순\", \"낮은가격순\"),\n                (\"높은 가격순\", \"높은가격순\"),\n                (\"판매량순\", \"판매량순\"),\n                (\"혜택순\", \"혜택순\"),\n                (\"신상품순\", \"신상품순\"),\n                (\"추천순\", \"추천순\"),\n            ]\n            for category_name, screenshot_name in categories:\n>               click_and_verify_category(category_name, screenshot_name)\n\nsrc/tests/ui_tests/test_ui_category.py:58: \n_ _ _ _ _ _ _ _ _ _ _ _ _ _ _ _ _ _ _ _ _ _ _ _ _ _ _ _ _ _ _ _ _ _ _ _ _ _ _ _ \n\ncategory_name = '낮은 가격순', screenshot_name = '낮은가격순'\n\n    def click_and_verify_category(category_name, screenshot_name):\n        try:\n    \n            first_item_selector = \"div[class='css-11kh0cw e1oh2pka5'] a:nth-child(1)\"\n            first_item_before = driver.find_element(By.CSS_SELECTOR, first_item_selector).text\n    \n    \n            category_button = driver.find_element(By.XPATH, f\"//a[contains(text(), '{category_name}')]\")\n            category_button.click()\n            time.sleep(4)\n    \n    \n            first_item_after = driver.find_element(By.CSS_SELECTOR, first_item_selector).text\n    \n    \n            assert first_item_before != first_item_after, f\"❌ '{category_name}' 클릭 후 상품 화면이 바뀌지 않음\"\n    \n    \n            capture_screenshot(driver, screenshot_name, \"screenshots_category\")\n    \n        except Exception as e:\n            capture_screenshot(driver, f\"{screenshot_name}_실패\", \"screenshots_category\")\n            allure.attach(driver.get_screenshot_as_png(), name=f\"{screenshot_name}_실패\",\n                          attachment_type=allure.attachment_type.PNG)\n>           pytest.fail(f\"❌ '{category_name}' 테스트 실패: {str(e)}\")\nE           Failed: ❌ '낮은 가격순' 테스트 실패: Message: no such element: Unable to locate element: {\"method\":\"css selector\",\"selector\":\"div[class='css-11kh0cw e1oh2pka5'] a:nth-child(1)\"}\nE             (Session info: chrome=136.0.7103.92); For documentation on this error, please visit: https://www.selenium.dev/documentation/webdriver/troubleshooting/errors#no-such-element-exception\nE           Stacktrace:\nE           #0 0x55c231ed871a <unknown>\nE           #1 0x55c23197b0a0 <unknown>\nE           #2 0x55c2319cc9b0 <unknown>\nE           #3 0x55c2319ccba1 <unknown>\nE           #4 0x55c231a1aea4 <unknown>\nE           #5 0x55c2319f23cd <unknown>\nE           #6 0x55c231a182a0 <unknown>\nE           #7 0x55c2319f2173 <unknown>\nE           #8 0x55c2319bed4b <unknown>\nE           #9 0x55c2319bf9b1 <unknown>\nE           #10 0x55c231e9d8cb <unknown>\nE           #11 0x55c231ea17ca <unknown>\nE           #12 0x55c231e85622 <unknown>\nE           #13 0x55c231ea2354 <unknown>\nE           #14 0x55c231e6a45f <unknown>\nE           #15 0x55c231ec64f8 <unknown>\nE           #16 0x55c231ec66d6 <unknown>\nE           #17 0x55c231ed7586 <unknown>\nE           #18 0x7f2c4a69caa4 <unknown>\nE           #19 0x7f2c4a729c3c <unknown>\n\nsrc/tests/ui_tests/test_ui_category.py:47: Failed","flaky":false,"newFailed":false,"newBroken":false,"newPassed":false,"retriesCount":0,"retriesStatusChange":false,"beforeStages":[{"name":"driver","time":{"start":1747962299751,"stop":1747962300466,"duration":715},"status":"passed","steps":[],"attachments":[],"parameters":[],"shouldDisplayMessage":false,"stepsCount":0,"attachmentsCount":0,"hasContent":false,"attachmentStep":false}],"testStage":{"status":"failed","statusMessage":"Failed: ❌ '낮은 가격순' 테스트 실패: Message: no such element: Unable to locate element: {\"method\":\"css selector\",\"selector\":\"div[class='css-11kh0cw e1oh2pka5'] a:nth-child(1)\"}\n  (Session info: chrome=136.0.7103.92); For documentation on this error, please visit: https://www.selenium.dev/documentation/webdriver/troubleshooting/errors#no-such-element-exception\nStacktrace:\n#0 0x55c231ed871a <unknown>\n#1 0x55c23197b0a0 <unknown>\n#2 0x55c2319cc9b0 <unknown>\n#3 0x55c2319ccba1 <unknown>\n#4 0x55c231a1aea4 <unknown>\n#5 0x55c2319f23cd <unknown>\n#6 0x55c231a182a0 <unknown>\n#7 0x55c2319f2173 <unknown>\n#8 0x55c2319bed4b <unknown>\n#9 0x55c2319bf9b1 <unknown>\n#10 0x55c231e9d8cb <unknown>\n#11 0x55c231ea17ca <unknown>\n#12 0x55c231e85622 <unknown>\n#13 0x55c231ea2354 <unknown>\n#14 0x55c231e6a45f <unknown>\n#15 0x55c231ec64f8 <unknown>\n#16 0x55c231ec66d6 <unknown>\n#17 0x55c231ed7586 <unknown>\n#18 0x7f2c4a69caa4 <unknown>\n#19 0x7f2c4a729c3c <unknown>","statusTrace":"category_name = '낮은 가격순', screenshot_name = '낮은가격순'\n\n    def click_and_verify_category(category_name, screenshot_name):\n        try:\n    \n            first_item_selector = \"div[class='css-11kh0cw e1oh2pka5'] a:nth-child(1)\"\n            first_item_before = driver.find_element(By.CSS_SELECTOR, first_item_selector).text\n    \n    \n            category_button = driver.find_element(By.XPATH, f\"//a[contains(text(), '{category_name}')]\")\n            category_button.click()\n            time.sleep(4)\n    \n    \n>           first_item_after = driver.find_element(By.CSS_SELECTOR, first_item_selector).text\n\nsrc/tests/ui_tests/test_ui_category.py:35: \n_ _ _ _ _ _ _ _ _ _ _ _ _ _ _ _ _ _ _ _ _ _ _ _ _ _ _ _ _ _ _ _ _ _ _ _ _ _ _ _ \nvenv/lib/python3.11/site-packages/selenium/webdriver/remote/webdriver.py:770: in find_element\n    return self.execute(Command.FIND_ELEMENT, {\"using\": by, \"value\": value})[\"value\"]\nvenv/lib/python3.11/site-packages/selenium/webdriver/remote/webdriver.py:384: in execute\n    self.error_handler.check_response(response)\n_ _ _ _ _ _ _ _ _ _ _ _ _ _ _ _ _ _ _ _ _ _ _ _ _ _ _ _ _ _ _ _ _ _ _ _ _ _ _ _ \n\nself = <selenium.webdriver.remote.errorhandler.ErrorHandler object at 0x7fdb2992c0d0>\nresponse = {'status': 404, 'value': '{\"value\":{\"error\":\"no such element\",\"message\":\"no such element: Unable to locate element: {\\...\\\\n#17 0x55c231ed7586 \\\\u003Cunknown>\\\\n#18 0x7f2c4a69caa4 \\\\u003Cunknown>\\\\n#19 0x7f2c4a729c3c \\\\u003Cunknown>\\\\n\"}}'}\n\n    def check_response(self, response: Dict[str, Any]) -> None:\n        \"\"\"Checks that a JSON response from the WebDriver does not have an\n        error.\n    \n        :Args:\n         - response - The JSON response from the WebDriver server as a dictionary\n           object.\n    \n        :Raises: If the response contains an error message.\n        \"\"\"\n        status = response.get(\"status\", None)\n        if not status or status == ErrorCode.SUCCESS:\n            return\n        value = None\n        message = response.get(\"message\", \"\")\n        screen: str = response.get(\"screen\", \"\")\n        stacktrace = None\n        if isinstance(status, int):\n            value_json = response.get(\"value\", None)\n            if value_json and isinstance(value_json, str):\n                import json\n    \n                try:\n                    value = json.loads(value_json)\n                    if len(value) == 1:\n                        value = value[\"value\"]\n                    status = value.get(\"error\", None)\n                    if not status:\n                        status = value.get(\"status\", ErrorCode.UNKNOWN_ERROR)\n                        message = value.get(\"value\") or value.get(\"message\")\n                        if not isinstance(message, str):\n                            value = message\n                            message = message.get(\"message\")\n                    else:\n                        message = value.get(\"message\", None)\n                except ValueError:\n                    pass\n    \n        exception_class: Type[WebDriverException]\n        e = ErrorCode()\n        error_codes = [item for item in dir(e) if not item.startswith(\"__\")]\n        for error_code in error_codes:\n            error_info = getattr(ErrorCode, error_code)\n            if isinstance(error_info, list) and status in error_info:\n                exception_class = getattr(ExceptionMapping, error_code, WebDriverException)\n                break\n        else:\n            exception_class = WebDriverException\n    \n        if not value:\n            value = response[\"value\"]\n        if isinstance(value, str):\n            raise exception_class(value)\n        if message == \"\" and \"message\" in value:\n            message = value[\"message\"]\n    \n        screen = None  # type: ignore[assignment]\n        if \"screen\" in value:\n            screen = value[\"screen\"]\n    \n        stacktrace = None\n        st_value = value.get(\"stackTrace\") or value.get(\"stacktrace\")\n        if st_value:\n            if isinstance(st_value, str):\n                stacktrace = st_value.split(\"\\n\")\n            else:\n                stacktrace = []\n                try:\n                    for frame in st_value:\n                        line = frame.get(\"lineNumber\", \"\")\n                        file = frame.get(\"fileName\", \"<anonymous>\")\n                        if line:\n                            file = f\"{file}:{line}\"\n                        meth = frame.get(\"methodName\", \"<anonymous>\")\n                        if \"className\" in frame:\n                            meth = f\"{frame['className']}.{meth}\"\n                        msg = \"    at %s (%s)\"\n                        msg = msg % (meth, file)\n                        stacktrace.append(msg)\n                except TypeError:\n                    pass\n        if exception_class == UnexpectedAlertPresentException:\n            alert_text = None\n            if \"data\" in value:\n                alert_text = value[\"data\"].get(\"text\")\n            elif \"alert\" in value:\n                alert_text = value[\"alert\"].get(\"text\")\n            raise exception_class(message, screen, stacktrace, alert_text)  # type: ignore[call-arg]  # mypy is not smart enough here\n>       raise exception_class(message, screen, stacktrace)\nE       selenium.common.exceptions.NoSuchElementException: Message: no such element: Unable to locate element: {\"method\":\"css selector\",\"selector\":\"div[class='css-11kh0cw e1oh2pka5'] a:nth-child(1)\"}\nE         (Session info: chrome=136.0.7103.92); For documentation on this error, please visit: https://www.selenium.dev/documentation/webdriver/troubleshooting/errors#no-such-element-exception\nE       Stacktrace:\nE       #0 0x55c231ed871a <unknown>\nE       #1 0x55c23197b0a0 <unknown>\nE       #2 0x55c2319cc9b0 <unknown>\nE       #3 0x55c2319ccba1 <unknown>\nE       #4 0x55c231a1aea4 <unknown>\nE       #5 0x55c2319f23cd <unknown>\nE       #6 0x55c231a182a0 <unknown>\nE       #7 0x55c2319f2173 <unknown>\nE       #8 0x55c2319bed4b <unknown>\nE       #9 0x55c2319bf9b1 <unknown>\nE       #10 0x55c231e9d8cb <unknown>\nE       #11 0x55c231ea17ca <unknown>\nE       #12 0x55c231e85622 <unknown>\nE       #13 0x55c231ea2354 <unknown>\nE       #14 0x55c231e6a45f <unknown>\nE       #15 0x55c231ec64f8 <unknown>\nE       #16 0x55c231ec66d6 <unknown>\nE       #17 0x55c231ed7586 <unknown>\nE       #18 0x7f2c4a69caa4 <unknown>\nE       #19 0x7f2c4a729c3c <unknown>\n\nvenv/lib/python3.11/site-packages/selenium/webdriver/remote/errorhandler.py:232: NoSuchElementException\n\nDuring handling of the above exception, another exception occurred:\n\ndriver = <selenium.webdriver.chrome.webdriver.WebDriver (session=\"431f8b5e0cb6696b51bb32cb8417c8dc\")>\n\n    @allure.feature(\"UI 테스트\")\n    @allure.story(\"카테고리 기능 테스트\")\n    @allure.title(\"상품 검색 후 카테고리 버튼들이 동작하는지 확인\")\n    def test_ui_category_fix(driver):\n        driver.get(\"https://www.kurly.com/main\")\n        driver.maximize_window()\n    \n        try:\n            # 검색어 입력\n            search_box = driver.find_element(By.XPATH, \"//input[@placeholder='검색어를 입력해주세요']\")\n            search_box.send_keys(\"과자\")\n            search_box.send_keys(Keys.RETURN)\n            time.sleep(4)\n    \n            def click_and_verify_category(category_name, screenshot_name):\n                try:\n    \n                    first_item_selector = \"div[class='css-11kh0cw e1oh2pka5'] a:nth-child(1)\"\n                    first_item_before = driver.find_element(By.CSS_SELECTOR, first_item_selector).text\n    \n    \n                    category_button = driver.find_element(By.XPATH, f\"//a[contains(text(), '{category_name}')]\")\n                    category_button.click()\n                    time.sleep(4)\n    \n    \n                    first_item_after = driver.find_element(By.CSS_SELECTOR, first_item_selector).text\n    \n    \n                    assert first_item_before != first_item_after, f\"❌ '{category_name}' 클릭 후 상품 화면이 바뀌지 않음\"\n    \n    \n                    capture_screenshot(driver, screenshot_name, \"screenshots_category\")\n    \n                except Exception as e:\n                    capture_screenshot(driver, f\"{screenshot_name}_실패\", \"screenshots_category\")\n                    allure.attach(driver.get_screenshot_as_png(), name=f\"{screenshot_name}_실패\",\n                                  attachment_type=allure.attachment_type.PNG)\n                    pytest.fail(f\"❌ '{category_name}' 테스트 실패: {str(e)}\")\n    \n            categories = [\n                (\"낮은 가격순\", \"낮은가격순\"),\n                (\"높은 가격순\", \"높은가격순\"),\n                (\"판매량순\", \"판매량순\"),\n                (\"혜택순\", \"혜택순\"),\n                (\"신상품순\", \"신상품순\"),\n                (\"추천순\", \"추천순\"),\n            ]\n            for category_name, screenshot_name in categories:\n>               click_and_verify_category(category_name, screenshot_name)\n\nsrc/tests/ui_tests/test_ui_category.py:58: \n_ _ _ _ _ _ _ _ _ _ _ _ _ _ _ _ _ _ _ _ _ _ _ _ _ _ _ _ _ _ _ _ _ _ _ _ _ _ _ _ \n\ncategory_name = '낮은 가격순', screenshot_name = '낮은가격순'\n\n    def click_and_verify_category(category_name, screenshot_name):\n        try:\n    \n            first_item_selector = \"div[class='css-11kh0cw e1oh2pka5'] a:nth-child(1)\"\n            first_item_before = driver.find_element(By.CSS_SELECTOR, first_item_selector).text\n    \n    \n            category_button = driver.find_element(By.XPATH, f\"//a[contains(text(), '{category_name}')]\")\n            category_button.click()\n            time.sleep(4)\n    \n    \n            first_item_after = driver.find_element(By.CSS_SELECTOR, first_item_selector).text\n    \n    \n            assert first_item_before != first_item_after, f\"❌ '{category_name}' 클릭 후 상품 화면이 바뀌지 않음\"\n    \n    \n            capture_screenshot(driver, screenshot_name, \"screenshots_category\")\n    \n        except Exception as e:\n            capture_screenshot(driver, f\"{screenshot_name}_실패\", \"screenshots_category\")\n            allure.attach(driver.get_screenshot_as_png(), name=f\"{screenshot_name}_실패\",\n                          attachment_type=allure.attachment_type.PNG)\n>           pytest.fail(f\"❌ '{category_name}' 테스트 실패: {str(e)}\")\nE           Failed: ❌ '낮은 가격순' 테스트 실패: Message: no such element: Unable to locate element: {\"method\":\"css selector\",\"selector\":\"div[class='css-11kh0cw e1oh2pka5'] a:nth-child(1)\"}\nE             (Session info: chrome=136.0.7103.92); For documentation on this error, please visit: https://www.selenium.dev/documentation/webdriver/troubleshooting/errors#no-such-element-exception\nE           Stacktrace:\nE           #0 0x55c231ed871a <unknown>\nE           #1 0x55c23197b0a0 <unknown>\nE           #2 0x55c2319cc9b0 <unknown>\nE           #3 0x55c2319ccba1 <unknown>\nE           #4 0x55c231a1aea4 <unknown>\nE           #5 0x55c2319f23cd <unknown>\nE           #6 0x55c231a182a0 <unknown>\nE           #7 0x55c2319f2173 <unknown>\nE           #8 0x55c2319bed4b <unknown>\nE           #9 0x55c2319bf9b1 <unknown>\nE           #10 0x55c231e9d8cb <unknown>\nE           #11 0x55c231ea17ca <unknown>\nE           #12 0x55c231e85622 <unknown>\nE           #13 0x55c231ea2354 <unknown>\nE           #14 0x55c231e6a45f <unknown>\nE           #15 0x55c231ec64f8 <unknown>\nE           #16 0x55c231ec66d6 <unknown>\nE           #17 0x55c231ed7586 <unknown>\nE           #18 0x7f2c4a69caa4 <unknown>\nE           #19 0x7f2c4a729c3c <unknown>\n\nsrc/tests/ui_tests/test_ui_category.py:47: Failed","steps":[],"attachments":[{"uid":"8047b0fa411fba1c","name":"낮은가격순_실패","source":"8047b0fa411fba1c.png","type":"image/png","size":1457290},{"uid":"feba6e2e3c751bb0","name":"Failure Screenshot","source":"feba6e2e3c751bb0.png","type":"image/png","size":1457290},{"uid":"27018a510d099bc4","name":"stdout","source":"27018a510d099bc4.txt","type":"text/plain","size":97}],"parameters":[],"shouldDisplayMessage":true,"stepsCount":0,"attachmentsCount":3,"hasContent":true,"attachmentStep":false},"afterStages":[{"name":"driver::0","time":{"start":1747962312480,"stop":1747962312553,"duration":73},"status":"passed","steps":[],"attachments":[],"parameters":[],"shouldDisplayMessage":false,"stepsCount":0,"attachmentsCount":0,"hasContent":false,"attachmentStep":false}],"labels":[{"name":"feature","value":"UI 테스트"},{"name":"story","value":"카테고리 기능 테스트"},{"name":"parentSuite","value":"src.tests.ui_tests"},{"name":"suite","value":"test_ui_category"},{"name":"host","value":"fv-az1909-38"},{"name":"thread","value":"2678-MainThread"},{"name":"framework","value":"pytest"},{"name":"language","value":"cpython3"},{"name":"package","value":"src.tests.ui_tests.test_ui_category"},{"name":"resultFormat","value":"allure2"}],"parameters":[],"links":[],"hidden":false,"retry":false,"extra":{"severity":"normal","retries":[],"categories":[{"name":"Product defects","matchedStatuses":[],"flaky":false}],"tags":[]},"source":"b037ea486aae407b.json","parameterValues":[]}