{"uid":"b4d386b5f8eda002","name":"수량 증가/감소 버튼 동작 확인","fullName":"src.tests.ui_tests.test_ui_quantity#test_ui_quantity","historyId":"31122071b8d50a7f2bd2278c4306f76d","time":{"start":1746793657438,"stop":1746793661934,"duration":4496},"status":"broken","statusMessage":"selenium.common.exceptions.NoSuchElementException: Message: no such element: Unable to locate element: {\"method\":\"xpath\",\"selector\":\"//a[3]//div[2]//button[1]\"}\n  (Session info: chrome=136.0.7103.59); For documentation on this error, please visit: https://www.selenium.dev/documentation/webdriver/troubleshooting/errors#no-such-element-exception\nStacktrace:\n#0 0x56019f01878a <unknown>\n#1 0x56019eabb0a0 <unknown>\n#2 0x56019eb0c9b0 <unknown>\n#3 0x56019eb0cba1 <unknown>\n#4 0x56019eb5aea4 <unknown>\n#5 0x56019eb323cd <unknown>\n#6 0x56019eb582a0 <unknown>\n#7 0x56019eb32173 <unknown>\n#8 0x56019eafed4b <unknown>\n#9 0x56019eaff9b1 <unknown>\n#10 0x56019efdd93b <unknown>\n#11 0x56019efe183a <unknown>\n#12 0x56019efc5692 <unknown>\n#13 0x56019efe23c4 <unknown>\n#14 0x56019efaa4cf <unknown>\n#15 0x56019f006568 <unknown>\n#16 0x56019f006746 <unknown>\n#17 0x56019f0175f6 <unknown>\n#18 0x7f705729caa4 <unknown>\n#19 0x7f7057329c3c <unknown>","statusTrace":"driver = <selenium.webdriver.chrome.webdriver.WebDriver (session=\"b7b557fe5ef0d769d3f84cb12370ca81\")>\n\n    @allure.feature(\"UI 테스트\")\n    @allure.story(\"수량 버튼 동작 테스트\")\n    @allure.title(\"수량 증가/감소 버튼 동작 확인\")\n    def test_ui_quantity(driver):\n        driver.get(\"https://www.kurly.com/main\")\n        driver.maximize_window()\n    \n        search_box = driver.find_element(By.XPATH, \"//input[@placeholder='검색어를 입력해주세요']\")\n        search_box.send_keys(\"과자\")\n        search_box.send_keys(Keys.RETURN)\n    \n        driver.implicitly_wait(3)\n>       first_product = driver.find_element(By.XPATH, \"//a[3]//div[2]//button[1]\")\n\nsrc/tests/ui_tests/test_ui_quantity.py:18: \n_ _ _ _ _ _ _ _ _ _ _ _ _ _ _ _ _ _ _ _ _ _ _ _ _ _ _ _ _ _ _ _ _ _ _ _ _ _ _ _ \nvenv/lib/python3.11/site-packages/selenium/webdriver/remote/webdriver.py:770: in find_element\n    return self.execute(Command.FIND_ELEMENT, {\"using\": by, \"value\": value})[\"value\"]\nvenv/lib/python3.11/site-packages/selenium/webdriver/remote/webdriver.py:384: in execute\n    self.error_handler.check_response(response)\n_ _ _ _ _ _ _ _ _ _ _ _ _ _ _ _ _ _ _ _ _ _ _ _ _ _ _ _ _ _ _ _ _ _ _ _ _ _ _ _ \n\nself = <selenium.webdriver.remote.errorhandler.ErrorHandler object at 0x7f618e7ef7d0>\nresponse = {'status': 404, 'value': '{\"value\":{\"error\":\"no such element\",\"message\":\"no such element: Unable to locate element: {\\...\\\\n#17 0x56019f0175f6 \\\\u003Cunknown>\\\\n#18 0x7f705729caa4 \\\\u003Cunknown>\\\\n#19 0x7f7057329c3c \\\\u003Cunknown>\\\\n\"}}'}\n\n    def check_response(self, response: Dict[str, Any]) -> None:\n        \"\"\"Checks that a JSON response from the WebDriver does not have an\n        error.\n    \n        :Args:\n         - response - The JSON response from the WebDriver server as a dictionary\n           object.\n    \n        :Raises: If the response contains an error message.\n        \"\"\"\n        status = response.get(\"status\", None)\n        if not status or status == ErrorCode.SUCCESS:\n            return\n        value = None\n        message = response.get(\"message\", \"\")\n        screen: str = response.get(\"screen\", \"\")\n        stacktrace = None\n        if isinstance(status, int):\n            value_json = response.get(\"value\", None)\n            if value_json and isinstance(value_json, str):\n                import json\n    \n                try:\n                    value = json.loads(value_json)\n                    if len(value) == 1:\n                        value = value[\"value\"]\n                    status = value.get(\"error\", None)\n                    if not status:\n                        status = value.get(\"status\", ErrorCode.UNKNOWN_ERROR)\n                        message = value.get(\"value\") or value.get(\"message\")\n                        if not isinstance(message, str):\n                            value = message\n                            message = message.get(\"message\")\n                    else:\n                        message = value.get(\"message\", None)\n                except ValueError:\n                    pass\n    \n        exception_class: Type[WebDriverException]\n        e = ErrorCode()\n        error_codes = [item for item in dir(e) if not item.startswith(\"__\")]\n        for error_code in error_codes:\n            error_info = getattr(ErrorCode, error_code)\n            if isinstance(error_info, list) and status in error_info:\n                exception_class = getattr(ExceptionMapping, error_code, WebDriverException)\n                break\n        else:\n            exception_class = WebDriverException\n    \n        if not value:\n            value = response[\"value\"]\n        if isinstance(value, str):\n            raise exception_class(value)\n        if message == \"\" and \"message\" in value:\n            message = value[\"message\"]\n    \n        screen = None  # type: ignore[assignment]\n        if \"screen\" in value:\n            screen = value[\"screen\"]\n    \n        stacktrace = None\n        st_value = value.get(\"stackTrace\") or value.get(\"stacktrace\")\n        if st_value:\n            if isinstance(st_value, str):\n                stacktrace = st_value.split(\"\\n\")\n            else:\n                stacktrace = []\n                try:\n                    for frame in st_value:\n                        line = frame.get(\"lineNumber\", \"\")\n                        file = frame.get(\"fileName\", \"<anonymous>\")\n                        if line:\n                            file = f\"{file}:{line}\"\n                        meth = frame.get(\"methodName\", \"<anonymous>\")\n                        if \"className\" in frame:\n                            meth = f\"{frame['className']}.{meth}\"\n                        msg = \"    at %s (%s)\"\n                        msg = msg % (meth, file)\n                        stacktrace.append(msg)\n                except TypeError:\n                    pass\n        if exception_class == UnexpectedAlertPresentException:\n            alert_text = None\n            if \"data\" in value:\n                alert_text = value[\"data\"].get(\"text\")\n            elif \"alert\" in value:\n                alert_text = value[\"alert\"].get(\"text\")\n            raise exception_class(message, screen, stacktrace, alert_text)  # type: ignore[call-arg]  # mypy is not smart enough here\n>       raise exception_class(message, screen, stacktrace)\nE       selenium.common.exceptions.NoSuchElementException: Message: no such element: Unable to locate element: {\"method\":\"xpath\",\"selector\":\"//a[3]//div[2]//button[1]\"}\nE         (Session info: chrome=136.0.7103.59); For documentation on this error, please visit: https://www.selenium.dev/documentation/webdriver/troubleshooting/errors#no-such-element-exception\nE       Stacktrace:\nE       #0 0x56019f01878a <unknown>\nE       #1 0x56019eabb0a0 <unknown>\nE       #2 0x56019eb0c9b0 <unknown>\nE       #3 0x56019eb0cba1 <unknown>\nE       #4 0x56019eb5aea4 <unknown>\nE       #5 0x56019eb323cd <unknown>\nE       #6 0x56019eb582a0 <unknown>\nE       #7 0x56019eb32173 <unknown>\nE       #8 0x56019eafed4b <unknown>\nE       #9 0x56019eaff9b1 <unknown>\nE       #10 0x56019efdd93b <unknown>\nE       #11 0x56019efe183a <unknown>\nE       #12 0x56019efc5692 <unknown>\nE       #13 0x56019efe23c4 <unknown>\nE       #14 0x56019efaa4cf <unknown>\nE       #15 0x56019f006568 <unknown>\nE       #16 0x56019f006746 <unknown>\nE       #17 0x56019f0175f6 <unknown>\nE       #18 0x7f705729caa4 <unknown>\nE       #19 0x7f7057329c3c <unknown>\n\nvenv/lib/python3.11/site-packages/selenium/webdriver/remote/errorhandler.py:232: NoSuchElementException","flaky":false,"newFailed":false,"newBroken":false,"newPassed":false,"retriesCount":0,"retriesStatusChange":false,"beforeStages":[{"name":"driver","time":{"start":1746793656744,"stop":1746793657437,"duration":693},"status":"passed","steps":[],"attachments":[],"parameters":[],"shouldDisplayMessage":false,"stepsCount":0,"attachmentsCount":0,"hasContent":false,"attachmentStep":false}],"testStage":{"status":"broken","statusMessage":"selenium.common.exceptions.NoSuchElementException: Message: no such element: Unable to locate element: {\"method\":\"xpath\",\"selector\":\"//a[3]//div[2]//button[1]\"}\n  (Session info: chrome=136.0.7103.59); For documentation on this error, please visit: https://www.selenium.dev/documentation/webdriver/troubleshooting/errors#no-such-element-exception\nStacktrace:\n#0 0x56019f01878a <unknown>\n#1 0x56019eabb0a0 <unknown>\n#2 0x56019eb0c9b0 <unknown>\n#3 0x56019eb0cba1 <unknown>\n#4 0x56019eb5aea4 <unknown>\n#5 0x56019eb323cd <unknown>\n#6 0x56019eb582a0 <unknown>\n#7 0x56019eb32173 <unknown>\n#8 0x56019eafed4b <unknown>\n#9 0x56019eaff9b1 <unknown>\n#10 0x56019efdd93b <unknown>\n#11 0x56019efe183a <unknown>\n#12 0x56019efc5692 <unknown>\n#13 0x56019efe23c4 <unknown>\n#14 0x56019efaa4cf <unknown>\n#15 0x56019f006568 <unknown>\n#16 0x56019f006746 <unknown>\n#17 0x56019f0175f6 <unknown>\n#18 0x7f705729caa4 <unknown>\n#19 0x7f7057329c3c <unknown>","statusTrace":"driver = <selenium.webdriver.chrome.webdriver.WebDriver (session=\"b7b557fe5ef0d769d3f84cb12370ca81\")>\n\n    @allure.feature(\"UI 테스트\")\n    @allure.story(\"수량 버튼 동작 테스트\")\n    @allure.title(\"수량 증가/감소 버튼 동작 확인\")\n    def test_ui_quantity(driver):\n        driver.get(\"https://www.kurly.com/main\")\n        driver.maximize_window()\n    \n        search_box = driver.find_element(By.XPATH, \"//input[@placeholder='검색어를 입력해주세요']\")\n        search_box.send_keys(\"과자\")\n        search_box.send_keys(Keys.RETURN)\n    \n        driver.implicitly_wait(3)\n>       first_product = driver.find_element(By.XPATH, \"//a[3]//div[2]//button[1]\")\n\nsrc/tests/ui_tests/test_ui_quantity.py:18: \n_ _ _ _ _ _ _ _ _ _ _ _ _ _ _ _ _ _ _ _ _ _ _ _ _ _ _ _ _ _ _ _ _ _ _ _ _ _ _ _ \nvenv/lib/python3.11/site-packages/selenium/webdriver/remote/webdriver.py:770: in find_element\n    return self.execute(Command.FIND_ELEMENT, {\"using\": by, \"value\": value})[\"value\"]\nvenv/lib/python3.11/site-packages/selenium/webdriver/remote/webdriver.py:384: in execute\n    self.error_handler.check_response(response)\n_ _ _ _ _ _ _ _ _ _ _ _ _ _ _ _ _ _ _ _ _ _ _ _ _ _ _ _ _ _ _ _ _ _ _ _ _ _ _ _ \n\nself = <selenium.webdriver.remote.errorhandler.ErrorHandler object at 0x7f618e7ef7d0>\nresponse = {'status': 404, 'value': '{\"value\":{\"error\":\"no such element\",\"message\":\"no such element: Unable to locate element: {\\...\\\\n#17 0x56019f0175f6 \\\\u003Cunknown>\\\\n#18 0x7f705729caa4 \\\\u003Cunknown>\\\\n#19 0x7f7057329c3c \\\\u003Cunknown>\\\\n\"}}'}\n\n    def check_response(self, response: Dict[str, Any]) -> None:\n        \"\"\"Checks that a JSON response from the WebDriver does not have an\n        error.\n    \n        :Args:\n         - response - The JSON response from the WebDriver server as a dictionary\n           object.\n    \n        :Raises: If the response contains an error message.\n        \"\"\"\n        status = response.get(\"status\", None)\n        if not status or status == ErrorCode.SUCCESS:\n            return\n        value = None\n        message = response.get(\"message\", \"\")\n        screen: str = response.get(\"screen\", \"\")\n        stacktrace = None\n        if isinstance(status, int):\n            value_json = response.get(\"value\", None)\n            if value_json and isinstance(value_json, str):\n                import json\n    \n                try:\n                    value = json.loads(value_json)\n                    if len(value) == 1:\n                        value = value[\"value\"]\n                    status = value.get(\"error\", None)\n                    if not status:\n                        status = value.get(\"status\", ErrorCode.UNKNOWN_ERROR)\n                        message = value.get(\"value\") or value.get(\"message\")\n                        if not isinstance(message, str):\n                            value = message\n                            message = message.get(\"message\")\n                    else:\n                        message = value.get(\"message\", None)\n                except ValueError:\n                    pass\n    \n        exception_class: Type[WebDriverException]\n        e = ErrorCode()\n        error_codes = [item for item in dir(e) if not item.startswith(\"__\")]\n        for error_code in error_codes:\n            error_info = getattr(ErrorCode, error_code)\n            if isinstance(error_info, list) and status in error_info:\n                exception_class = getattr(ExceptionMapping, error_code, WebDriverException)\n                break\n        else:\n            exception_class = WebDriverException\n    \n        if not value:\n            value = response[\"value\"]\n        if isinstance(value, str):\n            raise exception_class(value)\n        if message == \"\" and \"message\" in value:\n            message = value[\"message\"]\n    \n        screen = None  # type: ignore[assignment]\n        if \"screen\" in value:\n            screen = value[\"screen\"]\n    \n        stacktrace = None\n        st_value = value.get(\"stackTrace\") or value.get(\"stacktrace\")\n        if st_value:\n            if isinstance(st_value, str):\n                stacktrace = st_value.split(\"\\n\")\n            else:\n                stacktrace = []\n                try:\n                    for frame in st_value:\n                        line = frame.get(\"lineNumber\", \"\")\n                        file = frame.get(\"fileName\", \"<anonymous>\")\n                        if line:\n                            file = f\"{file}:{line}\"\n                        meth = frame.get(\"methodName\", \"<anonymous>\")\n                        if \"className\" in frame:\n                            meth = f\"{frame['className']}.{meth}\"\n                        msg = \"    at %s (%s)\"\n                        msg = msg % (meth, file)\n                        stacktrace.append(msg)\n                except TypeError:\n                    pass\n        if exception_class == UnexpectedAlertPresentException:\n            alert_text = None\n            if \"data\" in value:\n                alert_text = value[\"data\"].get(\"text\")\n            elif \"alert\" in value:\n                alert_text = value[\"alert\"].get(\"text\")\n            raise exception_class(message, screen, stacktrace, alert_text)  # type: ignore[call-arg]  # mypy is not smart enough here\n>       raise exception_class(message, screen, stacktrace)\nE       selenium.common.exceptions.NoSuchElementException: Message: no such element: Unable to locate element: {\"method\":\"xpath\",\"selector\":\"//a[3]//div[2]//button[1]\"}\nE         (Session info: chrome=136.0.7103.59); For documentation on this error, please visit: https://www.selenium.dev/documentation/webdriver/troubleshooting/errors#no-such-element-exception\nE       Stacktrace:\nE       #0 0x56019f01878a <unknown>\nE       #1 0x56019eabb0a0 <unknown>\nE       #2 0x56019eb0c9b0 <unknown>\nE       #3 0x56019eb0cba1 <unknown>\nE       #4 0x56019eb5aea4 <unknown>\nE       #5 0x56019eb323cd <unknown>\nE       #6 0x56019eb582a0 <unknown>\nE       #7 0x56019eb32173 <unknown>\nE       #8 0x56019eafed4b <unknown>\nE       #9 0x56019eaff9b1 <unknown>\nE       #10 0x56019efdd93b <unknown>\nE       #11 0x56019efe183a <unknown>\nE       #12 0x56019efc5692 <unknown>\nE       #13 0x56019efe23c4 <unknown>\nE       #14 0x56019efaa4cf <unknown>\nE       #15 0x56019f006568 <unknown>\nE       #16 0x56019f006746 <unknown>\nE       #17 0x56019f0175f6 <unknown>\nE       #18 0x7f705729caa4 <unknown>\nE       #19 0x7f7057329c3c <unknown>\n\nvenv/lib/python3.11/site-packages/selenium/webdriver/remote/errorhandler.py:232: NoSuchElementException","steps":[],"attachments":[{"uid":"6c4d24900905e335","name":"Failure Screenshot","source":"6c4d24900905e335.png","type":"image/png","size":107526}],"parameters":[],"shouldDisplayMessage":true,"stepsCount":0,"attachmentsCount":1,"hasContent":true,"attachmentStep":false},"afterStages":[{"name":"driver::0","time":{"start":1746793662724,"stop":1746793662791,"duration":67},"status":"passed","steps":[],"attachments":[],"parameters":[],"shouldDisplayMessage":false,"stepsCount":0,"attachmentsCount":0,"hasContent":false,"attachmentStep":false}],"labels":[{"name":"feature","value":"UI 테스트"},{"name":"story","value":"수량 버튼 동작 테스트"},{"name":"parentSuite","value":"src.tests.ui_tests"},{"name":"suite","value":"test_ui_quantity"},{"name":"host","value":"fv-az1277-11"},{"name":"thread","value":"2577-MainThread"},{"name":"framework","value":"pytest"},{"name":"language","value":"cpython3"},{"name":"package","value":"src.tests.ui_tests.test_ui_quantity"},{"name":"resultFormat","value":"allure2"}],"parameters":[],"links":[],"hidden":false,"retry":false,"extra":{"severity":"normal","retries":[],"categories":[{"name":"Test defects","matchedStatuses":[],"flaky":false}],"tags":[]},"source":"b4d386b5f8eda002.json","parameterValues":[]}