{"uid":"c270921e1e6bea30","name":"입력된 상품명으로 검색 시 검색되는지 확인","fullName":"src.tests.ui_tests.test_ui_search#test_product_search","historyId":"b6d5f135beed7437630830d9309c4823","time":{"start":1753146756890,"stop":1753146766707,"duration":9817},"status":"failed","statusMessage":"Failed: ❌ 검색 실패: ❌ 검색어 '키보드'에 대한 검색 결과가 없음.\nassert 0 > 0\n +  where 0 = len([])","statusTrace":"driver = <selenium.webdriver.chrome.webdriver.WebDriver (session=\"55effa96250488d5399118a7105cd419\")>\ntc_id = 'TC_009', search_term = '키보드'\n\n    @allure.feature(\"UI 테스트\")\n    @allure.story(\"상품 검색 테스트\")\n    @allure.title(\"입력된 상품명으로 검색 시 검색되는지 확인\" )\n    @pytest.mark.parametrize(\"tc_id, search_term\", search_cases)\n    def test_product_search(driver, tc_id, search_term):\n        driver.get(\"https://www.kurly.com/main\")\n        time.sleep(2)\n        print(f\"\uD83D\uDD0D TC {tc_id}: '{search_term}' 검색 테스트 실행 중...\")\n    \n        try:\n            search_box = driver.find_element(By.XPATH, \"//input[@placeholder='검색어를 입력해주세요']\")\n            time.sleep(2)\n            for _ in range(10):\n                search_box.send_keys(Keys.BACKSPACE)\n    \n            search_box.send_keys(search_term)\n            search_box.send_keys(Keys.RETURN)\n            time.sleep(4)\n    \n            product_elements = driver.find_elements(By.XPATH,\"//span[@class='css-1qfsi3d e1yof8003']\")\n>           assert len(product_elements) > 0, f\"❌ 검색어 '{search_term}'에 대한 검색 결과가 없음.\"\nE           AssertionError: ❌ 검색어 '키보드'에 대한 검색 결과가 없음.\nE           assert 0 > 0\nE            +  where 0 = len([])\n\nsrc/tests/ui_tests/test_ui_search.py:32: AssertionError\n\nDuring handling of the above exception, another exception occurred:\n\ndriver = <selenium.webdriver.chrome.webdriver.WebDriver (session=\"55effa96250488d5399118a7105cd419\")>\ntc_id = 'TC_009', search_term = '키보드'\n\n    @allure.feature(\"UI 테스트\")\n    @allure.story(\"상품 검색 테스트\")\n    @allure.title(\"입력된 상품명으로 검색 시 검색되는지 확인\" )\n    @pytest.mark.parametrize(\"tc_id, search_term\", search_cases)\n    def test_product_search(driver, tc_id, search_term):\n        driver.get(\"https://www.kurly.com/main\")\n        time.sleep(2)\n        print(f\"\uD83D\uDD0D TC {tc_id}: '{search_term}' 검색 테스트 실행 중...\")\n    \n        try:\n            search_box = driver.find_element(By.XPATH, \"//input[@placeholder='검색어를 입력해주세요']\")\n            time.sleep(2)\n            for _ in range(10):\n                search_box.send_keys(Keys.BACKSPACE)\n    \n            search_box.send_keys(search_term)\n            search_box.send_keys(Keys.RETURN)\n            time.sleep(4)\n    \n            product_elements = driver.find_elements(By.XPATH,\"//span[@class='css-1qfsi3d e1yof8003']\")\n            assert len(product_elements) > 0, f\"❌ 검색어 '{search_term}'에 대한 검색 결과가 없음.\"\n    \n            capture_screenshot(driver, f\"{tc_id}_{search_term}_success\", f\"screenshot_search_term\")\n    \n        except Exception as e:\n            capture_screenshot(driver, f\"{tc_id}_{search_term}_failed\", 'screenshots_Search')\n>           pytest.fail(f\"❌ 검색 실패: {str(e)}\")\nE           Failed: ❌ 검색 실패: ❌ 검색어 '키보드'에 대한 검색 결과가 없음.\nE           assert 0 > 0\nE            +  where 0 = len([])\n\nsrc/tests/ui_tests/test_ui_search.py:38: Failed","flaky":false,"newFailed":false,"newBroken":false,"newPassed":false,"retriesCount":0,"retriesStatusChange":false,"beforeStages":[{"name":"driver","time":{"start":1753146671172,"stop":1753146671891,"duration":719},"status":"passed","steps":[],"attachments":[],"parameters":[],"shouldDisplayMessage":false,"stepsCount":0,"attachmentsCount":0,"hasContent":false,"attachmentStep":false}],"testStage":{"status":"failed","statusMessage":"Failed: ❌ 검색 실패: ❌ 검색어 '키보드'에 대한 검색 결과가 없음.\nassert 0 > 0\n +  where 0 = len([])","statusTrace":"driver = <selenium.webdriver.chrome.webdriver.WebDriver (session=\"55effa96250488d5399118a7105cd419\")>\ntc_id = 'TC_009', search_term = '키보드'\n\n    @allure.feature(\"UI 테스트\")\n    @allure.story(\"상품 검색 테스트\")\n    @allure.title(\"입력된 상품명으로 검색 시 검색되는지 확인\" )\n    @pytest.mark.parametrize(\"tc_id, search_term\", search_cases)\n    def test_product_search(driver, tc_id, search_term):\n        driver.get(\"https://www.kurly.com/main\")\n        time.sleep(2)\n        print(f\"\uD83D\uDD0D TC {tc_id}: '{search_term}' 검색 테스트 실행 중...\")\n    \n        try:\n            search_box = driver.find_element(By.XPATH, \"//input[@placeholder='검색어를 입력해주세요']\")\n            time.sleep(2)\n            for _ in range(10):\n                search_box.send_keys(Keys.BACKSPACE)\n    \n            search_box.send_keys(search_term)\n            search_box.send_keys(Keys.RETURN)\n            time.sleep(4)\n    \n            product_elements = driver.find_elements(By.XPATH,\"//span[@class='css-1qfsi3d e1yof8003']\")\n>           assert len(product_elements) > 0, f\"❌ 검색어 '{search_term}'에 대한 검색 결과가 없음.\"\nE           AssertionError: ❌ 검색어 '키보드'에 대한 검색 결과가 없음.\nE           assert 0 > 0\nE            +  where 0 = len([])\n\nsrc/tests/ui_tests/test_ui_search.py:32: AssertionError\n\nDuring handling of the above exception, another exception occurred:\n\ndriver = <selenium.webdriver.chrome.webdriver.WebDriver (session=\"55effa96250488d5399118a7105cd419\")>\ntc_id = 'TC_009', search_term = '키보드'\n\n    @allure.feature(\"UI 테스트\")\n    @allure.story(\"상품 검색 테스트\")\n    @allure.title(\"입력된 상품명으로 검색 시 검색되는지 확인\" )\n    @pytest.mark.parametrize(\"tc_id, search_term\", search_cases)\n    def test_product_search(driver, tc_id, search_term):\n        driver.get(\"https://www.kurly.com/main\")\n        time.sleep(2)\n        print(f\"\uD83D\uDD0D TC {tc_id}: '{search_term}' 검색 테스트 실행 중...\")\n    \n        try:\n            search_box = driver.find_element(By.XPATH, \"//input[@placeholder='검색어를 입력해주세요']\")\n            time.sleep(2)\n            for _ in range(10):\n                search_box.send_keys(Keys.BACKSPACE)\n    \n            search_box.send_keys(search_term)\n            search_box.send_keys(Keys.RETURN)\n            time.sleep(4)\n    \n            product_elements = driver.find_elements(By.XPATH,\"//span[@class='css-1qfsi3d e1yof8003']\")\n            assert len(product_elements) > 0, f\"❌ 검색어 '{search_term}'에 대한 검색 결과가 없음.\"\n    \n            capture_screenshot(driver, f\"{tc_id}_{search_term}_success\", f\"screenshot_search_term\")\n    \n        except Exception as e:\n            capture_screenshot(driver, f\"{tc_id}_{search_term}_failed\", 'screenshots_Search')\n>           pytest.fail(f\"❌ 검색 실패: {str(e)}\")\nE           Failed: ❌ 검색 실패: ❌ 검색어 '키보드'에 대한 검색 결과가 없음.\nE           assert 0 > 0\nE            +  where 0 = len([])\n\nsrc/tests/ui_tests/test_ui_search.py:38: Failed","steps":[],"attachments":[{"uid":"65898d1d27d36b0d","name":"Failure Screenshot","source":"65898d1d27d36b0d.png","type":"image/png","size":48990},{"uid":"b6dbfae3eaf95b7d","name":"stdout","source":"b6dbfae3eaf95b7d.txt","type":"text/plain","size":155}],"parameters":[],"shouldDisplayMessage":true,"stepsCount":0,"attachmentsCount":2,"hasContent":true,"attachmentStep":false},"afterStages":[{"name":"driver::0","time":{"start":1753146786082,"stop":1753146786183,"duration":101},"status":"passed","steps":[],"attachments":[],"parameters":[],"shouldDisplayMessage":false,"stepsCount":0,"attachmentsCount":0,"hasContent":false,"attachmentStep":false}],"labels":[{"name":"story","value":"상품 검색 테스트"},{"name":"feature","value":"UI 테스트"},{"name":"parentSuite","value":"src.tests.ui_tests"},{"name":"suite","value":"test_ui_search"},{"name":"host","value":"pkrvmq0rgcvqdmg"},{"name":"thread","value":"2781-MainThread"},{"name":"framework","value":"pytest"},{"name":"language","value":"cpython3"},{"name":"package","value":"src.tests.ui_tests.test_ui_search"},{"name":"resultFormat","value":"allure2"}],"parameters":[{"name":"search_term","value":"'키보드'"},{"name":"tc_id","value":"'TC_009'"}],"links":[],"hidden":false,"retry":false,"extra":{"severity":"normal","retries":[],"categories":[{"name":"Product defects","matchedStatuses":[],"flaky":false}],"tags":[]},"source":"c270921e1e6bea30.json","parameterValues":["'키보드'","'TC_009'"]}