{"uid":"dfb3cd3062cdeb56","name":"존재하지 않는 상품 검색 시, 결과 없음 메시지 확인","fullName":"src.tests.ui_tests.test_invalied_search#test_search_invalid_product","historyId":"8a73c4c5e9ebde1734f58ebd81cbc70e","time":{"start":1756051537429,"stop":1756051544051,"duration":6622},"status":"failed","statusMessage":"Failed: ❌ 결과 메시지 미노출 또는 실패: assert False\n +  where False = is_displayed()\n +    where is_displayed = <selenium.webdriver.remote.webelement.WebElement (session=\"822f8b9e8c167d2174e9cf9e442c8188\", element=\"f.B1AAB0DAC563E1A64ED597964BCD99CF.d.683BFA4594D4D1C1E11079D5CCD5A3B4.e.61\")>.is_displayed","statusTrace":"driver = <selenium.webdriver.chrome.webdriver.WebDriver (session=\"822f8b9e8c167d2174e9cf9e442c8188\")>\n\n    @allure.feature(\"UI 테스트\")\n    @allure.story(\"검색 실패 케이스\")\n    @allure.title(\"존재하지 않는 상품 검색 시, 결과 없음 메시지 확인\")\n    def test_search_invalid_product(driver):\n        driver.get(\"https://www.kurly.com/main\")\n        driver.maximize_window()\n    \n        try:\n            search_box = driver.find_element(By.XPATH, \"//input[@placeholder='검색어를 입력해주세요']\")\n            search_box.send_keys(\"ㅁㄴㅇㄹ\")\n            search_box.send_keys(Keys.RETURN)\n            time.sleep(4)\n        except Exception as e:\n            capture_screenshot(driver, \"검색 실행 실패\", \"search_box_error\")\n            pytest.fail(f\"❌ 검색 입력 중 오류: {str(e)}\")\n    \n        try:\n            error_msg = driver.find_element(By.XPATH,\"//div[@class='css-1d3w5wq e1oh2pka6']\")\n>           assert error_msg.is_displayed()\nE           assert False\nE            +  where False = is_displayed()\nE            +    where is_displayed = <selenium.webdriver.remote.webelement.WebElement (session=\"822f8b9e8c167d2174e9cf9e442c8188\", element=\"f.B1AAB0DAC563E1A64ED597964BCD99CF.d.683BFA4594D4D1C1E11079D5CCD5A3B4.e.61\")>.is_displayed\n\nsrc/tests/ui_tests/test_invalied_search.py:26: AssertionError\n\nDuring handling of the above exception, another exception occurred:\n\ndriver = <selenium.webdriver.chrome.webdriver.WebDriver (session=\"822f8b9e8c167d2174e9cf9e442c8188\")>\n\n    @allure.feature(\"UI 테스트\")\n    @allure.story(\"검색 실패 케이스\")\n    @allure.title(\"존재하지 않는 상품 검색 시, 결과 없음 메시지 확인\")\n    def test_search_invalid_product(driver):\n        driver.get(\"https://www.kurly.com/main\")\n        driver.maximize_window()\n    \n        try:\n            search_box = driver.find_element(By.XPATH, \"//input[@placeholder='검색어를 입력해주세요']\")\n            search_box.send_keys(\"ㅁㄴㅇㄹ\")\n            search_box.send_keys(Keys.RETURN)\n            time.sleep(4)\n        except Exception as e:\n            capture_screenshot(driver, \"검색 실행 실패\", \"search_box_error\")\n            pytest.fail(f\"❌ 검색 입력 중 오류: {str(e)}\")\n    \n        try:\n            error_msg = driver.find_element(By.XPATH,\"//div[@class='css-1d3w5wq e1oh2pka6']\")\n            assert error_msg.is_displayed()\n        except Exception as e:\n            capture_screenshot(driver, \"결과 메시지 확인 실패\", \"no_result_msg_error\")\n>           pytest.fail(f\"❌ 결과 메시지 미노출 또는 실패: {str(e)}\")\nE           Failed: ❌ 결과 메시지 미노출 또는 실패: assert False\nE            +  where False = is_displayed()\nE            +    where is_displayed = <selenium.webdriver.remote.webelement.WebElement (session=\"822f8b9e8c167d2174e9cf9e442c8188\", element=\"f.B1AAB0DAC563E1A64ED597964BCD99CF.d.683BFA4594D4D1C1E11079D5CCD5A3B4.e.61\")>.is_displayed\n\nsrc/tests/ui_tests/test_invalied_search.py:29: Failed","flaky":false,"newFailed":false,"newBroken":false,"newPassed":false,"retriesCount":0,"retriesStatusChange":false,"beforeStages":[{"name":"driver","time":{"start":1756051536857,"stop":1756051537429,"duration":572},"status":"passed","steps":[],"attachments":[],"parameters":[],"shouldDisplayMessage":false,"stepsCount":0,"attachmentsCount":0,"hasContent":false,"attachmentStep":false}],"testStage":{"status":"failed","statusMessage":"Failed: ❌ 결과 메시지 미노출 또는 실패: assert False\n +  where False = is_displayed()\n +    where is_displayed = <selenium.webdriver.remote.webelement.WebElement (session=\"822f8b9e8c167d2174e9cf9e442c8188\", element=\"f.B1AAB0DAC563E1A64ED597964BCD99CF.d.683BFA4594D4D1C1E11079D5CCD5A3B4.e.61\")>.is_displayed","statusTrace":"driver = <selenium.webdriver.chrome.webdriver.WebDriver (session=\"822f8b9e8c167d2174e9cf9e442c8188\")>\n\n    @allure.feature(\"UI 테스트\")\n    @allure.story(\"검색 실패 케이스\")\n    @allure.title(\"존재하지 않는 상품 검색 시, 결과 없음 메시지 확인\")\n    def test_search_invalid_product(driver):\n        driver.get(\"https://www.kurly.com/main\")\n        driver.maximize_window()\n    \n        try:\n            search_box = driver.find_element(By.XPATH, \"//input[@placeholder='검색어를 입력해주세요']\")\n            search_box.send_keys(\"ㅁㄴㅇㄹ\")\n            search_box.send_keys(Keys.RETURN)\n            time.sleep(4)\n        except Exception as e:\n            capture_screenshot(driver, \"검색 실행 실패\", \"search_box_error\")\n            pytest.fail(f\"❌ 검색 입력 중 오류: {str(e)}\")\n    \n        try:\n            error_msg = driver.find_element(By.XPATH,\"//div[@class='css-1d3w5wq e1oh2pka6']\")\n>           assert error_msg.is_displayed()\nE           assert False\nE            +  where False = is_displayed()\nE            +    where is_displayed = <selenium.webdriver.remote.webelement.WebElement (session=\"822f8b9e8c167d2174e9cf9e442c8188\", element=\"f.B1AAB0DAC563E1A64ED597964BCD99CF.d.683BFA4594D4D1C1E11079D5CCD5A3B4.e.61\")>.is_displayed\n\nsrc/tests/ui_tests/test_invalied_search.py:26: AssertionError\n\nDuring handling of the above exception, another exception occurred:\n\ndriver = <selenium.webdriver.chrome.webdriver.WebDriver (session=\"822f8b9e8c167d2174e9cf9e442c8188\")>\n\n    @allure.feature(\"UI 테스트\")\n    @allure.story(\"검색 실패 케이스\")\n    @allure.title(\"존재하지 않는 상품 검색 시, 결과 없음 메시지 확인\")\n    def test_search_invalid_product(driver):\n        driver.get(\"https://www.kurly.com/main\")\n        driver.maximize_window()\n    \n        try:\n            search_box = driver.find_element(By.XPATH, \"//input[@placeholder='검색어를 입력해주세요']\")\n            search_box.send_keys(\"ㅁㄴㅇㄹ\")\n            search_box.send_keys(Keys.RETURN)\n            time.sleep(4)\n        except Exception as e:\n            capture_screenshot(driver, \"검색 실행 실패\", \"search_box_error\")\n            pytest.fail(f\"❌ 검색 입력 중 오류: {str(e)}\")\n    \n        try:\n            error_msg = driver.find_element(By.XPATH,\"//div[@class='css-1d3w5wq e1oh2pka6']\")\n            assert error_msg.is_displayed()\n        except Exception as e:\n            capture_screenshot(driver, \"결과 메시지 확인 실패\", \"no_result_msg_error\")\n>           pytest.fail(f\"❌ 결과 메시지 미노출 또는 실패: {str(e)}\")\nE           Failed: ❌ 결과 메시지 미노출 또는 실패: assert False\nE            +  where False = is_displayed()\nE            +    where is_displayed = <selenium.webdriver.remote.webelement.WebElement (session=\"822f8b9e8c167d2174e9cf9e442c8188\", element=\"f.B1AAB0DAC563E1A64ED597964BCD99CF.d.683BFA4594D4D1C1E11079D5CCD5A3B4.e.61\")>.is_displayed\n\nsrc/tests/ui_tests/test_invalied_search.py:29: Failed","steps":[],"attachments":[{"uid":"f6a1af6a09660675","name":"Failure Screenshot","source":"f6a1af6a09660675.png","type":"image/png","size":23628},{"uid":"4a2360cb3b017358","name":"stdout","source":"4a2360cb3b017358.txt","type":"text/plain","size":104}],"parameters":[],"shouldDisplayMessage":true,"stepsCount":0,"attachmentsCount":2,"hasContent":true,"attachmentStep":false},"afterStages":[{"name":"driver::0","time":{"start":1756051544102,"stop":1756051544169,"duration":67},"status":"passed","steps":[],"attachments":[],"parameters":[],"shouldDisplayMessage":false,"stepsCount":0,"attachmentsCount":0,"hasContent":false,"attachmentStep":false}],"labels":[{"name":"feature","value":"UI 테스트"},{"name":"story","value":"검색 실패 케이스"},{"name":"parentSuite","value":"src.tests.ui_tests"},{"name":"suite","value":"test_invalied_search"},{"name":"host","value":"pkrvmqc4gcfdwos"},{"name":"thread","value":"2720-MainThread"},{"name":"framework","value":"pytest"},{"name":"language","value":"cpython3"},{"name":"package","value":"src.tests.ui_tests.test_invalied_search"},{"name":"resultFormat","value":"allure2"}],"parameters":[],"links":[],"hidden":false,"retry":false,"extra":{"severity":"normal","retries":[],"categories":[{"name":"Product defects","matchedStatuses":[],"flaky":false}],"tags":[]},"source":"dfb3cd3062cdeb56.json","parameterValues":[]}