{"uid":"fb1a48bde05e317d","name":"test_ui_quantity","fullName":"src.tests.ui_tests.test_ui_quantity#test_ui_quantity","historyId":"31122071b8d50a7f2bd2278c4306f76d","time":{"start":1746349785289,"stop":1746349790372,"duration":5083},"status":"broken","statusMessage":"selenium.common.exceptions.NoSuchElementException: Message: no such element: Unable to locate element: {\"method\":\"xpath\",\"selector\":\"//a[3]//div[2]//button[1]\"}\n  (Session info: chrome=135.0.7049.114); For documentation on this error, please visit: https://www.selenium.dev/documentation/webdriver/troubleshooting/errors#no-such-element-exception\nStacktrace:\n#0 0x56082f00175a <unknown>\n#1 0x56082eab44b0 <unknown>\n#2 0x56082eb059b3 <unknown>\n#3 0x56082eb05ba1 <unknown>\n#4 0x56082eb541f4 <unknown>\n#5 0x56082eb2b5bd <unknown>\n#6 0x56082eb515e0 <unknown>\n#7 0x56082eb2b363 <unknown>\n#8 0x56082eaf7d63 <unknown>\n#9 0x56082eaf89c1 <unknown>\n#10 0x56082efc6a6b <unknown>\n#11 0x56082efca951 <unknown>\n#12 0x56082efaeb62 <unknown>\n#13 0x56082efcb4c4 <unknown>\n#14 0x56082ef9313f <unknown>\n#15 0x56082efef6f8 <unknown>\n#16 0x56082efef8d6 <unknown>\n#17 0x56082f0005a6 <unknown>\n#18 0x7fc82e49caa4 <unknown>\n#19 0x7fc82e529c3c <unknown>","statusTrace":"driver = <selenium.webdriver.chrome.webdriver.WebDriver (session=\"586b535c0348a338a22d99788c829bc3\")>\n\n    def test_ui_quantity(driver):\n        driver.get(\"https://www.kurly.com/main\")\n        driver.maximize_window()\n    \n        search_box = driver.find_element(By.XPATH, \"//input[@placeholder='검색어를 입력해주세요']\")\n        search_box.send_keys(\"과자\")\n        search_box.send_keys(Keys.RETURN)\n    \n        driver.implicitly_wait(3)\n>       first_product = driver.find_element(By.XPATH, \"//a[3]//div[2]//button[1]\")\n\nsrc/tests/ui_tests/test_ui_quantity.py:14: \n_ _ _ _ _ _ _ _ _ _ _ _ _ _ _ _ _ _ _ _ _ _ _ _ _ _ _ _ _ _ _ _ _ _ _ _ _ _ _ _ \nvenv/lib/python3.11/site-packages/selenium/webdriver/remote/webdriver.py:770: in find_element\n    return self.execute(Command.FIND_ELEMENT, {\"using\": by, \"value\": value})[\"value\"]\nvenv/lib/python3.11/site-packages/selenium/webdriver/remote/webdriver.py:384: in execute\n    self.error_handler.check_response(response)\n_ _ _ _ _ _ _ _ _ _ _ _ _ _ _ _ _ _ _ _ _ _ _ _ _ _ _ _ _ _ _ _ _ _ _ _ _ _ _ _ \n\nself = <selenium.webdriver.remote.errorhandler.ErrorHandler object at 0x7f10d787a350>\nresponse = {'status': 404, 'value': '{\"value\":{\"error\":\"no such element\",\"message\":\"no such element: Unable to locate element: {\\...\\\\n#17 0x56082f0005a6 \\\\u003Cunknown>\\\\n#18 0x7fc82e49caa4 \\\\u003Cunknown>\\\\n#19 0x7fc82e529c3c \\\\u003Cunknown>\\\\n\"}}'}\n\n    def check_response(self, response: Dict[str, Any]) -> None:\n        \"\"\"Checks that a JSON response from the WebDriver does not have an\n        error.\n    \n        :Args:\n         - response - The JSON response from the WebDriver server as a dictionary\n           object.\n    \n        :Raises: If the response contains an error message.\n        \"\"\"\n        status = response.get(\"status\", None)\n        if not status or status == ErrorCode.SUCCESS:\n            return\n        value = None\n        message = response.get(\"message\", \"\")\n        screen: str = response.get(\"screen\", \"\")\n        stacktrace = None\n        if isinstance(status, int):\n            value_json = response.get(\"value\", None)\n            if value_json and isinstance(value_json, str):\n                import json\n    \n                try:\n                    value = json.loads(value_json)\n                    if len(value) == 1:\n                        value = value[\"value\"]\n                    status = value.get(\"error\", None)\n                    if not status:\n                        status = value.get(\"status\", ErrorCode.UNKNOWN_ERROR)\n                        message = value.get(\"value\") or value.get(\"message\")\n                        if not isinstance(message, str):\n                            value = message\n                            message = message.get(\"message\")\n                    else:\n                        message = value.get(\"message\", None)\n                except ValueError:\n                    pass\n    \n        exception_class: Type[WebDriverException]\n        e = ErrorCode()\n        error_codes = [item for item in dir(e) if not item.startswith(\"__\")]\n        for error_code in error_codes:\n            error_info = getattr(ErrorCode, error_code)\n            if isinstance(error_info, list) and status in error_info:\n                exception_class = getattr(ExceptionMapping, error_code, WebDriverException)\n                break\n        else:\n            exception_class = WebDriverException\n    \n        if not value:\n            value = response[\"value\"]\n        if isinstance(value, str):\n            raise exception_class(value)\n        if message == \"\" and \"message\" in value:\n            message = value[\"message\"]\n    \n        screen = None  # type: ignore[assignment]\n        if \"screen\" in value:\n            screen = value[\"screen\"]\n    \n        stacktrace = None\n        st_value = value.get(\"stackTrace\") or value.get(\"stacktrace\")\n        if st_value:\n            if isinstance(st_value, str):\n                stacktrace = st_value.split(\"\\n\")\n            else:\n                stacktrace = []\n                try:\n                    for frame in st_value:\n                        line = frame.get(\"lineNumber\", \"\")\n                        file = frame.get(\"fileName\", \"<anonymous>\")\n                        if line:\n                            file = f\"{file}:{line}\"\n                        meth = frame.get(\"methodName\", \"<anonymous>\")\n                        if \"className\" in frame:\n                            meth = f\"{frame['className']}.{meth}\"\n                        msg = \"    at %s (%s)\"\n                        msg = msg % (meth, file)\n                        stacktrace.append(msg)\n                except TypeError:\n                    pass\n        if exception_class == UnexpectedAlertPresentException:\n            alert_text = None\n            if \"data\" in value:\n                alert_text = value[\"data\"].get(\"text\")\n            elif \"alert\" in value:\n                alert_text = value[\"alert\"].get(\"text\")\n            raise exception_class(message, screen, stacktrace, alert_text)  # type: ignore[call-arg]  # mypy is not smart enough here\n>       raise exception_class(message, screen, stacktrace)\nE       selenium.common.exceptions.NoSuchElementException: Message: no such element: Unable to locate element: {\"method\":\"xpath\",\"selector\":\"//a[3]//div[2]//button[1]\"}\nE         (Session info: chrome=135.0.7049.114); For documentation on this error, please visit: https://www.selenium.dev/documentation/webdriver/troubleshooting/errors#no-such-element-exception\nE       Stacktrace:\nE       #0 0x56082f00175a <unknown>\nE       #1 0x56082eab44b0 <unknown>\nE       #2 0x56082eb059b3 <unknown>\nE       #3 0x56082eb05ba1 <unknown>\nE       #4 0x56082eb541f4 <unknown>\nE       #5 0x56082eb2b5bd <unknown>\nE       #6 0x56082eb515e0 <unknown>\nE       #7 0x56082eb2b363 <unknown>\nE       #8 0x56082eaf7d63 <unknown>\nE       #9 0x56082eaf89c1 <unknown>\nE       #10 0x56082efc6a6b <unknown>\nE       #11 0x56082efca951 <unknown>\nE       #12 0x56082efaeb62 <unknown>\nE       #13 0x56082efcb4c4 <unknown>\nE       #14 0x56082ef9313f <unknown>\nE       #15 0x56082efef6f8 <unknown>\nE       #16 0x56082efef8d6 <unknown>\nE       #17 0x56082f0005a6 <unknown>\nE       #18 0x7fc82e49caa4 <unknown>\nE       #19 0x7fc82e529c3c <unknown>\n\nvenv/lib/python3.11/site-packages/selenium/webdriver/remote/errorhandler.py:232: NoSuchElementException","flaky":false,"newFailed":false,"newBroken":false,"newPassed":false,"retriesCount":0,"retriesStatusChange":false,"beforeStages":[{"name":"driver","time":{"start":1746349784550,"stop":1746349785288,"duration":738},"status":"passed","steps":[],"attachments":[],"parameters":[],"shouldDisplayMessage":false,"stepsCount":0,"attachmentsCount":0,"hasContent":false,"attachmentStep":false}],"testStage":{"status":"broken","statusMessage":"selenium.common.exceptions.NoSuchElementException: Message: no such element: Unable to locate element: {\"method\":\"xpath\",\"selector\":\"//a[3]//div[2]//button[1]\"}\n  (Session info: chrome=135.0.7049.114); For documentation on this error, please visit: https://www.selenium.dev/documentation/webdriver/troubleshooting/errors#no-such-element-exception\nStacktrace:\n#0 0x56082f00175a <unknown>\n#1 0x56082eab44b0 <unknown>\n#2 0x56082eb059b3 <unknown>\n#3 0x56082eb05ba1 <unknown>\n#4 0x56082eb541f4 <unknown>\n#5 0x56082eb2b5bd <unknown>\n#6 0x56082eb515e0 <unknown>\n#7 0x56082eb2b363 <unknown>\n#8 0x56082eaf7d63 <unknown>\n#9 0x56082eaf89c1 <unknown>\n#10 0x56082efc6a6b <unknown>\n#11 0x56082efca951 <unknown>\n#12 0x56082efaeb62 <unknown>\n#13 0x56082efcb4c4 <unknown>\n#14 0x56082ef9313f <unknown>\n#15 0x56082efef6f8 <unknown>\n#16 0x56082efef8d6 <unknown>\n#17 0x56082f0005a6 <unknown>\n#18 0x7fc82e49caa4 <unknown>\n#19 0x7fc82e529c3c <unknown>","statusTrace":"driver = <selenium.webdriver.chrome.webdriver.WebDriver (session=\"586b535c0348a338a22d99788c829bc3\")>\n\n    def test_ui_quantity(driver):\n        driver.get(\"https://www.kurly.com/main\")\n        driver.maximize_window()\n    \n        search_box = driver.find_element(By.XPATH, \"//input[@placeholder='검색어를 입력해주세요']\")\n        search_box.send_keys(\"과자\")\n        search_box.send_keys(Keys.RETURN)\n    \n        driver.implicitly_wait(3)\n>       first_product = driver.find_element(By.XPATH, \"//a[3]//div[2]//button[1]\")\n\nsrc/tests/ui_tests/test_ui_quantity.py:14: \n_ _ _ _ _ _ _ _ _ _ _ _ _ _ _ _ _ _ _ _ _ _ _ _ _ _ _ _ _ _ _ _ _ _ _ _ _ _ _ _ \nvenv/lib/python3.11/site-packages/selenium/webdriver/remote/webdriver.py:770: in find_element\n    return self.execute(Command.FIND_ELEMENT, {\"using\": by, \"value\": value})[\"value\"]\nvenv/lib/python3.11/site-packages/selenium/webdriver/remote/webdriver.py:384: in execute\n    self.error_handler.check_response(response)\n_ _ _ _ _ _ _ _ _ _ _ _ _ _ _ _ _ _ _ _ _ _ _ _ _ _ _ _ _ _ _ _ _ _ _ _ _ _ _ _ \n\nself = <selenium.webdriver.remote.errorhandler.ErrorHandler object at 0x7f10d787a350>\nresponse = {'status': 404, 'value': '{\"value\":{\"error\":\"no such element\",\"message\":\"no such element: Unable to locate element: {\\...\\\\n#17 0x56082f0005a6 \\\\u003Cunknown>\\\\n#18 0x7fc82e49caa4 \\\\u003Cunknown>\\\\n#19 0x7fc82e529c3c \\\\u003Cunknown>\\\\n\"}}'}\n\n    def check_response(self, response: Dict[str, Any]) -> None:\n        \"\"\"Checks that a JSON response from the WebDriver does not have an\n        error.\n    \n        :Args:\n         - response - The JSON response from the WebDriver server as a dictionary\n           object.\n    \n        :Raises: If the response contains an error message.\n        \"\"\"\n        status = response.get(\"status\", None)\n        if not status or status == ErrorCode.SUCCESS:\n            return\n        value = None\n        message = response.get(\"message\", \"\")\n        screen: str = response.get(\"screen\", \"\")\n        stacktrace = None\n        if isinstance(status, int):\n            value_json = response.get(\"value\", None)\n            if value_json and isinstance(value_json, str):\n                import json\n    \n                try:\n                    value = json.loads(value_json)\n                    if len(value) == 1:\n                        value = value[\"value\"]\n                    status = value.get(\"error\", None)\n                    if not status:\n                        status = value.get(\"status\", ErrorCode.UNKNOWN_ERROR)\n                        message = value.get(\"value\") or value.get(\"message\")\n                        if not isinstance(message, str):\n                            value = message\n                            message = message.get(\"message\")\n                    else:\n                        message = value.get(\"message\", None)\n                except ValueError:\n                    pass\n    \n        exception_class: Type[WebDriverException]\n        e = ErrorCode()\n        error_codes = [item for item in dir(e) if not item.startswith(\"__\")]\n        for error_code in error_codes:\n            error_info = getattr(ErrorCode, error_code)\n            if isinstance(error_info, list) and status in error_info:\n                exception_class = getattr(ExceptionMapping, error_code, WebDriverException)\n                break\n        else:\n            exception_class = WebDriverException\n    \n        if not value:\n            value = response[\"value\"]\n        if isinstance(value, str):\n            raise exception_class(value)\n        if message == \"\" and \"message\" in value:\n            message = value[\"message\"]\n    \n        screen = None  # type: ignore[assignment]\n        if \"screen\" in value:\n            screen = value[\"screen\"]\n    \n        stacktrace = None\n        st_value = value.get(\"stackTrace\") or value.get(\"stacktrace\")\n        if st_value:\n            if isinstance(st_value, str):\n                stacktrace = st_value.split(\"\\n\")\n            else:\n                stacktrace = []\n                try:\n                    for frame in st_value:\n                        line = frame.get(\"lineNumber\", \"\")\n                        file = frame.get(\"fileName\", \"<anonymous>\")\n                        if line:\n                            file = f\"{file}:{line}\"\n                        meth = frame.get(\"methodName\", \"<anonymous>\")\n                        if \"className\" in frame:\n                            meth = f\"{frame['className']}.{meth}\"\n                        msg = \"    at %s (%s)\"\n                        msg = msg % (meth, file)\n                        stacktrace.append(msg)\n                except TypeError:\n                    pass\n        if exception_class == UnexpectedAlertPresentException:\n            alert_text = None\n            if \"data\" in value:\n                alert_text = value[\"data\"].get(\"text\")\n            elif \"alert\" in value:\n                alert_text = value[\"alert\"].get(\"text\")\n            raise exception_class(message, screen, stacktrace, alert_text)  # type: ignore[call-arg]  # mypy is not smart enough here\n>       raise exception_class(message, screen, stacktrace)\nE       selenium.common.exceptions.NoSuchElementException: Message: no such element: Unable to locate element: {\"method\":\"xpath\",\"selector\":\"//a[3]//div[2]//button[1]\"}\nE         (Session info: chrome=135.0.7049.114); For documentation on this error, please visit: https://www.selenium.dev/documentation/webdriver/troubleshooting/errors#no-such-element-exception\nE       Stacktrace:\nE       #0 0x56082f00175a <unknown>\nE       #1 0x56082eab44b0 <unknown>\nE       #2 0x56082eb059b3 <unknown>\nE       #3 0x56082eb05ba1 <unknown>\nE       #4 0x56082eb541f4 <unknown>\nE       #5 0x56082eb2b5bd <unknown>\nE       #6 0x56082eb515e0 <unknown>\nE       #7 0x56082eb2b363 <unknown>\nE       #8 0x56082eaf7d63 <unknown>\nE       #9 0x56082eaf89c1 <unknown>\nE       #10 0x56082efc6a6b <unknown>\nE       #11 0x56082efca951 <unknown>\nE       #12 0x56082efaeb62 <unknown>\nE       #13 0x56082efcb4c4 <unknown>\nE       #14 0x56082ef9313f <unknown>\nE       #15 0x56082efef6f8 <unknown>\nE       #16 0x56082efef8d6 <unknown>\nE       #17 0x56082f0005a6 <unknown>\nE       #18 0x7fc82e49caa4 <unknown>\nE       #19 0x7fc82e529c3c <unknown>\n\nvenv/lib/python3.11/site-packages/selenium/webdriver/remote/errorhandler.py:232: NoSuchElementException","steps":[],"attachments":[{"uid":"495856443e73be2c","name":"Failure Screenshot","source":"495856443e73be2c.png","type":"image/png","size":124543}],"parameters":[],"shouldDisplayMessage":true,"stepsCount":0,"attachmentsCount":1,"hasContent":true,"attachmentStep":false},"afterStages":[{"name":"driver::0","time":{"start":1746349791165,"stop":1746349791231,"duration":66},"status":"passed","steps":[],"attachments":[],"parameters":[],"shouldDisplayMessage":false,"stepsCount":0,"attachmentsCount":0,"hasContent":false,"attachmentStep":false}],"labels":[{"name":"parentSuite","value":"src.tests.ui_tests"},{"name":"suite","value":"test_ui_quantity"},{"name":"host","value":"fv-az2246-474"},{"name":"thread","value":"2551-MainThread"},{"name":"framework","value":"pytest"},{"name":"language","value":"cpython3"},{"name":"package","value":"src.tests.ui_tests.test_ui_quantity"},{"name":"resultFormat","value":"allure2"}],"parameters":[],"links":[],"hidden":false,"retry":false,"extra":{"severity":"normal","retries":[],"categories":[{"name":"Test defects","matchedStatuses":[],"flaky":false}],"tags":[]},"source":"fb1a48bde05e317d.json","parameterValues":[]}