{"name": "test_fail_screenshot", "status": "broken", "statusDetails": {"message": "selenium.common.exceptions.TimeoutException: Message: \nStacktrace:\n#0 0x55a8b67f0ffa <unknown>\n#1 0x55a8b62af970 <unknown>\n#2 0x55a8b6301385 <unknown>\n#3 0x55a8b63015b1 <unknown>\n#4 0x55a8b63503c4 <unknown>\n#5 0x55a8b63272bd <unknown>\n#6 0x55a8b634d70c <unknown>\n#7 0x55a8b6327063 <unknown>\n#8 0x55a8b62f3328 <unknown>\n#9 0x55a8b62f4491 <unknown>\n#10 0x55a8b67b842b <unknown>\n#11 0x55a8b67bc2ec <unknown>\n#12 0x55a8b679fa22 <unknown>\n#13 0x55a8b67bce64 <unknown>\n#14 0x55a8b6783bef <unknown>\n#15 0x55a8b67df558 <unknown>\n#16 0x55a8b67df736 <unknown>\n#17 0x55a8b67efe76 <unknown>\n#18 0x7f021169caa4 <unknown>\n#19 0x7f0211729c3c <unknown>", "trace": "@pytest.fixture(scope=\"module\")\n    def driver():\n        chrome_options = Options()\n    \n        chrome_options.add_argument(\"--headless\")  # GUI없는 환경에서도 실행 가능\n        chrome_options.add_argument(\"--disable-dev-shm-usage\") #메모리 부족 방지\n        chrome_options.add_argument(\"--no-sandbox\") #샌드박스 비활성화\n        chrome_options.add_argument(\"--disable-gpu\")\n        chrome_options.add_argument(\"--remote-debugging-port=9222\")\n        chrome_options.add_argument(\"--window-size=1920,1080\")\n    \n    \n        service_obj = Service(ChromeDriverManager().install())\n        driver = webdriver.Chrome(service=service_obj,options=chrome_options)\n    \n        driver.get(\"https://www.kurly.com/main\")\n>       WebDriverWait(driver, 10).until(\n            EC.presence_of_element_located((By.XPATH, \"//input[@id='gnb_search']\"))\n        )\n\nsrc/tests/ui_tests/conftest.py:30: \n_ _ _ _ _ _ _ _ _ _ _ _ _ _ _ _ _ _ _ _ _ _ _ _ _ _ _ _ _ _ _ _ _ _ _ _ _ _ _ _ \n\nself = <selenium.webdriver.support.wait.WebDriverWait (session=\"f53807fe678be329edda1e4afdff50ae\")>\nmethod = <function presence_of_element_located.<locals>._predicate at 0x7f7393f71620>\nmessage = ''\n\n    def until(self, method: Callable[[D], Union[Literal[False], T]], message: str = \"\") -> T:\n        \"\"\"Calls the method provided with the driver as an argument until the \\\n        return value does not evaluate to ``False``.\n    \n        :param method: callable(WebDriver)\n        :param message: optional message for :exc:`TimeoutException`\n        :returns: the result of the last call to `method`\n        :raises: :exc:`selenium.common.exceptions.TimeoutException` if timeout occurs\n        \"\"\"\n        screen = None\n        stacktrace = None\n    \n        end_time = time.monotonic() + self._timeout\n        while True:\n            try:\n                value = method(self._driver)\n                if value:\n                    return value\n            except self._ignored_exceptions as exc:\n                screen = getattr(exc, \"screen\", None)\n                stacktrace = getattr(exc, \"stacktrace\", None)\n            if time.monotonic() > end_time:\n                break\n            time.sleep(self._poll)\n>       raise TimeoutException(message, screen, stacktrace)\nE       selenium.common.exceptions.TimeoutException: Message: \nE       Stacktrace:\nE       #0 0x55a8b67f0ffa <unknown>\nE       #1 0x55a8b62af970 <unknown>\nE       #2 0x55a8b6301385 <unknown>\nE       #3 0x55a8b63015b1 <unknown>\nE       #4 0x55a8b63503c4 <unknown>\nE       #5 0x55a8b63272bd <unknown>\nE       #6 0x55a8b634d70c <unknown>\nE       #7 0x55a8b6327063 <unknown>\nE       #8 0x55a8b62f3328 <unknown>\nE       #9 0x55a8b62f4491 <unknown>\nE       #10 0x55a8b67b842b <unknown>\nE       #11 0x55a8b67bc2ec <unknown>\nE       #12 0x55a8b679fa22 <unknown>\nE       #13 0x55a8b67bce64 <unknown>\nE       #14 0x55a8b6783bef <unknown>\nE       #15 0x55a8b67df558 <unknown>\nE       #16 0x55a8b67df736 <unknown>\nE       #17 0x55a8b67efe76 <unknown>\nE       #18 0x7f021169caa4 <unknown>\nE       #19 0x7f0211729c3c <unknown>\n\nvenv/lib/python3.11/site-packages/selenium/webdriver/support/wait.py:105: TimeoutException"}, "description": "\n    일부러 실패하게 만드는 테스트\n    - 올바르지 않은 요소 선택\n    - 검색창이 없는 요소를 클릭 시도하여 실패 유발\n    ", "start": 1743024780644, "stop": 1743024780644, "uuid": "25e08358-09f8-4f7e-8088-e37461859cf5", "historyId": "295b0300b44e64aac7e9de8f2dd396ad", "testCaseId": "295b0300b44e64aac7e9de8f2dd396ad", "fullName": "src.tests.ui_tests.test_fail_screenshot#test_fail_screenshot", "labels": [{"name": "feature", "value": "UI 테스트"}, {"name": "story", "value": "검색창 실패 테스트"}, {"name": "parentSuite", "value": "src.tests.ui_tests"}, {"name": "suite", "value": "test_fail_screenshot"}, {"name": "host", "value": "fv-az1315-66"}, {"name": "thread", "value": "2530-MainThread"}, {"name": "framework", "value": "pytest"}, {"name": "language", "value": "cpython3"}, {"name": "package", "value": "src.tests.ui_tests.test_fail_screenshot"}]}