{"name": "test_login", "status": "broken", "statusDetails": {"message": "selenium.common.exceptions.TimeoutException: Message: \nStacktrace:\n#0 0x55f0224e6ffa <unknown>\n#1 0x55f021fa5970 <unknown>\n#2 0x55f021ff7385 <unknown>\n#3 0x55f021ff75b1 <unknown>\n#4 0x55f0220463c4 <unknown>\n#5 0x55f02201d2bd <unknown>\n#6 0x55f02204370c <unknown>\n#7 0x55f02201d063 <unknown>\n#8 0x55f021fe9328 <unknown>\n#9 0x55f021fea491 <unknown>\n#10 0x55f0224ae42b <unknown>\n#11 0x55f0224b22ec <unknown>\n#12 0x55f022495a22 <unknown>\n#13 0x55f0224b2e64 <unknown>\n#14 0x55f022479bef <unknown>\n#15 0x55f0224d5558 <unknown>\n#16 0x55f0224d5736 <unknown>\n#17 0x55f0224e5e76 <unknown>\n#18 0x7fa886a9caa4 <unknown>\n#19 0x7fa886b29c3c <unknown>", "trace": "@pytest.fixture(scope=\"module\")\n    def driver():\n        options = Options()\n        options.add_argument(\"--headless\")\n        options.add_argument(\"--disable-blink-features=AutomationControlled\")\n        options.add_argument(\"--no-sandbox\")\n        options.add_argument(\"--disable-dev-shm-usage\")\n        options.add_argument(\"--disable-gpu\")\n        options.add_argument(\"--window-size=1920,1080\")\n        options.add_argument(\"user-agent=Mozilla/5.0 (Windows NT 10.0; Win64; x64) AppleWebKit/537.36\")\n    \n        service = Service(ChromeDriverManager().install())\n        driver = webdriver.Chrome(service=service, options=options)\n    \n        # ✅ webdriver 감지 우회 (CDP 명령어)\n        driver.execute_cdp_cmd(\"Page.addScriptToEvaluateOnNewDocument\", {\n            \"source\": \"\"\"\n                Object.defineProperty(navigator, 'webdriver', {\n                    get: () => undefined\n                });\n            \"\"\"\n        })\n    \n        driver.get(\"https://www.kurly.com/main\")\n>       WebDriverWait(driver, 10).until(\n            EC.presence_of_element_located((By.XPATH, \"//input[@id='gnb_search']\"))\n        )\n\nsrc/tests/conftest.py:37: \n_ _ _ _ _ _ _ _ _ _ _ _ _ _ _ _ _ _ _ _ _ _ _ _ _ _ _ _ _ _ _ _ _ _ _ _ _ _ _ _ \n\nself = <selenium.webdriver.support.wait.WebDriverWait (session=\"dd43ba834552ab0e7dac63d59c3cc8a2\")>\nmethod = <function presence_of_element_located.<locals>._predicate at 0x7f547691f600>\nmessage = ''\n\n    def until(self, method: Callable[[D], Union[Literal[False], T]], message: str = \"\") -> T:\n        \"\"\"Calls the method provided with the driver as an argument until the \\\n        return value does not evaluate to ``False``.\n    \n        :param method: callable(WebDriver)\n        :param message: optional message for :exc:`TimeoutException`\n        :returns: the result of the last call to `method`\n        :raises: :exc:`selenium.common.exceptions.TimeoutException` if timeout occurs\n        \"\"\"\n        screen = None\n        stacktrace = None\n    \n        end_time = time.monotonic() + self._timeout\n        while True:\n            try:\n                value = method(self._driver)\n                if value:\n                    return value\n            except self._ignored_exceptions as exc:\n                screen = getattr(exc, \"screen\", None)\n                stacktrace = getattr(exc, \"stacktrace\", None)\n            if time.monotonic() > end_time:\n                break\n            time.sleep(self._poll)\n>       raise TimeoutException(message, screen, stacktrace)\nE       selenium.common.exceptions.TimeoutException: Message: \nE       Stacktrace:\nE       #0 0x55f0224e6ffa <unknown>\nE       #1 0x55f021fa5970 <unknown>\nE       #2 0x55f021ff7385 <unknown>\nE       #3 0x55f021ff75b1 <unknown>\nE       #4 0x55f0220463c4 <unknown>\nE       #5 0x55f02201d2bd <unknown>\nE       #6 0x55f02204370c <unknown>\nE       #7 0x55f02201d063 <unknown>\nE       #8 0x55f021fe9328 <unknown>\nE       #9 0x55f021fea491 <unknown>\nE       #10 0x55f0224ae42b <unknown>\nE       #11 0x55f0224b22ec <unknown>\nE       #12 0x55f022495a22 <unknown>\nE       #13 0x55f0224b2e64 <unknown>\nE       #14 0x55f022479bef <unknown>\nE       #15 0x55f0224d5558 <unknown>\nE       #16 0x55f0224d5736 <unknown>\nE       #17 0x55f0224e5e76 <unknown>\nE       #18 0x7fa886a9caa4 <unknown>\nE       #19 0x7fa886b29c3c <unknown>\n\nvenv/lib/python3.11/site-packages/selenium/webdriver/support/wait.py:105: TimeoutException"}, "start": 1743026905657, "stop": 1743026905657, "uuid": "236104ed-68b2-4fe1-84eb-806827ce3059", "historyId": "98e8f149c7227721782a965f730ba74a", "testCaseId": "98e8f149c7227721782a965f730ba74a", "fullName": "src.tests.ui_tests.test_ui_login#test_login", "labels": [{"name": "feature", "value": "UI 테스트"}, {"name": "story", "value": "로그인 테스트"}, {"name": "parentSuite", "value": "src.tests.ui_tests"}, {"name": "suite", "value": "test_ui_login"}, {"name": "host", "value": "fv-az1909-347"}, {"name": "thread", "value": "2520-MainThread"}, {"name": "framework", "value": "pytest"}, {"name": "language", "value": "cpython3"}, {"name": "package", "value": "src.tests.ui_tests.test_ui_login"}]}