{"name": "test_fail_screenshot", "status": "broken", "statusDetails": {"message": "selenium.common.exceptions.NoSuchElementException: Message: no such element: Unable to locate element: {\"method\":\"xpath\",\"selector\":\"//input[@id='gnb_search']\"}\n  (Session info: chrome=134.0.6998.88); For documentation on this error, please visit: https://www.selenium.dev/documentation/webdriver/troubleshooting/errors#no-such-element-exception\nStacktrace:\n#0 0x559a90929ffa <unknown>\n#1 0x559a903e8970 <unknown>\n#2 0x559a9043a385 <unknown>\n#3 0x559a9043a5b1 <unknown>\n#4 0x559a904893c4 <unknown>\n#5 0x559a904602bd <unknown>\n#6 0x559a9048670c <unknown>\n#7 0x559a90460063 <unknown>\n#8 0x559a9042c328 <unknown>\n#9 0x559a9042d491 <unknown>\n#10 0x559a908f142b <unknown>\n#11 0x559a908f52ec <unknown>\n#12 0x559a908d8a22 <unknown>\n#13 0x559a908f5e64 <unknown>\n#14 0x559a908bcbef <unknown>\n#15 0x559a90918558 <unknown>\n#16 0x559a90918736 <unknown>\n#17 0x559a90928e76 <unknown>\n#18 0x7f973dc9caa4 <unknown>\n#19 0x7f973dd29c3c <unknown>", "trace": "@pytest.fixture(scope=\"module\")\n    def driver():\n        chrome_options = Options()\n    \n        chrome_options.add_argument(\"--headless=new\")  # GUI없는 환경에서도 실행 가능\n        chrome_options.add_argument(\"--disable-dev-shm-usage\") #메모리 부족 방지\n        chrome_options.add_argument(\"--no-sandbox\") #샌드박스 비활성화\n        chrome_options.add_argument(\"--disable-gpu\")\n        chrome_options.add_argument(\"--remote-debugging-port=9222\")\n        chrome_options.add_argument(\"--window-size=1920,1080\")\n    \n    \n        service_obj = Service(ChromeDriverManager().install())\n        driver = webdriver.Chrome(service=service_obj,options=chrome_options)\n    \n        driver.get(\"https://www.kurly.com/main\")\n        driver.maximize_window()\n>       driver.find_element(By.XPATH,\"//input[@id='gnb_search']\").click()\n\nsrc/tests/ui_tests/conftest.py:29: \n_ _ _ _ _ _ _ _ _ _ _ _ _ _ _ _ _ _ _ _ _ _ _ _ _ _ _ _ _ _ _ _ _ _ _ _ _ _ _ _ \nvenv/lib/python3.11/site-packages/selenium/webdriver/remote/webdriver.py:770: in find_element\n    return self.execute(Command.FIND_ELEMENT, {\"using\": by, \"value\": value})[\"value\"]\nvenv/lib/python3.11/site-packages/selenium/webdriver/remote/webdriver.py:384: in execute\n    self.error_handler.check_response(response)\n_ _ _ _ _ _ _ _ _ _ _ _ _ _ _ _ _ _ _ _ _ _ _ _ _ _ _ _ _ _ _ _ _ _ _ _ _ _ _ _ \n\nself = <selenium.webdriver.remote.errorhandler.ErrorHandler object at 0x7f212ff61410>\nresponse = {'status': 404, 'value': '{\"value\":{\"error\":\"no such element\",\"message\":\"no such element: Unable to locate element: {\\...\\\\n#17 0x559a90928e76 \\\\u003Cunknown>\\\\n#18 0x7f973dc9caa4 \\\\u003Cunknown>\\\\n#19 0x7f973dd29c3c \\\\u003Cunknown>\\\\n\"}}'}\n\n    def check_response(self, response: Dict[str, Any]) -> None:\n        \"\"\"Checks that a JSON response from the WebDriver does not have an\n        error.\n    \n        :Args:\n         - response - The JSON response from the WebDriver server as a dictionary\n           object.\n    \n        :Raises: If the response contains an error message.\n        \"\"\"\n        status = response.get(\"status\", None)\n        if not status or status == ErrorCode.SUCCESS:\n            return\n        value = None\n        message = response.get(\"message\", \"\")\n        screen: str = response.get(\"screen\", \"\")\n        stacktrace = None\n        if isinstance(status, int):\n            value_json = response.get(\"value\", None)\n            if value_json and isinstance(value_json, str):\n                import json\n    \n                try:\n                    value = json.loads(value_json)\n                    if len(value) == 1:\n                        value = value[\"value\"]\n                    status = value.get(\"error\", None)\n                    if not status:\n                        status = value.get(\"status\", ErrorCode.UNKNOWN_ERROR)\n                        message = value.get(\"value\") or value.get(\"message\")\n                        if not isinstance(message, str):\n                            value = message\n                            message = message.get(\"message\")\n                    else:\n                        message = value.get(\"message\", None)\n                except ValueError:\n                    pass\n    \n        exception_class: Type[WebDriverException]\n        e = ErrorCode()\n        error_codes = [item for item in dir(e) if not item.startswith(\"__\")]\n        for error_code in error_codes:\n            error_info = getattr(ErrorCode, error_code)\n            if isinstance(error_info, list) and status in error_info:\n                exception_class = getattr(ExceptionMapping, error_code, WebDriverException)\n                break\n        else:\n            exception_class = WebDriverException\n    \n        if not value:\n            value = response[\"value\"]\n        if isinstance(value, str):\n            raise exception_class(value)\n        if message == \"\" and \"message\" in value:\n            message = value[\"message\"]\n    \n        screen = None  # type: ignore[assignment]\n        if \"screen\" in value:\n            screen = value[\"screen\"]\n    \n        stacktrace = None\n        st_value = value.get(\"stackTrace\") or value.get(\"stacktrace\")\n        if st_value:\n            if isinstance(st_value, str):\n                stacktrace = st_value.split(\"\\n\")\n            else:\n                stacktrace = []\n                try:\n                    for frame in st_value:\n                        line = frame.get(\"lineNumber\", \"\")\n                        file = frame.get(\"fileName\", \"<anonymous>\")\n                        if line:\n                            file = f\"{file}:{line}\"\n                        meth = frame.get(\"methodName\", \"<anonymous>\")\n                        if \"className\" in frame:\n                            meth = f\"{frame['className']}.{meth}\"\n                        msg = \"    at %s (%s)\"\n                        msg = msg % (meth, file)\n                        stacktrace.append(msg)\n                except TypeError:\n                    pass\n        if exception_class == UnexpectedAlertPresentException:\n            alert_text = None\n            if \"data\" in value:\n                alert_text = value[\"data\"].get(\"text\")\n            elif \"alert\" in value:\n                alert_text = value[\"alert\"].get(\"text\")\n            raise exception_class(message, screen, stacktrace, alert_text)  # type: ignore[call-arg]  # mypy is not smart enough here\n>       raise exception_class(message, screen, stacktrace)\nE       selenium.common.exceptions.NoSuchElementException: Message: no such element: Unable to locate element: {\"method\":\"xpath\",\"selector\":\"//input[@id='gnb_search']\"}\nE         (Session info: chrome=134.0.6998.88); For documentation on this error, please visit: https://www.selenium.dev/documentation/webdriver/troubleshooting/errors#no-such-element-exception\nE       Stacktrace:\nE       #0 0x559a90929ffa <unknown>\nE       #1 0x559a903e8970 <unknown>\nE       #2 0x559a9043a385 <unknown>\nE       #3 0x559a9043a5b1 <unknown>\nE       #4 0x559a904893c4 <unknown>\nE       #5 0x559a904602bd <unknown>\nE       #6 0x559a9048670c <unknown>\nE       #7 0x559a90460063 <unknown>\nE       #8 0x559a9042c328 <unknown>\nE       #9 0x559a9042d491 <unknown>\nE       #10 0x559a908f142b <unknown>\nE       #11 0x559a908f52ec <unknown>\nE       #12 0x559a908d8a22 <unknown>\nE       #13 0x559a908f5e64 <unknown>\nE       #14 0x559a908bcbef <unknown>\nE       #15 0x559a90918558 <unknown>\nE       #16 0x559a90918736 <unknown>\nE       #17 0x559a90928e76 <unknown>\nE       #18 0x7f973dc9caa4 <unknown>\nE       #19 0x7f973dd29c3c <unknown>\n\nvenv/lib/python3.11/site-packages/selenium/webdriver/remote/errorhandler.py:232: NoSuchElementException"}, "description": "\n    일부러 실패하게 만드는 테스트\n    - 올바르지 않은 요소 선택\n    - 검색창이 없는 요소를 클릭 시도하여 실패 유발\n    ", "start": 1742977964520, "stop": 1742977964520, "uuid": "f96dbdc1-d309-45fb-84d9-96f9f3baef3d", "historyId": "295b0300b44e64aac7e9de8f2dd396ad", "testCaseId": "295b0300b44e64aac7e9de8f2dd396ad", "fullName": "src.tests.ui_tests.test_fail_screenshot#test_fail_screenshot", "labels": [{"name": "feature", "value": "UI 테스트"}, {"name": "story", "value": "검색창 실패 테스트"}, {"name": "parentSuite", "value": "src.tests.ui_tests"}, {"name": "suite", "value": "test_fail_screenshot"}, {"name": "host", "value": "fv-az1118-840"}, {"name": "thread", "value": "2515-MainThread"}, {"name": "framework", "value": "pytest"}, {"name": "language", "value": "cpython3"}, {"name": "package", "value": "src.tests.ui_tests.test_fail_screenshot"}]}