{"name": "test_add_product", "status": "broken", "statusDetails": {"message": "selenium.common.exceptions.NoSuchElementException: Message: no such element: Unable to locate element: {\"method\":\"xpath\",\"selector\":\"//input[@id='gnb_search']\"}\n  (Session info: chrome=134.0.6998.88); For documentation on this error, please visit: https://www.selenium.dev/documentation/webdriver/troubleshooting/errors#no-such-element-exception\nStacktrace:\n#0 0x55e03f4bdffa <unknown>\n#1 0x55e03ef7c970 <unknown>\n#2 0x55e03efce385 <unknown>\n#3 0x55e03efce5b1 <unknown>\n#4 0x55e03f01d3c4 <unknown>\n#5 0x55e03eff42bd <unknown>\n#6 0x55e03f01a70c <unknown>\n#7 0x55e03eff4063 <unknown>\n#8 0x55e03efc0328 <unknown>\n#9 0x55e03efc1491 <unknown>\n#10 0x55e03f48542b <unknown>\n#11 0x55e03f4892ec <unknown>\n#12 0x55e03f46ca22 <unknown>\n#13 0x55e03f489e64 <unknown>\n#14 0x55e03f450bef <unknown>\n#15 0x55e03f4ac558 <unknown>\n#16 0x55e03f4ac736 <unknown>\n#17 0x55e03f4bce76 <unknown>\n#18 0x7f9f3dc9caa4 <unknown>\n#19 0x7f9f3dd29c3c <unknown>", "trace": "@pytest.fixture(scope=\"module\")\n    def driver():\n        chrome_options = Options()\n    \n        chrome_options.add_argument(\"--disable-dev-shm-usage\") #메모리 부족 방지\n        chrome_options.add_argument(\"--no-sandbox\") #샌드박스 비활성화\n        chrome_options.add_argument(\"--headless=new\") #GUI없는 환경에서도 실행 가능\n        chrome_options.add_argument(\"--disable-gpu\")\n        chrome_options.add_argument(\"--remote-debugging-port=9222\")\n    \n    \n        service_obj = Service(ChromeDriverManager().install())\n        driver = webdriver.Chrome(service=service_obj,options=chrome_options)\n    \n        driver.get(\"https://www.kurly.com/main\")\n        driver.maximize_window()\n>       driver.find_element(By.XPATH,\"//input[@id='gnb_search']\").click()\n\nsrc/tests/ui_tests/conftest.py:28: \n_ _ _ _ _ _ _ _ _ _ _ _ _ _ _ _ _ _ _ _ _ _ _ _ _ _ _ _ _ _ _ _ _ _ _ _ _ _ _ _ \nvenv/lib/python3.11/site-packages/selenium/webdriver/remote/webdriver.py:770: in find_element\n    return self.execute(Command.FIND_ELEMENT, {\"using\": by, \"value\": value})[\"value\"]\nvenv/lib/python3.11/site-packages/selenium/webdriver/remote/webdriver.py:384: in execute\n    self.error_handler.check_response(response)\n_ _ _ _ _ _ _ _ _ _ _ _ _ _ _ _ _ _ _ _ _ _ _ _ _ _ _ _ _ _ _ _ _ _ _ _ _ _ _ _ \n\nself = <selenium.webdriver.remote.errorhandler.ErrorHandler object at 0x7f5e84e35050>\nresponse = {'status': 404, 'value': '{\"value\":{\"error\":\"no such element\",\"message\":\"no such element: Unable to locate element: {\\...\\\\n#17 0x55e03f4bce76 \\\\u003Cunknown>\\\\n#18 0x7f9f3dc9caa4 \\\\u003Cunknown>\\\\n#19 0x7f9f3dd29c3c \\\\u003Cunknown>\\\\n\"}}'}\n\n    def check_response(self, response: Dict[str, Any]) -> None:\n        \"\"\"Checks that a JSON response from the WebDriver does not have an\n        error.\n    \n        :Args:\n         - response - The JSON response from the WebDriver server as a dictionary\n           object.\n    \n        :Raises: If the response contains an error message.\n        \"\"\"\n        status = response.get(\"status\", None)\n        if not status or status == ErrorCode.SUCCESS:\n            return\n        value = None\n        message = response.get(\"message\", \"\")\n        screen: str = response.get(\"screen\", \"\")\n        stacktrace = None\n        if isinstance(status, int):\n            value_json = response.get(\"value\", None)\n            if value_json and isinstance(value_json, str):\n                import json\n    \n                try:\n                    value = json.loads(value_json)\n                    if len(value) == 1:\n                        value = value[\"value\"]\n                    status = value.get(\"error\", None)\n                    if not status:\n                        status = value.get(\"status\", ErrorCode.UNKNOWN_ERROR)\n                        message = value.get(\"value\") or value.get(\"message\")\n                        if not isinstance(message, str):\n                            value = message\n                            message = message.get(\"message\")\n                    else:\n                        message = value.get(\"message\", None)\n                except ValueError:\n                    pass\n    \n        exception_class: Type[WebDriverException]\n        e = ErrorCode()\n        error_codes = [item for item in dir(e) if not item.startswith(\"__\")]\n        for error_code in error_codes:\n            error_info = getattr(ErrorCode, error_code)\n            if isinstance(error_info, list) and status in error_info:\n                exception_class = getattr(ExceptionMapping, error_code, WebDriverException)\n                break\n        else:\n            exception_class = WebDriverException\n    \n        if not value:\n            value = response[\"value\"]\n        if isinstance(value, str):\n            raise exception_class(value)\n        if message == \"\" and \"message\" in value:\n            message = value[\"message\"]\n    \n        screen = None  # type: ignore[assignment]\n        if \"screen\" in value:\n            screen = value[\"screen\"]\n    \n        stacktrace = None\n        st_value = value.get(\"stackTrace\") or value.get(\"stacktrace\")\n        if st_value:\n            if isinstance(st_value, str):\n                stacktrace = st_value.split(\"\\n\")\n            else:\n                stacktrace = []\n                try:\n                    for frame in st_value:\n                        line = frame.get(\"lineNumber\", \"\")\n                        file = frame.get(\"fileName\", \"<anonymous>\")\n                        if line:\n                            file = f\"{file}:{line}\"\n                        meth = frame.get(\"methodName\", \"<anonymous>\")\n                        if \"className\" in frame:\n                            meth = f\"{frame['className']}.{meth}\"\n                        msg = \"    at %s (%s)\"\n                        msg = msg % (meth, file)\n                        stacktrace.append(msg)\n                except TypeError:\n                    pass\n        if exception_class == UnexpectedAlertPresentException:\n            alert_text = None\n            if \"data\" in value:\n                alert_text = value[\"data\"].get(\"text\")\n            elif \"alert\" in value:\n                alert_text = value[\"alert\"].get(\"text\")\n            raise exception_class(message, screen, stacktrace, alert_text)  # type: ignore[call-arg]  # mypy is not smart enough here\n>       raise exception_class(message, screen, stacktrace)\nE       selenium.common.exceptions.NoSuchElementException: Message: no such element: Unable to locate element: {\"method\":\"xpath\",\"selector\":\"//input[@id='gnb_search']\"}\nE         (Session info: chrome=134.0.6998.88); For documentation on this error, please visit: https://www.selenium.dev/documentation/webdriver/troubleshooting/errors#no-such-element-exception\nE       Stacktrace:\nE       #0 0x55e03f4bdffa <unknown>\nE       #1 0x55e03ef7c970 <unknown>\nE       #2 0x55e03efce385 <unknown>\nE       #3 0x55e03efce5b1 <unknown>\nE       #4 0x55e03f01d3c4 <unknown>\nE       #5 0x55e03eff42bd <unknown>\nE       #6 0x55e03f01a70c <unknown>\nE       #7 0x55e03eff4063 <unknown>\nE       #8 0x55e03efc0328 <unknown>\nE       #9 0x55e03efc1491 <unknown>\nE       #10 0x55e03f48542b <unknown>\nE       #11 0x55e03f4892ec <unknown>\nE       #12 0x55e03f46ca22 <unknown>\nE       #13 0x55e03f489e64 <unknown>\nE       #14 0x55e03f450bef <unknown>\nE       #15 0x55e03f4ac558 <unknown>\nE       #16 0x55e03f4ac736 <unknown>\nE       #17 0x55e03f4bce76 <unknown>\nE       #18 0x7f9f3dc9caa4 <unknown>\nE       #19 0x7f9f3dd29c3c <unknown>\n\nvenv/lib/python3.11/site-packages/selenium/webdriver/remote/errorhandler.py:232: NoSuchElementException"}, "description": "\n       상품을 검색 후 추가하는 테스트\n       - 수량올리기, 수량내리기 기능 구현\n       - 검색 후 상품 선택 후 카트에 추가 구현\n       ", "start": 1742891543324, "stop": 1742891543324, "uuid": "3c1d7b3f-b2e7-490a-9067-249a4177e419", "historyId": "526f3c30b91fa0a947b5a8a8ff4d17c0", "testCaseId": "526f3c30b91fa0a947b5a8a8ff4d17c0", "fullName": "src.tests.ui_tests.test_ui_add_product#test_add_product", "labels": [{"name": "feature", "value": "UI 테스트"}, {"name": "story", "value": "상품 추가 테스트"}, {"name": "parentSuite", "value": "src.tests.ui_tests"}, {"name": "suite", "value": "test_ui_add_product"}, {"name": "host", "value": "fv-az1444-853"}, {"name": "thread", "value": "2546-MainThread"}, {"name": "framework", "value": "pytest"}, {"name": "language", "value": "cpython3"}, {"name": "package", "value": "src.tests.ui_tests.test_ui_add_product"}]}