{"name": "test_add_product", "status": "broken", "statusDetails": {"message": "selenium.common.exceptions.TimeoutException: Message: \nStacktrace:\n#0 0x55a2a8628ffa <unknown>\n#1 0x55a2a80e7970 <unknown>\n#2 0x55a2a8139385 <unknown>\n#3 0x55a2a81395b1 <unknown>\n#4 0x55a2a81883c4 <unknown>\n#5 0x55a2a815f2bd <unknown>\n#6 0x55a2a818570c <unknown>\n#7 0x55a2a815f063 <unknown>\n#8 0x55a2a812b328 <unknown>\n#9 0x55a2a812c491 <unknown>\n#10 0x55a2a85f042b <unknown>\n#11 0x55a2a85f42ec <unknown>\n#12 0x55a2a85d7a22 <unknown>\n#13 0x55a2a85f4e64 <unknown>\n#14 0x55a2a85bbbef <unknown>\n#15 0x55a2a8617558 <unknown>\n#16 0x55a2a8617736 <unknown>\n#17 0x55a2a8627e76 <unknown>\n#18 0x7f4854a9caa4 <unknown>\n#19 0x7f4854b29c3c <unknown>", "trace": "@pytest.fixture(scope=\"module\")\n    def driver():\n        options = Options()\n        options.add_argument(\"--headless\")\n        options.add_argument(\"--disable-blink-features=AutomationControlled\")\n        options.add_argument(\"--no-sandbox\")\n        options.add_argument(\"--disable-dev-shm-usage\")\n        options.add_argument(\"--disable-gpu\")\n        options.add_argument(\"--window-size=1920,1080\")\n        options.add_argument(\"user-agent=Mozilla/5.0 (Windows NT 10.0; Win64; x64) AppleWebKit/537.36\")\n    \n        service = Service(ChromeDriverManager().install())\n        driver = webdriver.Chrome(service=service, options=options)\n    \n        # ✅ webdriver 감지 우회 (CDP 명령어)\n        driver.execute_cdp_cmd(\"Page.addScriptToEvaluateOnNewDocument\", {\n            \"source\": \"\"\"\n                Object.defineProperty(navigator, 'webdriver', {\n                    get: () => undefined\n                });\n            \"\"\"\n        })\n    \n        driver.get(\"https://www.kurly.com/main\")\n>       WebDriverWait(driver, 10).until(\n            EC.presence_of_element_located((By.XPATH, \"//input[@id='gnb_search']\"))\n        )\n\nsrc/tests/conftest.py:37: \n_ _ _ _ _ _ _ _ _ _ _ _ _ _ _ _ _ _ _ _ _ _ _ _ _ _ _ _ _ _ _ _ _ _ _ _ _ _ _ _ \n\nself = <selenium.webdriver.support.wait.WebDriverWait (session=\"39ba9dadd4c822ada7149771ab19a4c5\")>\nmethod = <function presence_of_element_located.<locals>._predicate at 0x7f547691d940>\nmessage = ''\n\n    def until(self, method: Callable[[D], Union[Literal[False], T]], message: str = \"\") -> T:\n        \"\"\"Calls the method provided with the driver as an argument until the \\\n        return value does not evaluate to ``False``.\n    \n        :param method: callable(WebDriver)\n        :param message: optional message for :exc:`TimeoutException`\n        :returns: the result of the last call to `method`\n        :raises: :exc:`selenium.common.exceptions.TimeoutException` if timeout occurs\n        \"\"\"\n        screen = None\n        stacktrace = None\n    \n        end_time = time.monotonic() + self._timeout\n        while True:\n            try:\n                value = method(self._driver)\n                if value:\n                    return value\n            except self._ignored_exceptions as exc:\n                screen = getattr(exc, \"screen\", None)\n                stacktrace = getattr(exc, \"stacktrace\", None)\n            if time.monotonic() > end_time:\n                break\n            time.sleep(self._poll)\n>       raise TimeoutException(message, screen, stacktrace)\nE       selenium.common.exceptions.TimeoutException: Message: \nE       Stacktrace:\nE       #0 0x55a2a8628ffa <unknown>\nE       #1 0x55a2a80e7970 <unknown>\nE       #2 0x55a2a8139385 <unknown>\nE       #3 0x55a2a81395b1 <unknown>\nE       #4 0x55a2a81883c4 <unknown>\nE       #5 0x55a2a815f2bd <unknown>\nE       #6 0x55a2a818570c <unknown>\nE       #7 0x55a2a815f063 <unknown>\nE       #8 0x55a2a812b328 <unknown>\nE       #9 0x55a2a812c491 <unknown>\nE       #10 0x55a2a85f042b <unknown>\nE       #11 0x55a2a85f42ec <unknown>\nE       #12 0x55a2a85d7a22 <unknown>\nE       #13 0x55a2a85f4e64 <unknown>\nE       #14 0x55a2a85bbbef <unknown>\nE       #15 0x55a2a8617558 <unknown>\nE       #16 0x55a2a8617736 <unknown>\nE       #17 0x55a2a8627e76 <unknown>\nE       #18 0x7f4854a9caa4 <unknown>\nE       #19 0x7f4854b29c3c <unknown>\n\nvenv/lib/python3.11/site-packages/selenium/webdriver/support/wait.py:105: TimeoutException"}, "description": "\n       상품을 검색 후 추가하는 테스트\n       - 수량올리기, 수량내리기 기능 구현\n       - 검색 후 상품 선택 후 카트에 추가 구현\n       ", "start": 1743026867186, "stop": 1743026867186, "uuid": "99501e6f-985c-4f7e-8055-9a0a3d5f9f2d", "historyId": "526f3c30b91fa0a947b5a8a8ff4d17c0", "testCaseId": "526f3c30b91fa0a947b5a8a8ff4d17c0", "fullName": "src.tests.ui_tests.test_ui_add_product#test_add_product", "labels": [{"name": "feature", "value": "UI 테스트"}, {"name": "story", "value": "상품 추가 테스트"}, {"name": "parentSuite", "value": "src.tests.ui_tests"}, {"name": "suite", "value": "test_ui_add_product"}, {"name": "host", "value": "fv-az1909-347"}, {"name": "thread", "value": "2520-MainThread"}, {"name": "framework", "value": "pytest"}, {"name": "language", "value": "cpython3"}, {"name": "package", "value": "src.tests.ui_tests.test_ui_add_product"}]}