{"name": "test_category", "status": "broken", "statusDetails": {"message": "selenium.common.exceptions.TimeoutException: Message: \nStacktrace:\n#0 0x5555b5168ffa <unknown>\n#1 0x5555b4c27970 <unknown>\n#2 0x5555b4c79385 <unknown>\n#3 0x5555b4c795b1 <unknown>\n#4 0x5555b4cc83c4 <unknown>\n#5 0x5555b4c9f2bd <unknown>\n#6 0x5555b4cc570c <unknown>\n#7 0x5555b4c9f063 <unknown>\n#8 0x5555b4c6b328 <unknown>\n#9 0x5555b4c6c491 <unknown>\n#10 0x5555b513042b <unknown>\n#11 0x5555b51342ec <unknown>\n#12 0x5555b5117a22 <unknown>\n#13 0x5555b5134e64 <unknown>\n#14 0x5555b50fbbef <unknown>\n#15 0x5555b5157558 <unknown>\n#16 0x5555b5157736 <unknown>\n#17 0x5555b5167e76 <unknown>\n#18 0x7fe60e29caa4 <unknown>\n#19 0x7fe60e329c3c <unknown>", "trace": "@pytest.fixture(scope=\"module\")\n    def driver():\n        chrome_options = Options()\n    \n        chrome_options.add_argument(\"--headless=new\")  # GUI없는 환경에서도 실행 가능\n        chrome_options.add_argument(\"--disable-dev-shm-usage\") #메모리 부족 방지\n        chrome_options.add_argument(\"--no-sandbox\") #샌드박스 비활성화\n        chrome_options.add_argument(\"--disable-gpu\")\n        chrome_options.add_argument(\"--remote-debugging-port=9222\")\n        chrome_options.add_argument(\"--window-size=1920,1080\")\n    \n    \n        service_obj = Service(ChromeDriverManager().install())\n        driver = webdriver.Chrome(service=service_obj,options=chrome_options)\n    \n        driver.get(\"https://www.kurly.com/main\")\n        try:\n            search_box = WebDriverWait(driver, 10).until(\n                EC.presence_of_element_located((By.XPATH, \"//input[@id='gnb_search']\"))\n            )\n            search_box.click()\n        except Exception as e:\n            driver.save_screenshot(\"debug_searchbox_fail.png\")\n>           raise e\n\nsrc/tests/ui_tests/conftest.py:36: \n_ _ _ _ _ _ _ _ _ _ _ _ _ _ _ _ _ _ _ _ _ _ _ _ _ _ _ _ _ _ _ _ _ _ _ _ _ _ _ _ \nsrc/tests/ui_tests/conftest.py:30: in driver\n    search_box = WebDriverWait(driver, 10).until(\n_ _ _ _ _ _ _ _ _ _ _ _ _ _ _ _ _ _ _ _ _ _ _ _ _ _ _ _ _ _ _ _ _ _ _ _ _ _ _ _ \n\nself = <selenium.webdriver.support.wait.WebDriverWait (session=\"575a9e89cfe66cb066f65358131501f3\")>\nmethod = <function presence_of_element_located.<locals>._predicate at 0x7fbba6fce160>\nmessage = ''\n\n    def until(self, method: Callable[[D], Union[Literal[False], T]], message: str = \"\") -> T:\n        \"\"\"Calls the method provided with the driver as an argument until the \\\n        return value does not evaluate to ``False``.\n    \n        :param method: callable(WebDriver)\n        :param message: optional message for :exc:`TimeoutException`\n        :returns: the result of the last call to `method`\n        :raises: :exc:`selenium.common.exceptions.TimeoutException` if timeout occurs\n        \"\"\"\n        screen = None\n        stacktrace = None\n    \n        end_time = time.monotonic() + self._timeout\n        while True:\n            try:\n                value = method(self._driver)\n                if value:\n                    return value\n            except self._ignored_exceptions as exc:\n                screen = getattr(exc, \"screen\", None)\n                stacktrace = getattr(exc, \"stacktrace\", None)\n            if time.monotonic() > end_time:\n                break\n            time.sleep(self._poll)\n>       raise TimeoutException(message, screen, stacktrace)\nE       selenium.common.exceptions.TimeoutException: Message: \nE       Stacktrace:\nE       #0 0x5555b5168ffa <unknown>\nE       #1 0x5555b4c27970 <unknown>\nE       #2 0x5555b4c79385 <unknown>\nE       #3 0x5555b4c795b1 <unknown>\nE       #4 0x5555b4cc83c4 <unknown>\nE       #5 0x5555b4c9f2bd <unknown>\nE       #6 0x5555b4cc570c <unknown>\nE       #7 0x5555b4c9f063 <unknown>\nE       #8 0x5555b4c6b328 <unknown>\nE       #9 0x5555b4c6c491 <unknown>\nE       #10 0x5555b513042b <unknown>\nE       #11 0x5555b51342ec <unknown>\nE       #12 0x5555b5117a22 <unknown>\nE       #13 0x5555b5134e64 <unknown>\nE       #14 0x5555b50fbbef <unknown>\nE       #15 0x5555b5157558 <unknown>\nE       #16 0x5555b5157736 <unknown>\nE       #17 0x5555b5167e76 <unknown>\nE       #18 0x7fe60e29caa4 <unknown>\nE       #19 0x7fe60e329c3c <unknown>\n\nvenv/lib/python3.11/site-packages/selenium/webdriver/support/wait.py:105: TimeoutException"}, "start": 1742981786742, "stop": 1742981786742, "uuid": "f783600a-004d-4de7-8a76-73684f3396d5", "historyId": "bdd47d824380b8945b6f725c5ea0b675", "testCaseId": "bdd47d824380b8945b6f725c5ea0b675", "fullName": "src.tests.ui_tests.test_ui_category#test_category", "labels": [{"name": "feature", "value": "UI 테스트"}, {"name": "story", "value": "카테고리 기능 테스트"}, {"name": "parentSuite", "value": "src.tests.ui_tests"}, {"name": "suite", "value": "test_ui_category"}, {"name": "host", "value": "fv-az2211-234"}, {"name": "thread", "value": "2526-MainThread"}, {"name": "framework", "value": "pytest"}, {"name": "language", "value": "cpython3"}, {"name": "package", "value": "src.tests.ui_tests.test_ui_category"}]}