{"name": "test_fail_screenshot", "status": "broken", "statusDetails": {"message": "selenium.common.exceptions.TimeoutException: Message: \nStacktrace:\n#0 0x55aad0f92ffa <unknown>\n#1 0x55aad0a51970 <unknown>\n#2 0x55aad0aa3385 <unknown>\n#3 0x55aad0aa35b1 <unknown>\n#4 0x55aad0af23c4 <unknown>\n#5 0x55aad0ac92bd <unknown>\n#6 0x55aad0aef70c <unknown>\n#7 0x55aad0ac9063 <unknown>\n#8 0x55aad0a95328 <unknown>\n#9 0x55aad0a96491 <unknown>\n#10 0x55aad0f5a42b <unknown>\n#11 0x55aad0f5e2ec <unknown>\n#12 0x55aad0f41a22 <unknown>\n#13 0x55aad0f5ee64 <unknown>\n#14 0x55aad0f25bef <unknown>\n#15 0x55aad0f81558 <unknown>\n#16 0x55aad0f81736 <unknown>\n#17 0x55aad0f91e76 <unknown>\n#18 0x7fdebf49caa4 <unknown>\n#19 0x7fdebf529c3c <unknown>", "trace": "@pytest.fixture(scope=\"module\")\n    def driver():\n        chrome_options = Options()\n    \n        chrome_options.add_argument(\"--headless=new\")  # GUI없는 환경에서도 실행 가능\n        chrome_options.add_argument(\"--disable-dev-shm-usage\") #메모리 부족 방지\n        chrome_options.add_argument(\"--no-sandbox\") #샌드박스 비활성화\n        chrome_options.add_argument(\"--disable-gpu\")\n        chrome_options.add_argument(\"--remote-debugging-port=9222\")\n        chrome_options.add_argument(\"--window-size=1920,1080\")\n    \n    \n        service_obj = Service(ChromeDriverManager().install())\n        driver = webdriver.Chrome(service=service_obj,options=chrome_options)\n    \n        driver.get(\"https://www.kurly.com/main\")\n        try:\n            search_box = WebDriverWait(driver, 10).until(\n                EC.presence_of_element_located((By.XPATH, \"//input[@id='gnb_search']\"))\n            )\n            search_box.click()\n        except Exception as e:\n            driver.save_screenshot(\"debug_searchbox_fail.png\")\n>           raise e\n\nsrc/tests/ui_tests/conftest.py:36: \n_ _ _ _ _ _ _ _ _ _ _ _ _ _ _ _ _ _ _ _ _ _ _ _ _ _ _ _ _ _ _ _ _ _ _ _ _ _ _ _ \nsrc/tests/ui_tests/conftest.py:30: in driver\n    search_box = WebDriverWait(driver, 10).until(\n_ _ _ _ _ _ _ _ _ _ _ _ _ _ _ _ _ _ _ _ _ _ _ _ _ _ _ _ _ _ _ _ _ _ _ _ _ _ _ _ \n\nself = <selenium.webdriver.support.wait.WebDriverWait (session=\"0997fa52c3c67bf32742fbbb46c59355\")>\nmethod = <function presence_of_element_located.<locals>._predicate at 0x7fbbabf85620>\nmessage = ''\n\n    def until(self, method: Callable[[D], Union[Literal[False], T]], message: str = \"\") -> T:\n        \"\"\"Calls the method provided with the driver as an argument until the \\\n        return value does not evaluate to ``False``.\n    \n        :param method: callable(WebDriver)\n        :param message: optional message for :exc:`TimeoutException`\n        :returns: the result of the last call to `method`\n        :raises: :exc:`selenium.common.exceptions.TimeoutException` if timeout occurs\n        \"\"\"\n        screen = None\n        stacktrace = None\n    \n        end_time = time.monotonic() + self._timeout\n        while True:\n            try:\n                value = method(self._driver)\n                if value:\n                    return value\n            except self._ignored_exceptions as exc:\n                screen = getattr(exc, \"screen\", None)\n                stacktrace = getattr(exc, \"stacktrace\", None)\n            if time.monotonic() > end_time:\n                break\n            time.sleep(self._poll)\n>       raise TimeoutException(message, screen, stacktrace)\nE       selenium.common.exceptions.TimeoutException: Message: \nE       Stacktrace:\nE       #0 0x55aad0f92ffa <unknown>\nE       #1 0x55aad0a51970 <unknown>\nE       #2 0x55aad0aa3385 <unknown>\nE       #3 0x55aad0aa35b1 <unknown>\nE       #4 0x55aad0af23c4 <unknown>\nE       #5 0x55aad0ac92bd <unknown>\nE       #6 0x55aad0aef70c <unknown>\nE       #7 0x55aad0ac9063 <unknown>\nE       #8 0x55aad0a95328 <unknown>\nE       #9 0x55aad0a96491 <unknown>\nE       #10 0x55aad0f5a42b <unknown>\nE       #11 0x55aad0f5e2ec <unknown>\nE       #12 0x55aad0f41a22 <unknown>\nE       #13 0x55aad0f5ee64 <unknown>\nE       #14 0x55aad0f25bef <unknown>\nE       #15 0x55aad0f81558 <unknown>\nE       #16 0x55aad0f81736 <unknown>\nE       #17 0x55aad0f91e76 <unknown>\nE       #18 0x7fdebf49caa4 <unknown>\nE       #19 0x7fdebf529c3c <unknown>\n\nvenv/lib/python3.11/site-packages/selenium/webdriver/support/wait.py:105: TimeoutException"}, "description": "\n    일부러 실패하게 만드는 테스트\n    - 올바르지 않은 요소 선택\n    - 검색창이 없는 요소를 클릭 시도하여 실패 유발\n    ", "start": 1742981737927, "stop": 1742981737927, "uuid": "f74a1786-42fb-4463-88a4-9878e72efb83", "historyId": "295b0300b44e64aac7e9de8f2dd396ad", "testCaseId": "295b0300b44e64aac7e9de8f2dd396ad", "fullName": "src.tests.ui_tests.test_fail_screenshot#test_fail_screenshot", "labels": [{"name": "story", "value": "검색창 실패 테스트"}, {"name": "feature", "value": "UI 테스트"}, {"name": "parentSuite", "value": "src.tests.ui_tests"}, {"name": "suite", "value": "test_fail_screenshot"}, {"name": "host", "value": "fv-az2211-234"}, {"name": "thread", "value": "2526-MainThread"}, {"name": "framework", "value": "pytest"}, {"name": "language", "value": "cpython3"}, {"name": "package", "value": "src.tests.ui_tests.test_fail_screenshot"}]}