{"uid":"42199152027be80e","name":"test_ui_quantity","fullName":"src.tests.ui_tests.test_ui_quantity#test_ui_quantity","historyId":"31122071b8d50a7f2bd2278c4306f76d","time":{"start":1746139446292,"stop":1746139451350,"duration":5058},"status":"broken","statusMessage":"selenium.common.exceptions.NoSuchElementException: Message: no such element: Unable to locate element: {\"method\":\"xpath\",\"selector\":\"//a[3]//div[2]//button[1]\"}\n  (Session info: chrome=136.0.7103.59); For documentation on this error, please visit: https://www.selenium.dev/documentation/webdriver/troubleshooting/errors#no-such-element-exception\nStacktrace:\n#0 0x5640c5c597fa <unknown>\n#1 0x5640c56fde90 <unknown>\n#2 0x5640c574f870 <unknown>\n#3 0x5640c574fa61 <unknown>\n#4 0x5640c579dcb4 <unknown>\n#5 0x5640c577526d <unknown>\n#6 0x5640c579b135 <unknown>\n#7 0x5640c5775013 <unknown>\n#8 0x5640c5741b3b <unknown>\n#9 0x5640c57427a1 <unknown>\n#10 0x5640c5c1eb9b <unknown>\n#11 0x5640c5c22a8a <unknown>\n#12 0x5640c5c06912 <unknown>\n#13 0x5640c5c23604 <unknown>\n#14 0x5640c5beb74f <unknown>\n#15 0x5640c5c47678 <unknown>\n#16 0x5640c5c47856 <unknown>\n#17 0x5640c5c58666 <unknown>\n#18 0x7fcc99b851f5 <unknown>","statusTrace":"driver = <selenium.webdriver.chrome.webdriver.WebDriver (session=\"3de08c4759397785f4f885f40525e0f4\")>\n\n    def test_ui_quantity(driver):\n        driver.get(\"https://www.kurly.com/main\")\n        driver.maximize_window()\n    \n        search_box = driver.find_element(By.XPATH, \"//input[@placeholder='검색어를 입력해주세요']\")\n        search_box.send_keys(\"과자\")\n        search_box.send_keys(Keys.RETURN)\n    \n        driver.implicitly_wait(3)\n>       first_product = driver.find_element(By.XPATH, \"//a[3]//div[2]//button[1]\")\n\nsrc/tests/ui_tests/test_ui_quantity.py:14: \n_ _ _ _ _ _ _ _ _ _ _ _ _ _ _ _ _ _ _ _ _ _ _ _ _ _ _ _ _ _ _ _ _ _ _ _ _ _ _ _ \n/usr/local/lib/python3.13/site-packages/selenium/webdriver/remote/webdriver.py:898: in find_element\n    return self.execute(Command.FIND_ELEMENT, {\"using\": by, \"value\": value})[\"value\"]\n/usr/local/lib/python3.13/site-packages/selenium/webdriver/remote/webdriver.py:429: in execute\n    self.error_handler.check_response(response)\n_ _ _ _ _ _ _ _ _ _ _ _ _ _ _ _ _ _ _ _ _ _ _ _ _ _ _ _ _ _ _ _ _ _ _ _ _ _ _ _ \n\nself = <selenium.webdriver.remote.errorhandler.ErrorHandler object at 0x7fc24b9bb360>\nresponse = {'status': 404, 'value': '{\"value\":{\"error\":\"no such element\",\"message\":\"no such element: Unable to locate element: {\\...\\\\n#16 0x5640c5c47856 \\\\u003Cunknown>\\\\n#17 0x5640c5c58666 \\\\u003Cunknown>\\\\n#18 0x7fcc99b851f5 \\\\u003Cunknown>\\\\n\"}}'}\n\n    def check_response(self, response: Dict[str, Any]) -> None:\n        \"\"\"Checks that a JSON response from the WebDriver does not have an\n        error.\n    \n        :Args:\n         - response - The JSON response from the WebDriver server as a dictionary\n           object.\n    \n        :Raises: If the response contains an error message.\n        \"\"\"\n        status = response.get(\"status\", None)\n        if not status or status == ErrorCode.SUCCESS:\n            return\n        value = None\n        message = response.get(\"message\", \"\")\n        screen: str = response.get(\"screen\", \"\")\n        stacktrace = None\n        if isinstance(status, int):\n            value_json = response.get(\"value\", None)\n            if value_json and isinstance(value_json, str):\n                import json\n    \n                try:\n                    value = json.loads(value_json)\n                    if len(value) == 1:\n                        value = value[\"value\"]\n                    status = value.get(\"error\", None)\n                    if not status:\n                        status = value.get(\"status\", ErrorCode.UNKNOWN_ERROR)\n                        message = value.get(\"value\") or value.get(\"message\")\n                        if not isinstance(message, str):\n                            value = message\n                            message = message.get(\"message\")\n                    else:\n                        message = value.get(\"message\", None)\n                except ValueError:\n                    pass\n    \n        exception_class: Type[WebDriverException]\n        e = ErrorCode()\n        error_codes = [item for item in dir(e) if not item.startswith(\"__\")]\n        for error_code in error_codes:\n            error_info = getattr(ErrorCode, error_code)\n            if isinstance(error_info, list) and status in error_info:\n                exception_class = getattr(ExceptionMapping, error_code, WebDriverException)\n                break\n        else:\n            exception_class = WebDriverException\n    \n        if not value:\n            value = response[\"value\"]\n        if isinstance(value, str):\n            raise exception_class(value)\n        if message == \"\" and \"message\" in value:\n            message = value[\"message\"]\n    \n        screen = None  # type: ignore[assignment]\n        if \"screen\" in value:\n            screen = value[\"screen\"]\n    \n        stacktrace = None\n        st_value = value.get(\"stackTrace\") or value.get(\"stacktrace\")\n        if st_value:\n            if isinstance(st_value, str):\n                stacktrace = st_value.split(\"\\n\")\n            else:\n                stacktrace = []\n                try:\n                    for frame in st_value:\n                        line = frame.get(\"lineNumber\", \"\")\n                        file = frame.get(\"fileName\", \"<anonymous>\")\n                        if line:\n                            file = f\"{file}:{line}\"\n                        meth = frame.get(\"methodName\", \"<anonymous>\")\n                        if \"className\" in frame:\n                            meth = f\"{frame['className']}.{meth}\"\n                        msg = \"    at %s (%s)\"\n                        msg = msg % (meth, file)\n                        stacktrace.append(msg)\n                except TypeError:\n                    pass\n        if exception_class == UnexpectedAlertPresentException:\n            alert_text = None\n            if \"data\" in value:\n                alert_text = value[\"data\"].get(\"text\")\n            elif \"alert\" in value:\n                alert_text = value[\"alert\"].get(\"text\")\n            raise exception_class(message, screen, stacktrace, alert_text)  # type: ignore[call-arg]  # mypy is not smart enough here\n>       raise exception_class(message, screen, stacktrace)\nE       selenium.common.exceptions.NoSuchElementException: Message: no such element: Unable to locate element: {\"method\":\"xpath\",\"selector\":\"//a[3]//div[2]//button[1]\"}\nE         (Session info: chrome=136.0.7103.59); For documentation on this error, please visit: https://www.selenium.dev/documentation/webdriver/troubleshooting/errors#no-such-element-exception\nE       Stacktrace:\nE       #0 0x5640c5c597fa <unknown>\nE       #1 0x5640c56fde90 <unknown>\nE       #2 0x5640c574f870 <unknown>\nE       #3 0x5640c574fa61 <unknown>\nE       #4 0x5640c579dcb4 <unknown>\nE       #5 0x5640c577526d <unknown>\nE       #6 0x5640c579b135 <unknown>\nE       #7 0x5640c5775013 <unknown>\nE       #8 0x5640c5741b3b <unknown>\nE       #9 0x5640c57427a1 <unknown>\nE       #10 0x5640c5c1eb9b <unknown>\nE       #11 0x5640c5c22a8a <unknown>\nE       #12 0x5640c5c06912 <unknown>\nE       #13 0x5640c5c23604 <unknown>\nE       #14 0x5640c5beb74f <unknown>\nE       #15 0x5640c5c47678 <unknown>\nE       #16 0x5640c5c47856 <unknown>\nE       #17 0x5640c5c58666 <unknown>\nE       #18 0x7fcc99b851f5 <unknown>\n\n/usr/local/lib/python3.13/site-packages/selenium/webdriver/remote/errorhandler.py:232: NoSuchElementException","flaky":false,"newFailed":false,"newBroken":false,"newPassed":false,"retriesCount":0,"retriesStatusChange":false,"beforeStages":[],"testStage":{"status":"broken","statusMessage":"selenium.common.exceptions.NoSuchElementException: Message: no such element: Unable to locate element: {\"method\":\"xpath\",\"selector\":\"//a[3]//div[2]//button[1]\"}\n  (Session info: chrome=136.0.7103.59); For documentation on this error, please visit: https://www.selenium.dev/documentation/webdriver/troubleshooting/errors#no-such-element-exception\nStacktrace:\n#0 0x5640c5c597fa <unknown>\n#1 0x5640c56fde90 <unknown>\n#2 0x5640c574f870 <unknown>\n#3 0x5640c574fa61 <unknown>\n#4 0x5640c579dcb4 <unknown>\n#5 0x5640c577526d <unknown>\n#6 0x5640c579b135 <unknown>\n#7 0x5640c5775013 <unknown>\n#8 0x5640c5741b3b <unknown>\n#9 0x5640c57427a1 <unknown>\n#10 0x5640c5c1eb9b <unknown>\n#11 0x5640c5c22a8a <unknown>\n#12 0x5640c5c06912 <unknown>\n#13 0x5640c5c23604 <unknown>\n#14 0x5640c5beb74f <unknown>\n#15 0x5640c5c47678 <unknown>\n#16 0x5640c5c47856 <unknown>\n#17 0x5640c5c58666 <unknown>\n#18 0x7fcc99b851f5 <unknown>","statusTrace":"driver = <selenium.webdriver.chrome.webdriver.WebDriver (session=\"3de08c4759397785f4f885f40525e0f4\")>\n\n    def test_ui_quantity(driver):\n        driver.get(\"https://www.kurly.com/main\")\n        driver.maximize_window()\n    \n        search_box = driver.find_element(By.XPATH, \"//input[@placeholder='검색어를 입력해주세요']\")\n        search_box.send_keys(\"과자\")\n        search_box.send_keys(Keys.RETURN)\n    \n        driver.implicitly_wait(3)\n>       first_product = driver.find_element(By.XPATH, \"//a[3]//div[2]//button[1]\")\n\nsrc/tests/ui_tests/test_ui_quantity.py:14: \n_ _ _ _ _ _ _ _ _ _ _ _ _ _ _ _ _ _ _ _ _ _ _ _ _ _ _ _ _ _ _ _ _ _ _ _ _ _ _ _ \n/usr/local/lib/python3.13/site-packages/selenium/webdriver/remote/webdriver.py:898: in find_element\n    return self.execute(Command.FIND_ELEMENT, {\"using\": by, \"value\": value})[\"value\"]\n/usr/local/lib/python3.13/site-packages/selenium/webdriver/remote/webdriver.py:429: in execute\n    self.error_handler.check_response(response)\n_ _ _ _ _ _ _ _ _ _ _ _ _ _ _ _ _ _ _ _ _ _ _ _ _ _ _ _ _ _ _ _ _ _ _ _ _ _ _ _ \n\nself = <selenium.webdriver.remote.errorhandler.ErrorHandler object at 0x7fc24b9bb360>\nresponse = {'status': 404, 'value': '{\"value\":{\"error\":\"no such element\",\"message\":\"no such element: Unable to locate element: {\\...\\\\n#16 0x5640c5c47856 \\\\u003Cunknown>\\\\n#17 0x5640c5c58666 \\\\u003Cunknown>\\\\n#18 0x7fcc99b851f5 \\\\u003Cunknown>\\\\n\"}}'}\n\n    def check_response(self, response: Dict[str, Any]) -> None:\n        \"\"\"Checks that a JSON response from the WebDriver does not have an\n        error.\n    \n        :Args:\n         - response - The JSON response from the WebDriver server as a dictionary\n           object.\n    \n        :Raises: If the response contains an error message.\n        \"\"\"\n        status = response.get(\"status\", None)\n        if not status or status == ErrorCode.SUCCESS:\n            return\n        value = None\n        message = response.get(\"message\", \"\")\n        screen: str = response.get(\"screen\", \"\")\n        stacktrace = None\n        if isinstance(status, int):\n            value_json = response.get(\"value\", None)\n            if value_json and isinstance(value_json, str):\n                import json\n    \n                try:\n                    value = json.loads(value_json)\n                    if len(value) == 1:\n                        value = value[\"value\"]\n                    status = value.get(\"error\", None)\n                    if not status:\n                        status = value.get(\"status\", ErrorCode.UNKNOWN_ERROR)\n                        message = value.get(\"value\") or value.get(\"message\")\n                        if not isinstance(message, str):\n                            value = message\n                            message = message.get(\"message\")\n                    else:\n                        message = value.get(\"message\", None)\n                except ValueError:\n                    pass\n    \n        exception_class: Type[WebDriverException]\n        e = ErrorCode()\n        error_codes = [item for item in dir(e) if not item.startswith(\"__\")]\n        for error_code in error_codes:\n            error_info = getattr(ErrorCode, error_code)\n            if isinstance(error_info, list) and status in error_info:\n                exception_class = getattr(ExceptionMapping, error_code, WebDriverException)\n                break\n        else:\n            exception_class = WebDriverException\n    \n        if not value:\n            value = response[\"value\"]\n        if isinstance(value, str):\n            raise exception_class(value)\n        if message == \"\" and \"message\" in value:\n            message = value[\"message\"]\n    \n        screen = None  # type: ignore[assignment]\n        if \"screen\" in value:\n            screen = value[\"screen\"]\n    \n        stacktrace = None\n        st_value = value.get(\"stackTrace\") or value.get(\"stacktrace\")\n        if st_value:\n            if isinstance(st_value, str):\n                stacktrace = st_value.split(\"\\n\")\n            else:\n                stacktrace = []\n                try:\n                    for frame in st_value:\n                        line = frame.get(\"lineNumber\", \"\")\n                        file = frame.get(\"fileName\", \"<anonymous>\")\n                        if line:\n                            file = f\"{file}:{line}\"\n                        meth = frame.get(\"methodName\", \"<anonymous>\")\n                        if \"className\" in frame:\n                            meth = f\"{frame['className']}.{meth}\"\n                        msg = \"    at %s (%s)\"\n                        msg = msg % (meth, file)\n                        stacktrace.append(msg)\n                except TypeError:\n                    pass\n        if exception_class == UnexpectedAlertPresentException:\n            alert_text = None\n            if \"data\" in value:\n                alert_text = value[\"data\"].get(\"text\")\n            elif \"alert\" in value:\n                alert_text = value[\"alert\"].get(\"text\")\n            raise exception_class(message, screen, stacktrace, alert_text)  # type: ignore[call-arg]  # mypy is not smart enough here\n>       raise exception_class(message, screen, stacktrace)\nE       selenium.common.exceptions.NoSuchElementException: Message: no such element: Unable to locate element: {\"method\":\"xpath\",\"selector\":\"//a[3]//div[2]//button[1]\"}\nE         (Session info: chrome=136.0.7103.59); For documentation on this error, please visit: https://www.selenium.dev/documentation/webdriver/troubleshooting/errors#no-such-element-exception\nE       Stacktrace:\nE       #0 0x5640c5c597fa <unknown>\nE       #1 0x5640c56fde90 <unknown>\nE       #2 0x5640c574f870 <unknown>\nE       #3 0x5640c574fa61 <unknown>\nE       #4 0x5640c579dcb4 <unknown>\nE       #5 0x5640c577526d <unknown>\nE       #6 0x5640c579b135 <unknown>\nE       #7 0x5640c5775013 <unknown>\nE       #8 0x5640c5741b3b <unknown>\nE       #9 0x5640c57427a1 <unknown>\nE       #10 0x5640c5c1eb9b <unknown>\nE       #11 0x5640c5c22a8a <unknown>\nE       #12 0x5640c5c06912 <unknown>\nE       #13 0x5640c5c23604 <unknown>\nE       #14 0x5640c5beb74f <unknown>\nE       #15 0x5640c5c47678 <unknown>\nE       #16 0x5640c5c47856 <unknown>\nE       #17 0x5640c5c58666 <unknown>\nE       #18 0x7fcc99b851f5 <unknown>\n\n/usr/local/lib/python3.13/site-packages/selenium/webdriver/remote/errorhandler.py:232: NoSuchElementException","steps":[],"attachments":[{"name":"Failure Screenshot","type":"image/png","size":0}],"parameters":[],"shouldDisplayMessage":true,"stepsCount":0,"attachmentsCount":1,"hasContent":true,"attachmentStep":false},"afterStages":[],"labels":[{"name":"parentSuite","value":"src.tests.ui_tests"},{"name":"suite","value":"test_ui_quantity"},{"name":"host","value":"83313f40ec4f"},{"name":"thread","value":"8-MainThread"},{"name":"framework","value":"pytest"},{"name":"language","value":"cpython3"},{"name":"package","value":"src.tests.ui_tests.test_ui_quantity"},{"name":"resultFormat","value":"allure2"}],"parameters":[],"links":[],"hidden":false,"retry":false,"extra":{"severity":"normal","retries":[],"categories":[{"name":"Test defects","matchedStatuses":[],"flaky":false}],"tags":[]},"source":"42199152027be80e.json","parameterValues":[]}