{"uid":"2238613fd52e0c19","name":"test_cart","fullName":"src.tests.ui_tests.test_ui_cart#test_cart","historyId":"a5c99d53abd33890bbdde8e20d7870d0","time":{"start":1743028640489,"stop":1743028653524,"duration":13035},"status":"failed","statusMessage":"Failed: ❌ 테스트 실패: Message: \nStacktrace:\n#0 0x564c8cf48ffa <unknown>\n#1 0x564c8ca07970 <unknown>\n#2 0x564c8ca59385 <unknown>\n#3 0x564c8ca595b1 <unknown>\n#4 0x564c8caa83c4 <unknown>\n#5 0x564c8ca7f2bd <unknown>\n#6 0x564c8caa570c <unknown>\n#7 0x564c8ca7f063 <unknown>\n#8 0x564c8ca4b328 <unknown>\n#9 0x564c8ca4c491 <unknown>\n#10 0x564c8cf1042b <unknown>\n#11 0x564c8cf142ec <unknown>\n#12 0x564c8cef7a22 <unknown>\n#13 0x564c8cf14e64 <unknown>\n#14 0x564c8cedbbef <unknown>\n#15 0x564c8cf37558 <unknown>\n#16 0x564c8cf37736 <unknown>\n#17 0x564c8cf47e76 <unknown>\n#18 0x7f669369caa4 <unknown>\n#19 0x7f6693729c3c <unknown>","statusTrace":"driver = <selenium.webdriver.chrome.webdriver.WebDriver (session=\"ade95acccd7f33e4777ddc7cce67e6af\")>\n\n    @allure.feature(\"UI 테스트\")\n    @allure.story(\"장바구니 화면 체크 테스트\")\n    def test_cart(driver):\n        try:\n          driver.get(\"https://www.kurly.com/main\")\n>         WebDriverWait(driver, 10).until(\n              EC.presence_of_element_located((By.XPATH, \"//button[contains(text(), '장바구니')]\"))\n          )\n\nsrc/tests/ui_tests/test_ui_cart.py:15: \n_ _ _ _ _ _ _ _ _ _ _ _ _ _ _ _ _ _ _ _ _ _ _ _ _ _ _ _ _ _ _ _ _ _ _ _ _ _ _ _ \n\nself = <selenium.webdriver.support.wait.WebDriverWait (session=\"ade95acccd7f33e4777ddc7cce67e6af\")>\nmethod = <function presence_of_element_located.<locals>._predicate at 0x7f10a8f3ee80>\nmessage = ''\n\n    def until(self, method: Callable[[D], Union[Literal[False], T]], message: str = \"\") -> T:\n        \"\"\"Calls the method provided with the driver as an argument until the \\\n        return value does not evaluate to ``False``.\n    \n        :param method: callable(WebDriver)\n        :param message: optional message for :exc:`TimeoutException`\n        :returns: the result of the last call to `method`\n        :raises: :exc:`selenium.common.exceptions.TimeoutException` if timeout occurs\n        \"\"\"\n        screen = None\n        stacktrace = None\n    \n        end_time = time.monotonic() + self._timeout\n        while True:\n            try:\n                value = method(self._driver)\n                if value:\n                    return value\n            except self._ignored_exceptions as exc:\n                screen = getattr(exc, \"screen\", None)\n                stacktrace = getattr(exc, \"stacktrace\", None)\n            if time.monotonic() > end_time:\n                break\n            time.sleep(self._poll)\n>       raise TimeoutException(message, screen, stacktrace)\nE       selenium.common.exceptions.TimeoutException: Message: \nE       Stacktrace:\nE       #0 0x564c8cf48ffa <unknown>\nE       #1 0x564c8ca07970 <unknown>\nE       #2 0x564c8ca59385 <unknown>\nE       #3 0x564c8ca595b1 <unknown>\nE       #4 0x564c8caa83c4 <unknown>\nE       #5 0x564c8ca7f2bd <unknown>\nE       #6 0x564c8caa570c <unknown>\nE       #7 0x564c8ca7f063 <unknown>\nE       #8 0x564c8ca4b328 <unknown>\nE       #9 0x564c8ca4c491 <unknown>\nE       #10 0x564c8cf1042b <unknown>\nE       #11 0x564c8cf142ec <unknown>\nE       #12 0x564c8cef7a22 <unknown>\nE       #13 0x564c8cf14e64 <unknown>\nE       #14 0x564c8cedbbef <unknown>\nE       #15 0x564c8cf37558 <unknown>\nE       #16 0x564c8cf37736 <unknown>\nE       #17 0x564c8cf47e76 <unknown>\nE       #18 0x7f669369caa4 <unknown>\nE       #19 0x7f6693729c3c <unknown>\n\nvenv/lib/python3.11/site-packages/selenium/webdriver/support/wait.py:105: TimeoutException\n\nDuring handling of the above exception, another exception occurred:\n\ndriver = <selenium.webdriver.chrome.webdriver.WebDriver (session=\"ade95acccd7f33e4777ddc7cce67e6af\")>\n\n    @allure.feature(\"UI 테스트\")\n    @allure.story(\"장바구니 화면 체크 테스트\")\n    def test_cart(driver):\n        try:\n          driver.get(\"https://www.kurly.com/main\")\n          WebDriverWait(driver, 10).until(\n              EC.presence_of_element_located((By.XPATH, \"//button[contains(text(), '장바구니')]\"))\n          )\n          cart_button = driver.find_element(By.XPATH,\"//button[@class='css-g25h97 e14oy6dx1']\")\n          cart_button.click()\n          time.sleep(4)\n    \n          assert \"컬리 - 마켓컬리/뷰티컬리\" in driver.title, \"❌ 장바구니 페이지가 열리지 않았습니다!\"\n          capture_screenshot(driver,\"장바구니\",\"screenshots_cart\")\n    \n        except Exception as e:\n            capture_screenshot(driver,\"장바구니_실패\",\"screenshots_cart\")\n            allure.attach(driver.get_screenshot_as_png(), name=\"장바구니_실패\", attachment_type=allure.attachment_type.PNG)\n>           pytest.fail(f\"❌ 테스트 실패: {str(e)}\")\nE           Failed: ❌ 테스트 실패: Message: \nE           Stacktrace:\nE           #0 0x564c8cf48ffa <unknown>\nE           #1 0x564c8ca07970 <unknown>\nE           #2 0x564c8ca59385 <unknown>\nE           #3 0x564c8ca595b1 <unknown>\nE           #4 0x564c8caa83c4 <unknown>\nE           #5 0x564c8ca7f2bd <unknown>\nE           #6 0x564c8caa570c <unknown>\nE           #7 0x564c8ca7f063 <unknown>\nE           #8 0x564c8ca4b328 <unknown>\nE           #9 0x564c8ca4c491 <unknown>\nE           #10 0x564c8cf1042b <unknown>\nE           #11 0x564c8cf142ec <unknown>\nE           #12 0x564c8cef7a22 <unknown>\nE           #13 0x564c8cf14e64 <unknown>\nE           #14 0x564c8cedbbef <unknown>\nE           #15 0x564c8cf37558 <unknown>\nE           #16 0x564c8cf37736 <unknown>\nE           #17 0x564c8cf47e76 <unknown>\nE           #18 0x7f669369caa4 <unknown>\nE           #19 0x7f6693729c3c <unknown>\n\nsrc/tests/ui_tests/test_ui_cart.py:28: Failed","flaky":false,"newFailed":false,"newBroken":false,"newPassed":false,"retriesCount":0,"retriesStatusChange":false,"beforeStages":[{"name":"driver","time":{"start":1743028640078,"stop":1743028640488,"duration":410},"status":"passed","steps":[],"attachments":[],"parameters":[],"shouldDisplayMessage":false,"stepsCount":0,"attachmentsCount":0,"hasContent":false,"attachmentStep":false}],"testStage":{"status":"failed","statusMessage":"Failed: ❌ 테스트 실패: Message: \nStacktrace:\n#0 0x564c8cf48ffa <unknown>\n#1 0x564c8ca07970 <unknown>\n#2 0x564c8ca59385 <unknown>\n#3 0x564c8ca595b1 <unknown>\n#4 0x564c8caa83c4 <unknown>\n#5 0x564c8ca7f2bd <unknown>\n#6 0x564c8caa570c <unknown>\n#7 0x564c8ca7f063 <unknown>\n#8 0x564c8ca4b328 <unknown>\n#9 0x564c8ca4c491 <unknown>\n#10 0x564c8cf1042b <unknown>\n#11 0x564c8cf142ec <unknown>\n#12 0x564c8cef7a22 <unknown>\n#13 0x564c8cf14e64 <unknown>\n#14 0x564c8cedbbef <unknown>\n#15 0x564c8cf37558 <unknown>\n#16 0x564c8cf37736 <unknown>\n#17 0x564c8cf47e76 <unknown>\n#18 0x7f669369caa4 <unknown>\n#19 0x7f6693729c3c <unknown>","statusTrace":"driver = <selenium.webdriver.chrome.webdriver.WebDriver (session=\"ade95acccd7f33e4777ddc7cce67e6af\")>\n\n    @allure.feature(\"UI 테스트\")\n    @allure.story(\"장바구니 화면 체크 테스트\")\n    def test_cart(driver):\n        try:\n          driver.get(\"https://www.kurly.com/main\")\n>         WebDriverWait(driver, 10).until(\n              EC.presence_of_element_located((By.XPATH, \"//button[contains(text(), '장바구니')]\"))\n          )\n\nsrc/tests/ui_tests/test_ui_cart.py:15: \n_ _ _ _ _ _ _ _ _ _ _ _ _ _ _ _ _ _ _ _ _ _ _ _ _ _ _ _ _ _ _ _ _ _ _ _ _ _ _ _ \n\nself = <selenium.webdriver.support.wait.WebDriverWait (session=\"ade95acccd7f33e4777ddc7cce67e6af\")>\nmethod = <function presence_of_element_located.<locals>._predicate at 0x7f10a8f3ee80>\nmessage = ''\n\n    def until(self, method: Callable[[D], Union[Literal[False], T]], message: str = \"\") -> T:\n        \"\"\"Calls the method provided with the driver as an argument until the \\\n        return value does not evaluate to ``False``.\n    \n        :param method: callable(WebDriver)\n        :param message: optional message for :exc:`TimeoutException`\n        :returns: the result of the last call to `method`\n        :raises: :exc:`selenium.common.exceptions.TimeoutException` if timeout occurs\n        \"\"\"\n        screen = None\n        stacktrace = None\n    \n        end_time = time.monotonic() + self._timeout\n        while True:\n            try:\n                value = method(self._driver)\n                if value:\n                    return value\n            except self._ignored_exceptions as exc:\n                screen = getattr(exc, \"screen\", None)\n                stacktrace = getattr(exc, \"stacktrace\", None)\n            if time.monotonic() > end_time:\n                break\n            time.sleep(self._poll)\n>       raise TimeoutException(message, screen, stacktrace)\nE       selenium.common.exceptions.TimeoutException: Message: \nE       Stacktrace:\nE       #0 0x564c8cf48ffa <unknown>\nE       #1 0x564c8ca07970 <unknown>\nE       #2 0x564c8ca59385 <unknown>\nE       #3 0x564c8ca595b1 <unknown>\nE       #4 0x564c8caa83c4 <unknown>\nE       #5 0x564c8ca7f2bd <unknown>\nE       #6 0x564c8caa570c <unknown>\nE       #7 0x564c8ca7f063 <unknown>\nE       #8 0x564c8ca4b328 <unknown>\nE       #9 0x564c8ca4c491 <unknown>\nE       #10 0x564c8cf1042b <unknown>\nE       #11 0x564c8cf142ec <unknown>\nE       #12 0x564c8cef7a22 <unknown>\nE       #13 0x564c8cf14e64 <unknown>\nE       #14 0x564c8cedbbef <unknown>\nE       #15 0x564c8cf37558 <unknown>\nE       #16 0x564c8cf37736 <unknown>\nE       #17 0x564c8cf47e76 <unknown>\nE       #18 0x7f669369caa4 <unknown>\nE       #19 0x7f6693729c3c <unknown>\n\nvenv/lib/python3.11/site-packages/selenium/webdriver/support/wait.py:105: TimeoutException\n\nDuring handling of the above exception, another exception occurred:\n\ndriver = <selenium.webdriver.chrome.webdriver.WebDriver (session=\"ade95acccd7f33e4777ddc7cce67e6af\")>\n\n    @allure.feature(\"UI 테스트\")\n    @allure.story(\"장바구니 화면 체크 테스트\")\n    def test_cart(driver):\n        try:\n          driver.get(\"https://www.kurly.com/main\")\n          WebDriverWait(driver, 10).until(\n              EC.presence_of_element_located((By.XPATH, \"//button[contains(text(), '장바구니')]\"))\n          )\n          cart_button = driver.find_element(By.XPATH,\"//button[@class='css-g25h97 e14oy6dx1']\")\n          cart_button.click()\n          time.sleep(4)\n    \n          assert \"컬리 - 마켓컬리/뷰티컬리\" in driver.title, \"❌ 장바구니 페이지가 열리지 않았습니다!\"\n          capture_screenshot(driver,\"장바구니\",\"screenshots_cart\")\n    \n        except Exception as e:\n            capture_screenshot(driver,\"장바구니_실패\",\"screenshots_cart\")\n            allure.attach(driver.get_screenshot_as_png(), name=\"장바구니_실패\", attachment_type=allure.attachment_type.PNG)\n>           pytest.fail(f\"❌ 테스트 실패: {str(e)}\")\nE           Failed: ❌ 테스트 실패: Message: \nE           Stacktrace:\nE           #0 0x564c8cf48ffa <unknown>\nE           #1 0x564c8ca07970 <unknown>\nE           #2 0x564c8ca59385 <unknown>\nE           #3 0x564c8ca595b1 <unknown>\nE           #4 0x564c8caa83c4 <unknown>\nE           #5 0x564c8ca7f2bd <unknown>\nE           #6 0x564c8caa570c <unknown>\nE           #7 0x564c8ca7f063 <unknown>\nE           #8 0x564c8ca4b328 <unknown>\nE           #9 0x564c8ca4c491 <unknown>\nE           #10 0x564c8cf1042b <unknown>\nE           #11 0x564c8cf142ec <unknown>\nE           #12 0x564c8cef7a22 <unknown>\nE           #13 0x564c8cf14e64 <unknown>\nE           #14 0x564c8cedbbef <unknown>\nE           #15 0x564c8cf37558 <unknown>\nE           #16 0x564c8cf37736 <unknown>\nE           #17 0x564c8cf47e76 <unknown>\nE           #18 0x7f669369caa4 <unknown>\nE           #19 0x7f6693729c3c <unknown>\n\nsrc/tests/ui_tests/test_ui_cart.py:28: Failed","steps":[],"attachments":[{"uid":"8ebf3f666cd4c7f4","name":"장바구니_실패","source":"8ebf3f666cd4c7f4.png","type":"image/png","size":861119},{"uid":"b25a61202aea1bcd","name":"Failure Screenshot","source":"b25a61202aea1bcd.png","type":"image/png","size":861119},{"uid":"e7e4068def58006b","name":"stdout","source":"e7e4068def58006b.txt","type":"text/plain","size":90}],"parameters":[],"shouldDisplayMessage":true,"stepsCount":0,"attachmentsCount":3,"hasContent":true,"attachmentStep":false},"afterStages":[{"name":"driver::0","time":{"start":1743028653759,"stop":1743028653828,"duration":69},"status":"passed","steps":[],"attachments":[],"parameters":[],"shouldDisplayMessage":false,"stepsCount":0,"attachmentsCount":0,"hasContent":false,"attachmentStep":false}],"labels":[{"name":"feature","value":"UI 테스트"},{"name":"story","value":"장바구니 화면 체크 테스트"},{"name":"parentSuite","value":"src.tests.ui_tests"},{"name":"suite","value":"test_ui_cart"},{"name":"host","value":"fv-az1307-33"},{"name":"thread","value":"2531-MainThread"},{"name":"framework","value":"pytest"},{"name":"language","value":"cpython3"},{"name":"package","value":"src.tests.ui_tests.test_ui_cart"},{"name":"resultFormat","value":"allure2"}],"parameters":[],"links":[],"hidden":false,"retry":false,"extra":{"severity":"normal","retries":[],"categories":[{"name":"Product defects","matchedStatuses":[],"flaky":false}],"tags":[]},"source":"2238613fd52e0c19.json","parameterValues":[]}