{"uid":"28b370302361ce8a","name":"test_add_product","fullName":"src.tests.ui_tests.test_ui_add_product#test_add_product","historyId":"526f3c30b91fa0a947b5a8a8ff4d17c0","time":{"start":1743027344389,"stop":1743027344604,"duration":215},"description":"\n       상품을 검색 후 추가하는 테스트\n       - 수량올리기, 수량내리기 기능 구현\n       - 검색 후 상품 선택 후 카트에 추가 구현\n       ","descriptionHtml":"<pre><code>   상품을 검색 후 추가하는 테스트\n   - 수량올리기, 수량내리기 기능 구현\n   - 검색 후 상품 선택 후 카트에 추가 구현\n</code></pre>\n","status":"failed","statusMessage":"Failed: ❌ 상품 추가 테스트 실패: Message: no such element: Unable to locate element: {\"method\":\"xpath\",\"selector\":\"//input[@id='gnb_search']\"}\n  (Session info: chrome=134.0.6998.88); For documentation on this error, please visit: https://www.selenium.dev/documentation/webdriver/troubleshooting/errors#no-such-element-exception\nStacktrace:\n#0 0x5574ae68fffa <unknown>\n#1 0x5574ae14e970 <unknown>\n#2 0x5574ae1a0385 <unknown>\n#3 0x5574ae1a05b1 <unknown>\n#4 0x5574ae1ef3c4 <unknown>\n#5 0x5574ae1c62bd <unknown>\n#6 0x5574ae1ec70c <unknown>\n#7 0x5574ae1c6063 <unknown>\n#8 0x5574ae192328 <unknown>\n#9 0x5574ae193491 <unknown>\n#10 0x5574ae65742b <unknown>\n#11 0x5574ae65b2ec <unknown>\n#12 0x5574ae63ea22 <unknown>\n#13 0x5574ae65be64 <unknown>\n#14 0x5574ae622bef <unknown>\n#15 0x5574ae67e558 <unknown>\n#16 0x5574ae67e736 <unknown>\n#17 0x5574ae68ee76 <unknown>\n#18 0x7f6074c9caa4 <unknown>\n#19 0x7f6074d29c3c <unknown>","statusTrace":"driver = <selenium.webdriver.chrome.webdriver.WebDriver (session=\"b0d2a77c55dd0260e58a7ab6142b3653\")>\n\n    @allure.feature(\"UI 테스트\")\n    @allure.story(\"상품 추가 테스트\")\n    def test_add_product(driver):\n        \"\"\"\n           상품을 검색 후 추가하는 테스트\n           - 수량올리기, 수량내리기 기능 구현\n           - 검색 후 상품 선택 후 카트에 추가 구현\n           \"\"\"\n        try:\n>         search_box = driver.find_element(By.XPATH, \"//input[@id='gnb_search']\")\n\nsrc/tests/ui_tests/test_ui_add_product.py:17: \n_ _ _ _ _ _ _ _ _ _ _ _ _ _ _ _ _ _ _ _ _ _ _ _ _ _ _ _ _ _ _ _ _ _ _ _ _ _ _ _ \nvenv/lib/python3.11/site-packages/selenium/webdriver/remote/webdriver.py:770: in find_element\n    return self.execute(Command.FIND_ELEMENT, {\"using\": by, \"value\": value})[\"value\"]\nvenv/lib/python3.11/site-packages/selenium/webdriver/remote/webdriver.py:384: in execute\n    self.error_handler.check_response(response)\n_ _ _ _ _ _ _ _ _ _ _ _ _ _ _ _ _ _ _ _ _ _ _ _ _ _ _ _ _ _ _ _ _ _ _ _ _ _ _ _ \n\nself = <selenium.webdriver.remote.errorhandler.ErrorHandler object at 0x7feb349c7410>\nresponse = {'status': 404, 'value': '{\"value\":{\"error\":\"no such element\",\"message\":\"no such element: Unable to locate element: {\\...\\\\n#17 0x5574ae68ee76 \\\\u003Cunknown>\\\\n#18 0x7f6074c9caa4 \\\\u003Cunknown>\\\\n#19 0x7f6074d29c3c \\\\u003Cunknown>\\\\n\"}}'}\n\n    def check_response(self, response: Dict[str, Any]) -> None:\n        \"\"\"Checks that a JSON response from the WebDriver does not have an\n        error.\n    \n        :Args:\n         - response - The JSON response from the WebDriver server as a dictionary\n           object.\n    \n        :Raises: If the response contains an error message.\n        \"\"\"\n        status = response.get(\"status\", None)\n        if not status or status == ErrorCode.SUCCESS:\n            return\n        value = None\n        message = response.get(\"message\", \"\")\n        screen: str = response.get(\"screen\", \"\")\n        stacktrace = None\n        if isinstance(status, int):\n            value_json = response.get(\"value\", None)\n            if value_json and isinstance(value_json, str):\n                import json\n    \n                try:\n                    value = json.loads(value_json)\n                    if len(value) == 1:\n                        value = value[\"value\"]\n                    status = value.get(\"error\", None)\n                    if not status:\n                        status = value.get(\"status\", ErrorCode.UNKNOWN_ERROR)\n                        message = value.get(\"value\") or value.get(\"message\")\n                        if not isinstance(message, str):\n                            value = message\n                            message = message.get(\"message\")\n                    else:\n                        message = value.get(\"message\", None)\n                except ValueError:\n                    pass\n    \n        exception_class: Type[WebDriverException]\n        e = ErrorCode()\n        error_codes = [item for item in dir(e) if not item.startswith(\"__\")]\n        for error_code in error_codes:\n            error_info = getattr(ErrorCode, error_code)\n            if isinstance(error_info, list) and status in error_info:\n                exception_class = getattr(ExceptionMapping, error_code, WebDriverException)\n                break\n        else:\n            exception_class = WebDriverException\n    \n        if not value:\n            value = response[\"value\"]\n        if isinstance(value, str):\n            raise exception_class(value)\n        if message == \"\" and \"message\" in value:\n            message = value[\"message\"]\n    \n        screen = None  # type: ignore[assignment]\n        if \"screen\" in value:\n            screen = value[\"screen\"]\n    \n        stacktrace = None\n        st_value = value.get(\"stackTrace\") or value.get(\"stacktrace\")\n        if st_value:\n            if isinstance(st_value, str):\n                stacktrace = st_value.split(\"\\n\")\n            else:\n                stacktrace = []\n                try:\n                    for frame in st_value:\n                        line = frame.get(\"lineNumber\", \"\")\n                        file = frame.get(\"fileName\", \"<anonymous>\")\n                        if line:\n                            file = f\"{file}:{line}\"\n                        meth = frame.get(\"methodName\", \"<anonymous>\")\n                        if \"className\" in frame:\n                            meth = f\"{frame['className']}.{meth}\"\n                        msg = \"    at %s (%s)\"\n                        msg = msg % (meth, file)\n                        stacktrace.append(msg)\n                except TypeError:\n                    pass\n        if exception_class == UnexpectedAlertPresentException:\n            alert_text = None\n            if \"data\" in value:\n                alert_text = value[\"data\"].get(\"text\")\n            elif \"alert\" in value:\n                alert_text = value[\"alert\"].get(\"text\")\n            raise exception_class(message, screen, stacktrace, alert_text)  # type: ignore[call-arg]  # mypy is not smart enough here\n>       raise exception_class(message, screen, stacktrace)\nE       selenium.common.exceptions.NoSuchElementException: Message: no such element: Unable to locate element: {\"method\":\"xpath\",\"selector\":\"//input[@id='gnb_search']\"}\nE         (Session info: chrome=134.0.6998.88); For documentation on this error, please visit: https://www.selenium.dev/documentation/webdriver/troubleshooting/errors#no-such-element-exception\nE       Stacktrace:\nE       #0 0x5574ae68fffa <unknown>\nE       #1 0x5574ae14e970 <unknown>\nE       #2 0x5574ae1a0385 <unknown>\nE       #3 0x5574ae1a05b1 <unknown>\nE       #4 0x5574ae1ef3c4 <unknown>\nE       #5 0x5574ae1c62bd <unknown>\nE       #6 0x5574ae1ec70c <unknown>\nE       #7 0x5574ae1c6063 <unknown>\nE       #8 0x5574ae192328 <unknown>\nE       #9 0x5574ae193491 <unknown>\nE       #10 0x5574ae65742b <unknown>\nE       #11 0x5574ae65b2ec <unknown>\nE       #12 0x5574ae63ea22 <unknown>\nE       #13 0x5574ae65be64 <unknown>\nE       #14 0x5574ae622bef <unknown>\nE       #15 0x5574ae67e558 <unknown>\nE       #16 0x5574ae67e736 <unknown>\nE       #17 0x5574ae68ee76 <unknown>\nE       #18 0x7f6074c9caa4 <unknown>\nE       #19 0x7f6074d29c3c <unknown>\n\nvenv/lib/python3.11/site-packages/selenium/webdriver/remote/errorhandler.py:232: NoSuchElementException\n\nDuring handling of the above exception, another exception occurred:\n\ndriver = <selenium.webdriver.chrome.webdriver.WebDriver (session=\"b0d2a77c55dd0260e58a7ab6142b3653\")>\n\n    @allure.feature(\"UI 테스트\")\n    @allure.story(\"상품 추가 테스트\")\n    def test_add_product(driver):\n        \"\"\"\n           상품을 검색 후 추가하는 테스트\n           - 수량올리기, 수량내리기 기능 구현\n           - 검색 후 상품 선택 후 카트에 추가 구현\n           \"\"\"\n        try:\n          search_box = driver.find_element(By.XPATH, \"//input[@id='gnb_search']\")\n          search_box.send_keys(\"과자\")\n          search_box.send_keys(Keys.RETURN)\n          time.sleep(3)\n    \n          try:\n              add_button = driver.find_element(By.XPATH, \"//a[3]//div[2]//button[1]\")\n              add_button.click()\n          except Exception as e:\n              capture_screenshot(driver,\"상품추가 실패\",\"screenshot_add_product\")\n              pytest.fail(f\"❌ 상품 추가 버튼 클릭 실패: {str(e)}\")\n    \n          try:\n              quantity_up_button = driver.find_element(By.XPATH, \"//button[@aria-label='수량올리기']\")\n              for _ in range(2):\n                  quantity_up_button.click()\n              time.sleep(2)\n          except Exception as e:\n              capture_screenshot(driver,\"수량올리기 실패\",\"screenshot_add_product\")\n              pytest.fail(f\"❌ 수량 올리기 실패: {str(e)}\")\n    \n          try:\n              quantity_down_button = driver.find_element(By.XPATH, \"//button[@aria-label='수량내리기']\")\n              for _ in range(2):\n                  quantity_down_button.click()\n              time.sleep(2)\n          except Exception as e:\n              capture_screenshot(driver,\"수량내리기 실패\",\"screenshot_add_product\")\n              pytest.fail(f\"❌ 수량 내리기 실패: {str(e)}\")\n    \n          try:\n              cart_add_button = driver.find_element(By.XPATH, \"//button[@class='css-ahkst0 e4nu7ef3']\")\n              cart_add_button.click()\n              time.sleep(2)\n          except Exception as e:\n              capture_screenshot(driver, \"상품 추가\", \"screenshots_add_product\")\n              pytest.fail(f\"❌ 상품 추가 실패: {str(e)}\")\n    \n          # 검색 결과 확인\n          if \"과자\" not in driver.page_source:\n              screenshot_path = \"unexpected_result.png\"\n    \n              # 스크린샷 저장\n              driver.save_screenshot(screenshot_path)\n    \n              # Allure Report에 스크린샷 첨부\n              with open(screenshot_path, \"rb\") as image_file:\n                  allure.attach(image_file.read(), name=\"Unexpected Search Result\", attachment_type=allure.attachment_type.PNG)\n              pytest.fail(\"❌ 검색 결과에서 '과자'가 포함되지 않음.\")\n    \n        except Exception as e:\n            capture_screenshot(driver,\"테스트실패\",\"screenshots_add_product\")\n            driver.save_screenshot(\"kurly_debug.png\")\n>           pytest.fail(f\"❌ 상품 추가 테스트 실패: {str(e)}\")\nE           Failed: ❌ 상품 추가 테스트 실패: Message: no such element: Unable to locate element: {\"method\":\"xpath\",\"selector\":\"//input[@id='gnb_search']\"}\nE             (Session info: chrome=134.0.6998.88); For documentation on this error, please visit: https://www.selenium.dev/documentation/webdriver/troubleshooting/errors#no-such-element-exception\nE           Stacktrace:\nE           #0 0x5574ae68fffa <unknown>\nE           #1 0x5574ae14e970 <unknown>\nE           #2 0x5574ae1a0385 <unknown>\nE           #3 0x5574ae1a05b1 <unknown>\nE           #4 0x5574ae1ef3c4 <unknown>\nE           #5 0x5574ae1c62bd <unknown>\nE           #6 0x5574ae1ec70c <unknown>\nE           #7 0x5574ae1c6063 <unknown>\nE           #8 0x5574ae192328 <unknown>\nE           #9 0x5574ae193491 <unknown>\nE           #10 0x5574ae65742b <unknown>\nE           #11 0x5574ae65b2ec <unknown>\nE           #12 0x5574ae63ea22 <unknown>\nE           #13 0x5574ae65be64 <unknown>\nE           #14 0x5574ae622bef <unknown>\nE           #15 0x5574ae67e558 <unknown>\nE           #16 0x5574ae67e736 <unknown>\nE           #17 0x5574ae68ee76 <unknown>\nE           #18 0x7f6074c9caa4 <unknown>\nE           #19 0x7f6074d29c3c <unknown>\n\nsrc/tests/ui_tests/test_ui_add_product.py:70: Failed","flaky":false,"newFailed":false,"newBroken":false,"newPassed":false,"retriesCount":0,"retriesStatusChange":false,"beforeStages":[{"name":"driver","time":{"start":1743027343958,"stop":1743027344389,"duration":431},"status":"passed","steps":[],"attachments":[],"parameters":[],"shouldDisplayMessage":false,"stepsCount":0,"attachmentsCount":0,"hasContent":false,"attachmentStep":false}],"testStage":{"description":"\n       상품을 검색 후 추가하는 테스트\n       - 수량올리기, 수량내리기 기능 구현\n       - 검색 후 상품 선택 후 카트에 추가 구현\n       ","status":"failed","statusMessage":"Failed: ❌ 상품 추가 테스트 실패: Message: no such element: Unable to locate element: {\"method\":\"xpath\",\"selector\":\"//input[@id='gnb_search']\"}\n  (Session info: chrome=134.0.6998.88); For documentation on this error, please visit: https://www.selenium.dev/documentation/webdriver/troubleshooting/errors#no-such-element-exception\nStacktrace:\n#0 0x5574ae68fffa <unknown>\n#1 0x5574ae14e970 <unknown>\n#2 0x5574ae1a0385 <unknown>\n#3 0x5574ae1a05b1 <unknown>\n#4 0x5574ae1ef3c4 <unknown>\n#5 0x5574ae1c62bd <unknown>\n#6 0x5574ae1ec70c <unknown>\n#7 0x5574ae1c6063 <unknown>\n#8 0x5574ae192328 <unknown>\n#9 0x5574ae193491 <unknown>\n#10 0x5574ae65742b <unknown>\n#11 0x5574ae65b2ec <unknown>\n#12 0x5574ae63ea22 <unknown>\n#13 0x5574ae65be64 <unknown>\n#14 0x5574ae622bef <unknown>\n#15 0x5574ae67e558 <unknown>\n#16 0x5574ae67e736 <unknown>\n#17 0x5574ae68ee76 <unknown>\n#18 0x7f6074c9caa4 <unknown>\n#19 0x7f6074d29c3c <unknown>","statusTrace":"driver = <selenium.webdriver.chrome.webdriver.WebDriver (session=\"b0d2a77c55dd0260e58a7ab6142b3653\")>\n\n    @allure.feature(\"UI 테스트\")\n    @allure.story(\"상품 추가 테스트\")\n    def test_add_product(driver):\n        \"\"\"\n           상품을 검색 후 추가하는 테스트\n           - 수량올리기, 수량내리기 기능 구현\n           - 검색 후 상품 선택 후 카트에 추가 구현\n           \"\"\"\n        try:\n>         search_box = driver.find_element(By.XPATH, \"//input[@id='gnb_search']\")\n\nsrc/tests/ui_tests/test_ui_add_product.py:17: \n_ _ _ _ _ _ _ _ _ _ _ _ _ _ _ _ _ _ _ _ _ _ _ _ _ _ _ _ _ _ _ _ _ _ _ _ _ _ _ _ \nvenv/lib/python3.11/site-packages/selenium/webdriver/remote/webdriver.py:770: in find_element\n    return self.execute(Command.FIND_ELEMENT, {\"using\": by, \"value\": value})[\"value\"]\nvenv/lib/python3.11/site-packages/selenium/webdriver/remote/webdriver.py:384: in execute\n    self.error_handler.check_response(response)\n_ _ _ _ _ _ _ _ _ _ _ _ _ _ _ _ _ _ _ _ _ _ _ _ _ _ _ _ _ _ _ _ _ _ _ _ _ _ _ _ \n\nself = <selenium.webdriver.remote.errorhandler.ErrorHandler object at 0x7feb349c7410>\nresponse = {'status': 404, 'value': '{\"value\":{\"error\":\"no such element\",\"message\":\"no such element: Unable to locate element: {\\...\\\\n#17 0x5574ae68ee76 \\\\u003Cunknown>\\\\n#18 0x7f6074c9caa4 \\\\u003Cunknown>\\\\n#19 0x7f6074d29c3c \\\\u003Cunknown>\\\\n\"}}'}\n\n    def check_response(self, response: Dict[str, Any]) -> None:\n        \"\"\"Checks that a JSON response from the WebDriver does not have an\n        error.\n    \n        :Args:\n         - response - The JSON response from the WebDriver server as a dictionary\n           object.\n    \n        :Raises: If the response contains an error message.\n        \"\"\"\n        status = response.get(\"status\", None)\n        if not status or status == ErrorCode.SUCCESS:\n            return\n        value = None\n        message = response.get(\"message\", \"\")\n        screen: str = response.get(\"screen\", \"\")\n        stacktrace = None\n        if isinstance(status, int):\n            value_json = response.get(\"value\", None)\n            if value_json and isinstance(value_json, str):\n                import json\n    \n                try:\n                    value = json.loads(value_json)\n                    if len(value) == 1:\n                        value = value[\"value\"]\n                    status = value.get(\"error\", None)\n                    if not status:\n                        status = value.get(\"status\", ErrorCode.UNKNOWN_ERROR)\n                        message = value.get(\"value\") or value.get(\"message\")\n                        if not isinstance(message, str):\n                            value = message\n                            message = message.get(\"message\")\n                    else:\n                        message = value.get(\"message\", None)\n                except ValueError:\n                    pass\n    \n        exception_class: Type[WebDriverException]\n        e = ErrorCode()\n        error_codes = [item for item in dir(e) if not item.startswith(\"__\")]\n        for error_code in error_codes:\n            error_info = getattr(ErrorCode, error_code)\n            if isinstance(error_info, list) and status in error_info:\n                exception_class = getattr(ExceptionMapping, error_code, WebDriverException)\n                break\n        else:\n            exception_class = WebDriverException\n    \n        if not value:\n            value = response[\"value\"]\n        if isinstance(value, str):\n            raise exception_class(value)\n        if message == \"\" and \"message\" in value:\n            message = value[\"message\"]\n    \n        screen = None  # type: ignore[assignment]\n        if \"screen\" in value:\n            screen = value[\"screen\"]\n    \n        stacktrace = None\n        st_value = value.get(\"stackTrace\") or value.get(\"stacktrace\")\n        if st_value:\n            if isinstance(st_value, str):\n                stacktrace = st_value.split(\"\\n\")\n            else:\n                stacktrace = []\n                try:\n                    for frame in st_value:\n                        line = frame.get(\"lineNumber\", \"\")\n                        file = frame.get(\"fileName\", \"<anonymous>\")\n                        if line:\n                            file = f\"{file}:{line}\"\n                        meth = frame.get(\"methodName\", \"<anonymous>\")\n                        if \"className\" in frame:\n                            meth = f\"{frame['className']}.{meth}\"\n                        msg = \"    at %s (%s)\"\n                        msg = msg % (meth, file)\n                        stacktrace.append(msg)\n                except TypeError:\n                    pass\n        if exception_class == UnexpectedAlertPresentException:\n            alert_text = None\n            if \"data\" in value:\n                alert_text = value[\"data\"].get(\"text\")\n            elif \"alert\" in value:\n                alert_text = value[\"alert\"].get(\"text\")\n            raise exception_class(message, screen, stacktrace, alert_text)  # type: ignore[call-arg]  # mypy is not smart enough here\n>       raise exception_class(message, screen, stacktrace)\nE       selenium.common.exceptions.NoSuchElementException: Message: no such element: Unable to locate element: {\"method\":\"xpath\",\"selector\":\"//input[@id='gnb_search']\"}\nE         (Session info: chrome=134.0.6998.88); For documentation on this error, please visit: https://www.selenium.dev/documentation/webdriver/troubleshooting/errors#no-such-element-exception\nE       Stacktrace:\nE       #0 0x5574ae68fffa <unknown>\nE       #1 0x5574ae14e970 <unknown>\nE       #2 0x5574ae1a0385 <unknown>\nE       #3 0x5574ae1a05b1 <unknown>\nE       #4 0x5574ae1ef3c4 <unknown>\nE       #5 0x5574ae1c62bd <unknown>\nE       #6 0x5574ae1ec70c <unknown>\nE       #7 0x5574ae1c6063 <unknown>\nE       #8 0x5574ae192328 <unknown>\nE       #9 0x5574ae193491 <unknown>\nE       #10 0x5574ae65742b <unknown>\nE       #11 0x5574ae65b2ec <unknown>\nE       #12 0x5574ae63ea22 <unknown>\nE       #13 0x5574ae65be64 <unknown>\nE       #14 0x5574ae622bef <unknown>\nE       #15 0x5574ae67e558 <unknown>\nE       #16 0x5574ae67e736 <unknown>\nE       #17 0x5574ae68ee76 <unknown>\nE       #18 0x7f6074c9caa4 <unknown>\nE       #19 0x7f6074d29c3c <unknown>\n\nvenv/lib/python3.11/site-packages/selenium/webdriver/remote/errorhandler.py:232: NoSuchElementException\n\nDuring handling of the above exception, another exception occurred:\n\ndriver = <selenium.webdriver.chrome.webdriver.WebDriver (session=\"b0d2a77c55dd0260e58a7ab6142b3653\")>\n\n    @allure.feature(\"UI 테스트\")\n    @allure.story(\"상품 추가 테스트\")\n    def test_add_product(driver):\n        \"\"\"\n           상품을 검색 후 추가하는 테스트\n           - 수량올리기, 수량내리기 기능 구현\n           - 검색 후 상품 선택 후 카트에 추가 구현\n           \"\"\"\n        try:\n          search_box = driver.find_element(By.XPATH, \"//input[@id='gnb_search']\")\n          search_box.send_keys(\"과자\")\n          search_box.send_keys(Keys.RETURN)\n          time.sleep(3)\n    \n          try:\n              add_button = driver.find_element(By.XPATH, \"//a[3]//div[2]//button[1]\")\n              add_button.click()\n          except Exception as e:\n              capture_screenshot(driver,\"상품추가 실패\",\"screenshot_add_product\")\n              pytest.fail(f\"❌ 상품 추가 버튼 클릭 실패: {str(e)}\")\n    \n          try:\n              quantity_up_button = driver.find_element(By.XPATH, \"//button[@aria-label='수량올리기']\")\n              for _ in range(2):\n                  quantity_up_button.click()\n              time.sleep(2)\n          except Exception as e:\n              capture_screenshot(driver,\"수량올리기 실패\",\"screenshot_add_product\")\n              pytest.fail(f\"❌ 수량 올리기 실패: {str(e)}\")\n    \n          try:\n              quantity_down_button = driver.find_element(By.XPATH, \"//button[@aria-label='수량내리기']\")\n              for _ in range(2):\n                  quantity_down_button.click()\n              time.sleep(2)\n          except Exception as e:\n              capture_screenshot(driver,\"수량내리기 실패\",\"screenshot_add_product\")\n              pytest.fail(f\"❌ 수량 내리기 실패: {str(e)}\")\n    \n          try:\n              cart_add_button = driver.find_element(By.XPATH, \"//button[@class='css-ahkst0 e4nu7ef3']\")\n              cart_add_button.click()\n              time.sleep(2)\n          except Exception as e:\n              capture_screenshot(driver, \"상품 추가\", \"screenshots_add_product\")\n              pytest.fail(f\"❌ 상품 추가 실패: {str(e)}\")\n    \n          # 검색 결과 확인\n          if \"과자\" not in driver.page_source:\n              screenshot_path = \"unexpected_result.png\"\n    \n              # 스크린샷 저장\n              driver.save_screenshot(screenshot_path)\n    \n              # Allure Report에 스크린샷 첨부\n              with open(screenshot_path, \"rb\") as image_file:\n                  allure.attach(image_file.read(), name=\"Unexpected Search Result\", attachment_type=allure.attachment_type.PNG)\n              pytest.fail(\"❌ 검색 결과에서 '과자'가 포함되지 않음.\")\n    \n        except Exception as e:\n            capture_screenshot(driver,\"테스트실패\",\"screenshots_add_product\")\n            driver.save_screenshot(\"kurly_debug.png\")\n>           pytest.fail(f\"❌ 상품 추가 테스트 실패: {str(e)}\")\nE           Failed: ❌ 상품 추가 테스트 실패: Message: no such element: Unable to locate element: {\"method\":\"xpath\",\"selector\":\"//input[@id='gnb_search']\"}\nE             (Session info: chrome=134.0.6998.88); For documentation on this error, please visit: https://www.selenium.dev/documentation/webdriver/troubleshooting/errors#no-such-element-exception\nE           Stacktrace:\nE           #0 0x5574ae68fffa <unknown>\nE           #1 0x5574ae14e970 <unknown>\nE           #2 0x5574ae1a0385 <unknown>\nE           #3 0x5574ae1a05b1 <unknown>\nE           #4 0x5574ae1ef3c4 <unknown>\nE           #5 0x5574ae1c62bd <unknown>\nE           #6 0x5574ae1ec70c <unknown>\nE           #7 0x5574ae1c6063 <unknown>\nE           #8 0x5574ae192328 <unknown>\nE           #9 0x5574ae193491 <unknown>\nE           #10 0x5574ae65742b <unknown>\nE           #11 0x5574ae65b2ec <unknown>\nE           #12 0x5574ae63ea22 <unknown>\nE           #13 0x5574ae65be64 <unknown>\nE           #14 0x5574ae622bef <unknown>\nE           #15 0x5574ae67e558 <unknown>\nE           #16 0x5574ae67e736 <unknown>\nE           #17 0x5574ae68ee76 <unknown>\nE           #18 0x7f6074c9caa4 <unknown>\nE           #19 0x7f6074d29c3c <unknown>\n\nsrc/tests/ui_tests/test_ui_add_product.py:70: Failed","steps":[],"attachments":[{"uid":"5d47418b5e3b69b3","name":"Failure Screenshot","source":"5d47418b5e3b69b3.png","type":"image/png","size":7498},{"uid":"e2fc397e37b7c6eb","name":"stdout","source":"e2fc397e37b7c6eb.txt","type":"text/plain","size":93}],"parameters":[],"shouldDisplayMessage":true,"stepsCount":0,"attachmentsCount":2,"hasContent":true,"attachmentStep":false},"afterStages":[{"name":"driver::0","time":{"start":1743027344735,"stop":1743027344794,"duration":59},"status":"passed","steps":[],"attachments":[],"parameters":[],"shouldDisplayMessage":false,"stepsCount":0,"attachmentsCount":0,"hasContent":false,"attachmentStep":false}],"labels":[{"name":"feature","value":"UI 테스트"},{"name":"story","value":"상품 추가 테스트"},{"name":"parentSuite","value":"src.tests.ui_tests"},{"name":"suite","value":"test_ui_add_product"},{"name":"host","value":"fv-az1939-359"},{"name":"thread","value":"2547-MainThread"},{"name":"framework","value":"pytest"},{"name":"language","value":"cpython3"},{"name":"package","value":"src.tests.ui_tests.test_ui_add_product"},{"name":"resultFormat","value":"allure2"}],"parameters":[],"links":[],"hidden":false,"retry":false,"extra":{"severity":"normal","retries":[],"categories":[{"name":"Product defects","matchedStatuses":[],"flaky":false}],"tags":[]},"source":"28b370302361ce8a.json","parameterValues":[]}