{"uid":"2b1c37525aadfce6","name":"test_login","fullName":"src.tests.ui_tests.test_ui_login#test_login","historyId":"98e8f149c7227721782a965f730ba74a","time":{"start":1743352196833,"stop":1743352204161,"duration":7328},"status":"failed","statusMessage":"Failed: ❌ 로그인 실패 :Message: no such element: Unable to locate element: {\"method\":\"css selector\",\"selector\":\"[id=\"pw\"]\"}\n  (Session info: chrome=134.0.6998.165); For documentation on this error, please visit: https://www.selenium.dev/documentation/webdriver/troubleshooting/errors#no-such-element-exception\nStacktrace:\n#0 0x564d585c9ffa <unknown>\n#1 0x564d58088970 <unknown>\n#2 0x564d580da385 <unknown>\n#3 0x564d580da5b1 <unknown>\n#4 0x564d581293c4 <unknown>\n#5 0x564d581002bd <unknown>\n#6 0x564d5812670c <unknown>\n#7 0x564d58100063 <unknown>\n#8 0x564d580cc328 <unknown>\n#9 0x564d580cd491 <unknown>\n#10 0x564d5859142b <unknown>\n#11 0x564d585952ec <unknown>\n#12 0x564d58578a22 <unknown>\n#13 0x564d58595e64 <unknown>\n#14 0x564d5855cbef <unknown>\n#15 0x564d585b8558 <unknown>\n#16 0x564d585b8736 <unknown>\n#17 0x564d585c8e76 <unknown>\n#18 0x7f3e0449caa4 <unknown>\n#19 0x7f3e04529c3c <unknown>","statusTrace":"driver = <selenium.webdriver.chrome.webdriver.WebDriver (session=\"22eaca582a86132035e295d8fae7fe31\")>\n\n    @allure.feature(\"UI 테스트\")\n    @allure.story(\"로그인 테스트\")\n    def test_login(driver):\n        driver.get(\"https://www.kurly.com/main\")\n        driver.maximize_window()\n    \n        try:\n            driver.get(\"https://www.kurly.com/main\")\n            time.sleep(2)\n            login_button = driver.find_element(By.XPATH, \"//a[contains(text(),'로그인')]\")\n            login_button.click()\n            time.sleep(2)\n    \n            #아이디 패스워드 입력\n            login_username_input = driver.find_element(By.NAME, \"id\")\n>           login_password_input = driver.find_element(By.ID, \"pw\")\n\nsrc/tests/ui_tests/test_ui_login.py:22: \n_ _ _ _ _ _ _ _ _ _ _ _ _ _ _ _ _ _ _ _ _ _ _ _ _ _ _ _ _ _ _ _ _ _ _ _ _ _ _ _ \nvenv/lib/python3.11/site-packages/selenium/webdriver/remote/webdriver.py:770: in find_element\n    return self.execute(Command.FIND_ELEMENT, {\"using\": by, \"value\": value})[\"value\"]\nvenv/lib/python3.11/site-packages/selenium/webdriver/remote/webdriver.py:384: in execute\n    self.error_handler.check_response(response)\n_ _ _ _ _ _ _ _ _ _ _ _ _ _ _ _ _ _ _ _ _ _ _ _ _ _ _ _ _ _ _ _ _ _ _ _ _ _ _ _ \n\nself = <selenium.webdriver.remote.errorhandler.ErrorHandler object at 0x7f47ff217d10>\nresponse = {'status': 404, 'value': '{\"value\":{\"error\":\"no such element\",\"message\":\"no such element: Unable to locate element: {\\...\\\\n#17 0x564d585c8e76 \\\\u003Cunknown>\\\\n#18 0x7f3e0449caa4 \\\\u003Cunknown>\\\\n#19 0x7f3e04529c3c \\\\u003Cunknown>\\\\n\"}}'}\n\n    def check_response(self, response: Dict[str, Any]) -> None:\n        \"\"\"Checks that a JSON response from the WebDriver does not have an\n        error.\n    \n        :Args:\n         - response - The JSON response from the WebDriver server as a dictionary\n           object.\n    \n        :Raises: If the response contains an error message.\n        \"\"\"\n        status = response.get(\"status\", None)\n        if not status or status == ErrorCode.SUCCESS:\n            return\n        value = None\n        message = response.get(\"message\", \"\")\n        screen: str = response.get(\"screen\", \"\")\n        stacktrace = None\n        if isinstance(status, int):\n            value_json = response.get(\"value\", None)\n            if value_json and isinstance(value_json, str):\n                import json\n    \n                try:\n                    value = json.loads(value_json)\n                    if len(value) == 1:\n                        value = value[\"value\"]\n                    status = value.get(\"error\", None)\n                    if not status:\n                        status = value.get(\"status\", ErrorCode.UNKNOWN_ERROR)\n                        message = value.get(\"value\") or value.get(\"message\")\n                        if not isinstance(message, str):\n                            value = message\n                            message = message.get(\"message\")\n                    else:\n                        message = value.get(\"message\", None)\n                except ValueError:\n                    pass\n    \n        exception_class: Type[WebDriverException]\n        e = ErrorCode()\n        error_codes = [item for item in dir(e) if not item.startswith(\"__\")]\n        for error_code in error_codes:\n            error_info = getattr(ErrorCode, error_code)\n            if isinstance(error_info, list) and status in error_info:\n                exception_class = getattr(ExceptionMapping, error_code, WebDriverException)\n                break\n        else:\n            exception_class = WebDriverException\n    \n        if not value:\n            value = response[\"value\"]\n        if isinstance(value, str):\n            raise exception_class(value)\n        if message == \"\" and \"message\" in value:\n            message = value[\"message\"]\n    \n        screen = None  # type: ignore[assignment]\n        if \"screen\" in value:\n            screen = value[\"screen\"]\n    \n        stacktrace = None\n        st_value = value.get(\"stackTrace\") or value.get(\"stacktrace\")\n        if st_value:\n            if isinstance(st_value, str):\n                stacktrace = st_value.split(\"\\n\")\n            else:\n                stacktrace = []\n                try:\n                    for frame in st_value:\n                        line = frame.get(\"lineNumber\", \"\")\n                        file = frame.get(\"fileName\", \"<anonymous>\")\n                        if line:\n                            file = f\"{file}:{line}\"\n                        meth = frame.get(\"methodName\", \"<anonymous>\")\n                        if \"className\" in frame:\n                            meth = f\"{frame['className']}.{meth}\"\n                        msg = \"    at %s (%s)\"\n                        msg = msg % (meth, file)\n                        stacktrace.append(msg)\n                except TypeError:\n                    pass\n        if exception_class == UnexpectedAlertPresentException:\n            alert_text = None\n            if \"data\" in value:\n                alert_text = value[\"data\"].get(\"text\")\n            elif \"alert\" in value:\n                alert_text = value[\"alert\"].get(\"text\")\n            raise exception_class(message, screen, stacktrace, alert_text)  # type: ignore[call-arg]  # mypy is not smart enough here\n>       raise exception_class(message, screen, stacktrace)\nE       selenium.common.exceptions.NoSuchElementException: Message: no such element: Unable to locate element: {\"method\":\"css selector\",\"selector\":\"[id=\"pw\"]\"}\nE         (Session info: chrome=134.0.6998.165); For documentation on this error, please visit: https://www.selenium.dev/documentation/webdriver/troubleshooting/errors#no-such-element-exception\nE       Stacktrace:\nE       #0 0x564d585c9ffa <unknown>\nE       #1 0x564d58088970 <unknown>\nE       #2 0x564d580da385 <unknown>\nE       #3 0x564d580da5b1 <unknown>\nE       #4 0x564d581293c4 <unknown>\nE       #5 0x564d581002bd <unknown>\nE       #6 0x564d5812670c <unknown>\nE       #7 0x564d58100063 <unknown>\nE       #8 0x564d580cc328 <unknown>\nE       #9 0x564d580cd491 <unknown>\nE       #10 0x564d5859142b <unknown>\nE       #11 0x564d585952ec <unknown>\nE       #12 0x564d58578a22 <unknown>\nE       #13 0x564d58595e64 <unknown>\nE       #14 0x564d5855cbef <unknown>\nE       #15 0x564d585b8558 <unknown>\nE       #16 0x564d585b8736 <unknown>\nE       #17 0x564d585c8e76 <unknown>\nE       #18 0x7f3e0449caa4 <unknown>\nE       #19 0x7f3e04529c3c <unknown>\n\nvenv/lib/python3.11/site-packages/selenium/webdriver/remote/errorhandler.py:232: NoSuchElementException\n\nDuring handling of the above exception, another exception occurred:\n\ndriver = <selenium.webdriver.chrome.webdriver.WebDriver (session=\"22eaca582a86132035e295d8fae7fe31\")>\n\n    @allure.feature(\"UI 테스트\")\n    @allure.story(\"로그인 테스트\")\n    def test_login(driver):\n        driver.get(\"https://www.kurly.com/main\")\n        driver.maximize_window()\n    \n        try:\n            driver.get(\"https://www.kurly.com/main\")\n            time.sleep(2)\n            login_button = driver.find_element(By.XPATH, \"//a[contains(text(),'로그인')]\")\n            login_button.click()\n            time.sleep(2)\n    \n            #아이디 패스워드 입력\n            login_username_input = driver.find_element(By.NAME, \"id\")\n            login_password_input = driver.find_element(By.ID, \"pw\")\n            login_submit_button = driver.find_element(By.ID,\"log.login\")\n            time.sleep(2)\n    \n            login_username_input.clear()\n            login_password_input.clear()\n    \n            login_username_input.send_keys('boksoon8')\n            login_password_input.send_keys('1232133123')\n            login_submit_button.click()\n            time.sleep(3)\n    \n        except Exception as e:\n            capture_screenshot(driver, \"로그인\", \"screenshots_login\")\n>           pytest.fail(f\"❌ 로그인 실패 :{str(e)}\")\nE           Failed: ❌ 로그인 실패 :Message: no such element: Unable to locate element: {\"method\":\"css selector\",\"selector\":\"[id=\"pw\"]\"}\nE             (Session info: chrome=134.0.6998.165); For documentation on this error, please visit: https://www.selenium.dev/documentation/webdriver/troubleshooting/errors#no-such-element-exception\nE           Stacktrace:\nE           #0 0x564d585c9ffa <unknown>\nE           #1 0x564d58088970 <unknown>\nE           #2 0x564d580da385 <unknown>\nE           #3 0x564d580da5b1 <unknown>\nE           #4 0x564d581293c4 <unknown>\nE           #5 0x564d581002bd <unknown>\nE           #6 0x564d5812670c <unknown>\nE           #7 0x564d58100063 <unknown>\nE           #8 0x564d580cc328 <unknown>\nE           #9 0x564d580cd491 <unknown>\nE           #10 0x564d5859142b <unknown>\nE           #11 0x564d585952ec <unknown>\nE           #12 0x564d58578a22 <unknown>\nE           #13 0x564d58595e64 <unknown>\nE           #14 0x564d5855cbef <unknown>\nE           #15 0x564d585b8558 <unknown>\nE           #16 0x564d585b8736 <unknown>\nE           #17 0x564d585c8e76 <unknown>\nE           #18 0x7f3e0449caa4 <unknown>\nE           #19 0x7f3e04529c3c <unknown>\n\nsrc/tests/ui_tests/test_ui_login.py:36: Failed","flaky":false,"newFailed":false,"newBroken":false,"newPassed":false,"retriesCount":0,"retriesStatusChange":false,"beforeStages":[{"name":"driver","time":{"start":1743352196225,"stop":1743352196833,"duration":608},"status":"passed","steps":[],"attachments":[],"parameters":[],"shouldDisplayMessage":false,"stepsCount":0,"attachmentsCount":0,"hasContent":false,"attachmentStep":false}],"testStage":{"status":"failed","statusMessage":"Failed: ❌ 로그인 실패 :Message: no such element: Unable to locate element: {\"method\":\"css selector\",\"selector\":\"[id=\"pw\"]\"}\n  (Session info: chrome=134.0.6998.165); For documentation on this error, please visit: https://www.selenium.dev/documentation/webdriver/troubleshooting/errors#no-such-element-exception\nStacktrace:\n#0 0x564d585c9ffa <unknown>\n#1 0x564d58088970 <unknown>\n#2 0x564d580da385 <unknown>\n#3 0x564d580da5b1 <unknown>\n#4 0x564d581293c4 <unknown>\n#5 0x564d581002bd <unknown>\n#6 0x564d5812670c <unknown>\n#7 0x564d58100063 <unknown>\n#8 0x564d580cc328 <unknown>\n#9 0x564d580cd491 <unknown>\n#10 0x564d5859142b <unknown>\n#11 0x564d585952ec <unknown>\n#12 0x564d58578a22 <unknown>\n#13 0x564d58595e64 <unknown>\n#14 0x564d5855cbef <unknown>\n#15 0x564d585b8558 <unknown>\n#16 0x564d585b8736 <unknown>\n#17 0x564d585c8e76 <unknown>\n#18 0x7f3e0449caa4 <unknown>\n#19 0x7f3e04529c3c <unknown>","statusTrace":"driver = <selenium.webdriver.chrome.webdriver.WebDriver (session=\"22eaca582a86132035e295d8fae7fe31\")>\n\n    @allure.feature(\"UI 테스트\")\n    @allure.story(\"로그인 테스트\")\n    def test_login(driver):\n        driver.get(\"https://www.kurly.com/main\")\n        driver.maximize_window()\n    \n        try:\n            driver.get(\"https://www.kurly.com/main\")\n            time.sleep(2)\n            login_button = driver.find_element(By.XPATH, \"//a[contains(text(),'로그인')]\")\n            login_button.click()\n            time.sleep(2)\n    \n            #아이디 패스워드 입력\n            login_username_input = driver.find_element(By.NAME, \"id\")\n>           login_password_input = driver.find_element(By.ID, \"pw\")\n\nsrc/tests/ui_tests/test_ui_login.py:22: \n_ _ _ _ _ _ _ _ _ _ _ _ _ _ _ _ _ _ _ _ _ _ _ _ _ _ _ _ _ _ _ _ _ _ _ _ _ _ _ _ \nvenv/lib/python3.11/site-packages/selenium/webdriver/remote/webdriver.py:770: in find_element\n    return self.execute(Command.FIND_ELEMENT, {\"using\": by, \"value\": value})[\"value\"]\nvenv/lib/python3.11/site-packages/selenium/webdriver/remote/webdriver.py:384: in execute\n    self.error_handler.check_response(response)\n_ _ _ _ _ _ _ _ _ _ _ _ _ _ _ _ _ _ _ _ _ _ _ _ _ _ _ _ _ _ _ _ _ _ _ _ _ _ _ _ \n\nself = <selenium.webdriver.remote.errorhandler.ErrorHandler object at 0x7f47ff217d10>\nresponse = {'status': 404, 'value': '{\"value\":{\"error\":\"no such element\",\"message\":\"no such element: Unable to locate element: {\\...\\\\n#17 0x564d585c8e76 \\\\u003Cunknown>\\\\n#18 0x7f3e0449caa4 \\\\u003Cunknown>\\\\n#19 0x7f3e04529c3c \\\\u003Cunknown>\\\\n\"}}'}\n\n    def check_response(self, response: Dict[str, Any]) -> None:\n        \"\"\"Checks that a JSON response from the WebDriver does not have an\n        error.\n    \n        :Args:\n         - response - The JSON response from the WebDriver server as a dictionary\n           object.\n    \n        :Raises: If the response contains an error message.\n        \"\"\"\n        status = response.get(\"status\", None)\n        if not status or status == ErrorCode.SUCCESS:\n            return\n        value = None\n        message = response.get(\"message\", \"\")\n        screen: str = response.get(\"screen\", \"\")\n        stacktrace = None\n        if isinstance(status, int):\n            value_json = response.get(\"value\", None)\n            if value_json and isinstance(value_json, str):\n                import json\n    \n                try:\n                    value = json.loads(value_json)\n                    if len(value) == 1:\n                        value = value[\"value\"]\n                    status = value.get(\"error\", None)\n                    if not status:\n                        status = value.get(\"status\", ErrorCode.UNKNOWN_ERROR)\n                        message = value.get(\"value\") or value.get(\"message\")\n                        if not isinstance(message, str):\n                            value = message\n                            message = message.get(\"message\")\n                    else:\n                        message = value.get(\"message\", None)\n                except ValueError:\n                    pass\n    \n        exception_class: Type[WebDriverException]\n        e = ErrorCode()\n        error_codes = [item for item in dir(e) if not item.startswith(\"__\")]\n        for error_code in error_codes:\n            error_info = getattr(ErrorCode, error_code)\n            if isinstance(error_info, list) and status in error_info:\n                exception_class = getattr(ExceptionMapping, error_code, WebDriverException)\n                break\n        else:\n            exception_class = WebDriverException\n    \n        if not value:\n            value = response[\"value\"]\n        if isinstance(value, str):\n            raise exception_class(value)\n        if message == \"\" and \"message\" in value:\n            message = value[\"message\"]\n    \n        screen = None  # type: ignore[assignment]\n        if \"screen\" in value:\n            screen = value[\"screen\"]\n    \n        stacktrace = None\n        st_value = value.get(\"stackTrace\") or value.get(\"stacktrace\")\n        if st_value:\n            if isinstance(st_value, str):\n                stacktrace = st_value.split(\"\\n\")\n            else:\n                stacktrace = []\n                try:\n                    for frame in st_value:\n                        line = frame.get(\"lineNumber\", \"\")\n                        file = frame.get(\"fileName\", \"<anonymous>\")\n                        if line:\n                            file = f\"{file}:{line}\"\n                        meth = frame.get(\"methodName\", \"<anonymous>\")\n                        if \"className\" in frame:\n                            meth = f\"{frame['className']}.{meth}\"\n                        msg = \"    at %s (%s)\"\n                        msg = msg % (meth, file)\n                        stacktrace.append(msg)\n                except TypeError:\n                    pass\n        if exception_class == UnexpectedAlertPresentException:\n            alert_text = None\n            if \"data\" in value:\n                alert_text = value[\"data\"].get(\"text\")\n            elif \"alert\" in value:\n                alert_text = value[\"alert\"].get(\"text\")\n            raise exception_class(message, screen, stacktrace, alert_text)  # type: ignore[call-arg]  # mypy is not smart enough here\n>       raise exception_class(message, screen, stacktrace)\nE       selenium.common.exceptions.NoSuchElementException: Message: no such element: Unable to locate element: {\"method\":\"css selector\",\"selector\":\"[id=\"pw\"]\"}\nE         (Session info: chrome=134.0.6998.165); For documentation on this error, please visit: https://www.selenium.dev/documentation/webdriver/troubleshooting/errors#no-such-element-exception\nE       Stacktrace:\nE       #0 0x564d585c9ffa <unknown>\nE       #1 0x564d58088970 <unknown>\nE       #2 0x564d580da385 <unknown>\nE       #3 0x564d580da5b1 <unknown>\nE       #4 0x564d581293c4 <unknown>\nE       #5 0x564d581002bd <unknown>\nE       #6 0x564d5812670c <unknown>\nE       #7 0x564d58100063 <unknown>\nE       #8 0x564d580cc328 <unknown>\nE       #9 0x564d580cd491 <unknown>\nE       #10 0x564d5859142b <unknown>\nE       #11 0x564d585952ec <unknown>\nE       #12 0x564d58578a22 <unknown>\nE       #13 0x564d58595e64 <unknown>\nE       #14 0x564d5855cbef <unknown>\nE       #15 0x564d585b8558 <unknown>\nE       #16 0x564d585b8736 <unknown>\nE       #17 0x564d585c8e76 <unknown>\nE       #18 0x7f3e0449caa4 <unknown>\nE       #19 0x7f3e04529c3c <unknown>\n\nvenv/lib/python3.11/site-packages/selenium/webdriver/remote/errorhandler.py:232: NoSuchElementException\n\nDuring handling of the above exception, another exception occurred:\n\ndriver = <selenium.webdriver.chrome.webdriver.WebDriver (session=\"22eaca582a86132035e295d8fae7fe31\")>\n\n    @allure.feature(\"UI 테스트\")\n    @allure.story(\"로그인 테스트\")\n    def test_login(driver):\n        driver.get(\"https://www.kurly.com/main\")\n        driver.maximize_window()\n    \n        try:\n            driver.get(\"https://www.kurly.com/main\")\n            time.sleep(2)\n            login_button = driver.find_element(By.XPATH, \"//a[contains(text(),'로그인')]\")\n            login_button.click()\n            time.sleep(2)\n    \n            #아이디 패스워드 입력\n            login_username_input = driver.find_element(By.NAME, \"id\")\n            login_password_input = driver.find_element(By.ID, \"pw\")\n            login_submit_button = driver.find_element(By.ID,\"log.login\")\n            time.sleep(2)\n    \n            login_username_input.clear()\n            login_password_input.clear()\n    \n            login_username_input.send_keys('boksoon8')\n            login_password_input.send_keys('1232133123')\n            login_submit_button.click()\n            time.sleep(3)\n    \n        except Exception as e:\n            capture_screenshot(driver, \"로그인\", \"screenshots_login\")\n>           pytest.fail(f\"❌ 로그인 실패 :{str(e)}\")\nE           Failed: ❌ 로그인 실패 :Message: no such element: Unable to locate element: {\"method\":\"css selector\",\"selector\":\"[id=\"pw\"]\"}\nE             (Session info: chrome=134.0.6998.165); For documentation on this error, please visit: https://www.selenium.dev/documentation/webdriver/troubleshooting/errors#no-such-element-exception\nE           Stacktrace:\nE           #0 0x564d585c9ffa <unknown>\nE           #1 0x564d58088970 <unknown>\nE           #2 0x564d580da385 <unknown>\nE           #3 0x564d580da5b1 <unknown>\nE           #4 0x564d581293c4 <unknown>\nE           #5 0x564d581002bd <unknown>\nE           #6 0x564d5812670c <unknown>\nE           #7 0x564d58100063 <unknown>\nE           #8 0x564d580cc328 <unknown>\nE           #9 0x564d580cd491 <unknown>\nE           #10 0x564d5859142b <unknown>\nE           #11 0x564d585952ec <unknown>\nE           #12 0x564d58578a22 <unknown>\nE           #13 0x564d58595e64 <unknown>\nE           #14 0x564d5855cbef <unknown>\nE           #15 0x564d585b8558 <unknown>\nE           #16 0x564d585b8736 <unknown>\nE           #17 0x564d585c8e76 <unknown>\nE           #18 0x7f3e0449caa4 <unknown>\nE           #19 0x7f3e04529c3c <unknown>\n\nsrc/tests/ui_tests/test_ui_login.py:36: Failed","steps":[],"attachments":[{"uid":"f924710b6dd96034","name":"Failure Screenshot","source":"f924710b6dd96034.png","type":"image/png","size":180858},{"uid":"9608d8b0702ef9a","name":"Failure Screenshot","source":"9608d8b0702ef9a.png","type":"image/png","size":180858},{"uid":"fb172c922f2df366","name":"stdout","source":"fb172c922f2df366.txt","type":"text/plain","size":81}],"parameters":[],"shouldDisplayMessage":true,"stepsCount":0,"attachmentsCount":3,"hasContent":true,"attachmentStep":false},"afterStages":[{"name":"driver::0","time":{"start":1743352204539,"stop":1743352204616,"duration":77},"status":"passed","steps":[],"attachments":[],"parameters":[],"shouldDisplayMessage":false,"stepsCount":0,"attachmentsCount":0,"hasContent":false,"attachmentStep":false}],"labels":[{"name":"story","value":"로그인 테스트"},{"name":"feature","value":"UI 테스트"},{"name":"parentSuite","value":"src.tests.ui_tests"},{"name":"suite","value":"test_ui_login"},{"name":"host","value":"fv-az1705-157"},{"name":"thread","value":"2524-MainThread"},{"name":"framework","value":"pytest"},{"name":"language","value":"cpython3"},{"name":"package","value":"src.tests.ui_tests.test_ui_login"},{"name":"resultFormat","value":"allure2"}],"parameters":[],"links":[],"hidden":false,"retry":false,"extra":{"severity":"normal","retries":[],"categories":[{"name":"Product defects","matchedStatuses":[],"flaky":false}],"tags":[]},"source":"2b1c37525aadfce6.json","parameterValues":[]}