{"uid":"3da2b0701d129e1c","name":"test_add_product","fullName":"src.tests.ui_tests.test_ui_add_product#test_add_product","historyId":"526f3c30b91fa0a947b5a8a8ff4d17c0","time":{"start":1743201961189,"stop":1743201966837,"duration":5648},"description":"\n       상품을 검색 후 추가하는 테스트\n       - 수량올리기, 수량내리기 기능 구현\n       - 검색 후 상품 선택 후 카트에 추가 구현\n       ","descriptionHtml":"<pre><code>   상품을 검색 후 추가하는 테스트\n   - 수량올리기, 수량내리기 기능 구현\n   - 검색 후 상품 선택 후 카트에 추가 구현\n</code></pre>\n","status":"failed","statusMessage":"Failed: ❌ 수량 올리기 실패: Message: no such element: Unable to locate element: {\"method\":\"xpath\",\"selector\":\"//button[@aria-label='수량올리기']\"}\n  (Session info: chrome=134.0.6998.165); For documentation on this error, please visit: https://www.selenium.dev/documentation/webdriver/troubleshooting/errors#no-such-element-exception\nStacktrace:\n#0 0x5597879f8ffa <unknown>\n#1 0x5597874b7970 <unknown>\n#2 0x559787509385 <unknown>\n#3 0x5597875095b1 <unknown>\n#4 0x5597875583c4 <unknown>\n#5 0x55978752f2bd <unknown>\n#6 0x55978755570c <unknown>\n#7 0x55978752f063 <unknown>\n#8 0x5597874fb328 <unknown>\n#9 0x5597874fc491 <unknown>\n#10 0x5597879c042b <unknown>\n#11 0x5597879c42ec <unknown>\n#12 0x5597879a7a22 <unknown>\n#13 0x5597879c4e64 <unknown>\n#14 0x55978798bbef <unknown>\n#15 0x5597879e7558 <unknown>\n#16 0x5597879e7736 <unknown>\n#17 0x5597879f7e76 <unknown>\n#18 0x7f5f4e49caa4 <unknown>\n#19 0x7f5f4e529c3c <unknown>","statusTrace":"driver = <selenium.webdriver.chrome.webdriver.WebDriver (session=\"626d90ec8676de7b1daf3df5fdb02f7e\")>\n\n    @allure.feature(\"UI 테스트\")\n    @allure.story(\"상품 추가 테스트\")\n    def test_add_product(driver):\n        \"\"\"\n           상품을 검색 후 추가하는 테스트\n           - 수량올리기, 수량내리기 기능 구현\n           - 검색 후 상품 선택 후 카트에 추가 구현\n           \"\"\"\n        driver.get(\"https://www.kurly.com/main\")\n        driver.maximize_window()\n    \n        try:\n          search_box = driver.find_element(By.XPATH, \"//input[@placeholder='검색어를 입력해주세요']\")\n          search_box.send_keys(\"과자\")\n          search_box.send_keys(Keys.RETURN)\n          time.sleep(3)\n    \n          try:\n              add_button = driver.find_element(By.XPATH, \"//a[3]//div[2]//button[1]\")\n              add_button.click()\n          except Exception as e:\n              capture_screenshot(driver,\"상품추가 실패\",\"screenshot_add_product\")\n              pytest.fail(f\"❌ 상품 추가 버튼 클릭 실패: {str(e)}\")\n    \n          try:\n>             quantity_up_button = driver.find_element(By.XPATH, \"//button[@aria-label='수량올리기']\")\n\nsrc/tests/ui_tests/test_ui_add_product.py:33: \n_ _ _ _ _ _ _ _ _ _ _ _ _ _ _ _ _ _ _ _ _ _ _ _ _ _ _ _ _ _ _ _ _ _ _ _ _ _ _ _ \nvenv/lib/python3.11/site-packages/selenium/webdriver/remote/webdriver.py:770: in find_element\n    return self.execute(Command.FIND_ELEMENT, {\"using\": by, \"value\": value})[\"value\"]\nvenv/lib/python3.11/site-packages/selenium/webdriver/remote/webdriver.py:384: in execute\n    self.error_handler.check_response(response)\n_ _ _ _ _ _ _ _ _ _ _ _ _ _ _ _ _ _ _ _ _ _ _ _ _ _ _ _ _ _ _ _ _ _ _ _ _ _ _ _ \n\nself = <selenium.webdriver.remote.errorhandler.ErrorHandler object at 0x7fc1433ddc90>\nresponse = {'status': 404, 'value': '{\"value\":{\"error\":\"no such element\",\"message\":\"no such element: Unable to locate element: {\\...\\\\n#17 0x5597879f7e76 \\\\u003Cunknown>\\\\n#18 0x7f5f4e49caa4 \\\\u003Cunknown>\\\\n#19 0x7f5f4e529c3c \\\\u003Cunknown>\\\\n\"}}'}\n\n    def check_response(self, response: Dict[str, Any]) -> None:\n        \"\"\"Checks that a JSON response from the WebDriver does not have an\n        error.\n    \n        :Args:\n         - response - The JSON response from the WebDriver server as a dictionary\n           object.\n    \n        :Raises: If the response contains an error message.\n        \"\"\"\n        status = response.get(\"status\", None)\n        if not status or status == ErrorCode.SUCCESS:\n            return\n        value = None\n        message = response.get(\"message\", \"\")\n        screen: str = response.get(\"screen\", \"\")\n        stacktrace = None\n        if isinstance(status, int):\n            value_json = response.get(\"value\", None)\n            if value_json and isinstance(value_json, str):\n                import json\n    \n                try:\n                    value = json.loads(value_json)\n                    if len(value) == 1:\n                        value = value[\"value\"]\n                    status = value.get(\"error\", None)\n                    if not status:\n                        status = value.get(\"status\", ErrorCode.UNKNOWN_ERROR)\n                        message = value.get(\"value\") or value.get(\"message\")\n                        if not isinstance(message, str):\n                            value = message\n                            message = message.get(\"message\")\n                    else:\n                        message = value.get(\"message\", None)\n                except ValueError:\n                    pass\n    \n        exception_class: Type[WebDriverException]\n        e = ErrorCode()\n        error_codes = [item for item in dir(e) if not item.startswith(\"__\")]\n        for error_code in error_codes:\n            error_info = getattr(ErrorCode, error_code)\n            if isinstance(error_info, list) and status in error_info:\n                exception_class = getattr(ExceptionMapping, error_code, WebDriverException)\n                break\n        else:\n            exception_class = WebDriverException\n    \n        if not value:\n            value = response[\"value\"]\n        if isinstance(value, str):\n            raise exception_class(value)\n        if message == \"\" and \"message\" in value:\n            message = value[\"message\"]\n    \n        screen = None  # type: ignore[assignment]\n        if \"screen\" in value:\n            screen = value[\"screen\"]\n    \n        stacktrace = None\n        st_value = value.get(\"stackTrace\") or value.get(\"stacktrace\")\n        if st_value:\n            if isinstance(st_value, str):\n                stacktrace = st_value.split(\"\\n\")\n            else:\n                stacktrace = []\n                try:\n                    for frame in st_value:\n                        line = frame.get(\"lineNumber\", \"\")\n                        file = frame.get(\"fileName\", \"<anonymous>\")\n                        if line:\n                            file = f\"{file}:{line}\"\n                        meth = frame.get(\"methodName\", \"<anonymous>\")\n                        if \"className\" in frame:\n                            meth = f\"{frame['className']}.{meth}\"\n                        msg = \"    at %s (%s)\"\n                        msg = msg % (meth, file)\n                        stacktrace.append(msg)\n                except TypeError:\n                    pass\n        if exception_class == UnexpectedAlertPresentException:\n            alert_text = None\n            if \"data\" in value:\n                alert_text = value[\"data\"].get(\"text\")\n            elif \"alert\" in value:\n                alert_text = value[\"alert\"].get(\"text\")\n            raise exception_class(message, screen, stacktrace, alert_text)  # type: ignore[call-arg]  # mypy is not smart enough here\n>       raise exception_class(message, screen, stacktrace)\nE       selenium.common.exceptions.NoSuchElementException: Message: no such element: Unable to locate element: {\"method\":\"xpath\",\"selector\":\"//button[@aria-label='수량올리기']\"}\nE         (Session info: chrome=134.0.6998.165); For documentation on this error, please visit: https://www.selenium.dev/documentation/webdriver/troubleshooting/errors#no-such-element-exception\nE       Stacktrace:\nE       #0 0x5597879f8ffa <unknown>\nE       #1 0x5597874b7970 <unknown>\nE       #2 0x559787509385 <unknown>\nE       #3 0x5597875095b1 <unknown>\nE       #4 0x5597875583c4 <unknown>\nE       #5 0x55978752f2bd <unknown>\nE       #6 0x55978755570c <unknown>\nE       #7 0x55978752f063 <unknown>\nE       #8 0x5597874fb328 <unknown>\nE       #9 0x5597874fc491 <unknown>\nE       #10 0x5597879c042b <unknown>\nE       #11 0x5597879c42ec <unknown>\nE       #12 0x5597879a7a22 <unknown>\nE       #13 0x5597879c4e64 <unknown>\nE       #14 0x55978798bbef <unknown>\nE       #15 0x5597879e7558 <unknown>\nE       #16 0x5597879e7736 <unknown>\nE       #17 0x5597879f7e76 <unknown>\nE       #18 0x7f5f4e49caa4 <unknown>\nE       #19 0x7f5f4e529c3c <unknown>\n\nvenv/lib/python3.11/site-packages/selenium/webdriver/remote/errorhandler.py:232: NoSuchElementException\n\nDuring handling of the above exception, another exception occurred:\n\ndriver = <selenium.webdriver.chrome.webdriver.WebDriver (session=\"626d90ec8676de7b1daf3df5fdb02f7e\")>\n\n    @allure.feature(\"UI 테스트\")\n    @allure.story(\"상품 추가 테스트\")\n    def test_add_product(driver):\n        \"\"\"\n           상품을 검색 후 추가하는 테스트\n           - 수량올리기, 수량내리기 기능 구현\n           - 검색 후 상품 선택 후 카트에 추가 구현\n           \"\"\"\n        driver.get(\"https://www.kurly.com/main\")\n        driver.maximize_window()\n    \n        try:\n          search_box = driver.find_element(By.XPATH, \"//input[@placeholder='검색어를 입력해주세요']\")\n          search_box.send_keys(\"과자\")\n          search_box.send_keys(Keys.RETURN)\n          time.sleep(3)\n    \n          try:\n              add_button = driver.find_element(By.XPATH, \"//a[3]//div[2]//button[1]\")\n              add_button.click()\n          except Exception as e:\n              capture_screenshot(driver,\"상품추가 실패\",\"screenshot_add_product\")\n              pytest.fail(f\"❌ 상품 추가 버튼 클릭 실패: {str(e)}\")\n    \n          try:\n              quantity_up_button = driver.find_element(By.XPATH, \"//button[@aria-label='수량올리기']\")\n              for _ in range(2):\n                  quantity_up_button.click()\n              time.sleep(2)\n          except Exception as e:\n              capture_screenshot(driver,\"수량올리기 실패\",\"screenshot_add_product\")\n>             pytest.fail(f\"❌ 수량 올리기 실패: {str(e)}\")\nE             Failed: ❌ 수량 올리기 실패: Message: no such element: Unable to locate element: {\"method\":\"xpath\",\"selector\":\"//button[@aria-label='수량올리기']\"}\nE               (Session info: chrome=134.0.6998.165); For documentation on this error, please visit: https://www.selenium.dev/documentation/webdriver/troubleshooting/errors#no-such-element-exception\nE             Stacktrace:\nE             #0 0x5597879f8ffa <unknown>\nE             #1 0x5597874b7970 <unknown>\nE             #2 0x559787509385 <unknown>\nE             #3 0x5597875095b1 <unknown>\nE             #4 0x5597875583c4 <unknown>\nE             #5 0x55978752f2bd <unknown>\nE             #6 0x55978755570c <unknown>\nE             #7 0x55978752f063 <unknown>\nE             #8 0x5597874fb328 <unknown>\nE             #9 0x5597874fc491 <unknown>\nE             #10 0x5597879c042b <unknown>\nE             #11 0x5597879c42ec <unknown>\nE             #12 0x5597879a7a22 <unknown>\nE             #13 0x5597879c4e64 <unknown>\nE             #14 0x55978798bbef <unknown>\nE             #15 0x5597879e7558 <unknown>\nE             #16 0x5597879e7736 <unknown>\nE             #17 0x5597879f7e76 <unknown>\nE             #18 0x7f5f4e49caa4 <unknown>\nE             #19 0x7f5f4e529c3c <unknown>\n\nsrc/tests/ui_tests/test_ui_add_product.py:39: Failed","flaky":false,"newFailed":false,"newBroken":false,"newPassed":false,"retriesCount":0,"retriesStatusChange":false,"beforeStages":[{"name":"driver","time":{"start":1743201960764,"stop":1743201961188,"duration":424},"status":"passed","steps":[],"attachments":[],"parameters":[],"shouldDisplayMessage":false,"stepsCount":0,"attachmentsCount":0,"hasContent":false,"attachmentStep":false}],"testStage":{"description":"\n       상품을 검색 후 추가하는 테스트\n       - 수량올리기, 수량내리기 기능 구현\n       - 검색 후 상품 선택 후 카트에 추가 구현\n       ","status":"failed","statusMessage":"Failed: ❌ 수량 올리기 실패: Message: no such element: Unable to locate element: {\"method\":\"xpath\",\"selector\":\"//button[@aria-label='수량올리기']\"}\n  (Session info: chrome=134.0.6998.165); For documentation on this error, please visit: https://www.selenium.dev/documentation/webdriver/troubleshooting/errors#no-such-element-exception\nStacktrace:\n#0 0x5597879f8ffa <unknown>\n#1 0x5597874b7970 <unknown>\n#2 0x559787509385 <unknown>\n#3 0x5597875095b1 <unknown>\n#4 0x5597875583c4 <unknown>\n#5 0x55978752f2bd <unknown>\n#6 0x55978755570c <unknown>\n#7 0x55978752f063 <unknown>\n#8 0x5597874fb328 <unknown>\n#9 0x5597874fc491 <unknown>\n#10 0x5597879c042b <unknown>\n#11 0x5597879c42ec <unknown>\n#12 0x5597879a7a22 <unknown>\n#13 0x5597879c4e64 <unknown>\n#14 0x55978798bbef <unknown>\n#15 0x5597879e7558 <unknown>\n#16 0x5597879e7736 <unknown>\n#17 0x5597879f7e76 <unknown>\n#18 0x7f5f4e49caa4 <unknown>\n#19 0x7f5f4e529c3c <unknown>","statusTrace":"driver = <selenium.webdriver.chrome.webdriver.WebDriver (session=\"626d90ec8676de7b1daf3df5fdb02f7e\")>\n\n    @allure.feature(\"UI 테스트\")\n    @allure.story(\"상품 추가 테스트\")\n    def test_add_product(driver):\n        \"\"\"\n           상품을 검색 후 추가하는 테스트\n           - 수량올리기, 수량내리기 기능 구현\n           - 검색 후 상품 선택 후 카트에 추가 구현\n           \"\"\"\n        driver.get(\"https://www.kurly.com/main\")\n        driver.maximize_window()\n    \n        try:\n          search_box = driver.find_element(By.XPATH, \"//input[@placeholder='검색어를 입력해주세요']\")\n          search_box.send_keys(\"과자\")\n          search_box.send_keys(Keys.RETURN)\n          time.sleep(3)\n    \n          try:\n              add_button = driver.find_element(By.XPATH, \"//a[3]//div[2]//button[1]\")\n              add_button.click()\n          except Exception as e:\n              capture_screenshot(driver,\"상품추가 실패\",\"screenshot_add_product\")\n              pytest.fail(f\"❌ 상품 추가 버튼 클릭 실패: {str(e)}\")\n    \n          try:\n>             quantity_up_button = driver.find_element(By.XPATH, \"//button[@aria-label='수량올리기']\")\n\nsrc/tests/ui_tests/test_ui_add_product.py:33: \n_ _ _ _ _ _ _ _ _ _ _ _ _ _ _ _ _ _ _ _ _ _ _ _ _ _ _ _ _ _ _ _ _ _ _ _ _ _ _ _ \nvenv/lib/python3.11/site-packages/selenium/webdriver/remote/webdriver.py:770: in find_element\n    return self.execute(Command.FIND_ELEMENT, {\"using\": by, \"value\": value})[\"value\"]\nvenv/lib/python3.11/site-packages/selenium/webdriver/remote/webdriver.py:384: in execute\n    self.error_handler.check_response(response)\n_ _ _ _ _ _ _ _ _ _ _ _ _ _ _ _ _ _ _ _ _ _ _ _ _ _ _ _ _ _ _ _ _ _ _ _ _ _ _ _ \n\nself = <selenium.webdriver.remote.errorhandler.ErrorHandler object at 0x7fc1433ddc90>\nresponse = {'status': 404, 'value': '{\"value\":{\"error\":\"no such element\",\"message\":\"no such element: Unable to locate element: {\\...\\\\n#17 0x5597879f7e76 \\\\u003Cunknown>\\\\n#18 0x7f5f4e49caa4 \\\\u003Cunknown>\\\\n#19 0x7f5f4e529c3c \\\\u003Cunknown>\\\\n\"}}'}\n\n    def check_response(self, response: Dict[str, Any]) -> None:\n        \"\"\"Checks that a JSON response from the WebDriver does not have an\n        error.\n    \n        :Args:\n         - response - The JSON response from the WebDriver server as a dictionary\n           object.\n    \n        :Raises: If the response contains an error message.\n        \"\"\"\n        status = response.get(\"status\", None)\n        if not status or status == ErrorCode.SUCCESS:\n            return\n        value = None\n        message = response.get(\"message\", \"\")\n        screen: str = response.get(\"screen\", \"\")\n        stacktrace = None\n        if isinstance(status, int):\n            value_json = response.get(\"value\", None)\n            if value_json and isinstance(value_json, str):\n                import json\n    \n                try:\n                    value = json.loads(value_json)\n                    if len(value) == 1:\n                        value = value[\"value\"]\n                    status = value.get(\"error\", None)\n                    if not status:\n                        status = value.get(\"status\", ErrorCode.UNKNOWN_ERROR)\n                        message = value.get(\"value\") or value.get(\"message\")\n                        if not isinstance(message, str):\n                            value = message\n                            message = message.get(\"message\")\n                    else:\n                        message = value.get(\"message\", None)\n                except ValueError:\n                    pass\n    \n        exception_class: Type[WebDriverException]\n        e = ErrorCode()\n        error_codes = [item for item in dir(e) if not item.startswith(\"__\")]\n        for error_code in error_codes:\n            error_info = getattr(ErrorCode, error_code)\n            if isinstance(error_info, list) and status in error_info:\n                exception_class = getattr(ExceptionMapping, error_code, WebDriverException)\n                break\n        else:\n            exception_class = WebDriverException\n    \n        if not value:\n            value = response[\"value\"]\n        if isinstance(value, str):\n            raise exception_class(value)\n        if message == \"\" and \"message\" in value:\n            message = value[\"message\"]\n    \n        screen = None  # type: ignore[assignment]\n        if \"screen\" in value:\n            screen = value[\"screen\"]\n    \n        stacktrace = None\n        st_value = value.get(\"stackTrace\") or value.get(\"stacktrace\")\n        if st_value:\n            if isinstance(st_value, str):\n                stacktrace = st_value.split(\"\\n\")\n            else:\n                stacktrace = []\n                try:\n                    for frame in st_value:\n                        line = frame.get(\"lineNumber\", \"\")\n                        file = frame.get(\"fileName\", \"<anonymous>\")\n                        if line:\n                            file = f\"{file}:{line}\"\n                        meth = frame.get(\"methodName\", \"<anonymous>\")\n                        if \"className\" in frame:\n                            meth = f\"{frame['className']}.{meth}\"\n                        msg = \"    at %s (%s)\"\n                        msg = msg % (meth, file)\n                        stacktrace.append(msg)\n                except TypeError:\n                    pass\n        if exception_class == UnexpectedAlertPresentException:\n            alert_text = None\n            if \"data\" in value:\n                alert_text = value[\"data\"].get(\"text\")\n            elif \"alert\" in value:\n                alert_text = value[\"alert\"].get(\"text\")\n            raise exception_class(message, screen, stacktrace, alert_text)  # type: ignore[call-arg]  # mypy is not smart enough here\n>       raise exception_class(message, screen, stacktrace)\nE       selenium.common.exceptions.NoSuchElementException: Message: no such element: Unable to locate element: {\"method\":\"xpath\",\"selector\":\"//button[@aria-label='수량올리기']\"}\nE         (Session info: chrome=134.0.6998.165); For documentation on this error, please visit: https://www.selenium.dev/documentation/webdriver/troubleshooting/errors#no-such-element-exception\nE       Stacktrace:\nE       #0 0x5597879f8ffa <unknown>\nE       #1 0x5597874b7970 <unknown>\nE       #2 0x559787509385 <unknown>\nE       #3 0x5597875095b1 <unknown>\nE       #4 0x5597875583c4 <unknown>\nE       #5 0x55978752f2bd <unknown>\nE       #6 0x55978755570c <unknown>\nE       #7 0x55978752f063 <unknown>\nE       #8 0x5597874fb328 <unknown>\nE       #9 0x5597874fc491 <unknown>\nE       #10 0x5597879c042b <unknown>\nE       #11 0x5597879c42ec <unknown>\nE       #12 0x5597879a7a22 <unknown>\nE       #13 0x5597879c4e64 <unknown>\nE       #14 0x55978798bbef <unknown>\nE       #15 0x5597879e7558 <unknown>\nE       #16 0x5597879e7736 <unknown>\nE       #17 0x5597879f7e76 <unknown>\nE       #18 0x7f5f4e49caa4 <unknown>\nE       #19 0x7f5f4e529c3c <unknown>\n\nvenv/lib/python3.11/site-packages/selenium/webdriver/remote/errorhandler.py:232: NoSuchElementException\n\nDuring handling of the above exception, another exception occurred:\n\ndriver = <selenium.webdriver.chrome.webdriver.WebDriver (session=\"626d90ec8676de7b1daf3df5fdb02f7e\")>\n\n    @allure.feature(\"UI 테스트\")\n    @allure.story(\"상품 추가 테스트\")\n    def test_add_product(driver):\n        \"\"\"\n           상품을 검색 후 추가하는 테스트\n           - 수량올리기, 수량내리기 기능 구현\n           - 검색 후 상품 선택 후 카트에 추가 구현\n           \"\"\"\n        driver.get(\"https://www.kurly.com/main\")\n        driver.maximize_window()\n    \n        try:\n          search_box = driver.find_element(By.XPATH, \"//input[@placeholder='검색어를 입력해주세요']\")\n          search_box.send_keys(\"과자\")\n          search_box.send_keys(Keys.RETURN)\n          time.sleep(3)\n    \n          try:\n              add_button = driver.find_element(By.XPATH, \"//a[3]//div[2]//button[1]\")\n              add_button.click()\n          except Exception as e:\n              capture_screenshot(driver,\"상품추가 실패\",\"screenshot_add_product\")\n              pytest.fail(f\"❌ 상품 추가 버튼 클릭 실패: {str(e)}\")\n    \n          try:\n              quantity_up_button = driver.find_element(By.XPATH, \"//button[@aria-label='수량올리기']\")\n              for _ in range(2):\n                  quantity_up_button.click()\n              time.sleep(2)\n          except Exception as e:\n              capture_screenshot(driver,\"수량올리기 실패\",\"screenshot_add_product\")\n>             pytest.fail(f\"❌ 수량 올리기 실패: {str(e)}\")\nE             Failed: ❌ 수량 올리기 실패: Message: no such element: Unable to locate element: {\"method\":\"xpath\",\"selector\":\"//button[@aria-label='수량올리기']\"}\nE               (Session info: chrome=134.0.6998.165); For documentation on this error, please visit: https://www.selenium.dev/documentation/webdriver/troubleshooting/errors#no-such-element-exception\nE             Stacktrace:\nE             #0 0x5597879f8ffa <unknown>\nE             #1 0x5597874b7970 <unknown>\nE             #2 0x559787509385 <unknown>\nE             #3 0x5597875095b1 <unknown>\nE             #4 0x5597875583c4 <unknown>\nE             #5 0x55978752f2bd <unknown>\nE             #6 0x55978755570c <unknown>\nE             #7 0x55978752f063 <unknown>\nE             #8 0x5597874fb328 <unknown>\nE             #9 0x5597874fc491 <unknown>\nE             #10 0x5597879c042b <unknown>\nE             #11 0x5597879c42ec <unknown>\nE             #12 0x5597879a7a22 <unknown>\nE             #13 0x5597879c4e64 <unknown>\nE             #14 0x55978798bbef <unknown>\nE             #15 0x5597879e7558 <unknown>\nE             #16 0x5597879e7736 <unknown>\nE             #17 0x5597879f7e76 <unknown>\nE             #18 0x7f5f4e49caa4 <unknown>\nE             #19 0x7f5f4e529c3c <unknown>\n\nsrc/tests/ui_tests/test_ui_add_product.py:39: Failed","steps":[],"attachments":[{"uid":"620e3f12b52dc840","name":"Failure Screenshot","source":"620e3f12b52dc840.png","type":"image/png","size":101702},{"uid":"bdd18b2e12bb3e67","name":"stdout","source":"bdd18b2e12bb3e67.txt","type":"text/plain","size":99}],"parameters":[],"shouldDisplayMessage":true,"stepsCount":0,"attachmentsCount":2,"hasContent":true,"attachmentStep":false},"afterStages":[{"name":"driver::0","time":{"start":1743201966977,"stop":1743201967041,"duration":64},"status":"passed","steps":[],"attachments":[],"parameters":[],"shouldDisplayMessage":false,"stepsCount":0,"attachmentsCount":0,"hasContent":false,"attachmentStep":false}],"labels":[{"name":"story","value":"상품 추가 테스트"},{"name":"feature","value":"UI 테스트"},{"name":"parentSuite","value":"src.tests.ui_tests"},{"name":"suite","value":"test_ui_add_product"},{"name":"host","value":"fv-az1689-883"},{"name":"thread","value":"2574-MainThread"},{"name":"framework","value":"pytest"},{"name":"language","value":"cpython3"},{"name":"package","value":"src.tests.ui_tests.test_ui_add_product"},{"name":"resultFormat","value":"allure2"}],"parameters":[],"links":[],"hidden":false,"retry":false,"extra":{"severity":"normal","retries":[],"categories":[{"name":"Product defects","matchedStatuses":[],"flaky":false}],"tags":[]},"source":"3da2b0701d129e1c.json","parameterValues":[]}