{"uid":"3f9283b1f8ff1fa0","name":"test_product_search[TC_003-\\ub9e5\\ubd81\\ud504\\ub85c]","fullName":"src.tests.ui_tests.test_ui_search#test_product_search","historyId":"9b436a261cbdf994d4d641eaa97af7a6","time":{"start":1743000407386,"stop":1743000407386,"duration":0},"status":"broken","statusMessage":"selenium.common.exceptions.TimeoutException: Message: \nStacktrace:\n#0 0x557722edaffa <unknown>\n#1 0x557722999970 <unknown>\n#2 0x5577229eb385 <unknown>\n#3 0x5577229eb5b1 <unknown>\n#4 0x557722a3a3c4 <unknown>\n#5 0x557722a112bd <unknown>\n#6 0x557722a3770c <unknown>\n#7 0x557722a11063 <unknown>\n#8 0x5577229dd328 <unknown>\n#9 0x5577229de491 <unknown>\n#10 0x557722ea242b <unknown>\n#11 0x557722ea62ec <unknown>\n#12 0x557722e89a22 <unknown>\n#13 0x557722ea6e64 <unknown>\n#14 0x557722e6dbef <unknown>\n#15 0x557722ec9558 <unknown>\n#16 0x557722ec9736 <unknown>\n#17 0x557722ed9e76 <unknown>\n#18 0x7f60d349caa4 <unknown>\n#19 0x7f60d3529c3c <unknown>","statusTrace":"@pytest.fixture(scope=\"module\")\n    def driver():\n        chrome_options = Options()\n    \n        chrome_options.add_argument(\"--headless=new\")  # GUI없는 환경에서도 실행 가능\n        chrome_options.add_argument(\"--disable-dev-shm-usage\") #메모리 부족 방지\n        chrome_options.add_argument(\"--no-sandbox\") #샌드박스 비활성화\n        chrome_options.add_argument(\"--disable-gpu\")\n        chrome_options.add_argument(\"--remote-debugging-port=9222\")\n        chrome_options.add_argument(\"--window-size=1920,1080\")\n    \n    \n        service_obj = Service(ChromeDriverManager().install())\n        driver = webdriver.Chrome(service=service_obj,options=chrome_options)\n    \n        driver.get(\"https://www.kurly.com/main\")\n>       WebDriverWait(driver, 10).until(\n            EC.presence_of_element_located((By.XPATH, \"//input[@id='gnb_search']\"))\n        )\n\nsrc/tests/ui_tests/conftest.py:30: \n_ _ _ _ _ _ _ _ _ _ _ _ _ _ _ _ _ _ _ _ _ _ _ _ _ _ _ _ _ _ _ _ _ _ _ _ _ _ _ _ \n\nself = <selenium.webdriver.support.wait.WebDriverWait (session=\"9e4c624112d8c254c9f9581be213ff4e\")>\nmethod = <function presence_of_element_located.<locals>._predicate at 0x7f23033fe0c0>\nmessage = ''\n\n    def until(self, method: Callable[[D], Union[Literal[False], T]], message: str = \"\") -> T:\n        \"\"\"Calls the method provided with the driver as an argument until the \\\n        return value does not evaluate to ``False``.\n    \n        :param method: callable(WebDriver)\n        :param message: optional message for :exc:`TimeoutException`\n        :returns: the result of the last call to `method`\n        :raises: :exc:`selenium.common.exceptions.TimeoutException` if timeout occurs\n        \"\"\"\n        screen = None\n        stacktrace = None\n    \n        end_time = time.monotonic() + self._timeout\n        while True:\n            try:\n                value = method(self._driver)\n                if value:\n                    return value\n            except self._ignored_exceptions as exc:\n                screen = getattr(exc, \"screen\", None)\n                stacktrace = getattr(exc, \"stacktrace\", None)\n            if time.monotonic() > end_time:\n                break\n            time.sleep(self._poll)\n>       raise TimeoutException(message, screen, stacktrace)\nE       selenium.common.exceptions.TimeoutException: Message: \nE       Stacktrace:\nE       #0 0x557722edaffa <unknown>\nE       #1 0x557722999970 <unknown>\nE       #2 0x5577229eb385 <unknown>\nE       #3 0x5577229eb5b1 <unknown>\nE       #4 0x557722a3a3c4 <unknown>\nE       #5 0x557722a112bd <unknown>\nE       #6 0x557722a3770c <unknown>\nE       #7 0x557722a11063 <unknown>\nE       #8 0x5577229dd328 <unknown>\nE       #9 0x5577229de491 <unknown>\nE       #10 0x557722ea242b <unknown>\nE       #11 0x557722ea62ec <unknown>\nE       #12 0x557722e89a22 <unknown>\nE       #13 0x557722ea6e64 <unknown>\nE       #14 0x557722e6dbef <unknown>\nE       #15 0x557722ec9558 <unknown>\nE       #16 0x557722ec9736 <unknown>\nE       #17 0x557722ed9e76 <unknown>\nE       #18 0x7f60d349caa4 <unknown>\nE       #19 0x7f60d3529c3c <unknown>\n\nvenv/lib/python3.11/site-packages/selenium/webdriver/support/wait.py:105: TimeoutException","flaky":false,"newFailed":false,"newBroken":false,"newPassed":false,"retriesCount":0,"retriesStatusChange":false,"beforeStages":[{"name":"driver","time":{"start":1743000395319,"stop":1743000407373,"duration":12054},"status":"broken","statusMessage":"selenium.common.exceptions.TimeoutException: Message: \nStacktrace:\n#0 0x557722edaffa <unknown>\n#1 0x557722999970 <unknown>\n#2 0x5577229eb385 <unknown>\n#3 0x5577229eb5b1 <unknown>\n#4 0x557722a3a3c4 <unknown>\n#5 0x557722a112bd <unknown>\n#6 0x557722a3770c <unknown>\n#7 0x557722a11063 <unknown>\n#8 0x5577229dd328 <unknown>\n#9 0x5577229de491 <unknown>\n#10 0x557722ea242b <unknown>\n#11 0x557722ea62ec <unknown>\n#12 0x557722e89a22 <unknown>\n#13 0x557722ea6e64 <unknown>\n#14 0x557722e6dbef <unknown>\n#15 0x557722ec9558 <unknown>\n#16 0x557722ec9736 <unknown>\n#17 0x557722ed9e76 <unknown>\n#18 0x7f60d349caa4 <unknown>\n#19 0x7f60d3529c3c <unknown>\n\n","statusTrace":"  File \"/home/runner/work/QATEST/QATEST/venv/lib/python3.11/site-packages/pluggy/_callers.py\", line 167, in _multicall\n    teardown.throw(outcome._exception)\n  File \"/home/runner/work/QATEST/QATEST/venv/lib/python3.11/site-packages/_pytest/setuponly.py\", line 36, in pytest_fixture_setup\n    return (yield)\n            ^^^^^\n  File \"/home/runner/work/QATEST/QATEST/venv/lib/python3.11/site-packages/pluggy/_callers.py\", line 103, in _multicall\n    res = hook_impl.function(*args)\n          ^^^^^^^^^^^^^^^^^^^^^^^^^\n  File \"/home/runner/work/QATEST/QATEST/venv/lib/python3.11/site-packages/_pytest/fixtures.py\", line 1140, in pytest_fixture_setup\n    result = call_fixture_func(fixturefunc, request, kwargs)\n             ^^^^^^^^^^^^^^^^^^^^^^^^^^^^^^^^^^^^^^^^^^^^^^^\n  File \"/home/runner/work/QATEST/QATEST/venv/lib/python3.11/site-packages/_pytest/fixtures.py\", line 891, in call_fixture_func\n    fixture_result = next(generator)\n                     ^^^^^^^^^^^^^^^\n  File \"/home/runner/work/QATEST/QATEST/src/tests/ui_tests/conftest.py\", line 30, in driver\n    WebDriverWait(driver, 10).until(\n  File \"/home/runner/work/QATEST/QATEST/venv/lib/python3.11/site-packages/selenium/webdriver/support/wait.py\", line 105, in until\n    raise TimeoutException(message, screen, stacktrace)\n","steps":[],"attachments":[],"parameters":[],"shouldDisplayMessage":true,"stepsCount":0,"attachmentsCount":0,"hasContent":true,"attachmentStep":false}],"afterStages":[],"labels":[{"name":"story","value":"상품 검색 테스트"},{"name":"feature","value":"UI 테스트"},{"name":"parentSuite","value":"src.tests.ui_tests"},{"name":"suite","value":"test_ui_search"},{"name":"host","value":"fv-az1774-137"},{"name":"thread","value":"2515-MainThread"},{"name":"framework","value":"pytest"},{"name":"language","value":"cpython3"},{"name":"package","value":"src.tests.ui_tests.test_ui_search"},{"name":"resultFormat","value":"allure2"}],"parameters":[{"name":"search_term","value":"'맥북프로'"},{"name":"tc_id","value":"'TC_003'"}],"links":[],"hidden":false,"retry":false,"extra":{"severity":"normal","retries":[],"categories":[{"name":"Test defects","matchedStatuses":[],"flaky":false}],"tags":[]},"source":"3f9283b1f8ff1fa0.json","parameterValues":["'맥북프로'","'TC_003'"]}