{"uid":"495c6c6607cd8134","name":"test_cart","fullName":"src.tests.ui_tests.test_ui_cart#test_cart","historyId":"a5c99d53abd33890bbdde8e20d7870d0","time":{"start":1743027345196,"stop":1743027345419,"duration":223},"status":"failed","statusMessage":"Failed: ❌ 테스트 실패: Message: no such element: Unable to locate element: {\"method\":\"xpath\",\"selector\":\"//button[@class='css-g25h97 e14oy6dx1']\"}\n  (Session info: chrome=134.0.6998.88); For documentation on this error, please visit: https://www.selenium.dev/documentation/webdriver/troubleshooting/errors#no-such-element-exception\nStacktrace:\n#0 0x55db2fe90ffa <unknown>\n#1 0x55db2f94f970 <unknown>\n#2 0x55db2f9a1385 <unknown>\n#3 0x55db2f9a15b1 <unknown>\n#4 0x55db2f9f03c4 <unknown>\n#5 0x55db2f9c72bd <unknown>\n#6 0x55db2f9ed70c <unknown>\n#7 0x55db2f9c7063 <unknown>\n#8 0x55db2f993328 <unknown>\n#9 0x55db2f994491 <unknown>\n#10 0x55db2fe5842b <unknown>\n#11 0x55db2fe5c2ec <unknown>\n#12 0x55db2fe3fa22 <unknown>\n#13 0x55db2fe5ce64 <unknown>\n#14 0x55db2fe23bef <unknown>\n#15 0x55db2fe7f558 <unknown>\n#16 0x55db2fe7f736 <unknown>\n#17 0x55db2fe8fe76 <unknown>\n#18 0x7f3fea09caa4 <unknown>\n#19 0x7f3fea129c3c <unknown>","statusTrace":"driver = <selenium.webdriver.chrome.webdriver.WebDriver (session=\"69bc8a748af9f3f7ec071e6a29458240\")>\n\n    @allure.feature(\"UI 테스트\")\n    @allure.story(\"장바구니 화면 체크 테스트\")\n    def test_cart(driver):\n        try:\n>         cart_button = driver.find_element(By.XPATH,\"//button[@class='css-g25h97 e14oy6dx1']\")\n\nsrc/tests/ui_tests/test_ui_cart.py:11: \n_ _ _ _ _ _ _ _ _ _ _ _ _ _ _ _ _ _ _ _ _ _ _ _ _ _ _ _ _ _ _ _ _ _ _ _ _ _ _ _ \nvenv/lib/python3.11/site-packages/selenium/webdriver/remote/webdriver.py:770: in find_element\n    return self.execute(Command.FIND_ELEMENT, {\"using\": by, \"value\": value})[\"value\"]\nvenv/lib/python3.11/site-packages/selenium/webdriver/remote/webdriver.py:384: in execute\n    self.error_handler.check_response(response)\n_ _ _ _ _ _ _ _ _ _ _ _ _ _ _ _ _ _ _ _ _ _ _ _ _ _ _ _ _ _ _ _ _ _ _ _ _ _ _ _ \n\nself = <selenium.webdriver.remote.errorhandler.ErrorHandler object at 0x7feb2a7a7bd0>\nresponse = {'status': 404, 'value': '{\"value\":{\"error\":\"no such element\",\"message\":\"no such element: Unable to locate element: {\\...\\\\n#17 0x55db2fe8fe76 \\\\u003Cunknown>\\\\n#18 0x7f3fea09caa4 \\\\u003Cunknown>\\\\n#19 0x7f3fea129c3c \\\\u003Cunknown>\\\\n\"}}'}\n\n    def check_response(self, response: Dict[str, Any]) -> None:\n        \"\"\"Checks that a JSON response from the WebDriver does not have an\n        error.\n    \n        :Args:\n         - response - The JSON response from the WebDriver server as a dictionary\n           object.\n    \n        :Raises: If the response contains an error message.\n        \"\"\"\n        status = response.get(\"status\", None)\n        if not status or status == ErrorCode.SUCCESS:\n            return\n        value = None\n        message = response.get(\"message\", \"\")\n        screen: str = response.get(\"screen\", \"\")\n        stacktrace = None\n        if isinstance(status, int):\n            value_json = response.get(\"value\", None)\n            if value_json and isinstance(value_json, str):\n                import json\n    \n                try:\n                    value = json.loads(value_json)\n                    if len(value) == 1:\n                        value = value[\"value\"]\n                    status = value.get(\"error\", None)\n                    if not status:\n                        status = value.get(\"status\", ErrorCode.UNKNOWN_ERROR)\n                        message = value.get(\"value\") or value.get(\"message\")\n                        if not isinstance(message, str):\n                            value = message\n                            message = message.get(\"message\")\n                    else:\n                        message = value.get(\"message\", None)\n                except ValueError:\n                    pass\n    \n        exception_class: Type[WebDriverException]\n        e = ErrorCode()\n        error_codes = [item for item in dir(e) if not item.startswith(\"__\")]\n        for error_code in error_codes:\n            error_info = getattr(ErrorCode, error_code)\n            if isinstance(error_info, list) and status in error_info:\n                exception_class = getattr(ExceptionMapping, error_code, WebDriverException)\n                break\n        else:\n            exception_class = WebDriverException\n    \n        if not value:\n            value = response[\"value\"]\n        if isinstance(value, str):\n            raise exception_class(value)\n        if message == \"\" and \"message\" in value:\n            message = value[\"message\"]\n    \n        screen = None  # type: ignore[assignment]\n        if \"screen\" in value:\n            screen = value[\"screen\"]\n    \n        stacktrace = None\n        st_value = value.get(\"stackTrace\") or value.get(\"stacktrace\")\n        if st_value:\n            if isinstance(st_value, str):\n                stacktrace = st_value.split(\"\\n\")\n            else:\n                stacktrace = []\n                try:\n                    for frame in st_value:\n                        line = frame.get(\"lineNumber\", \"\")\n                        file = frame.get(\"fileName\", \"<anonymous>\")\n                        if line:\n                            file = f\"{file}:{line}\"\n                        meth = frame.get(\"methodName\", \"<anonymous>\")\n                        if \"className\" in frame:\n                            meth = f\"{frame['className']}.{meth}\"\n                        msg = \"    at %s (%s)\"\n                        msg = msg % (meth, file)\n                        stacktrace.append(msg)\n                except TypeError:\n                    pass\n        if exception_class == UnexpectedAlertPresentException:\n            alert_text = None\n            if \"data\" in value:\n                alert_text = value[\"data\"].get(\"text\")\n            elif \"alert\" in value:\n                alert_text = value[\"alert\"].get(\"text\")\n            raise exception_class(message, screen, stacktrace, alert_text)  # type: ignore[call-arg]  # mypy is not smart enough here\n>       raise exception_class(message, screen, stacktrace)\nE       selenium.common.exceptions.NoSuchElementException: Message: no such element: Unable to locate element: {\"method\":\"xpath\",\"selector\":\"//button[@class='css-g25h97 e14oy6dx1']\"}\nE         (Session info: chrome=134.0.6998.88); For documentation on this error, please visit: https://www.selenium.dev/documentation/webdriver/troubleshooting/errors#no-such-element-exception\nE       Stacktrace:\nE       #0 0x55db2fe90ffa <unknown>\nE       #1 0x55db2f94f970 <unknown>\nE       #2 0x55db2f9a1385 <unknown>\nE       #3 0x55db2f9a15b1 <unknown>\nE       #4 0x55db2f9f03c4 <unknown>\nE       #5 0x55db2f9c72bd <unknown>\nE       #6 0x55db2f9ed70c <unknown>\nE       #7 0x55db2f9c7063 <unknown>\nE       #8 0x55db2f993328 <unknown>\nE       #9 0x55db2f994491 <unknown>\nE       #10 0x55db2fe5842b <unknown>\nE       #11 0x55db2fe5c2ec <unknown>\nE       #12 0x55db2fe3fa22 <unknown>\nE       #13 0x55db2fe5ce64 <unknown>\nE       #14 0x55db2fe23bef <unknown>\nE       #15 0x55db2fe7f558 <unknown>\nE       #16 0x55db2fe7f736 <unknown>\nE       #17 0x55db2fe8fe76 <unknown>\nE       #18 0x7f3fea09caa4 <unknown>\nE       #19 0x7f3fea129c3c <unknown>\n\nvenv/lib/python3.11/site-packages/selenium/webdriver/remote/errorhandler.py:232: NoSuchElementException\n\nDuring handling of the above exception, another exception occurred:\n\ndriver = <selenium.webdriver.chrome.webdriver.WebDriver (session=\"69bc8a748af9f3f7ec071e6a29458240\")>\n\n    @allure.feature(\"UI 테스트\")\n    @allure.story(\"장바구니 화면 체크 테스트\")\n    def test_cart(driver):\n        try:\n          cart_button = driver.find_element(By.XPATH,\"//button[@class='css-g25h97 e14oy6dx1']\")\n          cart_button.click()\n          time.sleep(4)\n    \n          assert \"컬리 - 마켓컬리/뷰티컬리\" in driver.title, \"❌ 장바구니 페이지가 열리지 않았습니다!\"\n          capture_screenshot(driver,\"장바구니\",\"screenshots_cart\")\n    \n        except Exception as e:\n            capture_screenshot(driver,\"장바구니_실패\",\"screenshots_cart\")\n            allure.attach(driver.get_screenshot_as_png(), name=\"장바구니_실패\", attachment_type=allure.attachment_type.PNG)\n>           pytest.fail(f\"❌ 테스트 실패: {str(e)}\")\nE           Failed: ❌ 테스트 실패: Message: no such element: Unable to locate element: {\"method\":\"xpath\",\"selector\":\"//button[@class='css-g25h97 e14oy6dx1']\"}\nE             (Session info: chrome=134.0.6998.88); For documentation on this error, please visit: https://www.selenium.dev/documentation/webdriver/troubleshooting/errors#no-such-element-exception\nE           Stacktrace:\nE           #0 0x55db2fe90ffa <unknown>\nE           #1 0x55db2f94f970 <unknown>\nE           #2 0x55db2f9a1385 <unknown>\nE           #3 0x55db2f9a15b1 <unknown>\nE           #4 0x55db2f9f03c4 <unknown>\nE           #5 0x55db2f9c72bd <unknown>\nE           #6 0x55db2f9ed70c <unknown>\nE           #7 0x55db2f9c7063 <unknown>\nE           #8 0x55db2f993328 <unknown>\nE           #9 0x55db2f994491 <unknown>\nE           #10 0x55db2fe5842b <unknown>\nE           #11 0x55db2fe5c2ec <unknown>\nE           #12 0x55db2fe3fa22 <unknown>\nE           #13 0x55db2fe5ce64 <unknown>\nE           #14 0x55db2fe23bef <unknown>\nE           #15 0x55db2fe7f558 <unknown>\nE           #16 0x55db2fe7f736 <unknown>\nE           #17 0x55db2fe8fe76 <unknown>\nE           #18 0x7f3fea09caa4 <unknown>\nE           #19 0x7f3fea129c3c <unknown>\n\nsrc/tests/ui_tests/test_ui_cart.py:21: Failed","flaky":false,"newFailed":false,"newBroken":false,"newPassed":false,"retriesCount":0,"retriesStatusChange":false,"beforeStages":[{"name":"driver","time":{"start":1743027344796,"stop":1743027345195,"duration":399},"status":"passed","steps":[],"attachments":[],"parameters":[],"shouldDisplayMessage":false,"stepsCount":0,"attachmentsCount":0,"hasContent":false,"attachmentStep":false}],"testStage":{"status":"failed","statusMessage":"Failed: ❌ 테스트 실패: Message: no such element: Unable to locate element: {\"method\":\"xpath\",\"selector\":\"//button[@class='css-g25h97 e14oy6dx1']\"}\n  (Session info: chrome=134.0.6998.88); For documentation on this error, please visit: https://www.selenium.dev/documentation/webdriver/troubleshooting/errors#no-such-element-exception\nStacktrace:\n#0 0x55db2fe90ffa <unknown>\n#1 0x55db2f94f970 <unknown>\n#2 0x55db2f9a1385 <unknown>\n#3 0x55db2f9a15b1 <unknown>\n#4 0x55db2f9f03c4 <unknown>\n#5 0x55db2f9c72bd <unknown>\n#6 0x55db2f9ed70c <unknown>\n#7 0x55db2f9c7063 <unknown>\n#8 0x55db2f993328 <unknown>\n#9 0x55db2f994491 <unknown>\n#10 0x55db2fe5842b <unknown>\n#11 0x55db2fe5c2ec <unknown>\n#12 0x55db2fe3fa22 <unknown>\n#13 0x55db2fe5ce64 <unknown>\n#14 0x55db2fe23bef <unknown>\n#15 0x55db2fe7f558 <unknown>\n#16 0x55db2fe7f736 <unknown>\n#17 0x55db2fe8fe76 <unknown>\n#18 0x7f3fea09caa4 <unknown>\n#19 0x7f3fea129c3c <unknown>","statusTrace":"driver = <selenium.webdriver.chrome.webdriver.WebDriver (session=\"69bc8a748af9f3f7ec071e6a29458240\")>\n\n    @allure.feature(\"UI 테스트\")\n    @allure.story(\"장바구니 화면 체크 테스트\")\n    def test_cart(driver):\n        try:\n>         cart_button = driver.find_element(By.XPATH,\"//button[@class='css-g25h97 e14oy6dx1']\")\n\nsrc/tests/ui_tests/test_ui_cart.py:11: \n_ _ _ _ _ _ _ _ _ _ _ _ _ _ _ _ _ _ _ _ _ _ _ _ _ _ _ _ _ _ _ _ _ _ _ _ _ _ _ _ \nvenv/lib/python3.11/site-packages/selenium/webdriver/remote/webdriver.py:770: in find_element\n    return self.execute(Command.FIND_ELEMENT, {\"using\": by, \"value\": value})[\"value\"]\nvenv/lib/python3.11/site-packages/selenium/webdriver/remote/webdriver.py:384: in execute\n    self.error_handler.check_response(response)\n_ _ _ _ _ _ _ _ _ _ _ _ _ _ _ _ _ _ _ _ _ _ _ _ _ _ _ _ _ _ _ _ _ _ _ _ _ _ _ _ \n\nself = <selenium.webdriver.remote.errorhandler.ErrorHandler object at 0x7feb2a7a7bd0>\nresponse = {'status': 404, 'value': '{\"value\":{\"error\":\"no such element\",\"message\":\"no such element: Unable to locate element: {\\...\\\\n#17 0x55db2fe8fe76 \\\\u003Cunknown>\\\\n#18 0x7f3fea09caa4 \\\\u003Cunknown>\\\\n#19 0x7f3fea129c3c \\\\u003Cunknown>\\\\n\"}}'}\n\n    def check_response(self, response: Dict[str, Any]) -> None:\n        \"\"\"Checks that a JSON response from the WebDriver does not have an\n        error.\n    \n        :Args:\n         - response - The JSON response from the WebDriver server as a dictionary\n           object.\n    \n        :Raises: If the response contains an error message.\n        \"\"\"\n        status = response.get(\"status\", None)\n        if not status or status == ErrorCode.SUCCESS:\n            return\n        value = None\n        message = response.get(\"message\", \"\")\n        screen: str = response.get(\"screen\", \"\")\n        stacktrace = None\n        if isinstance(status, int):\n            value_json = response.get(\"value\", None)\n            if value_json and isinstance(value_json, str):\n                import json\n    \n                try:\n                    value = json.loads(value_json)\n                    if len(value) == 1:\n                        value = value[\"value\"]\n                    status = value.get(\"error\", None)\n                    if not status:\n                        status = value.get(\"status\", ErrorCode.UNKNOWN_ERROR)\n                        message = value.get(\"value\") or value.get(\"message\")\n                        if not isinstance(message, str):\n                            value = message\n                            message = message.get(\"message\")\n                    else:\n                        message = value.get(\"message\", None)\n                except ValueError:\n                    pass\n    \n        exception_class: Type[WebDriverException]\n        e = ErrorCode()\n        error_codes = [item for item in dir(e) if not item.startswith(\"__\")]\n        for error_code in error_codes:\n            error_info = getattr(ErrorCode, error_code)\n            if isinstance(error_info, list) and status in error_info:\n                exception_class = getattr(ExceptionMapping, error_code, WebDriverException)\n                break\n        else:\n            exception_class = WebDriverException\n    \n        if not value:\n            value = response[\"value\"]\n        if isinstance(value, str):\n            raise exception_class(value)\n        if message == \"\" and \"message\" in value:\n            message = value[\"message\"]\n    \n        screen = None  # type: ignore[assignment]\n        if \"screen\" in value:\n            screen = value[\"screen\"]\n    \n        stacktrace = None\n        st_value = value.get(\"stackTrace\") or value.get(\"stacktrace\")\n        if st_value:\n            if isinstance(st_value, str):\n                stacktrace = st_value.split(\"\\n\")\n            else:\n                stacktrace = []\n                try:\n                    for frame in st_value:\n                        line = frame.get(\"lineNumber\", \"\")\n                        file = frame.get(\"fileName\", \"<anonymous>\")\n                        if line:\n                            file = f\"{file}:{line}\"\n                        meth = frame.get(\"methodName\", \"<anonymous>\")\n                        if \"className\" in frame:\n                            meth = f\"{frame['className']}.{meth}\"\n                        msg = \"    at %s (%s)\"\n                        msg = msg % (meth, file)\n                        stacktrace.append(msg)\n                except TypeError:\n                    pass\n        if exception_class == UnexpectedAlertPresentException:\n            alert_text = None\n            if \"data\" in value:\n                alert_text = value[\"data\"].get(\"text\")\n            elif \"alert\" in value:\n                alert_text = value[\"alert\"].get(\"text\")\n            raise exception_class(message, screen, stacktrace, alert_text)  # type: ignore[call-arg]  # mypy is not smart enough here\n>       raise exception_class(message, screen, stacktrace)\nE       selenium.common.exceptions.NoSuchElementException: Message: no such element: Unable to locate element: {\"method\":\"xpath\",\"selector\":\"//button[@class='css-g25h97 e14oy6dx1']\"}\nE         (Session info: chrome=134.0.6998.88); For documentation on this error, please visit: https://www.selenium.dev/documentation/webdriver/troubleshooting/errors#no-such-element-exception\nE       Stacktrace:\nE       #0 0x55db2fe90ffa <unknown>\nE       #1 0x55db2f94f970 <unknown>\nE       #2 0x55db2f9a1385 <unknown>\nE       #3 0x55db2f9a15b1 <unknown>\nE       #4 0x55db2f9f03c4 <unknown>\nE       #5 0x55db2f9c72bd <unknown>\nE       #6 0x55db2f9ed70c <unknown>\nE       #7 0x55db2f9c7063 <unknown>\nE       #8 0x55db2f993328 <unknown>\nE       #9 0x55db2f994491 <unknown>\nE       #10 0x55db2fe5842b <unknown>\nE       #11 0x55db2fe5c2ec <unknown>\nE       #12 0x55db2fe3fa22 <unknown>\nE       #13 0x55db2fe5ce64 <unknown>\nE       #14 0x55db2fe23bef <unknown>\nE       #15 0x55db2fe7f558 <unknown>\nE       #16 0x55db2fe7f736 <unknown>\nE       #17 0x55db2fe8fe76 <unknown>\nE       #18 0x7f3fea09caa4 <unknown>\nE       #19 0x7f3fea129c3c <unknown>\n\nvenv/lib/python3.11/site-packages/selenium/webdriver/remote/errorhandler.py:232: NoSuchElementException\n\nDuring handling of the above exception, another exception occurred:\n\ndriver = <selenium.webdriver.chrome.webdriver.WebDriver (session=\"69bc8a748af9f3f7ec071e6a29458240\")>\n\n    @allure.feature(\"UI 테스트\")\n    @allure.story(\"장바구니 화면 체크 테스트\")\n    def test_cart(driver):\n        try:\n          cart_button = driver.find_element(By.XPATH,\"//button[@class='css-g25h97 e14oy6dx1']\")\n          cart_button.click()\n          time.sleep(4)\n    \n          assert \"컬리 - 마켓컬리/뷰티컬리\" in driver.title, \"❌ 장바구니 페이지가 열리지 않았습니다!\"\n          capture_screenshot(driver,\"장바구니\",\"screenshots_cart\")\n    \n        except Exception as e:\n            capture_screenshot(driver,\"장바구니_실패\",\"screenshots_cart\")\n            allure.attach(driver.get_screenshot_as_png(), name=\"장바구니_실패\", attachment_type=allure.attachment_type.PNG)\n>           pytest.fail(f\"❌ 테스트 실패: {str(e)}\")\nE           Failed: ❌ 테스트 실패: Message: no such element: Unable to locate element: {\"method\":\"xpath\",\"selector\":\"//button[@class='css-g25h97 e14oy6dx1']\"}\nE             (Session info: chrome=134.0.6998.88); For documentation on this error, please visit: https://www.selenium.dev/documentation/webdriver/troubleshooting/errors#no-such-element-exception\nE           Stacktrace:\nE           #0 0x55db2fe90ffa <unknown>\nE           #1 0x55db2f94f970 <unknown>\nE           #2 0x55db2f9a1385 <unknown>\nE           #3 0x55db2f9a15b1 <unknown>\nE           #4 0x55db2f9f03c4 <unknown>\nE           #5 0x55db2f9c72bd <unknown>\nE           #6 0x55db2f9ed70c <unknown>\nE           #7 0x55db2f9c7063 <unknown>\nE           #8 0x55db2f993328 <unknown>\nE           #9 0x55db2f994491 <unknown>\nE           #10 0x55db2fe5842b <unknown>\nE           #11 0x55db2fe5c2ec <unknown>\nE           #12 0x55db2fe3fa22 <unknown>\nE           #13 0x55db2fe5ce64 <unknown>\nE           #14 0x55db2fe23bef <unknown>\nE           #15 0x55db2fe7f558 <unknown>\nE           #16 0x55db2fe7f736 <unknown>\nE           #17 0x55db2fe8fe76 <unknown>\nE           #18 0x7f3fea09caa4 <unknown>\nE           #19 0x7f3fea129c3c <unknown>\n\nsrc/tests/ui_tests/test_ui_cart.py:21: Failed","steps":[],"attachments":[{"uid":"383ebff65743b473","name":"장바구니_실패","source":"383ebff65743b473.png","type":"image/png","size":7498},{"uid":"c7e550e4a14169ba","name":"Failure Screenshot","source":"c7e550e4a14169ba.png","type":"image/png","size":7498},{"uid":"41aad6e6c5968675","name":"stdout","source":"41aad6e6c5968675.txt","type":"text/plain","size":90}],"parameters":[],"shouldDisplayMessage":true,"stepsCount":0,"attachmentsCount":3,"hasContent":true,"attachmentStep":false},"afterStages":[{"name":"driver::0","time":{"start":1743027345535,"stop":1743027345594,"duration":59},"status":"passed","steps":[],"attachments":[],"parameters":[],"shouldDisplayMessage":false,"stepsCount":0,"attachmentsCount":0,"hasContent":false,"attachmentStep":false}],"labels":[{"name":"feature","value":"UI 테스트"},{"name":"story","value":"장바구니 화면 체크 테스트"},{"name":"parentSuite","value":"src.tests.ui_tests"},{"name":"suite","value":"test_ui_cart"},{"name":"host","value":"fv-az1939-359"},{"name":"thread","value":"2547-MainThread"},{"name":"framework","value":"pytest"},{"name":"language","value":"cpython3"},{"name":"package","value":"src.tests.ui_tests.test_ui_cart"},{"name":"resultFormat","value":"allure2"}],"parameters":[],"links":[],"hidden":false,"retry":false,"extra":{"severity":"normal","retries":[],"categories":[{"name":"Product defects","matchedStatuses":[],"flaky":false}],"tags":[]},"source":"495c6c6607cd8134.json","parameterValues":[]}