{"uid":"50bd870a95907f65","name":"test_product_search[TC_009-\\ud0a4\\ubcf4\\ub4dc]","fullName":"src.tests.ui_tests.test_ui_search#test_product_search","historyId":"b6d5f135beed7437630830d9309c4823","time":{"start":1743029875704,"stop":1743029875801,"duration":97},"status":"failed","statusMessage":"Failed: ❌ 검색 실패: Message: no such element: Unable to locate element: {\"method\":\"xpath\",\"selector\":\"//input[@id='gnb_search']\"}\n  (Session info: chrome=134.0.6998.88); For documentation on this error, please visit: https://www.selenium.dev/documentation/webdriver/troubleshooting/errors#no-such-element-exception\nStacktrace:\n#0 0x5638a6dbaffa <unknown>\n#1 0x5638a6879970 <unknown>\n#2 0x5638a68cb385 <unknown>\n#3 0x5638a68cb5b1 <unknown>\n#4 0x5638a691a3c4 <unknown>\n#5 0x5638a68f12bd <unknown>\n#6 0x5638a691770c <unknown>\n#7 0x5638a68f1063 <unknown>\n#8 0x5638a68bd328 <unknown>\n#9 0x5638a68be491 <unknown>\n#10 0x5638a6d8242b <unknown>\n#11 0x5638a6d862ec <unknown>\n#12 0x5638a6d69a22 <unknown>\n#13 0x5638a6d86e64 <unknown>\n#14 0x5638a6d4dbef <unknown>\n#15 0x5638a6da9558 <unknown>\n#16 0x5638a6da9736 <unknown>\n#17 0x5638a6db9e76 <unknown>\n#18 0x7ff17129caa4 <unknown>\n#19 0x7ff171329c3c <unknown>","statusTrace":"driver = <selenium.webdriver.chrome.webdriver.WebDriver (session=\"9e5e6a274809b98fa4f634270e354fd2\")>\ntc_id = 'TC_009', search_term = '키보드'\n\n    @allure.feature(\"UI 테스트\")\n    @allure.story(\"상품 검색 테스트\")\n    @pytest.mark.parametrize(\"tc_id, search_term\", search_cases)\n    def test_product_search(driver, tc_id, search_term):\n        print(f\"\uD83D\uDD0D TC {tc_id}: '{search_term}' 검색 테스트 실행 중...\")\n        try:\n>           search_box = driver.find_element(By.XPATH, \"//input[@id='gnb_search']\")\n\nsrc/tests/ui_tests/test_ui_search.py:18: \n_ _ _ _ _ _ _ _ _ _ _ _ _ _ _ _ _ _ _ _ _ _ _ _ _ _ _ _ _ _ _ _ _ _ _ _ _ _ _ _ \nvenv/lib/python3.11/site-packages/selenium/webdriver/remote/webdriver.py:770: in find_element\n    return self.execute(Command.FIND_ELEMENT, {\"using\": by, \"value\": value})[\"value\"]\nvenv/lib/python3.11/site-packages/selenium/webdriver/remote/webdriver.py:384: in execute\n    self.error_handler.check_response(response)\n_ _ _ _ _ _ _ _ _ _ _ _ _ _ _ _ _ _ _ _ _ _ _ _ _ _ _ _ _ _ _ _ _ _ _ _ _ _ _ _ \n\nself = <selenium.webdriver.remote.errorhandler.ErrorHandler object at 0x7f347b123fd0>\nresponse = {'status': 404, 'value': '{\"value\":{\"error\":\"no such element\",\"message\":\"no such element: Unable to locate element: {\\...\\\\n#17 0x5638a6db9e76 \\\\u003Cunknown>\\\\n#18 0x7ff17129caa4 \\\\u003Cunknown>\\\\n#19 0x7ff171329c3c \\\\u003Cunknown>\\\\n\"}}'}\n\n    def check_response(self, response: Dict[str, Any]) -> None:\n        \"\"\"Checks that a JSON response from the WebDriver does not have an\n        error.\n    \n        :Args:\n         - response - The JSON response from the WebDriver server as a dictionary\n           object.\n    \n        :Raises: If the response contains an error message.\n        \"\"\"\n        status = response.get(\"status\", None)\n        if not status or status == ErrorCode.SUCCESS:\n            return\n        value = None\n        message = response.get(\"message\", \"\")\n        screen: str = response.get(\"screen\", \"\")\n        stacktrace = None\n        if isinstance(status, int):\n            value_json = response.get(\"value\", None)\n            if value_json and isinstance(value_json, str):\n                import json\n    \n                try:\n                    value = json.loads(value_json)\n                    if len(value) == 1:\n                        value = value[\"value\"]\n                    status = value.get(\"error\", None)\n                    if not status:\n                        status = value.get(\"status\", ErrorCode.UNKNOWN_ERROR)\n                        message = value.get(\"value\") or value.get(\"message\")\n                        if not isinstance(message, str):\n                            value = message\n                            message = message.get(\"message\")\n                    else:\n                        message = value.get(\"message\", None)\n                except ValueError:\n                    pass\n    \n        exception_class: Type[WebDriverException]\n        e = ErrorCode()\n        error_codes = [item for item in dir(e) if not item.startswith(\"__\")]\n        for error_code in error_codes:\n            error_info = getattr(ErrorCode, error_code)\n            if isinstance(error_info, list) and status in error_info:\n                exception_class = getattr(ExceptionMapping, error_code, WebDriverException)\n                break\n        else:\n            exception_class = WebDriverException\n    \n        if not value:\n            value = response[\"value\"]\n        if isinstance(value, str):\n            raise exception_class(value)\n        if message == \"\" and \"message\" in value:\n            message = value[\"message\"]\n    \n        screen = None  # type: ignore[assignment]\n        if \"screen\" in value:\n            screen = value[\"screen\"]\n    \n        stacktrace = None\n        st_value = value.get(\"stackTrace\") or value.get(\"stacktrace\")\n        if st_value:\n            if isinstance(st_value, str):\n                stacktrace = st_value.split(\"\\n\")\n            else:\n                stacktrace = []\n                try:\n                    for frame in st_value:\n                        line = frame.get(\"lineNumber\", \"\")\n                        file = frame.get(\"fileName\", \"<anonymous>\")\n                        if line:\n                            file = f\"{file}:{line}\"\n                        meth = frame.get(\"methodName\", \"<anonymous>\")\n                        if \"className\" in frame:\n                            meth = f\"{frame['className']}.{meth}\"\n                        msg = \"    at %s (%s)\"\n                        msg = msg % (meth, file)\n                        stacktrace.append(msg)\n                except TypeError:\n                    pass\n        if exception_class == UnexpectedAlertPresentException:\n            alert_text = None\n            if \"data\" in value:\n                alert_text = value[\"data\"].get(\"text\")\n            elif \"alert\" in value:\n                alert_text = value[\"alert\"].get(\"text\")\n            raise exception_class(message, screen, stacktrace, alert_text)  # type: ignore[call-arg]  # mypy is not smart enough here\n>       raise exception_class(message, screen, stacktrace)\nE       selenium.common.exceptions.NoSuchElementException: Message: no such element: Unable to locate element: {\"method\":\"xpath\",\"selector\":\"//input[@id='gnb_search']\"}\nE         (Session info: chrome=134.0.6998.88); For documentation on this error, please visit: https://www.selenium.dev/documentation/webdriver/troubleshooting/errors#no-such-element-exception\nE       Stacktrace:\nE       #0 0x5638a6dbaffa <unknown>\nE       #1 0x5638a6879970 <unknown>\nE       #2 0x5638a68cb385 <unknown>\nE       #3 0x5638a68cb5b1 <unknown>\nE       #4 0x5638a691a3c4 <unknown>\nE       #5 0x5638a68f12bd <unknown>\nE       #6 0x5638a691770c <unknown>\nE       #7 0x5638a68f1063 <unknown>\nE       #8 0x5638a68bd328 <unknown>\nE       #9 0x5638a68be491 <unknown>\nE       #10 0x5638a6d8242b <unknown>\nE       #11 0x5638a6d862ec <unknown>\nE       #12 0x5638a6d69a22 <unknown>\nE       #13 0x5638a6d86e64 <unknown>\nE       #14 0x5638a6d4dbef <unknown>\nE       #15 0x5638a6da9558 <unknown>\nE       #16 0x5638a6da9736 <unknown>\nE       #17 0x5638a6db9e76 <unknown>\nE       #18 0x7ff17129caa4 <unknown>\nE       #19 0x7ff171329c3c <unknown>\n\nvenv/lib/python3.11/site-packages/selenium/webdriver/remote/errorhandler.py:232: NoSuchElementException\n\nDuring handling of the above exception, another exception occurred:\n\ndriver = <selenium.webdriver.chrome.webdriver.WebDriver (session=\"9e5e6a274809b98fa4f634270e354fd2\")>\ntc_id = 'TC_009', search_term = '키보드'\n\n    @allure.feature(\"UI 테스트\")\n    @allure.story(\"상품 검색 테스트\")\n    @pytest.mark.parametrize(\"tc_id, search_term\", search_cases)\n    def test_product_search(driver, tc_id, search_term):\n        print(f\"\uD83D\uDD0D TC {tc_id}: '{search_term}' 검색 테스트 실행 중...\")\n        try:\n            search_box = driver.find_element(By.XPATH, \"//input[@id='gnb_search']\")\n            time.sleep(2)\n            for _ in range(10):\n                search_box.send_keys(Keys.BACKSPACE)\n    \n            search_box.send_keys(search_term)\n            search_box.send_keys(Keys.RETURN)\n            time.sleep(2)\n    \n        except Exception as e:\n            capture_screenshot(driver, f\"{tc_id}_{search_term}\", 'screenshots_Search')\n>           pytest.fail(f\"❌ 검색 실패: {str(e)}\")\nE           Failed: ❌ 검색 실패: Message: no such element: Unable to locate element: {\"method\":\"xpath\",\"selector\":\"//input[@id='gnb_search']\"}\nE             (Session info: chrome=134.0.6998.88); For documentation on this error, please visit: https://www.selenium.dev/documentation/webdriver/troubleshooting/errors#no-such-element-exception\nE           Stacktrace:\nE           #0 0x5638a6dbaffa <unknown>\nE           #1 0x5638a6879970 <unknown>\nE           #2 0x5638a68cb385 <unknown>\nE           #3 0x5638a68cb5b1 <unknown>\nE           #4 0x5638a691a3c4 <unknown>\nE           #5 0x5638a68f12bd <unknown>\nE           #6 0x5638a691770c <unknown>\nE           #7 0x5638a68f1063 <unknown>\nE           #8 0x5638a68bd328 <unknown>\nE           #9 0x5638a68be491 <unknown>\nE           #10 0x5638a6d8242b <unknown>\nE           #11 0x5638a6d862ec <unknown>\nE           #12 0x5638a6d69a22 <unknown>\nE           #13 0x5638a6d86e64 <unknown>\nE           #14 0x5638a6d4dbef <unknown>\nE           #15 0x5638a6da9558 <unknown>\nE           #16 0x5638a6da9736 <unknown>\nE           #17 0x5638a6db9e76 <unknown>\nE           #18 0x7ff17129caa4 <unknown>\nE           #19 0x7ff171329c3c <unknown>\n\nsrc/tests/ui_tests/test_ui_search.py:29: Failed","flaky":false,"newFailed":false,"newBroken":false,"newPassed":false,"retriesCount":0,"retriesStatusChange":false,"beforeStages":[{"name":"driver","time":{"start":1743029873612,"stop":1743029874006,"duration":394},"status":"passed","steps":[],"attachments":[],"parameters":[],"shouldDisplayMessage":false,"stepsCount":0,"attachmentsCount":0,"hasContent":false,"attachmentStep":false}],"testStage":{"status":"failed","statusMessage":"Failed: ❌ 검색 실패: Message: no such element: Unable to locate element: {\"method\":\"xpath\",\"selector\":\"//input[@id='gnb_search']\"}\n  (Session info: chrome=134.0.6998.88); For documentation on this error, please visit: https://www.selenium.dev/documentation/webdriver/troubleshooting/errors#no-such-element-exception\nStacktrace:\n#0 0x5638a6dbaffa <unknown>\n#1 0x5638a6879970 <unknown>\n#2 0x5638a68cb385 <unknown>\n#3 0x5638a68cb5b1 <unknown>\n#4 0x5638a691a3c4 <unknown>\n#5 0x5638a68f12bd <unknown>\n#6 0x5638a691770c <unknown>\n#7 0x5638a68f1063 <unknown>\n#8 0x5638a68bd328 <unknown>\n#9 0x5638a68be491 <unknown>\n#10 0x5638a6d8242b <unknown>\n#11 0x5638a6d862ec <unknown>\n#12 0x5638a6d69a22 <unknown>\n#13 0x5638a6d86e64 <unknown>\n#14 0x5638a6d4dbef <unknown>\n#15 0x5638a6da9558 <unknown>\n#16 0x5638a6da9736 <unknown>\n#17 0x5638a6db9e76 <unknown>\n#18 0x7ff17129caa4 <unknown>\n#19 0x7ff171329c3c <unknown>","statusTrace":"driver = <selenium.webdriver.chrome.webdriver.WebDriver (session=\"9e5e6a274809b98fa4f634270e354fd2\")>\ntc_id = 'TC_009', search_term = '키보드'\n\n    @allure.feature(\"UI 테스트\")\n    @allure.story(\"상품 검색 테스트\")\n    @pytest.mark.parametrize(\"tc_id, search_term\", search_cases)\n    def test_product_search(driver, tc_id, search_term):\n        print(f\"\uD83D\uDD0D TC {tc_id}: '{search_term}' 검색 테스트 실행 중...\")\n        try:\n>           search_box = driver.find_element(By.XPATH, \"//input[@id='gnb_search']\")\n\nsrc/tests/ui_tests/test_ui_search.py:18: \n_ _ _ _ _ _ _ _ _ _ _ _ _ _ _ _ _ _ _ _ _ _ _ _ _ _ _ _ _ _ _ _ _ _ _ _ _ _ _ _ \nvenv/lib/python3.11/site-packages/selenium/webdriver/remote/webdriver.py:770: in find_element\n    return self.execute(Command.FIND_ELEMENT, {\"using\": by, \"value\": value})[\"value\"]\nvenv/lib/python3.11/site-packages/selenium/webdriver/remote/webdriver.py:384: in execute\n    self.error_handler.check_response(response)\n_ _ _ _ _ _ _ _ _ _ _ _ _ _ _ _ _ _ _ _ _ _ _ _ _ _ _ _ _ _ _ _ _ _ _ _ _ _ _ _ \n\nself = <selenium.webdriver.remote.errorhandler.ErrorHandler object at 0x7f347b123fd0>\nresponse = {'status': 404, 'value': '{\"value\":{\"error\":\"no such element\",\"message\":\"no such element: Unable to locate element: {\\...\\\\n#17 0x5638a6db9e76 \\\\u003Cunknown>\\\\n#18 0x7ff17129caa4 \\\\u003Cunknown>\\\\n#19 0x7ff171329c3c \\\\u003Cunknown>\\\\n\"}}'}\n\n    def check_response(self, response: Dict[str, Any]) -> None:\n        \"\"\"Checks that a JSON response from the WebDriver does not have an\n        error.\n    \n        :Args:\n         - response - The JSON response from the WebDriver server as a dictionary\n           object.\n    \n        :Raises: If the response contains an error message.\n        \"\"\"\n        status = response.get(\"status\", None)\n        if not status or status == ErrorCode.SUCCESS:\n            return\n        value = None\n        message = response.get(\"message\", \"\")\n        screen: str = response.get(\"screen\", \"\")\n        stacktrace = None\n        if isinstance(status, int):\n            value_json = response.get(\"value\", None)\n            if value_json and isinstance(value_json, str):\n                import json\n    \n                try:\n                    value = json.loads(value_json)\n                    if len(value) == 1:\n                        value = value[\"value\"]\n                    status = value.get(\"error\", None)\n                    if not status:\n                        status = value.get(\"status\", ErrorCode.UNKNOWN_ERROR)\n                        message = value.get(\"value\") or value.get(\"message\")\n                        if not isinstance(message, str):\n                            value = message\n                            message = message.get(\"message\")\n                    else:\n                        message = value.get(\"message\", None)\n                except ValueError:\n                    pass\n    \n        exception_class: Type[WebDriverException]\n        e = ErrorCode()\n        error_codes = [item for item in dir(e) if not item.startswith(\"__\")]\n        for error_code in error_codes:\n            error_info = getattr(ErrorCode, error_code)\n            if isinstance(error_info, list) and status in error_info:\n                exception_class = getattr(ExceptionMapping, error_code, WebDriverException)\n                break\n        else:\n            exception_class = WebDriverException\n    \n        if not value:\n            value = response[\"value\"]\n        if isinstance(value, str):\n            raise exception_class(value)\n        if message == \"\" and \"message\" in value:\n            message = value[\"message\"]\n    \n        screen = None  # type: ignore[assignment]\n        if \"screen\" in value:\n            screen = value[\"screen\"]\n    \n        stacktrace = None\n        st_value = value.get(\"stackTrace\") or value.get(\"stacktrace\")\n        if st_value:\n            if isinstance(st_value, str):\n                stacktrace = st_value.split(\"\\n\")\n            else:\n                stacktrace = []\n                try:\n                    for frame in st_value:\n                        line = frame.get(\"lineNumber\", \"\")\n                        file = frame.get(\"fileName\", \"<anonymous>\")\n                        if line:\n                            file = f\"{file}:{line}\"\n                        meth = frame.get(\"methodName\", \"<anonymous>\")\n                        if \"className\" in frame:\n                            meth = f\"{frame['className']}.{meth}\"\n                        msg = \"    at %s (%s)\"\n                        msg = msg % (meth, file)\n                        stacktrace.append(msg)\n                except TypeError:\n                    pass\n        if exception_class == UnexpectedAlertPresentException:\n            alert_text = None\n            if \"data\" in value:\n                alert_text = value[\"data\"].get(\"text\")\n            elif \"alert\" in value:\n                alert_text = value[\"alert\"].get(\"text\")\n            raise exception_class(message, screen, stacktrace, alert_text)  # type: ignore[call-arg]  # mypy is not smart enough here\n>       raise exception_class(message, screen, stacktrace)\nE       selenium.common.exceptions.NoSuchElementException: Message: no such element: Unable to locate element: {\"method\":\"xpath\",\"selector\":\"//input[@id='gnb_search']\"}\nE         (Session info: chrome=134.0.6998.88); For documentation on this error, please visit: https://www.selenium.dev/documentation/webdriver/troubleshooting/errors#no-such-element-exception\nE       Stacktrace:\nE       #0 0x5638a6dbaffa <unknown>\nE       #1 0x5638a6879970 <unknown>\nE       #2 0x5638a68cb385 <unknown>\nE       #3 0x5638a68cb5b1 <unknown>\nE       #4 0x5638a691a3c4 <unknown>\nE       #5 0x5638a68f12bd <unknown>\nE       #6 0x5638a691770c <unknown>\nE       #7 0x5638a68f1063 <unknown>\nE       #8 0x5638a68bd328 <unknown>\nE       #9 0x5638a68be491 <unknown>\nE       #10 0x5638a6d8242b <unknown>\nE       #11 0x5638a6d862ec <unknown>\nE       #12 0x5638a6d69a22 <unknown>\nE       #13 0x5638a6d86e64 <unknown>\nE       #14 0x5638a6d4dbef <unknown>\nE       #15 0x5638a6da9558 <unknown>\nE       #16 0x5638a6da9736 <unknown>\nE       #17 0x5638a6db9e76 <unknown>\nE       #18 0x7ff17129caa4 <unknown>\nE       #19 0x7ff171329c3c <unknown>\n\nvenv/lib/python3.11/site-packages/selenium/webdriver/remote/errorhandler.py:232: NoSuchElementException\n\nDuring handling of the above exception, another exception occurred:\n\ndriver = <selenium.webdriver.chrome.webdriver.WebDriver (session=\"9e5e6a274809b98fa4f634270e354fd2\")>\ntc_id = 'TC_009', search_term = '키보드'\n\n    @allure.feature(\"UI 테스트\")\n    @allure.story(\"상품 검색 테스트\")\n    @pytest.mark.parametrize(\"tc_id, search_term\", search_cases)\n    def test_product_search(driver, tc_id, search_term):\n        print(f\"\uD83D\uDD0D TC {tc_id}: '{search_term}' 검색 테스트 실행 중...\")\n        try:\n            search_box = driver.find_element(By.XPATH, \"//input[@id='gnb_search']\")\n            time.sleep(2)\n            for _ in range(10):\n                search_box.send_keys(Keys.BACKSPACE)\n    \n            search_box.send_keys(search_term)\n            search_box.send_keys(Keys.RETURN)\n            time.sleep(2)\n    \n        except Exception as e:\n            capture_screenshot(driver, f\"{tc_id}_{search_term}\", 'screenshots_Search')\n>           pytest.fail(f\"❌ 검색 실패: {str(e)}\")\nE           Failed: ❌ 검색 실패: Message: no such element: Unable to locate element: {\"method\":\"xpath\",\"selector\":\"//input[@id='gnb_search']\"}\nE             (Session info: chrome=134.0.6998.88); For documentation on this error, please visit: https://www.selenium.dev/documentation/webdriver/troubleshooting/errors#no-such-element-exception\nE           Stacktrace:\nE           #0 0x5638a6dbaffa <unknown>\nE           #1 0x5638a6879970 <unknown>\nE           #2 0x5638a68cb385 <unknown>\nE           #3 0x5638a68cb5b1 <unknown>\nE           #4 0x5638a691a3c4 <unknown>\nE           #5 0x5638a68f12bd <unknown>\nE           #6 0x5638a691770c <unknown>\nE           #7 0x5638a68f1063 <unknown>\nE           #8 0x5638a68bd328 <unknown>\nE           #9 0x5638a68be491 <unknown>\nE           #10 0x5638a6d8242b <unknown>\nE           #11 0x5638a6d862ec <unknown>\nE           #12 0x5638a6d69a22 <unknown>\nE           #13 0x5638a6d86e64 <unknown>\nE           #14 0x5638a6d4dbef <unknown>\nE           #15 0x5638a6da9558 <unknown>\nE           #16 0x5638a6da9736 <unknown>\nE           #17 0x5638a6db9e76 <unknown>\nE           #18 0x7ff17129caa4 <unknown>\nE           #19 0x7ff171329c3c <unknown>\n\nsrc/tests/ui_tests/test_ui_search.py:29: Failed","steps":[],"attachments":[{"uid":"85e3028e8a51b1be","name":"Failure Screenshot","source":"85e3028e8a51b1be.png","type":"image/png","size":7498},{"uid":"bb81df52878b7d23","name":"stdout","source":"bb81df52878b7d23.txt","type":"text/plain","size":148}],"parameters":[],"shouldDisplayMessage":true,"stepsCount":0,"attachmentsCount":2,"hasContent":true,"attachmentStep":false},"afterStages":[{"name":"driver::0","time":{"start":1743029876124,"stop":1743029876183,"duration":59},"status":"passed","steps":[],"attachments":[],"parameters":[],"shouldDisplayMessage":false,"stepsCount":0,"attachmentsCount":0,"hasContent":false,"attachmentStep":false}],"labels":[{"name":"story","value":"상품 검색 테스트"},{"name":"feature","value":"UI 테스트"},{"name":"parentSuite","value":"src.tests.ui_tests"},{"name":"suite","value":"test_ui_search"},{"name":"host","value":"fv-az1691-56"},{"name":"thread","value":"2533-MainThread"},{"name":"framework","value":"pytest"},{"name":"language","value":"cpython3"},{"name":"package","value":"src.tests.ui_tests.test_ui_search"},{"name":"resultFormat","value":"allure2"}],"parameters":[{"name":"search_term","value":"'키보드'"},{"name":"tc_id","value":"'TC_009'"}],"links":[],"hidden":false,"retry":false,"extra":{"severity":"normal","retries":[],"categories":[{"name":"Product defects","matchedStatuses":[],"flaky":false}],"tags":[]},"source":"50bd870a95907f65.json","parameterValues":["'키보드'","'TC_009'"]}