{"uid":"5d206a826b2fff70","name":"test_product_search[TC_004-iPhone16]","fullName":"src.tests.ui_tests.test_ui_search#test_product_search","historyId":"1849f17dade21eac35c6b5288ee98812","time":{"start":1742981811296,"stop":1742981811296,"duration":0},"status":"broken","statusMessage":"selenium.common.exceptions.TimeoutException: Message: \nStacktrace:\n#0 0x5594c0312ffa <unknown>\n#1 0x5594bfdd1970 <unknown>\n#2 0x5594bfe23385 <unknown>\n#3 0x5594bfe235b1 <unknown>\n#4 0x5594bfe723c4 <unknown>\n#5 0x5594bfe492bd <unknown>\n#6 0x5594bfe6f70c <unknown>\n#7 0x5594bfe49063 <unknown>\n#8 0x5594bfe15328 <unknown>\n#9 0x5594bfe16491 <unknown>\n#10 0x5594c02da42b <unknown>\n#11 0x5594c02de2ec <unknown>\n#12 0x5594c02c1a22 <unknown>\n#13 0x5594c02dee64 <unknown>\n#14 0x5594c02a5bef <unknown>\n#15 0x5594c0301558 <unknown>\n#16 0x5594c0301736 <unknown>\n#17 0x5594c0311e76 <unknown>\n#18 0x7f6209c9caa4 <unknown>\n#19 0x7f6209d29c3c <unknown>","statusTrace":"@pytest.fixture(scope=\"module\")\n    def driver():\n        chrome_options = Options()\n    \n        chrome_options.add_argument(\"--headless=new\")  # GUI없는 환경에서도 실행 가능\n        chrome_options.add_argument(\"--disable-dev-shm-usage\") #메모리 부족 방지\n        chrome_options.add_argument(\"--no-sandbox\") #샌드박스 비활성화\n        chrome_options.add_argument(\"--disable-gpu\")\n        chrome_options.add_argument(\"--remote-debugging-port=9222\")\n        chrome_options.add_argument(\"--window-size=1920,1080\")\n    \n    \n        service_obj = Service(ChromeDriverManager().install())\n        driver = webdriver.Chrome(service=service_obj,options=chrome_options)\n    \n        driver.get(\"https://www.kurly.com/main\")\n        try:\n            search_box = WebDriverWait(driver, 10).until(\n                EC.presence_of_element_located((By.XPATH, \"//input[@id='gnb_search']\"))\n            )\n            search_box.click()\n        except Exception as e:\n            driver.save_screenshot(\"debug_searchbox_fail.png\")\n>           raise e\n\nsrc/tests/ui_tests/conftest.py:36: \n_ _ _ _ _ _ _ _ _ _ _ _ _ _ _ _ _ _ _ _ _ _ _ _ _ _ _ _ _ _ _ _ _ _ _ _ _ _ _ _ \nsrc/tests/ui_tests/conftest.py:30: in driver\n    search_box = WebDriverWait(driver, 10).until(\n_ _ _ _ _ _ _ _ _ _ _ _ _ _ _ _ _ _ _ _ _ _ _ _ _ _ _ _ _ _ _ _ _ _ _ _ _ _ _ _ \n\nself = <selenium.webdriver.support.wait.WebDriverWait (session=\"1c87f9c2f1d9602b36714d5a278f9afc\")>\nmethod = <function presence_of_element_located.<locals>._predicate at 0x7fbb9de4a7a0>\nmessage = ''\n\n    def until(self, method: Callable[[D], Union[Literal[False], T]], message: str = \"\") -> T:\n        \"\"\"Calls the method provided with the driver as an argument until the \\\n        return value does not evaluate to ``False``.\n    \n        :param method: callable(WebDriver)\n        :param message: optional message for :exc:`TimeoutException`\n        :returns: the result of the last call to `method`\n        :raises: :exc:`selenium.common.exceptions.TimeoutException` if timeout occurs\n        \"\"\"\n        screen = None\n        stacktrace = None\n    \n        end_time = time.monotonic() + self._timeout\n        while True:\n            try:\n                value = method(self._driver)\n                if value:\n                    return value\n            except self._ignored_exceptions as exc:\n                screen = getattr(exc, \"screen\", None)\n                stacktrace = getattr(exc, \"stacktrace\", None)\n            if time.monotonic() > end_time:\n                break\n            time.sleep(self._poll)\n>       raise TimeoutException(message, screen, stacktrace)\nE       selenium.common.exceptions.TimeoutException: Message: \nE       Stacktrace:\nE       #0 0x5594c0312ffa <unknown>\nE       #1 0x5594bfdd1970 <unknown>\nE       #2 0x5594bfe23385 <unknown>\nE       #3 0x5594bfe235b1 <unknown>\nE       #4 0x5594bfe723c4 <unknown>\nE       #5 0x5594bfe492bd <unknown>\nE       #6 0x5594bfe6f70c <unknown>\nE       #7 0x5594bfe49063 <unknown>\nE       #8 0x5594bfe15328 <unknown>\nE       #9 0x5594bfe16491 <unknown>\nE       #10 0x5594c02da42b <unknown>\nE       #11 0x5594c02de2ec <unknown>\nE       #12 0x5594c02c1a22 <unknown>\nE       #13 0x5594c02dee64 <unknown>\nE       #14 0x5594c02a5bef <unknown>\nE       #15 0x5594c0301558 <unknown>\nE       #16 0x5594c0301736 <unknown>\nE       #17 0x5594c0311e76 <unknown>\nE       #18 0x7f6209c9caa4 <unknown>\nE       #19 0x7f6209d29c3c <unknown>\n\nvenv/lib/python3.11/site-packages/selenium/webdriver/support/wait.py:105: TimeoutException","flaky":false,"newFailed":false,"newBroken":false,"newPassed":false,"retriesCount":0,"retriesStatusChange":false,"beforeStages":[{"name":"driver","time":{"start":1742981798934,"stop":1742981811276,"duration":12342},"status":"broken","statusMessage":"selenium.common.exceptions.TimeoutException: Message: \nStacktrace:\n#0 0x5594c0312ffa <unknown>\n#1 0x5594bfdd1970 <unknown>\n#2 0x5594bfe23385 <unknown>\n#3 0x5594bfe235b1 <unknown>\n#4 0x5594bfe723c4 <unknown>\n#5 0x5594bfe492bd <unknown>\n#6 0x5594bfe6f70c <unknown>\n#7 0x5594bfe49063 <unknown>\n#8 0x5594bfe15328 <unknown>\n#9 0x5594bfe16491 <unknown>\n#10 0x5594c02da42b <unknown>\n#11 0x5594c02de2ec <unknown>\n#12 0x5594c02c1a22 <unknown>\n#13 0x5594c02dee64 <unknown>\n#14 0x5594c02a5bef <unknown>\n#15 0x5594c0301558 <unknown>\n#16 0x5594c0301736 <unknown>\n#17 0x5594c0311e76 <unknown>\n#18 0x7f6209c9caa4 <unknown>\n#19 0x7f6209d29c3c <unknown>\n\n","statusTrace":"  File \"/home/runner/work/QATEST/QATEST/venv/lib/python3.11/site-packages/pluggy/_callers.py\", line 167, in _multicall\n    teardown.throw(outcome._exception)\n  File \"/home/runner/work/QATEST/QATEST/venv/lib/python3.11/site-packages/_pytest/setuponly.py\", line 36, in pytest_fixture_setup\n    return (yield)\n            ^^^^^\n  File \"/home/runner/work/QATEST/QATEST/venv/lib/python3.11/site-packages/pluggy/_callers.py\", line 103, in _multicall\n    res = hook_impl.function(*args)\n          ^^^^^^^^^^^^^^^^^^^^^^^^^\n  File \"/home/runner/work/QATEST/QATEST/venv/lib/python3.11/site-packages/_pytest/fixtures.py\", line 1140, in pytest_fixture_setup\n    result = call_fixture_func(fixturefunc, request, kwargs)\n             ^^^^^^^^^^^^^^^^^^^^^^^^^^^^^^^^^^^^^^^^^^^^^^^\n  File \"/home/runner/work/QATEST/QATEST/venv/lib/python3.11/site-packages/_pytest/fixtures.py\", line 891, in call_fixture_func\n    fixture_result = next(generator)\n                     ^^^^^^^^^^^^^^^\n  File \"/home/runner/work/QATEST/QATEST/src/tests/ui_tests/conftest.py\", line 36, in driver\n    raise e\n  File \"/home/runner/work/QATEST/QATEST/src/tests/ui_tests/conftest.py\", line 30, in driver\n    search_box = WebDriverWait(driver, 10).until(\n                 ^^^^^^^^^^^^^^^^^^^^^^^^^^^^^^^^\n  File \"/home/runner/work/QATEST/QATEST/venv/lib/python3.11/site-packages/selenium/webdriver/support/wait.py\", line 105, in until\n    raise TimeoutException(message, screen, stacktrace)\n","steps":[],"attachments":[],"parameters":[],"shouldDisplayMessage":true,"stepsCount":0,"attachmentsCount":0,"hasContent":true,"attachmentStep":false}],"afterStages":[],"labels":[{"name":"story","value":"상품 검색 테스트"},{"name":"feature","value":"UI 테스트"},{"name":"parentSuite","value":"src.tests.ui_tests"},{"name":"suite","value":"test_ui_search"},{"name":"host","value":"fv-az2211-234"},{"name":"thread","value":"2526-MainThread"},{"name":"framework","value":"pytest"},{"name":"language","value":"cpython3"},{"name":"package","value":"src.tests.ui_tests.test_ui_search"},{"name":"resultFormat","value":"allure2"}],"parameters":[{"name":"search_term","value":"'iPhone16'"},{"name":"tc_id","value":"'TC_004'"}],"links":[],"hidden":false,"retry":false,"extra":{"severity":"normal","retries":[],"categories":[{"name":"Test defects","matchedStatuses":[],"flaky":false}],"tags":[]},"source":"5d206a826b2fff70.json","parameterValues":["'iPhone16'","'TC_004'"]}