{"uid":"6832cfe1f45afa15","name":"test_add_product","fullName":"src.tests.ui_tests.test_ui_add_product#test_add_product","historyId":"526f3c30b91fa0a947b5a8a8ff4d17c0","time":{"start":1742981761139,"stop":1742981761139,"duration":0},"description":"\n       상품을 검색 후 추가하는 테스트\n       - 수량올리기, 수량내리기 기능 구현\n       - 검색 후 상품 선택 후 카트에 추가 구현\n       ","descriptionHtml":"<pre><code>   상품을 검색 후 추가하는 테스트\n   - 수량올리기, 수량내리기 기능 구현\n   - 검색 후 상품 선택 후 카트에 추가 구현\n</code></pre>\n","status":"broken","statusMessage":"selenium.common.exceptions.TimeoutException: Message: \nStacktrace:\n#0 0x561073b11ffa <unknown>\n#1 0x5610735d0970 <unknown>\n#2 0x561073622385 <unknown>\n#3 0x5610736225b1 <unknown>\n#4 0x5610736713c4 <unknown>\n#5 0x5610736482bd <unknown>\n#6 0x56107366e70c <unknown>\n#7 0x561073648063 <unknown>\n#8 0x561073614328 <unknown>\n#9 0x561073615491 <unknown>\n#10 0x561073ad942b <unknown>\n#11 0x561073add2ec <unknown>\n#12 0x561073ac0a22 <unknown>\n#13 0x561073adde64 <unknown>\n#14 0x561073aa4bef <unknown>\n#15 0x561073b00558 <unknown>\n#16 0x561073b00736 <unknown>\n#17 0x561073b10e76 <unknown>\n#18 0x7fa518e9caa4 <unknown>\n#19 0x7fa518f29c3c <unknown>","statusTrace":"@pytest.fixture(scope=\"module\")\n    def driver():\n        chrome_options = Options()\n    \n        chrome_options.add_argument(\"--headless=new\")  # GUI없는 환경에서도 실행 가능\n        chrome_options.add_argument(\"--disable-dev-shm-usage\") #메모리 부족 방지\n        chrome_options.add_argument(\"--no-sandbox\") #샌드박스 비활성화\n        chrome_options.add_argument(\"--disable-gpu\")\n        chrome_options.add_argument(\"--remote-debugging-port=9222\")\n        chrome_options.add_argument(\"--window-size=1920,1080\")\n    \n    \n        service_obj = Service(ChromeDriverManager().install())\n        driver = webdriver.Chrome(service=service_obj,options=chrome_options)\n    \n        driver.get(\"https://www.kurly.com/main\")\n        try:\n            search_box = WebDriverWait(driver, 10).until(\n                EC.presence_of_element_located((By.XPATH, \"//input[@id='gnb_search']\"))\n            )\n            search_box.click()\n        except Exception as e:\n            driver.save_screenshot(\"debug_searchbox_fail.png\")\n>           raise e\n\nsrc/tests/ui_tests/conftest.py:36: \n_ _ _ _ _ _ _ _ _ _ _ _ _ _ _ _ _ _ _ _ _ _ _ _ _ _ _ _ _ _ _ _ _ _ _ _ _ _ _ _ \nsrc/tests/ui_tests/conftest.py:30: in driver\n    search_box = WebDriverWait(driver, 10).until(\n_ _ _ _ _ _ _ _ _ _ _ _ _ _ _ _ _ _ _ _ _ _ _ _ _ _ _ _ _ _ _ _ _ _ _ _ _ _ _ _ \n\nself = <selenium.webdriver.support.wait.WebDriverWait (session=\"68f736b8cfec8a7d6b78bf8053df5a65\")>\nmethod = <function presence_of_element_located.<locals>._predicate at 0x7fbb9de49760>\nmessage = ''\n\n    def until(self, method: Callable[[D], Union[Literal[False], T]], message: str = \"\") -> T:\n        \"\"\"Calls the method provided with the driver as an argument until the \\\n        return value does not evaluate to ``False``.\n    \n        :param method: callable(WebDriver)\n        :param message: optional message for :exc:`TimeoutException`\n        :returns: the result of the last call to `method`\n        :raises: :exc:`selenium.common.exceptions.TimeoutException` if timeout occurs\n        \"\"\"\n        screen = None\n        stacktrace = None\n    \n        end_time = time.monotonic() + self._timeout\n        while True:\n            try:\n                value = method(self._driver)\n                if value:\n                    return value\n            except self._ignored_exceptions as exc:\n                screen = getattr(exc, \"screen\", None)\n                stacktrace = getattr(exc, \"stacktrace\", None)\n            if time.monotonic() > end_time:\n                break\n            time.sleep(self._poll)\n>       raise TimeoutException(message, screen, stacktrace)\nE       selenium.common.exceptions.TimeoutException: Message: \nE       Stacktrace:\nE       #0 0x561073b11ffa <unknown>\nE       #1 0x5610735d0970 <unknown>\nE       #2 0x561073622385 <unknown>\nE       #3 0x5610736225b1 <unknown>\nE       #4 0x5610736713c4 <unknown>\nE       #5 0x5610736482bd <unknown>\nE       #6 0x56107366e70c <unknown>\nE       #7 0x561073648063 <unknown>\nE       #8 0x561073614328 <unknown>\nE       #9 0x561073615491 <unknown>\nE       #10 0x561073ad942b <unknown>\nE       #11 0x561073add2ec <unknown>\nE       #12 0x561073ac0a22 <unknown>\nE       #13 0x561073adde64 <unknown>\nE       #14 0x561073aa4bef <unknown>\nE       #15 0x561073b00558 <unknown>\nE       #16 0x561073b00736 <unknown>\nE       #17 0x561073b10e76 <unknown>\nE       #18 0x7fa518e9caa4 <unknown>\nE       #19 0x7fa518f29c3c <unknown>\n\nvenv/lib/python3.11/site-packages/selenium/webdriver/support/wait.py:105: TimeoutException","flaky":false,"newFailed":false,"newBroken":false,"newPassed":false,"retriesCount":0,"retriesStatusChange":false,"beforeStages":[{"name":"driver","time":{"start":1742981761139,"stop":1742981773276,"duration":12137},"status":"broken","statusMessage":"selenium.common.exceptions.TimeoutException: Message: \nStacktrace:\n#0 0x561073b11ffa <unknown>\n#1 0x5610735d0970 <unknown>\n#2 0x561073622385 <unknown>\n#3 0x5610736225b1 <unknown>\n#4 0x5610736713c4 <unknown>\n#5 0x5610736482bd <unknown>\n#6 0x56107366e70c <unknown>\n#7 0x561073648063 <unknown>\n#8 0x561073614328 <unknown>\n#9 0x561073615491 <unknown>\n#10 0x561073ad942b <unknown>\n#11 0x561073add2ec <unknown>\n#12 0x561073ac0a22 <unknown>\n#13 0x561073adde64 <unknown>\n#14 0x561073aa4bef <unknown>\n#15 0x561073b00558 <unknown>\n#16 0x561073b00736 <unknown>\n#17 0x561073b10e76 <unknown>\n#18 0x7fa518e9caa4 <unknown>\n#19 0x7fa518f29c3c <unknown>\n\n","statusTrace":"  File \"/home/runner/work/QATEST/QATEST/venv/lib/python3.11/site-packages/pluggy/_callers.py\", line 167, in _multicall\n    teardown.throw(outcome._exception)\n  File \"/home/runner/work/QATEST/QATEST/venv/lib/python3.11/site-packages/_pytest/setuponly.py\", line 36, in pytest_fixture_setup\n    return (yield)\n            ^^^^^\n  File \"/home/runner/work/QATEST/QATEST/venv/lib/python3.11/site-packages/pluggy/_callers.py\", line 103, in _multicall\n    res = hook_impl.function(*args)\n          ^^^^^^^^^^^^^^^^^^^^^^^^^\n  File \"/home/runner/work/QATEST/QATEST/venv/lib/python3.11/site-packages/_pytest/fixtures.py\", line 1140, in pytest_fixture_setup\n    result = call_fixture_func(fixturefunc, request, kwargs)\n             ^^^^^^^^^^^^^^^^^^^^^^^^^^^^^^^^^^^^^^^^^^^^^^^\n  File \"/home/runner/work/QATEST/QATEST/venv/lib/python3.11/site-packages/_pytest/fixtures.py\", line 891, in call_fixture_func\n    fixture_result = next(generator)\n                     ^^^^^^^^^^^^^^^\n  File \"/home/runner/work/QATEST/QATEST/src/tests/ui_tests/conftest.py\", line 36, in driver\n    raise e\n  File \"/home/runner/work/QATEST/QATEST/src/tests/ui_tests/conftest.py\", line 30, in driver\n    search_box = WebDriverWait(driver, 10).until(\n                 ^^^^^^^^^^^^^^^^^^^^^^^^^^^^^^^^\n  File \"/home/runner/work/QATEST/QATEST/venv/lib/python3.11/site-packages/selenium/webdriver/support/wait.py\", line 105, in until\n    raise TimeoutException(message, screen, stacktrace)\n","steps":[],"attachments":[],"parameters":[],"shouldDisplayMessage":true,"stepsCount":0,"attachmentsCount":0,"hasContent":true,"attachmentStep":false}],"afterStages":[],"labels":[{"name":"feature","value":"UI 테스트"},{"name":"story","value":"상품 추가 테스트"},{"name":"parentSuite","value":"src.tests.ui_tests"},{"name":"suite","value":"test_ui_add_product"},{"name":"host","value":"fv-az2211-234"},{"name":"thread","value":"2526-MainThread"},{"name":"framework","value":"pytest"},{"name":"language","value":"cpython3"},{"name":"package","value":"src.tests.ui_tests.test_ui_add_product"},{"name":"resultFormat","value":"allure2"}],"parameters":[],"links":[],"hidden":false,"retry":false,"extra":{"severity":"normal","retries":[],"categories":[{"name":"Test defects","matchedStatuses":[],"flaky":false}],"tags":[]},"source":"6832cfe1f45afa15.json","parameterValues":[]}