{"uid":"79f3f67b6322cb99","name":"test_category","fullName":"src.tests.ui_tests.test_ui_category#test_category","historyId":"bdd47d824380b8945b6f725c5ea0b675","time":{"start":1743026892850,"stop":1743026892850,"duration":0},"status":"broken","statusMessage":"selenium.common.exceptions.TimeoutException: Message: \nStacktrace:\n#0 0x5571ba938ffa <unknown>\n#1 0x5571ba3f7970 <unknown>\n#2 0x5571ba449385 <unknown>\n#3 0x5571ba4495b1 <unknown>\n#4 0x5571ba4983c4 <unknown>\n#5 0x5571ba46f2bd <unknown>\n#6 0x5571ba49570c <unknown>\n#7 0x5571ba46f063 <unknown>\n#8 0x5571ba43b328 <unknown>\n#9 0x5571ba43c491 <unknown>\n#10 0x5571ba90042b <unknown>\n#11 0x5571ba9042ec <unknown>\n#12 0x5571ba8e7a22 <unknown>\n#13 0x5571ba904e64 <unknown>\n#14 0x5571ba8cbbef <unknown>\n#15 0x5571ba927558 <unknown>\n#16 0x5571ba927736 <unknown>\n#17 0x5571ba937e76 <unknown>\n#18 0x7fc75a89caa4 <unknown>\n#19 0x7fc75a929c3c <unknown>","statusTrace":"@pytest.fixture(scope=\"module\")\n    def driver():\n        options = Options()\n        options.add_argument(\"--headless\")\n        options.add_argument(\"--disable-blink-features=AutomationControlled\")\n        options.add_argument(\"--no-sandbox\")\n        options.add_argument(\"--disable-dev-shm-usage\")\n        options.add_argument(\"--disable-gpu\")\n        options.add_argument(\"--window-size=1920,1080\")\n        options.add_argument(\"user-agent=Mozilla/5.0 (Windows NT 10.0; Win64; x64) AppleWebKit/537.36\")\n    \n        service = Service(ChromeDriverManager().install())\n        driver = webdriver.Chrome(service=service, options=options)\n    \n        # ✅ webdriver 감지 우회 (CDP 명령어)\n        driver.execute_cdp_cmd(\"Page.addScriptToEvaluateOnNewDocument\", {\n            \"source\": \"\"\"\n                Object.defineProperty(navigator, 'webdriver', {\n                    get: () => undefined\n                });\n            \"\"\"\n        })\n    \n        driver.get(\"https://www.kurly.com/main\")\n>       WebDriverWait(driver, 10).until(\n            EC.presence_of_element_located((By.XPATH, \"//input[@id='gnb_search']\"))\n        )\n\nsrc/tests/conftest.py:37: \n_ _ _ _ _ _ _ _ _ _ _ _ _ _ _ _ _ _ _ _ _ _ _ _ _ _ _ _ _ _ _ _ _ _ _ _ _ _ _ _ \n\nself = <selenium.webdriver.support.wait.WebDriverWait (session=\"7b0bc3a3631c512d8eee0dd1f9fdcb86\")>\nmethod = <function presence_of_element_located.<locals>._predicate at 0x7f5479be22a0>\nmessage = ''\n\n    def until(self, method: Callable[[D], Union[Literal[False], T]], message: str = \"\") -> T:\n        \"\"\"Calls the method provided with the driver as an argument until the \\\n        return value does not evaluate to ``False``.\n    \n        :param method: callable(WebDriver)\n        :param message: optional message for :exc:`TimeoutException`\n        :returns: the result of the last call to `method`\n        :raises: :exc:`selenium.common.exceptions.TimeoutException` if timeout occurs\n        \"\"\"\n        screen = None\n        stacktrace = None\n    \n        end_time = time.monotonic() + self._timeout\n        while True:\n            try:\n                value = method(self._driver)\n                if value:\n                    return value\n            except self._ignored_exceptions as exc:\n                screen = getattr(exc, \"screen\", None)\n                stacktrace = getattr(exc, \"stacktrace\", None)\n            if time.monotonic() > end_time:\n                break\n            time.sleep(self._poll)\n>       raise TimeoutException(message, screen, stacktrace)\nE       selenium.common.exceptions.TimeoutException: Message: \nE       Stacktrace:\nE       #0 0x5571ba938ffa <unknown>\nE       #1 0x5571ba3f7970 <unknown>\nE       #2 0x5571ba449385 <unknown>\nE       #3 0x5571ba4495b1 <unknown>\nE       #4 0x5571ba4983c4 <unknown>\nE       #5 0x5571ba46f2bd <unknown>\nE       #6 0x5571ba49570c <unknown>\nE       #7 0x5571ba46f063 <unknown>\nE       #8 0x5571ba43b328 <unknown>\nE       #9 0x5571ba43c491 <unknown>\nE       #10 0x5571ba90042b <unknown>\nE       #11 0x5571ba9042ec <unknown>\nE       #12 0x5571ba8e7a22 <unknown>\nE       #13 0x5571ba904e64 <unknown>\nE       #14 0x5571ba8cbbef <unknown>\nE       #15 0x5571ba927558 <unknown>\nE       #16 0x5571ba927736 <unknown>\nE       #17 0x5571ba937e76 <unknown>\nE       #18 0x7fc75a89caa4 <unknown>\nE       #19 0x7fc75a929c3c <unknown>\n\nvenv/lib/python3.11/site-packages/selenium/webdriver/support/wait.py:105: TimeoutException","flaky":false,"newFailed":false,"newBroken":false,"newPassed":false,"retriesCount":0,"retriesStatusChange":false,"beforeStages":[{"name":"driver","time":{"start":1743026892850,"stop":1743026905651,"duration":12801},"status":"broken","statusMessage":"selenium.common.exceptions.TimeoutException: Message: \nStacktrace:\n#0 0x5571ba938ffa <unknown>\n#1 0x5571ba3f7970 <unknown>\n#2 0x5571ba449385 <unknown>\n#3 0x5571ba4495b1 <unknown>\n#4 0x5571ba4983c4 <unknown>\n#5 0x5571ba46f2bd <unknown>\n#6 0x5571ba49570c <unknown>\n#7 0x5571ba46f063 <unknown>\n#8 0x5571ba43b328 <unknown>\n#9 0x5571ba43c491 <unknown>\n#10 0x5571ba90042b <unknown>\n#11 0x5571ba9042ec <unknown>\n#12 0x5571ba8e7a22 <unknown>\n#13 0x5571ba904e64 <unknown>\n#14 0x5571ba8cbbef <unknown>\n#15 0x5571ba927558 <unknown>\n#16 0x5571ba927736 <unknown>\n#17 0x5571ba937e76 <unknown>\n#18 0x7fc75a89caa4 <unknown>\n#19 0x7fc75a929c3c <unknown>\n\n","statusTrace":"  File \"/home/runner/work/QATEST/QATEST/venv/lib/python3.11/site-packages/pluggy/_callers.py\", line 167, in _multicall\n    teardown.throw(outcome._exception)\n  File \"/home/runner/work/QATEST/QATEST/venv/lib/python3.11/site-packages/_pytest/setuponly.py\", line 36, in pytest_fixture_setup\n    return (yield)\n            ^^^^^\n  File \"/home/runner/work/QATEST/QATEST/venv/lib/python3.11/site-packages/pluggy/_callers.py\", line 103, in _multicall\n    res = hook_impl.function(*args)\n          ^^^^^^^^^^^^^^^^^^^^^^^^^\n  File \"/home/runner/work/QATEST/QATEST/venv/lib/python3.11/site-packages/_pytest/fixtures.py\", line 1140, in pytest_fixture_setup\n    result = call_fixture_func(fixturefunc, request, kwargs)\n             ^^^^^^^^^^^^^^^^^^^^^^^^^^^^^^^^^^^^^^^^^^^^^^^\n  File \"/home/runner/work/QATEST/QATEST/venv/lib/python3.11/site-packages/_pytest/fixtures.py\", line 891, in call_fixture_func\n    fixture_result = next(generator)\n                     ^^^^^^^^^^^^^^^\n  File \"/home/runner/work/QATEST/QATEST/src/tests/conftest.py\", line 37, in driver\n    WebDriverWait(driver, 10).until(\n  File \"/home/runner/work/QATEST/QATEST/venv/lib/python3.11/site-packages/selenium/webdriver/support/wait.py\", line 105, in until\n    raise TimeoutException(message, screen, stacktrace)\n","steps":[],"attachments":[],"parameters":[],"shouldDisplayMessage":true,"stepsCount":0,"attachmentsCount":0,"hasContent":true,"attachmentStep":false}],"afterStages":[],"labels":[{"name":"story","value":"카테고리 기능 테스트"},{"name":"feature","value":"UI 테스트"},{"name":"parentSuite","value":"src.tests.ui_tests"},{"name":"suite","value":"test_ui_category"},{"name":"host","value":"fv-az1909-347"},{"name":"thread","value":"2520-MainThread"},{"name":"framework","value":"pytest"},{"name":"language","value":"cpython3"},{"name":"package","value":"src.tests.ui_tests.test_ui_category"},{"name":"resultFormat","value":"allure2"}],"parameters":[],"links":[],"hidden":false,"retry":false,"extra":{"severity":"normal","retries":[],"categories":[{"name":"Test defects","matchedStatuses":[],"flaky":false}],"tags":[]},"source":"79f3f67b6322cb99.json","parameterValues":[]}