{"uid":"7f168df1b9250f28","name":"test_category","fullName":"src.tests.ui_tests.test_ui_category#test_category","historyId":"bdd47d824380b8945b6f725c5ea0b675","time":{"start":1743029872469,"stop":1743029872688,"duration":219},"status":"failed","statusMessage":"Failed: ❌ 카테고리 테스트 실패: Message: no such element: Unable to locate element: {\"method\":\"xpath\",\"selector\":\"//input[@id='gnb_search']\"}\n  (Session info: chrome=134.0.6998.88); For documentation on this error, please visit: https://www.selenium.dev/documentation/webdriver/troubleshooting/errors#no-such-element-exception\nStacktrace:\n#0 0x55a9f5f50ffa <unknown>\n#1 0x55a9f5a0f970 <unknown>\n#2 0x55a9f5a61385 <unknown>\n#3 0x55a9f5a615b1 <unknown>\n#4 0x55a9f5ab03c4 <unknown>\n#5 0x55a9f5a872bd <unknown>\n#6 0x55a9f5aad70c <unknown>\n#7 0x55a9f5a87063 <unknown>\n#8 0x55a9f5a53328 <unknown>\n#9 0x55a9f5a54491 <unknown>\n#10 0x55a9f5f1842b <unknown>\n#11 0x55a9f5f1c2ec <unknown>\n#12 0x55a9f5effa22 <unknown>\n#13 0x55a9f5f1ce64 <unknown>\n#14 0x55a9f5ee3bef <unknown>\n#15 0x55a9f5f3f558 <unknown>\n#16 0x55a9f5f3f736 <unknown>\n#17 0x55a9f5f4fe76 <unknown>\n#18 0x7f9e0469caa4 <unknown>\n#19 0x7f9e04729c3c <unknown>","statusTrace":"driver = <selenium.webdriver.chrome.webdriver.WebDriver (session=\"1aa07520e77f2fc1108b03db7ffa370a\")>\n\n    @allure.feature(\"UI 테스트\")\n    @allure.story(\"카테고리 기능 테스트\")\n    def test_category(driver):\n        try:\n          #검색\n>         search_box = driver.find_element(By.XPATH, \"//input[@id='gnb_search']\")\n\nsrc/tests/ui_tests/test_ui_category.py:13: \n_ _ _ _ _ _ _ _ _ _ _ _ _ _ _ _ _ _ _ _ _ _ _ _ _ _ _ _ _ _ _ _ _ _ _ _ _ _ _ _ \nvenv/lib/python3.11/site-packages/selenium/webdriver/remote/webdriver.py:770: in find_element\n    return self.execute(Command.FIND_ELEMENT, {\"using\": by, \"value\": value})[\"value\"]\nvenv/lib/python3.11/site-packages/selenium/webdriver/remote/webdriver.py:384: in execute\n    self.error_handler.check_response(response)\n_ _ _ _ _ _ _ _ _ _ _ _ _ _ _ _ _ _ _ _ _ _ _ _ _ _ _ _ _ _ _ _ _ _ _ _ _ _ _ _ \n\nself = <selenium.webdriver.remote.errorhandler.ErrorHandler object at 0x7f347557ff10>\nresponse = {'status': 404, 'value': '{\"value\":{\"error\":\"no such element\",\"message\":\"no such element: Unable to locate element: {\\...\\\\n#17 0x55a9f5f4fe76 \\\\u003Cunknown>\\\\n#18 0x7f9e0469caa4 \\\\u003Cunknown>\\\\n#19 0x7f9e04729c3c \\\\u003Cunknown>\\\\n\"}}'}\n\n    def check_response(self, response: Dict[str, Any]) -> None:\n        \"\"\"Checks that a JSON response from the WebDriver does not have an\n        error.\n    \n        :Args:\n         - response - The JSON response from the WebDriver server as a dictionary\n           object.\n    \n        :Raises: If the response contains an error message.\n        \"\"\"\n        status = response.get(\"status\", None)\n        if not status or status == ErrorCode.SUCCESS:\n            return\n        value = None\n        message = response.get(\"message\", \"\")\n        screen: str = response.get(\"screen\", \"\")\n        stacktrace = None\n        if isinstance(status, int):\n            value_json = response.get(\"value\", None)\n            if value_json and isinstance(value_json, str):\n                import json\n    \n                try:\n                    value = json.loads(value_json)\n                    if len(value) == 1:\n                        value = value[\"value\"]\n                    status = value.get(\"error\", None)\n                    if not status:\n                        status = value.get(\"status\", ErrorCode.UNKNOWN_ERROR)\n                        message = value.get(\"value\") or value.get(\"message\")\n                        if not isinstance(message, str):\n                            value = message\n                            message = message.get(\"message\")\n                    else:\n                        message = value.get(\"message\", None)\n                except ValueError:\n                    pass\n    \n        exception_class: Type[WebDriverException]\n        e = ErrorCode()\n        error_codes = [item for item in dir(e) if not item.startswith(\"__\")]\n        for error_code in error_codes:\n            error_info = getattr(ErrorCode, error_code)\n            if isinstance(error_info, list) and status in error_info:\n                exception_class = getattr(ExceptionMapping, error_code, WebDriverException)\n                break\n        else:\n            exception_class = WebDriverException\n    \n        if not value:\n            value = response[\"value\"]\n        if isinstance(value, str):\n            raise exception_class(value)\n        if message == \"\" and \"message\" in value:\n            message = value[\"message\"]\n    \n        screen = None  # type: ignore[assignment]\n        if \"screen\" in value:\n            screen = value[\"screen\"]\n    \n        stacktrace = None\n        st_value = value.get(\"stackTrace\") or value.get(\"stacktrace\")\n        if st_value:\n            if isinstance(st_value, str):\n                stacktrace = st_value.split(\"\\n\")\n            else:\n                stacktrace = []\n                try:\n                    for frame in st_value:\n                        line = frame.get(\"lineNumber\", \"\")\n                        file = frame.get(\"fileName\", \"<anonymous>\")\n                        if line:\n                            file = f\"{file}:{line}\"\n                        meth = frame.get(\"methodName\", \"<anonymous>\")\n                        if \"className\" in frame:\n                            meth = f\"{frame['className']}.{meth}\"\n                        msg = \"    at %s (%s)\"\n                        msg = msg % (meth, file)\n                        stacktrace.append(msg)\n                except TypeError:\n                    pass\n        if exception_class == UnexpectedAlertPresentException:\n            alert_text = None\n            if \"data\" in value:\n                alert_text = value[\"data\"].get(\"text\")\n            elif \"alert\" in value:\n                alert_text = value[\"alert\"].get(\"text\")\n            raise exception_class(message, screen, stacktrace, alert_text)  # type: ignore[call-arg]  # mypy is not smart enough here\n>       raise exception_class(message, screen, stacktrace)\nE       selenium.common.exceptions.NoSuchElementException: Message: no such element: Unable to locate element: {\"method\":\"xpath\",\"selector\":\"//input[@id='gnb_search']\"}\nE         (Session info: chrome=134.0.6998.88); For documentation on this error, please visit: https://www.selenium.dev/documentation/webdriver/troubleshooting/errors#no-such-element-exception\nE       Stacktrace:\nE       #0 0x55a9f5f50ffa <unknown>\nE       #1 0x55a9f5a0f970 <unknown>\nE       #2 0x55a9f5a61385 <unknown>\nE       #3 0x55a9f5a615b1 <unknown>\nE       #4 0x55a9f5ab03c4 <unknown>\nE       #5 0x55a9f5a872bd <unknown>\nE       #6 0x55a9f5aad70c <unknown>\nE       #7 0x55a9f5a87063 <unknown>\nE       #8 0x55a9f5a53328 <unknown>\nE       #9 0x55a9f5a54491 <unknown>\nE       #10 0x55a9f5f1842b <unknown>\nE       #11 0x55a9f5f1c2ec <unknown>\nE       #12 0x55a9f5effa22 <unknown>\nE       #13 0x55a9f5f1ce64 <unknown>\nE       #14 0x55a9f5ee3bef <unknown>\nE       #15 0x55a9f5f3f558 <unknown>\nE       #16 0x55a9f5f3f736 <unknown>\nE       #17 0x55a9f5f4fe76 <unknown>\nE       #18 0x7f9e0469caa4 <unknown>\nE       #19 0x7f9e04729c3c <unknown>\n\nvenv/lib/python3.11/site-packages/selenium/webdriver/remote/errorhandler.py:232: NoSuchElementException\n\nDuring handling of the above exception, another exception occurred:\n\ndriver = <selenium.webdriver.chrome.webdriver.WebDriver (session=\"1aa07520e77f2fc1108b03db7ffa370a\")>\n\n    @allure.feature(\"UI 테스트\")\n    @allure.story(\"카테고리 기능 테스트\")\n    def test_category(driver):\n        try:\n          #검색\n          search_box = driver.find_element(By.XPATH, \"//input[@id='gnb_search']\")\n          search_box.send_keys(\"제로콜라\")\n          search_box.send_keys(Keys.RETURN)\n          time.sleep(2)\n    \n    \n          def click_category(category_name, screenshot_name):\n              try:\n                  category_button = driver.find_element(By.XPATH,f\"//a[contains(text(),'{category_name}')]\")\n                  category_button.click()\n                  time.sleep(2)\n                  capture_screenshot(driver, screenshot_name, \"screenshots_category\")\n              except Exception as e:\n                  capture_screenshot(driver,f\"{screenshot_name}_실패\",\"screenshots_category\")\n                  allure.attach(driver.get_screenshot_as_png(), name=f\"{screenshot_name}_실패\",\n                                attachment_type=allure.attachment_type.PNG)\n                  pytest.fail(f\"❌ '{category_name}' 클릭 실패: {str(e)}\")\n    \n          categories =[\n              (\"추천순\", \"추천순\"),\n              (\"낮은 가격순\", \"낮은가격순\"),\n              (\"높은 가격순\", \"높은가격순\"),\n              (\"판매량순\", \"판매량순\"),\n              (\"혜택순\", \"혜택순\"),\n              (\"신상품순\", \"신상품순\"),\n          ]\n          for category_name, screenshot_name in categories:\n              click_category(category_name, screenshot_name)\n    \n        except Exception as e:\n            capture_screenshot(driver,\"카테고리_테스트실패\",\"screenshots_category\")\n            allure.attach(driver.get_screenshot_as_png(), name=\"카테고리_테스트실패\",\n                          attachment_type=allure.attachment_type.PNG)\n>           pytest.fail(f\"❌ 카테고리 테스트 실패: {str(e)}\")\nE           Failed: ❌ 카테고리 테스트 실패: Message: no such element: Unable to locate element: {\"method\":\"xpath\",\"selector\":\"//input[@id='gnb_search']\"}\nE             (Session info: chrome=134.0.6998.88); For documentation on this error, please visit: https://www.selenium.dev/documentation/webdriver/troubleshooting/errors#no-such-element-exception\nE           Stacktrace:\nE           #0 0x55a9f5f50ffa <unknown>\nE           #1 0x55a9f5a0f970 <unknown>\nE           #2 0x55a9f5a61385 <unknown>\nE           #3 0x55a9f5a615b1 <unknown>\nE           #4 0x55a9f5ab03c4 <unknown>\nE           #5 0x55a9f5a872bd <unknown>\nE           #6 0x55a9f5aad70c <unknown>\nE           #7 0x55a9f5a87063 <unknown>\nE           #8 0x55a9f5a53328 <unknown>\nE           #9 0x55a9f5a54491 <unknown>\nE           #10 0x55a9f5f1842b <unknown>\nE           #11 0x55a9f5f1c2ec <unknown>\nE           #12 0x55a9f5effa22 <unknown>\nE           #13 0x55a9f5f1ce64 <unknown>\nE           #14 0x55a9f5ee3bef <unknown>\nE           #15 0x55a9f5f3f558 <unknown>\nE           #16 0x55a9f5f3f736 <unknown>\nE           #17 0x55a9f5f4fe76 <unknown>\nE           #18 0x7f9e0469caa4 <unknown>\nE           #19 0x7f9e04729c3c <unknown>\n\nsrc/tests/ui_tests/test_ui_category.py:46: Failed","flaky":false,"newFailed":false,"newBroken":false,"newPassed":false,"retriesCount":0,"retriesStatusChange":false,"beforeStages":[{"name":"driver","time":{"start":1743029872075,"stop":1743029872469,"duration":394},"status":"passed","steps":[],"attachments":[],"parameters":[],"shouldDisplayMessage":false,"stepsCount":0,"attachmentsCount":0,"hasContent":false,"attachmentStep":false}],"testStage":{"status":"failed","statusMessage":"Failed: ❌ 카테고리 테스트 실패: Message: no such element: Unable to locate element: {\"method\":\"xpath\",\"selector\":\"//input[@id='gnb_search']\"}\n  (Session info: chrome=134.0.6998.88); For documentation on this error, please visit: https://www.selenium.dev/documentation/webdriver/troubleshooting/errors#no-such-element-exception\nStacktrace:\n#0 0x55a9f5f50ffa <unknown>\n#1 0x55a9f5a0f970 <unknown>\n#2 0x55a9f5a61385 <unknown>\n#3 0x55a9f5a615b1 <unknown>\n#4 0x55a9f5ab03c4 <unknown>\n#5 0x55a9f5a872bd <unknown>\n#6 0x55a9f5aad70c <unknown>\n#7 0x55a9f5a87063 <unknown>\n#8 0x55a9f5a53328 <unknown>\n#9 0x55a9f5a54491 <unknown>\n#10 0x55a9f5f1842b <unknown>\n#11 0x55a9f5f1c2ec <unknown>\n#12 0x55a9f5effa22 <unknown>\n#13 0x55a9f5f1ce64 <unknown>\n#14 0x55a9f5ee3bef <unknown>\n#15 0x55a9f5f3f558 <unknown>\n#16 0x55a9f5f3f736 <unknown>\n#17 0x55a9f5f4fe76 <unknown>\n#18 0x7f9e0469caa4 <unknown>\n#19 0x7f9e04729c3c <unknown>","statusTrace":"driver = <selenium.webdriver.chrome.webdriver.WebDriver (session=\"1aa07520e77f2fc1108b03db7ffa370a\")>\n\n    @allure.feature(\"UI 테스트\")\n    @allure.story(\"카테고리 기능 테스트\")\n    def test_category(driver):\n        try:\n          #검색\n>         search_box = driver.find_element(By.XPATH, \"//input[@id='gnb_search']\")\n\nsrc/tests/ui_tests/test_ui_category.py:13: \n_ _ _ _ _ _ _ _ _ _ _ _ _ _ _ _ _ _ _ _ _ _ _ _ _ _ _ _ _ _ _ _ _ _ _ _ _ _ _ _ \nvenv/lib/python3.11/site-packages/selenium/webdriver/remote/webdriver.py:770: in find_element\n    return self.execute(Command.FIND_ELEMENT, {\"using\": by, \"value\": value})[\"value\"]\nvenv/lib/python3.11/site-packages/selenium/webdriver/remote/webdriver.py:384: in execute\n    self.error_handler.check_response(response)\n_ _ _ _ _ _ _ _ _ _ _ _ _ _ _ _ _ _ _ _ _ _ _ _ _ _ _ _ _ _ _ _ _ _ _ _ _ _ _ _ \n\nself = <selenium.webdriver.remote.errorhandler.ErrorHandler object at 0x7f347557ff10>\nresponse = {'status': 404, 'value': '{\"value\":{\"error\":\"no such element\",\"message\":\"no such element: Unable to locate element: {\\...\\\\n#17 0x55a9f5f4fe76 \\\\u003Cunknown>\\\\n#18 0x7f9e0469caa4 \\\\u003Cunknown>\\\\n#19 0x7f9e04729c3c \\\\u003Cunknown>\\\\n\"}}'}\n\n    def check_response(self, response: Dict[str, Any]) -> None:\n        \"\"\"Checks that a JSON response from the WebDriver does not have an\n        error.\n    \n        :Args:\n         - response - The JSON response from the WebDriver server as a dictionary\n           object.\n    \n        :Raises: If the response contains an error message.\n        \"\"\"\n        status = response.get(\"status\", None)\n        if not status or status == ErrorCode.SUCCESS:\n            return\n        value = None\n        message = response.get(\"message\", \"\")\n        screen: str = response.get(\"screen\", \"\")\n        stacktrace = None\n        if isinstance(status, int):\n            value_json = response.get(\"value\", None)\n            if value_json and isinstance(value_json, str):\n                import json\n    \n                try:\n                    value = json.loads(value_json)\n                    if len(value) == 1:\n                        value = value[\"value\"]\n                    status = value.get(\"error\", None)\n                    if not status:\n                        status = value.get(\"status\", ErrorCode.UNKNOWN_ERROR)\n                        message = value.get(\"value\") or value.get(\"message\")\n                        if not isinstance(message, str):\n                            value = message\n                            message = message.get(\"message\")\n                    else:\n                        message = value.get(\"message\", None)\n                except ValueError:\n                    pass\n    \n        exception_class: Type[WebDriverException]\n        e = ErrorCode()\n        error_codes = [item for item in dir(e) if not item.startswith(\"__\")]\n        for error_code in error_codes:\n            error_info = getattr(ErrorCode, error_code)\n            if isinstance(error_info, list) and status in error_info:\n                exception_class = getattr(ExceptionMapping, error_code, WebDriverException)\n                break\n        else:\n            exception_class = WebDriverException\n    \n        if not value:\n            value = response[\"value\"]\n        if isinstance(value, str):\n            raise exception_class(value)\n        if message == \"\" and \"message\" in value:\n            message = value[\"message\"]\n    \n        screen = None  # type: ignore[assignment]\n        if \"screen\" in value:\n            screen = value[\"screen\"]\n    \n        stacktrace = None\n        st_value = value.get(\"stackTrace\") or value.get(\"stacktrace\")\n        if st_value:\n            if isinstance(st_value, str):\n                stacktrace = st_value.split(\"\\n\")\n            else:\n                stacktrace = []\n                try:\n                    for frame in st_value:\n                        line = frame.get(\"lineNumber\", \"\")\n                        file = frame.get(\"fileName\", \"<anonymous>\")\n                        if line:\n                            file = f\"{file}:{line}\"\n                        meth = frame.get(\"methodName\", \"<anonymous>\")\n                        if \"className\" in frame:\n                            meth = f\"{frame['className']}.{meth}\"\n                        msg = \"    at %s (%s)\"\n                        msg = msg % (meth, file)\n                        stacktrace.append(msg)\n                except TypeError:\n                    pass\n        if exception_class == UnexpectedAlertPresentException:\n            alert_text = None\n            if \"data\" in value:\n                alert_text = value[\"data\"].get(\"text\")\n            elif \"alert\" in value:\n                alert_text = value[\"alert\"].get(\"text\")\n            raise exception_class(message, screen, stacktrace, alert_text)  # type: ignore[call-arg]  # mypy is not smart enough here\n>       raise exception_class(message, screen, stacktrace)\nE       selenium.common.exceptions.NoSuchElementException: Message: no such element: Unable to locate element: {\"method\":\"xpath\",\"selector\":\"//input[@id='gnb_search']\"}\nE         (Session info: chrome=134.0.6998.88); For documentation on this error, please visit: https://www.selenium.dev/documentation/webdriver/troubleshooting/errors#no-such-element-exception\nE       Stacktrace:\nE       #0 0x55a9f5f50ffa <unknown>\nE       #1 0x55a9f5a0f970 <unknown>\nE       #2 0x55a9f5a61385 <unknown>\nE       #3 0x55a9f5a615b1 <unknown>\nE       #4 0x55a9f5ab03c4 <unknown>\nE       #5 0x55a9f5a872bd <unknown>\nE       #6 0x55a9f5aad70c <unknown>\nE       #7 0x55a9f5a87063 <unknown>\nE       #8 0x55a9f5a53328 <unknown>\nE       #9 0x55a9f5a54491 <unknown>\nE       #10 0x55a9f5f1842b <unknown>\nE       #11 0x55a9f5f1c2ec <unknown>\nE       #12 0x55a9f5effa22 <unknown>\nE       #13 0x55a9f5f1ce64 <unknown>\nE       #14 0x55a9f5ee3bef <unknown>\nE       #15 0x55a9f5f3f558 <unknown>\nE       #16 0x55a9f5f3f736 <unknown>\nE       #17 0x55a9f5f4fe76 <unknown>\nE       #18 0x7f9e0469caa4 <unknown>\nE       #19 0x7f9e04729c3c <unknown>\n\nvenv/lib/python3.11/site-packages/selenium/webdriver/remote/errorhandler.py:232: NoSuchElementException\n\nDuring handling of the above exception, another exception occurred:\n\ndriver = <selenium.webdriver.chrome.webdriver.WebDriver (session=\"1aa07520e77f2fc1108b03db7ffa370a\")>\n\n    @allure.feature(\"UI 테스트\")\n    @allure.story(\"카테고리 기능 테스트\")\n    def test_category(driver):\n        try:\n          #검색\n          search_box = driver.find_element(By.XPATH, \"//input[@id='gnb_search']\")\n          search_box.send_keys(\"제로콜라\")\n          search_box.send_keys(Keys.RETURN)\n          time.sleep(2)\n    \n    \n          def click_category(category_name, screenshot_name):\n              try:\n                  category_button = driver.find_element(By.XPATH,f\"//a[contains(text(),'{category_name}')]\")\n                  category_button.click()\n                  time.sleep(2)\n                  capture_screenshot(driver, screenshot_name, \"screenshots_category\")\n              except Exception as e:\n                  capture_screenshot(driver,f\"{screenshot_name}_실패\",\"screenshots_category\")\n                  allure.attach(driver.get_screenshot_as_png(), name=f\"{screenshot_name}_실패\",\n                                attachment_type=allure.attachment_type.PNG)\n                  pytest.fail(f\"❌ '{category_name}' 클릭 실패: {str(e)}\")\n    \n          categories =[\n              (\"추천순\", \"추천순\"),\n              (\"낮은 가격순\", \"낮은가격순\"),\n              (\"높은 가격순\", \"높은가격순\"),\n              (\"판매량순\", \"판매량순\"),\n              (\"혜택순\", \"혜택순\"),\n              (\"신상품순\", \"신상품순\"),\n          ]\n          for category_name, screenshot_name in categories:\n              click_category(category_name, screenshot_name)\n    \n        except Exception as e:\n            capture_screenshot(driver,\"카테고리_테스트실패\",\"screenshots_category\")\n            allure.attach(driver.get_screenshot_as_png(), name=\"카테고리_테스트실패\",\n                          attachment_type=allure.attachment_type.PNG)\n>           pytest.fail(f\"❌ 카테고리 테스트 실패: {str(e)}\")\nE           Failed: ❌ 카테고리 테스트 실패: Message: no such element: Unable to locate element: {\"method\":\"xpath\",\"selector\":\"//input[@id='gnb_search']\"}\nE             (Session info: chrome=134.0.6998.88); For documentation on this error, please visit: https://www.selenium.dev/documentation/webdriver/troubleshooting/errors#no-such-element-exception\nE           Stacktrace:\nE           #0 0x55a9f5f50ffa <unknown>\nE           #1 0x55a9f5a0f970 <unknown>\nE           #2 0x55a9f5a61385 <unknown>\nE           #3 0x55a9f5a615b1 <unknown>\nE           #4 0x55a9f5ab03c4 <unknown>\nE           #5 0x55a9f5a872bd <unknown>\nE           #6 0x55a9f5aad70c <unknown>\nE           #7 0x55a9f5a87063 <unknown>\nE           #8 0x55a9f5a53328 <unknown>\nE           #9 0x55a9f5a54491 <unknown>\nE           #10 0x55a9f5f1842b <unknown>\nE           #11 0x55a9f5f1c2ec <unknown>\nE           #12 0x55a9f5effa22 <unknown>\nE           #13 0x55a9f5f1ce64 <unknown>\nE           #14 0x55a9f5ee3bef <unknown>\nE           #15 0x55a9f5f3f558 <unknown>\nE           #16 0x55a9f5f3f736 <unknown>\nE           #17 0x55a9f5f4fe76 <unknown>\nE           #18 0x7f9e0469caa4 <unknown>\nE           #19 0x7f9e04729c3c <unknown>\n\nsrc/tests/ui_tests/test_ui_category.py:46: Failed","steps":[],"attachments":[{"uid":"b415ce2657b83cba","name":"카테고리_테스트실패","source":"b415ce2657b83cba.png","type":"image/png","size":7498},{"uid":"803d0760dffd8889","name":"Failure Screenshot","source":"803d0760dffd8889.png","type":"image/png","size":7498},{"uid":"87a664d34314cef9","name":"stdout","source":"87a664d34314cef9.txt","type":"text/plain","size":103}],"parameters":[],"shouldDisplayMessage":true,"stepsCount":0,"attachmentsCount":3,"hasContent":true,"attachmentStep":false},"afterStages":[{"name":"driver::0","time":{"start":1743029872819,"stop":1743029872877,"duration":58},"status":"passed","steps":[],"attachments":[],"parameters":[],"shouldDisplayMessage":false,"stepsCount":0,"attachmentsCount":0,"hasContent":false,"attachmentStep":false}],"labels":[{"name":"story","value":"카테고리 기능 테스트"},{"name":"feature","value":"UI 테스트"},{"name":"parentSuite","value":"src.tests.ui_tests"},{"name":"suite","value":"test_ui_category"},{"name":"host","value":"fv-az1691-56"},{"name":"thread","value":"2533-MainThread"},{"name":"framework","value":"pytest"},{"name":"language","value":"cpython3"},{"name":"package","value":"src.tests.ui_tests.test_ui_category"},{"name":"resultFormat","value":"allure2"}],"parameters":[],"links":[],"hidden":false,"retry":false,"extra":{"severity":"normal","retries":[],"categories":[{"name":"Product defects","matchedStatuses":[],"flaky":false}],"tags":[]},"source":"7f168df1b9250f28.json","parameterValues":[]}