{"uid":"94f0c23679989ae3","name":"test_product_search[TC_010-\\ubb3c]","fullName":"src.tests.ui_tests.test_ui_search#test_product_search","historyId":"924b81d93a9d3e3cf782e9e97d987e66","time":{"start":1743026931409,"stop":1743026931409,"duration":0},"status":"broken","statusMessage":"selenium.common.exceptions.TimeoutException: Message: \nStacktrace:\n#0 0x55f296fbbffa <unknown>\n#1 0x55f296a7a970 <unknown>\n#2 0x55f296acc385 <unknown>\n#3 0x55f296acc5b1 <unknown>\n#4 0x55f296b1b3c4 <unknown>\n#5 0x55f296af22bd <unknown>\n#6 0x55f296b1870c <unknown>\n#7 0x55f296af2063 <unknown>\n#8 0x55f296abe328 <unknown>\n#9 0x55f296abf491 <unknown>\n#10 0x55f296f8342b <unknown>\n#11 0x55f296f872ec <unknown>\n#12 0x55f296f6aa22 <unknown>\n#13 0x55f296f87e64 <unknown>\n#14 0x55f296f4ebef <unknown>\n#15 0x55f296faa558 <unknown>\n#16 0x55f296faa736 <unknown>\n#17 0x55f296fbae76 <unknown>\n#18 0x7fb1fb69caa4 <unknown>\n#19 0x7fb1fb729c3c <unknown>","statusTrace":"@pytest.fixture(scope=\"module\")\n    def driver():\n        options = Options()\n        options.add_argument(\"--headless\")\n        options.add_argument(\"--disable-blink-features=AutomationControlled\")\n        options.add_argument(\"--no-sandbox\")\n        options.add_argument(\"--disable-dev-shm-usage\")\n        options.add_argument(\"--disable-gpu\")\n        options.add_argument(\"--window-size=1920,1080\")\n        options.add_argument(\"user-agent=Mozilla/5.0 (Windows NT 10.0; Win64; x64) AppleWebKit/537.36\")\n    \n        service = Service(ChromeDriverManager().install())\n        driver = webdriver.Chrome(service=service, options=options)\n    \n        # ✅ webdriver 감지 우회 (CDP 명령어)\n        driver.execute_cdp_cmd(\"Page.addScriptToEvaluateOnNewDocument\", {\n            \"source\": \"\"\"\n                Object.defineProperty(navigator, 'webdriver', {\n                    get: () => undefined\n                });\n            \"\"\"\n        })\n    \n        driver.get(\"https://www.kurly.com/main\")\n>       WebDriverWait(driver, 10).until(\n            EC.presence_of_element_located((By.XPATH, \"//input[@id='gnb_search']\"))\n        )\n\nsrc/tests/conftest.py:37: \n_ _ _ _ _ _ _ _ _ _ _ _ _ _ _ _ _ _ _ _ _ _ _ _ _ _ _ _ _ _ _ _ _ _ _ _ _ _ _ _ \n\nself = <selenium.webdriver.support.wait.WebDriverWait (session=\"ca87752b6fe3cbd3125fbb5d6bd5d0cb\")>\nmethod = <function presence_of_element_located.<locals>._predicate at 0x7f5479baafc0>\nmessage = ''\n\n    def until(self, method: Callable[[D], Union[Literal[False], T]], message: str = \"\") -> T:\n        \"\"\"Calls the method provided with the driver as an argument until the \\\n        return value does not evaluate to ``False``.\n    \n        :param method: callable(WebDriver)\n        :param message: optional message for :exc:`TimeoutException`\n        :returns: the result of the last call to `method`\n        :raises: :exc:`selenium.common.exceptions.TimeoutException` if timeout occurs\n        \"\"\"\n        screen = None\n        stacktrace = None\n    \n        end_time = time.monotonic() + self._timeout\n        while True:\n            try:\n                value = method(self._driver)\n                if value:\n                    return value\n            except self._ignored_exceptions as exc:\n                screen = getattr(exc, \"screen\", None)\n                stacktrace = getattr(exc, \"stacktrace\", None)\n            if time.monotonic() > end_time:\n                break\n            time.sleep(self._poll)\n>       raise TimeoutException(message, screen, stacktrace)\nE       selenium.common.exceptions.TimeoutException: Message: \nE       Stacktrace:\nE       #0 0x55f296fbbffa <unknown>\nE       #1 0x55f296a7a970 <unknown>\nE       #2 0x55f296acc385 <unknown>\nE       #3 0x55f296acc5b1 <unknown>\nE       #4 0x55f296b1b3c4 <unknown>\nE       #5 0x55f296af22bd <unknown>\nE       #6 0x55f296b1870c <unknown>\nE       #7 0x55f296af2063 <unknown>\nE       #8 0x55f296abe328 <unknown>\nE       #9 0x55f296abf491 <unknown>\nE       #10 0x55f296f8342b <unknown>\nE       #11 0x55f296f872ec <unknown>\nE       #12 0x55f296f6aa22 <unknown>\nE       #13 0x55f296f87e64 <unknown>\nE       #14 0x55f296f4ebef <unknown>\nE       #15 0x55f296faa558 <unknown>\nE       #16 0x55f296faa736 <unknown>\nE       #17 0x55f296fbae76 <unknown>\nE       #18 0x7fb1fb69caa4 <unknown>\nE       #19 0x7fb1fb729c3c <unknown>\n\nvenv/lib/python3.11/site-packages/selenium/webdriver/support/wait.py:105: TimeoutException","flaky":false,"newFailed":false,"newBroken":false,"newPassed":false,"retriesCount":0,"retriesStatusChange":false,"beforeStages":[{"name":"driver","time":{"start":1743026918373,"stop":1743026931358,"duration":12985},"status":"broken","statusMessage":"selenium.common.exceptions.TimeoutException: Message: \nStacktrace:\n#0 0x55f296fbbffa <unknown>\n#1 0x55f296a7a970 <unknown>\n#2 0x55f296acc385 <unknown>\n#3 0x55f296acc5b1 <unknown>\n#4 0x55f296b1b3c4 <unknown>\n#5 0x55f296af22bd <unknown>\n#6 0x55f296b1870c <unknown>\n#7 0x55f296af2063 <unknown>\n#8 0x55f296abe328 <unknown>\n#9 0x55f296abf491 <unknown>\n#10 0x55f296f8342b <unknown>\n#11 0x55f296f872ec <unknown>\n#12 0x55f296f6aa22 <unknown>\n#13 0x55f296f87e64 <unknown>\n#14 0x55f296f4ebef <unknown>\n#15 0x55f296faa558 <unknown>\n#16 0x55f296faa736 <unknown>\n#17 0x55f296fbae76 <unknown>\n#18 0x7fb1fb69caa4 <unknown>\n#19 0x7fb1fb729c3c <unknown>\n\n","statusTrace":"  File \"/home/runner/work/QATEST/QATEST/venv/lib/python3.11/site-packages/pluggy/_callers.py\", line 167, in _multicall\n    teardown.throw(outcome._exception)\n  File \"/home/runner/work/QATEST/QATEST/venv/lib/python3.11/site-packages/_pytest/setuponly.py\", line 36, in pytest_fixture_setup\n    return (yield)\n            ^^^^^\n  File \"/home/runner/work/QATEST/QATEST/venv/lib/python3.11/site-packages/pluggy/_callers.py\", line 103, in _multicall\n    res = hook_impl.function(*args)\n          ^^^^^^^^^^^^^^^^^^^^^^^^^\n  File \"/home/runner/work/QATEST/QATEST/venv/lib/python3.11/site-packages/_pytest/fixtures.py\", line 1140, in pytest_fixture_setup\n    result = call_fixture_func(fixturefunc, request, kwargs)\n             ^^^^^^^^^^^^^^^^^^^^^^^^^^^^^^^^^^^^^^^^^^^^^^^\n  File \"/home/runner/work/QATEST/QATEST/venv/lib/python3.11/site-packages/_pytest/fixtures.py\", line 891, in call_fixture_func\n    fixture_result = next(generator)\n                     ^^^^^^^^^^^^^^^\n  File \"/home/runner/work/QATEST/QATEST/src/tests/conftest.py\", line 37, in driver\n    WebDriverWait(driver, 10).until(\n  File \"/home/runner/work/QATEST/QATEST/venv/lib/python3.11/site-packages/selenium/webdriver/support/wait.py\", line 105, in until\n    raise TimeoutException(message, screen, stacktrace)\n","steps":[],"attachments":[],"parameters":[],"shouldDisplayMessage":true,"stepsCount":0,"attachmentsCount":0,"hasContent":true,"attachmentStep":false}],"afterStages":[],"labels":[{"name":"feature","value":"UI 테스트"},{"name":"story","value":"상품 검색 테스트"},{"name":"parentSuite","value":"src.tests.ui_tests"},{"name":"suite","value":"test_ui_search"},{"name":"host","value":"fv-az1909-347"},{"name":"thread","value":"2520-MainThread"},{"name":"framework","value":"pytest"},{"name":"language","value":"cpython3"},{"name":"package","value":"src.tests.ui_tests.test_ui_search"},{"name":"resultFormat","value":"allure2"}],"parameters":[{"name":"search_term","value":"'물'"},{"name":"tc_id","value":"'TC_010'"}],"links":[],"hidden":false,"retry":false,"extra":{"severity":"normal","retries":[],"categories":[{"name":"Test defects","matchedStatuses":[],"flaky":false}],"tags":[]},"source":"94f0c23679989ae3.json","parameterValues":["'물'","'TC_010'"]}