{"uid":"9b3c488f3a31873d","name":"test_login","fullName":"src.tests.ui_tests.test_ui_login#test_login","historyId":"98e8f149c7227721782a965f730ba74a","time":{"start":1741272284652,"stop":1741272296932,"duration":12280},"status":"broken","statusMessage":"selenium.common.exceptions.NoSuchElementException: Message: no such element: Unable to locate element: {\"method\":\"css selector\",\"selector\":\"[id=\"pw\"]\"}\n  (Session info: chrome=133.0.6943.141); For documentation on this error, please visit: https://www.selenium.dev/documentation/webdriver/troubleshooting/errors#no-such-element-exception\nStacktrace:\n#0 0x55794a41d14a <unknown>\n#1 0x557949ebab80 <unknown>\n#2 0x557949f0c0e9 <unknown>\n#3 0x557949f0c271 <unknown>\n#4 0x557949f5ade4 <unknown>\n#5 0x557949f31efd <unknown>\n#6 0x557949f5814a <unknown>\n#7 0x557949f31ca3 <unknown>\n#8 0x557949efdf08 <unknown>\n#9 0x557949eff071 <unknown>\n#10 0x55794a3e6b5b <unknown>\n#11 0x55794a3eaae2 <unknown>\n#12 0x55794a3d2967 <unknown>\n#13 0x55794a3eb6d4 <unknown>\n#14 0x55794a3b6c7f <unknown>\n#15 0x55794a40bcd8 <unknown>\n#16 0x55794a40bea9 <unknown>\n#17 0x55794a41bfc6 <unknown>\n#18 0x7fbfc009caa4 <unknown>\n#19 0x7fbfc0129c3c <unknown>","statusTrace":"driver = <selenium.webdriver.chrome.webdriver.WebDriver (session=\"eeace1ff5f3a86a27c9801cf186c1471\")>\n\n    @allure.feature(\"UI 테스트\")\n    @allure.story(\"로그인 실패 테스트\")\n    def test_login(driver):\n    \n        #로그인 버튼 클릭\n        login_button = driver.find_element(By.XPATH, \"//a[contains(text(),'로그인')]\")\n        login_button.click()\n        time.sleep(2)\n    \n        #아이디 패스워드 입력\n        login_username_input = driver.find_element(By.NAME, \"id\")\n>       login_password_input = driver.find_element(By.ID, \"pw\")\n\nsrc/tests/ui_tests/test_ui_login.py:18: \n_ _ _ _ _ _ _ _ _ _ _ _ _ _ _ _ _ _ _ _ _ _ _ _ _ _ _ _ _ _ _ _ _ _ _ _ _ _ _ _ \nvenv/lib/python3.11/site-packages/selenium/webdriver/remote/webdriver.py:770: in find_element\n    return self.execute(Command.FIND_ELEMENT, {\"using\": by, \"value\": value})[\"value\"]\nvenv/lib/python3.11/site-packages/selenium/webdriver/remote/webdriver.py:384: in execute\n    self.error_handler.check_response(response)\n_ _ _ _ _ _ _ _ _ _ _ _ _ _ _ _ _ _ _ _ _ _ _ _ _ _ _ _ _ _ _ _ _ _ _ _ _ _ _ _ \n\nself = <selenium.webdriver.remote.errorhandler.ErrorHandler object at 0x7fca77819250>\nresponse = {'status': 404, 'value': '{\"value\":{\"error\":\"no such element\",\"message\":\"no such element: Unable to locate element: {\\...\\\\n#17 0x55794a41bfc6 \\\\u003Cunknown>\\\\n#18 0x7fbfc009caa4 \\\\u003Cunknown>\\\\n#19 0x7fbfc0129c3c \\\\u003Cunknown>\\\\n\"}}'}\n\n    def check_response(self, response: Dict[str, Any]) -> None:\n        \"\"\"Checks that a JSON response from the WebDriver does not have an\n        error.\n    \n        :Args:\n         - response - The JSON response from the WebDriver server as a dictionary\n           object.\n    \n        :Raises: If the response contains an error message.\n        \"\"\"\n        status = response.get(\"status\", None)\n        if not status or status == ErrorCode.SUCCESS:\n            return\n        value = None\n        message = response.get(\"message\", \"\")\n        screen: str = response.get(\"screen\", \"\")\n        stacktrace = None\n        if isinstance(status, int):\n            value_json = response.get(\"value\", None)\n            if value_json and isinstance(value_json, str):\n                import json\n    \n                try:\n                    value = json.loads(value_json)\n                    if len(value) == 1:\n                        value = value[\"value\"]\n                    status = value.get(\"error\", None)\n                    if not status:\n                        status = value.get(\"status\", ErrorCode.UNKNOWN_ERROR)\n                        message = value.get(\"value\") or value.get(\"message\")\n                        if not isinstance(message, str):\n                            value = message\n                            message = message.get(\"message\")\n                    else:\n                        message = value.get(\"message\", None)\n                except ValueError:\n                    pass\n    \n        exception_class: Type[WebDriverException]\n        e = ErrorCode()\n        error_codes = [item for item in dir(e) if not item.startswith(\"__\")]\n        for error_code in error_codes:\n            error_info = getattr(ErrorCode, error_code)\n            if isinstance(error_info, list) and status in error_info:\n                exception_class = getattr(ExceptionMapping, error_code, WebDriverException)\n                break\n        else:\n            exception_class = WebDriverException\n    \n        if not value:\n            value = response[\"value\"]\n        if isinstance(value, str):\n            raise exception_class(value)\n        if message == \"\" and \"message\" in value:\n            message = value[\"message\"]\n    \n        screen = None  # type: ignore[assignment]\n        if \"screen\" in value:\n            screen = value[\"screen\"]\n    \n        stacktrace = None\n        st_value = value.get(\"stackTrace\") or value.get(\"stacktrace\")\n        if st_value:\n            if isinstance(st_value, str):\n                stacktrace = st_value.split(\"\\n\")\n            else:\n                stacktrace = []\n                try:\n                    for frame in st_value:\n                        line = frame.get(\"lineNumber\", \"\")\n                        file = frame.get(\"fileName\", \"<anonymous>\")\n                        if line:\n                            file = f\"{file}:{line}\"\n                        meth = frame.get(\"methodName\", \"<anonymous>\")\n                        if \"className\" in frame:\n                            meth = f\"{frame['className']}.{meth}\"\n                        msg = \"    at %s (%s)\"\n                        msg = msg % (meth, file)\n                        stacktrace.append(msg)\n                except TypeError:\n                    pass\n        if exception_class == UnexpectedAlertPresentException:\n            alert_text = None\n            if \"data\" in value:\n                alert_text = value[\"data\"].get(\"text\")\n            elif \"alert\" in value:\n                alert_text = value[\"alert\"].get(\"text\")\n            raise exception_class(message, screen, stacktrace, alert_text)  # type: ignore[call-arg]  # mypy is not smart enough here\n>       raise exception_class(message, screen, stacktrace)\nE       selenium.common.exceptions.NoSuchElementException: Message: no such element: Unable to locate element: {\"method\":\"css selector\",\"selector\":\"[id=\"pw\"]\"}\nE         (Session info: chrome=133.0.6943.141); For documentation on this error, please visit: https://www.selenium.dev/documentation/webdriver/troubleshooting/errors#no-such-element-exception\nE       Stacktrace:\nE       #0 0x55794a41d14a <unknown>\nE       #1 0x557949ebab80 <unknown>\nE       #2 0x557949f0c0e9 <unknown>\nE       #3 0x557949f0c271 <unknown>\nE       #4 0x557949f5ade4 <unknown>\nE       #5 0x557949f31efd <unknown>\nE       #6 0x557949f5814a <unknown>\nE       #7 0x557949f31ca3 <unknown>\nE       #8 0x557949efdf08 <unknown>\nE       #9 0x557949eff071 <unknown>\nE       #10 0x55794a3e6b5b <unknown>\nE       #11 0x55794a3eaae2 <unknown>\nE       #12 0x55794a3d2967 <unknown>\nE       #13 0x55794a3eb6d4 <unknown>\nE       #14 0x55794a3b6c7f <unknown>\nE       #15 0x55794a40bcd8 <unknown>\nE       #16 0x55794a40bea9 <unknown>\nE       #17 0x55794a41bfc6 <unknown>\nE       #18 0x7fbfc009caa4 <unknown>\nE       #19 0x7fbfc0129c3c <unknown>\n\nvenv/lib/python3.11/site-packages/selenium/webdriver/remote/errorhandler.py:232: NoSuchElementException","flaky":false,"newFailed":false,"newBroken":false,"newPassed":false,"retriesCount":0,"retriesStatusChange":false,"beforeStages":[{"name":"driver","time":{"start":1741272282340,"stop":1741272284652,"duration":2312},"status":"passed","steps":[],"attachments":[],"parameters":[],"shouldDisplayMessage":false,"stepsCount":0,"attachmentsCount":0,"hasContent":false,"attachmentStep":false}],"testStage":{"status":"broken","statusMessage":"selenium.common.exceptions.NoSuchElementException: Message: no such element: Unable to locate element: {\"method\":\"css selector\",\"selector\":\"[id=\"pw\"]\"}\n  (Session info: chrome=133.0.6943.141); For documentation on this error, please visit: https://www.selenium.dev/documentation/webdriver/troubleshooting/errors#no-such-element-exception\nStacktrace:\n#0 0x55794a41d14a <unknown>\n#1 0x557949ebab80 <unknown>\n#2 0x557949f0c0e9 <unknown>\n#3 0x557949f0c271 <unknown>\n#4 0x557949f5ade4 <unknown>\n#5 0x557949f31efd <unknown>\n#6 0x557949f5814a <unknown>\n#7 0x557949f31ca3 <unknown>\n#8 0x557949efdf08 <unknown>\n#9 0x557949eff071 <unknown>\n#10 0x55794a3e6b5b <unknown>\n#11 0x55794a3eaae2 <unknown>\n#12 0x55794a3d2967 <unknown>\n#13 0x55794a3eb6d4 <unknown>\n#14 0x55794a3b6c7f <unknown>\n#15 0x55794a40bcd8 <unknown>\n#16 0x55794a40bea9 <unknown>\n#17 0x55794a41bfc6 <unknown>\n#18 0x7fbfc009caa4 <unknown>\n#19 0x7fbfc0129c3c <unknown>","statusTrace":"driver = <selenium.webdriver.chrome.webdriver.WebDriver (session=\"eeace1ff5f3a86a27c9801cf186c1471\")>\n\n    @allure.feature(\"UI 테스트\")\n    @allure.story(\"로그인 실패 테스트\")\n    def test_login(driver):\n    \n        #로그인 버튼 클릭\n        login_button = driver.find_element(By.XPATH, \"//a[contains(text(),'로그인')]\")\n        login_button.click()\n        time.sleep(2)\n    \n        #아이디 패스워드 입력\n        login_username_input = driver.find_element(By.NAME, \"id\")\n>       login_password_input = driver.find_element(By.ID, \"pw\")\n\nsrc/tests/ui_tests/test_ui_login.py:18: \n_ _ _ _ _ _ _ _ _ _ _ _ _ _ _ _ _ _ _ _ _ _ _ _ _ _ _ _ _ _ _ _ _ _ _ _ _ _ _ _ \nvenv/lib/python3.11/site-packages/selenium/webdriver/remote/webdriver.py:770: in find_element\n    return self.execute(Command.FIND_ELEMENT, {\"using\": by, \"value\": value})[\"value\"]\nvenv/lib/python3.11/site-packages/selenium/webdriver/remote/webdriver.py:384: in execute\n    self.error_handler.check_response(response)\n_ _ _ _ _ _ _ _ _ _ _ _ _ _ _ _ _ _ _ _ _ _ _ _ _ _ _ _ _ _ _ _ _ _ _ _ _ _ _ _ \n\nself = <selenium.webdriver.remote.errorhandler.ErrorHandler object at 0x7fca77819250>\nresponse = {'status': 404, 'value': '{\"value\":{\"error\":\"no such element\",\"message\":\"no such element: Unable to locate element: {\\...\\\\n#17 0x55794a41bfc6 \\\\u003Cunknown>\\\\n#18 0x7fbfc009caa4 \\\\u003Cunknown>\\\\n#19 0x7fbfc0129c3c \\\\u003Cunknown>\\\\n\"}}'}\n\n    def check_response(self, response: Dict[str, Any]) -> None:\n        \"\"\"Checks that a JSON response from the WebDriver does not have an\n        error.\n    \n        :Args:\n         - response - The JSON response from the WebDriver server as a dictionary\n           object.\n    \n        :Raises: If the response contains an error message.\n        \"\"\"\n        status = response.get(\"status\", None)\n        if not status or status == ErrorCode.SUCCESS:\n            return\n        value = None\n        message = response.get(\"message\", \"\")\n        screen: str = response.get(\"screen\", \"\")\n        stacktrace = None\n        if isinstance(status, int):\n            value_json = response.get(\"value\", None)\n            if value_json and isinstance(value_json, str):\n                import json\n    \n                try:\n                    value = json.loads(value_json)\n                    if len(value) == 1:\n                        value = value[\"value\"]\n                    status = value.get(\"error\", None)\n                    if not status:\n                        status = value.get(\"status\", ErrorCode.UNKNOWN_ERROR)\n                        message = value.get(\"value\") or value.get(\"message\")\n                        if not isinstance(message, str):\n                            value = message\n                            message = message.get(\"message\")\n                    else:\n                        message = value.get(\"message\", None)\n                except ValueError:\n                    pass\n    \n        exception_class: Type[WebDriverException]\n        e = ErrorCode()\n        error_codes = [item for item in dir(e) if not item.startswith(\"__\")]\n        for error_code in error_codes:\n            error_info = getattr(ErrorCode, error_code)\n            if isinstance(error_info, list) and status in error_info:\n                exception_class = getattr(ExceptionMapping, error_code, WebDriverException)\n                break\n        else:\n            exception_class = WebDriverException\n    \n        if not value:\n            value = response[\"value\"]\n        if isinstance(value, str):\n            raise exception_class(value)\n        if message == \"\" and \"message\" in value:\n            message = value[\"message\"]\n    \n        screen = None  # type: ignore[assignment]\n        if \"screen\" in value:\n            screen = value[\"screen\"]\n    \n        stacktrace = None\n        st_value = value.get(\"stackTrace\") or value.get(\"stacktrace\")\n        if st_value:\n            if isinstance(st_value, str):\n                stacktrace = st_value.split(\"\\n\")\n            else:\n                stacktrace = []\n                try:\n                    for frame in st_value:\n                        line = frame.get(\"lineNumber\", \"\")\n                        file = frame.get(\"fileName\", \"<anonymous>\")\n                        if line:\n                            file = f\"{file}:{line}\"\n                        meth = frame.get(\"methodName\", \"<anonymous>\")\n                        if \"className\" in frame:\n                            meth = f\"{frame['className']}.{meth}\"\n                        msg = \"    at %s (%s)\"\n                        msg = msg % (meth, file)\n                        stacktrace.append(msg)\n                except TypeError:\n                    pass\n        if exception_class == UnexpectedAlertPresentException:\n            alert_text = None\n            if \"data\" in value:\n                alert_text = value[\"data\"].get(\"text\")\n            elif \"alert\" in value:\n                alert_text = value[\"alert\"].get(\"text\")\n            raise exception_class(message, screen, stacktrace, alert_text)  # type: ignore[call-arg]  # mypy is not smart enough here\n>       raise exception_class(message, screen, stacktrace)\nE       selenium.common.exceptions.NoSuchElementException: Message: no such element: Unable to locate element: {\"method\":\"css selector\",\"selector\":\"[id=\"pw\"]\"}\nE         (Session info: chrome=133.0.6943.141); For documentation on this error, please visit: https://www.selenium.dev/documentation/webdriver/troubleshooting/errors#no-such-element-exception\nE       Stacktrace:\nE       #0 0x55794a41d14a <unknown>\nE       #1 0x557949ebab80 <unknown>\nE       #2 0x557949f0c0e9 <unknown>\nE       #3 0x557949f0c271 <unknown>\nE       #4 0x557949f5ade4 <unknown>\nE       #5 0x557949f31efd <unknown>\nE       #6 0x557949f5814a <unknown>\nE       #7 0x557949f31ca3 <unknown>\nE       #8 0x557949efdf08 <unknown>\nE       #9 0x557949eff071 <unknown>\nE       #10 0x55794a3e6b5b <unknown>\nE       #11 0x55794a3eaae2 <unknown>\nE       #12 0x55794a3d2967 <unknown>\nE       #13 0x55794a3eb6d4 <unknown>\nE       #14 0x55794a3b6c7f <unknown>\nE       #15 0x55794a40bcd8 <unknown>\nE       #16 0x55794a40bea9 <unknown>\nE       #17 0x55794a41bfc6 <unknown>\nE       #18 0x7fbfc009caa4 <unknown>\nE       #19 0x7fbfc0129c3c <unknown>\n\nvenv/lib/python3.11/site-packages/selenium/webdriver/remote/errorhandler.py:232: NoSuchElementException","steps":[],"attachments":[{"uid":"c7f2e800b4c31084","name":"Failure Screenshot","source":"c7f2e800b4c31084.png","type":"image/png","size":109846}],"parameters":[],"shouldDisplayMessage":true,"stepsCount":0,"attachmentsCount":1,"hasContent":true,"attachmentStep":false},"afterStages":[{"name":"driver::0","time":{"start":1741272297047,"stop":1741272297117,"duration":70},"status":"passed","steps":[],"attachments":[],"parameters":[],"shouldDisplayMessage":false,"stepsCount":0,"attachmentsCount":0,"hasContent":false,"attachmentStep":false}],"labels":[{"name":"story","value":"로그인 실패 테스트"},{"name":"feature","value":"UI 테스트"},{"name":"parentSuite","value":"src.tests.ui_tests"},{"name":"suite","value":"test_ui_login"},{"name":"host","value":"fv-az802-119"},{"name":"thread","value":"2474-MainThread"},{"name":"framework","value":"pytest"},{"name":"language","value":"cpython3"},{"name":"package","value":"src.tests.ui_tests.test_ui_login"},{"name":"resultFormat","value":"allure2"}],"parameters":[],"links":[],"hidden":false,"retry":false,"extra":{"severity":"normal","retries":[],"categories":[{"name":"Test defects","matchedStatuses":[],"flaky":false}],"tags":[]},"source":"9b3c488f3a31873d.json","parameterValues":[]}