{"uid":"a691511caec84da6","name":"상품 상세 화면의 UI 기능들이 동작 하는지 확인","fullName":"src.tests.ui_tests.test_ui_add_product#test_add_product","historyId":"526f3c30b91fa0a947b5a8a8ff4d17c0","time":{"start":1745884011133,"stop":1745884018208,"duration":7075},"description":"\n       상품을 검색 후 추가하는 테스트\n       - 수량올리기, 수량내리기 기능 구현\n       - 검색 후 상품 선택 후 카트에 추가 구현\n       ","descriptionHtml":"<pre><code>   상품을 검색 후 추가하는 테스트\n   - 수량올리기, 수량내리기 기능 구현\n   - 검색 후 상품 선택 후 카트에 추가 구현\n</code></pre>\n","status":"failed","statusMessage":"Failed: ❌ 상품 추가 버튼 클릭 실패: Message: no such element: Unable to locate element: {\"method\":\"xpath\",\"selector\":\"//a[3]//div[2]//button[1]\"}\n  (Session info: chrome=135.0.7049.95); For documentation on this error, please visit: https://www.selenium.dev/documentation/webdriver/troubleshooting/errors#no-such-element-exception\nStacktrace:\n#0 0x563a1536075a <unknown>\n#1 0x563a14e134b0 <unknown>\n#2 0x563a14e649b3 <unknown>\n#3 0x563a14e64ba1 <unknown>\n#4 0x563a14eb31f4 <unknown>\n#5 0x563a14e8a5bd <unknown>\n#6 0x563a14eb05e0 <unknown>\n#7 0x563a14e8a363 <unknown>\n#8 0x563a14e56d63 <unknown>\n#9 0x563a14e579c1 <unknown>\n#10 0x563a15325a6b <unknown>\n#11 0x563a15329951 <unknown>\n#12 0x563a1530db62 <unknown>\n#13 0x563a1532a4c4 <unknown>\n#14 0x563a152f213f <unknown>\n#15 0x563a1534e6f8 <unknown>\n#16 0x563a1534e8d6 <unknown>\n#17 0x563a1535f5a6 <unknown>\n#18 0x7fbe28e9caa4 <unknown>\n#19 0x7fbe28f29c3c <unknown>","statusTrace":"driver = <selenium.webdriver.chrome.webdriver.WebDriver (session=\"568cb207cff39b117c8c41f2bea5e08a\")>\n\n    @allure.feature(\"UI 테스트\")\n    @allure.story(\"상품 추가 테스트\")\n    @allure.title(\"상품 상세 화면의 UI 기능들이 동작 하는지 확인\")\n    def test_add_product(driver):\n        \"\"\"\n           상품을 검색 후 추가하는 테스트\n           - 수량올리기, 수량내리기 기능 구현\n           - 검색 후 상품 선택 후 카트에 추가 구현\n           \"\"\"\n        driver.get(\"https://www.kurly.com/main\")\n        driver.maximize_window()\n    \n        try:\n          search_box = driver.find_element(By.XPATH, \"//input[@placeholder='검색어를 입력해주세요']\")\n          search_box.send_keys(\"과자\")\n          search_box.send_keys(Keys.RETURN)\n          time.sleep(4)\n    \n          try:\n>             add_button = driver.find_element(By.XPATH, \"//a[3]//div[2]//button[1]\")\n\nsrc/tests/ui_tests/test_ui_add_product.py:27: \n_ _ _ _ _ _ _ _ _ _ _ _ _ _ _ _ _ _ _ _ _ _ _ _ _ _ _ _ _ _ _ _ _ _ _ _ _ _ _ _ \nvenv/lib/python3.11/site-packages/selenium/webdriver/remote/webdriver.py:770: in find_element\n    return self.execute(Command.FIND_ELEMENT, {\"using\": by, \"value\": value})[\"value\"]\nvenv/lib/python3.11/site-packages/selenium/webdriver/remote/webdriver.py:384: in execute\n    self.error_handler.check_response(response)\n_ _ _ _ _ _ _ _ _ _ _ _ _ _ _ _ _ _ _ _ _ _ _ _ _ _ _ _ _ _ _ _ _ _ _ _ _ _ _ _ \n\nself = <selenium.webdriver.remote.errorhandler.ErrorHandler object at 0x7fc0eee59950>\nresponse = {'status': 404, 'value': '{\"value\":{\"error\":\"no such element\",\"message\":\"no such element: Unable to locate element: {\\...\\\\n#17 0x563a1535f5a6 \\\\u003Cunknown>\\\\n#18 0x7fbe28e9caa4 \\\\u003Cunknown>\\\\n#19 0x7fbe28f29c3c \\\\u003Cunknown>\\\\n\"}}'}\n\n    def check_response(self, response: Dict[str, Any]) -> None:\n        \"\"\"Checks that a JSON response from the WebDriver does not have an\n        error.\n    \n        :Args:\n         - response - The JSON response from the WebDriver server as a dictionary\n           object.\n    \n        :Raises: If the response contains an error message.\n        \"\"\"\n        status = response.get(\"status\", None)\n        if not status or status == ErrorCode.SUCCESS:\n            return\n        value = None\n        message = response.get(\"message\", \"\")\n        screen: str = response.get(\"screen\", \"\")\n        stacktrace = None\n        if isinstance(status, int):\n            value_json = response.get(\"value\", None)\n            if value_json and isinstance(value_json, str):\n                import json\n    \n                try:\n                    value = json.loads(value_json)\n                    if len(value) == 1:\n                        value = value[\"value\"]\n                    status = value.get(\"error\", None)\n                    if not status:\n                        status = value.get(\"status\", ErrorCode.UNKNOWN_ERROR)\n                        message = value.get(\"value\") or value.get(\"message\")\n                        if not isinstance(message, str):\n                            value = message\n                            message = message.get(\"message\")\n                    else:\n                        message = value.get(\"message\", None)\n                except ValueError:\n                    pass\n    \n        exception_class: Type[WebDriverException]\n        e = ErrorCode()\n        error_codes = [item for item in dir(e) if not item.startswith(\"__\")]\n        for error_code in error_codes:\n            error_info = getattr(ErrorCode, error_code)\n            if isinstance(error_info, list) and status in error_info:\n                exception_class = getattr(ExceptionMapping, error_code, WebDriverException)\n                break\n        else:\n            exception_class = WebDriverException\n    \n        if not value:\n            value = response[\"value\"]\n        if isinstance(value, str):\n            raise exception_class(value)\n        if message == \"\" and \"message\" in value:\n            message = value[\"message\"]\n    \n        screen = None  # type: ignore[assignment]\n        if \"screen\" in value:\n            screen = value[\"screen\"]\n    \n        stacktrace = None\n        st_value = value.get(\"stackTrace\") or value.get(\"stacktrace\")\n        if st_value:\n            if isinstance(st_value, str):\n                stacktrace = st_value.split(\"\\n\")\n            else:\n                stacktrace = []\n                try:\n                    for frame in st_value:\n                        line = frame.get(\"lineNumber\", \"\")\n                        file = frame.get(\"fileName\", \"<anonymous>\")\n                        if line:\n                            file = f\"{file}:{line}\"\n                        meth = frame.get(\"methodName\", \"<anonymous>\")\n                        if \"className\" in frame:\n                            meth = f\"{frame['className']}.{meth}\"\n                        msg = \"    at %s (%s)\"\n                        msg = msg % (meth, file)\n                        stacktrace.append(msg)\n                except TypeError:\n                    pass\n        if exception_class == UnexpectedAlertPresentException:\n            alert_text = None\n            if \"data\" in value:\n                alert_text = value[\"data\"].get(\"text\")\n            elif \"alert\" in value:\n                alert_text = value[\"alert\"].get(\"text\")\n            raise exception_class(message, screen, stacktrace, alert_text)  # type: ignore[call-arg]  # mypy is not smart enough here\n>       raise exception_class(message, screen, stacktrace)\nE       selenium.common.exceptions.NoSuchElementException: Message: no such element: Unable to locate element: {\"method\":\"xpath\",\"selector\":\"//a[3]//div[2]//button[1]\"}\nE         (Session info: chrome=135.0.7049.95); For documentation on this error, please visit: https://www.selenium.dev/documentation/webdriver/troubleshooting/errors#no-such-element-exception\nE       Stacktrace:\nE       #0 0x563a1536075a <unknown>\nE       #1 0x563a14e134b0 <unknown>\nE       #2 0x563a14e649b3 <unknown>\nE       #3 0x563a14e64ba1 <unknown>\nE       #4 0x563a14eb31f4 <unknown>\nE       #5 0x563a14e8a5bd <unknown>\nE       #6 0x563a14eb05e0 <unknown>\nE       #7 0x563a14e8a363 <unknown>\nE       #8 0x563a14e56d63 <unknown>\nE       #9 0x563a14e579c1 <unknown>\nE       #10 0x563a15325a6b <unknown>\nE       #11 0x563a15329951 <unknown>\nE       #12 0x563a1530db62 <unknown>\nE       #13 0x563a1532a4c4 <unknown>\nE       #14 0x563a152f213f <unknown>\nE       #15 0x563a1534e6f8 <unknown>\nE       #16 0x563a1534e8d6 <unknown>\nE       #17 0x563a1535f5a6 <unknown>\nE       #18 0x7fbe28e9caa4 <unknown>\nE       #19 0x7fbe28f29c3c <unknown>\n\nvenv/lib/python3.11/site-packages/selenium/webdriver/remote/errorhandler.py:232: NoSuchElementException\n\nDuring handling of the above exception, another exception occurred:\n\ndriver = <selenium.webdriver.chrome.webdriver.WebDriver (session=\"568cb207cff39b117c8c41f2bea5e08a\")>\n\n    @allure.feature(\"UI 테스트\")\n    @allure.story(\"상품 추가 테스트\")\n    @allure.title(\"상품 상세 화면의 UI 기능들이 동작 하는지 확인\")\n    def test_add_product(driver):\n        \"\"\"\n           상품을 검색 후 추가하는 테스트\n           - 수량올리기, 수량내리기 기능 구현\n           - 검색 후 상품 선택 후 카트에 추가 구현\n           \"\"\"\n        driver.get(\"https://www.kurly.com/main\")\n        driver.maximize_window()\n    \n        try:\n          search_box = driver.find_element(By.XPATH, \"//input[@placeholder='검색어를 입력해주세요']\")\n          search_box.send_keys(\"과자\")\n          search_box.send_keys(Keys.RETURN)\n          time.sleep(4)\n    \n          try:\n              add_button = driver.find_element(By.XPATH, \"//a[3]//div[2]//button[1]\")\n              add_button.click()\n              time.sleep(4)\n          except Exception as e:\n              capture_screenshot(driver,\"상품추가 실패\",\"screenshot_add_product\")\n>             pytest.fail(f\"❌ 상품 추가 버튼 클릭 실패: {str(e)}\")\nE             Failed: ❌ 상품 추가 버튼 클릭 실패: Message: no such element: Unable to locate element: {\"method\":\"xpath\",\"selector\":\"//a[3]//div[2]//button[1]\"}\nE               (Session info: chrome=135.0.7049.95); For documentation on this error, please visit: https://www.selenium.dev/documentation/webdriver/troubleshooting/errors#no-such-element-exception\nE             Stacktrace:\nE             #0 0x563a1536075a <unknown>\nE             #1 0x563a14e134b0 <unknown>\nE             #2 0x563a14e649b3 <unknown>\nE             #3 0x563a14e64ba1 <unknown>\nE             #4 0x563a14eb31f4 <unknown>\nE             #5 0x563a14e8a5bd <unknown>\nE             #6 0x563a14eb05e0 <unknown>\nE             #7 0x563a14e8a363 <unknown>\nE             #8 0x563a14e56d63 <unknown>\nE             #9 0x563a14e579c1 <unknown>\nE             #10 0x563a15325a6b <unknown>\nE             #11 0x563a15329951 <unknown>\nE             #12 0x563a1530db62 <unknown>\nE             #13 0x563a1532a4c4 <unknown>\nE             #14 0x563a152f213f <unknown>\nE             #15 0x563a1534e6f8 <unknown>\nE             #16 0x563a1534e8d6 <unknown>\nE             #17 0x563a1535f5a6 <unknown>\nE             #18 0x7fbe28e9caa4 <unknown>\nE             #19 0x7fbe28f29c3c <unknown>\n\nsrc/tests/ui_tests/test_ui_add_product.py:32: Failed","flaky":false,"newFailed":false,"newBroken":false,"newPassed":false,"retriesCount":0,"retriesStatusChange":false,"beforeStages":[{"name":"driver","time":{"start":1745884010535,"stop":1745884011132,"duration":597},"status":"passed","steps":[],"attachments":[],"parameters":[],"shouldDisplayMessage":false,"stepsCount":0,"attachmentsCount":0,"hasContent":false,"attachmentStep":false}],"testStage":{"description":"\n       상품을 검색 후 추가하는 테스트\n       - 수량올리기, 수량내리기 기능 구현\n       - 검색 후 상품 선택 후 카트에 추가 구현\n       ","status":"failed","statusMessage":"Failed: ❌ 상품 추가 버튼 클릭 실패: Message: no such element: Unable to locate element: {\"method\":\"xpath\",\"selector\":\"//a[3]//div[2]//button[1]\"}\n  (Session info: chrome=135.0.7049.95); For documentation on this error, please visit: https://www.selenium.dev/documentation/webdriver/troubleshooting/errors#no-such-element-exception\nStacktrace:\n#0 0x563a1536075a <unknown>\n#1 0x563a14e134b0 <unknown>\n#2 0x563a14e649b3 <unknown>\n#3 0x563a14e64ba1 <unknown>\n#4 0x563a14eb31f4 <unknown>\n#5 0x563a14e8a5bd <unknown>\n#6 0x563a14eb05e0 <unknown>\n#7 0x563a14e8a363 <unknown>\n#8 0x563a14e56d63 <unknown>\n#9 0x563a14e579c1 <unknown>\n#10 0x563a15325a6b <unknown>\n#11 0x563a15329951 <unknown>\n#12 0x563a1530db62 <unknown>\n#13 0x563a1532a4c4 <unknown>\n#14 0x563a152f213f <unknown>\n#15 0x563a1534e6f8 <unknown>\n#16 0x563a1534e8d6 <unknown>\n#17 0x563a1535f5a6 <unknown>\n#18 0x7fbe28e9caa4 <unknown>\n#19 0x7fbe28f29c3c <unknown>","statusTrace":"driver = <selenium.webdriver.chrome.webdriver.WebDriver (session=\"568cb207cff39b117c8c41f2bea5e08a\")>\n\n    @allure.feature(\"UI 테스트\")\n    @allure.story(\"상품 추가 테스트\")\n    @allure.title(\"상품 상세 화면의 UI 기능들이 동작 하는지 확인\")\n    def test_add_product(driver):\n        \"\"\"\n           상품을 검색 후 추가하는 테스트\n           - 수량올리기, 수량내리기 기능 구현\n           - 검색 후 상품 선택 후 카트에 추가 구현\n           \"\"\"\n        driver.get(\"https://www.kurly.com/main\")\n        driver.maximize_window()\n    \n        try:\n          search_box = driver.find_element(By.XPATH, \"//input[@placeholder='검색어를 입력해주세요']\")\n          search_box.send_keys(\"과자\")\n          search_box.send_keys(Keys.RETURN)\n          time.sleep(4)\n    \n          try:\n>             add_button = driver.find_element(By.XPATH, \"//a[3]//div[2]//button[1]\")\n\nsrc/tests/ui_tests/test_ui_add_product.py:27: \n_ _ _ _ _ _ _ _ _ _ _ _ _ _ _ _ _ _ _ _ _ _ _ _ _ _ _ _ _ _ _ _ _ _ _ _ _ _ _ _ \nvenv/lib/python3.11/site-packages/selenium/webdriver/remote/webdriver.py:770: in find_element\n    return self.execute(Command.FIND_ELEMENT, {\"using\": by, \"value\": value})[\"value\"]\nvenv/lib/python3.11/site-packages/selenium/webdriver/remote/webdriver.py:384: in execute\n    self.error_handler.check_response(response)\n_ _ _ _ _ _ _ _ _ _ _ _ _ _ _ _ _ _ _ _ _ _ _ _ _ _ _ _ _ _ _ _ _ _ _ _ _ _ _ _ \n\nself = <selenium.webdriver.remote.errorhandler.ErrorHandler object at 0x7fc0eee59950>\nresponse = {'status': 404, 'value': '{\"value\":{\"error\":\"no such element\",\"message\":\"no such element: Unable to locate element: {\\...\\\\n#17 0x563a1535f5a6 \\\\u003Cunknown>\\\\n#18 0x7fbe28e9caa4 \\\\u003Cunknown>\\\\n#19 0x7fbe28f29c3c \\\\u003Cunknown>\\\\n\"}}'}\n\n    def check_response(self, response: Dict[str, Any]) -> None:\n        \"\"\"Checks that a JSON response from the WebDriver does not have an\n        error.\n    \n        :Args:\n         - response - The JSON response from the WebDriver server as a dictionary\n           object.\n    \n        :Raises: If the response contains an error message.\n        \"\"\"\n        status = response.get(\"status\", None)\n        if not status or status == ErrorCode.SUCCESS:\n            return\n        value = None\n        message = response.get(\"message\", \"\")\n        screen: str = response.get(\"screen\", \"\")\n        stacktrace = None\n        if isinstance(status, int):\n            value_json = response.get(\"value\", None)\n            if value_json and isinstance(value_json, str):\n                import json\n    \n                try:\n                    value = json.loads(value_json)\n                    if len(value) == 1:\n                        value = value[\"value\"]\n                    status = value.get(\"error\", None)\n                    if not status:\n                        status = value.get(\"status\", ErrorCode.UNKNOWN_ERROR)\n                        message = value.get(\"value\") or value.get(\"message\")\n                        if not isinstance(message, str):\n                            value = message\n                            message = message.get(\"message\")\n                    else:\n                        message = value.get(\"message\", None)\n                except ValueError:\n                    pass\n    \n        exception_class: Type[WebDriverException]\n        e = ErrorCode()\n        error_codes = [item for item in dir(e) if not item.startswith(\"__\")]\n        for error_code in error_codes:\n            error_info = getattr(ErrorCode, error_code)\n            if isinstance(error_info, list) and status in error_info:\n                exception_class = getattr(ExceptionMapping, error_code, WebDriverException)\n                break\n        else:\n            exception_class = WebDriverException\n    \n        if not value:\n            value = response[\"value\"]\n        if isinstance(value, str):\n            raise exception_class(value)\n        if message == \"\" and \"message\" in value:\n            message = value[\"message\"]\n    \n        screen = None  # type: ignore[assignment]\n        if \"screen\" in value:\n            screen = value[\"screen\"]\n    \n        stacktrace = None\n        st_value = value.get(\"stackTrace\") or value.get(\"stacktrace\")\n        if st_value:\n            if isinstance(st_value, str):\n                stacktrace = st_value.split(\"\\n\")\n            else:\n                stacktrace = []\n                try:\n                    for frame in st_value:\n                        line = frame.get(\"lineNumber\", \"\")\n                        file = frame.get(\"fileName\", \"<anonymous>\")\n                        if line:\n                            file = f\"{file}:{line}\"\n                        meth = frame.get(\"methodName\", \"<anonymous>\")\n                        if \"className\" in frame:\n                            meth = f\"{frame['className']}.{meth}\"\n                        msg = \"    at %s (%s)\"\n                        msg = msg % (meth, file)\n                        stacktrace.append(msg)\n                except TypeError:\n                    pass\n        if exception_class == UnexpectedAlertPresentException:\n            alert_text = None\n            if \"data\" in value:\n                alert_text = value[\"data\"].get(\"text\")\n            elif \"alert\" in value:\n                alert_text = value[\"alert\"].get(\"text\")\n            raise exception_class(message, screen, stacktrace, alert_text)  # type: ignore[call-arg]  # mypy is not smart enough here\n>       raise exception_class(message, screen, stacktrace)\nE       selenium.common.exceptions.NoSuchElementException: Message: no such element: Unable to locate element: {\"method\":\"xpath\",\"selector\":\"//a[3]//div[2]//button[1]\"}\nE         (Session info: chrome=135.0.7049.95); For documentation on this error, please visit: https://www.selenium.dev/documentation/webdriver/troubleshooting/errors#no-such-element-exception\nE       Stacktrace:\nE       #0 0x563a1536075a <unknown>\nE       #1 0x563a14e134b0 <unknown>\nE       #2 0x563a14e649b3 <unknown>\nE       #3 0x563a14e64ba1 <unknown>\nE       #4 0x563a14eb31f4 <unknown>\nE       #5 0x563a14e8a5bd <unknown>\nE       #6 0x563a14eb05e0 <unknown>\nE       #7 0x563a14e8a363 <unknown>\nE       #8 0x563a14e56d63 <unknown>\nE       #9 0x563a14e579c1 <unknown>\nE       #10 0x563a15325a6b <unknown>\nE       #11 0x563a15329951 <unknown>\nE       #12 0x563a1530db62 <unknown>\nE       #13 0x563a1532a4c4 <unknown>\nE       #14 0x563a152f213f <unknown>\nE       #15 0x563a1534e6f8 <unknown>\nE       #16 0x563a1534e8d6 <unknown>\nE       #17 0x563a1535f5a6 <unknown>\nE       #18 0x7fbe28e9caa4 <unknown>\nE       #19 0x7fbe28f29c3c <unknown>\n\nvenv/lib/python3.11/site-packages/selenium/webdriver/remote/errorhandler.py:232: NoSuchElementException\n\nDuring handling of the above exception, another exception occurred:\n\ndriver = <selenium.webdriver.chrome.webdriver.WebDriver (session=\"568cb207cff39b117c8c41f2bea5e08a\")>\n\n    @allure.feature(\"UI 테스트\")\n    @allure.story(\"상품 추가 테스트\")\n    @allure.title(\"상품 상세 화면의 UI 기능들이 동작 하는지 확인\")\n    def test_add_product(driver):\n        \"\"\"\n           상품을 검색 후 추가하는 테스트\n           - 수량올리기, 수량내리기 기능 구현\n           - 검색 후 상품 선택 후 카트에 추가 구현\n           \"\"\"\n        driver.get(\"https://www.kurly.com/main\")\n        driver.maximize_window()\n    \n        try:\n          search_box = driver.find_element(By.XPATH, \"//input[@placeholder='검색어를 입력해주세요']\")\n          search_box.send_keys(\"과자\")\n          search_box.send_keys(Keys.RETURN)\n          time.sleep(4)\n    \n          try:\n              add_button = driver.find_element(By.XPATH, \"//a[3]//div[2]//button[1]\")\n              add_button.click()\n              time.sleep(4)\n          except Exception as e:\n              capture_screenshot(driver,\"상품추가 실패\",\"screenshot_add_product\")\n>             pytest.fail(f\"❌ 상품 추가 버튼 클릭 실패: {str(e)}\")\nE             Failed: ❌ 상품 추가 버튼 클릭 실패: Message: no such element: Unable to locate element: {\"method\":\"xpath\",\"selector\":\"//a[3]//div[2]//button[1]\"}\nE               (Session info: chrome=135.0.7049.95); For documentation on this error, please visit: https://www.selenium.dev/documentation/webdriver/troubleshooting/errors#no-such-element-exception\nE             Stacktrace:\nE             #0 0x563a1536075a <unknown>\nE             #1 0x563a14e134b0 <unknown>\nE             #2 0x563a14e649b3 <unknown>\nE             #3 0x563a14e64ba1 <unknown>\nE             #4 0x563a14eb31f4 <unknown>\nE             #5 0x563a14e8a5bd <unknown>\nE             #6 0x563a14eb05e0 <unknown>\nE             #7 0x563a14e8a363 <unknown>\nE             #8 0x563a14e56d63 <unknown>\nE             #9 0x563a14e579c1 <unknown>\nE             #10 0x563a15325a6b <unknown>\nE             #11 0x563a15329951 <unknown>\nE             #12 0x563a1530db62 <unknown>\nE             #13 0x563a1532a4c4 <unknown>\nE             #14 0x563a152f213f <unknown>\nE             #15 0x563a1534e6f8 <unknown>\nE             #16 0x563a1534e8d6 <unknown>\nE             #17 0x563a1535f5a6 <unknown>\nE             #18 0x7fbe28e9caa4 <unknown>\nE             #19 0x7fbe28f29c3c <unknown>\n\nsrc/tests/ui_tests/test_ui_add_product.py:32: Failed","steps":[],"attachments":[{"uid":"d547c2293795c1c0","name":"Failure Screenshot","source":"d547c2293795c1c0.png","type":"image/png","size":533219},{"uid":"6714a27513846d69","name":"stdout","source":"6714a27513846d69.txt","type":"text/plain","size":96}],"parameters":[],"shouldDisplayMessage":true,"stepsCount":0,"attachmentsCount":2,"hasContent":true,"attachmentStep":false},"afterStages":[{"name":"driver::0","time":{"start":1745884018704,"stop":1745884018768,"duration":64},"status":"passed","steps":[],"attachments":[],"parameters":[],"shouldDisplayMessage":false,"stepsCount":0,"attachmentsCount":0,"hasContent":false,"attachmentStep":false}],"labels":[{"name":"story","value":"상품 추가 테스트"},{"name":"feature","value":"UI 테스트"},{"name":"parentSuite","value":"src.tests.ui_tests"},{"name":"suite","value":"test_ui_add_product"},{"name":"host","value":"fv-az2207-812"},{"name":"thread","value":"2474-MainThread"},{"name":"framework","value":"pytest"},{"name":"language","value":"cpython3"},{"name":"package","value":"src.tests.ui_tests.test_ui_add_product"},{"name":"resultFormat","value":"allure2"}],"parameters":[],"links":[],"hidden":false,"retry":false,"extra":{"severity":"normal","retries":[],"categories":[{"name":"Product defects","matchedStatuses":[],"flaky":false}],"tags":[]},"source":"a691511caec84da6.json","parameterValues":[]}