{"uid":"b0000cfc2c9c0f11","name":"test_login","fullName":"src.tests.ui_tests.test_ui_login#test_login","historyId":"98e8f149c7227721782a965f730ba74a","time":{"start":1741797172516,"stop":1741797184944,"duration":12428},"status":"failed","statusMessage":"Failed: ❌ 로그인 실패 :Message: no such element: Unable to locate element: {\"method\":\"css selector\",\"selector\":\"[id=\"pw\"]\"}\n  (Session info: chrome=134.0.6998.35); For documentation on this error, please visit: https://www.selenium.dev/documentation/webdriver/troubleshooting/errors#no-such-element-exception\nStacktrace:\n#0 0x557a3bcbca1a <unknown>\n#1 0x557a3b774390 <unknown>\n#2 0x557a3b7c5c85 <unknown>\n#3 0x557a3b7c5eb1 <unknown>\n#4 0x557a3b814d64 <unknown>\n#5 0x557a3b7ebbfd <unknown>\n#6 0x557a3b81207b <unknown>\n#7 0x557a3b7eb9a3 <unknown>\n#8 0x557a3b7b760e <unknown>\n#9 0x557a3b7b8dd1 <unknown>\n#10 0x557a3bc82ddb <unknown>\n#11 0x557a3bc86cbc <unknown>\n#12 0x557a3bc6a392 <unknown>\n#13 0x557a3bc87834 <unknown>\n#14 0x557a3bc4e1ef <unknown>\n#15 0x557a3bcab038 <unknown>\n#16 0x557a3bcab216 <unknown>\n#17 0x557a3bcbb896 <unknown>\n#18 0x7f2fdb89caa4 <unknown>\n#19 0x7f2fdb929c3c <unknown>","statusTrace":"driver = <selenium.webdriver.chrome.webdriver.WebDriver (session=\"d5b0d90d3a345bd1fd619fba4c44bdea\")>\n\n    @allure.feature(\"UI 테스트\")\n    @allure.story(\"로그인 테스트\")\n    def test_login(driver):\n        try:\n            # 로그인 버튼 클릭\n            login_button = driver.find_element(By.XPATH, \"//a[contains(text(),'로그인')]\")\n            login_button.click()\n            time.sleep(2)\n    \n            #아이디 패스워드 입력\n            login_username_input = driver.find_element(By.NAME, \"id\")\n>           login_password_input = driver.find_element(By.ID, \"pw\")\n\nsrc/tests/ui_tests/test_ui_login.py:18: \n_ _ _ _ _ _ _ _ _ _ _ _ _ _ _ _ _ _ _ _ _ _ _ _ _ _ _ _ _ _ _ _ _ _ _ _ _ _ _ _ \nvenv/lib/python3.11/site-packages/selenium/webdriver/remote/webdriver.py:770: in find_element\n    return self.execute(Command.FIND_ELEMENT, {\"using\": by, \"value\": value})[\"value\"]\nvenv/lib/python3.11/site-packages/selenium/webdriver/remote/webdriver.py:384: in execute\n    self.error_handler.check_response(response)\n_ _ _ _ _ _ _ _ _ _ _ _ _ _ _ _ _ _ _ _ _ _ _ _ _ _ _ _ _ _ _ _ _ _ _ _ _ _ _ _ \n\nself = <selenium.webdriver.remote.errorhandler.ErrorHandler object at 0x7f4979d84690>\nresponse = {'status': 404, 'value': '{\"value\":{\"error\":\"no such element\",\"message\":\"no such element: Unable to locate element: {\\...\\\\n#17 0x557a3bcbb896 \\\\u003Cunknown>\\\\n#18 0x7f2fdb89caa4 \\\\u003Cunknown>\\\\n#19 0x7f2fdb929c3c \\\\u003Cunknown>\\\\n\"}}'}\n\n    def check_response(self, response: Dict[str, Any]) -> None:\n        \"\"\"Checks that a JSON response from the WebDriver does not have an\n        error.\n    \n        :Args:\n         - response - The JSON response from the WebDriver server as a dictionary\n           object.\n    \n        :Raises: If the response contains an error message.\n        \"\"\"\n        status = response.get(\"status\", None)\n        if not status or status == ErrorCode.SUCCESS:\n            return\n        value = None\n        message = response.get(\"message\", \"\")\n        screen: str = response.get(\"screen\", \"\")\n        stacktrace = None\n        if isinstance(status, int):\n            value_json = response.get(\"value\", None)\n            if value_json and isinstance(value_json, str):\n                import json\n    \n                try:\n                    value = json.loads(value_json)\n                    if len(value) == 1:\n                        value = value[\"value\"]\n                    status = value.get(\"error\", None)\n                    if not status:\n                        status = value.get(\"status\", ErrorCode.UNKNOWN_ERROR)\n                        message = value.get(\"value\") or value.get(\"message\")\n                        if not isinstance(message, str):\n                            value = message\n                            message = message.get(\"message\")\n                    else:\n                        message = value.get(\"message\", None)\n                except ValueError:\n                    pass\n    \n        exception_class: Type[WebDriverException]\n        e = ErrorCode()\n        error_codes = [item for item in dir(e) if not item.startswith(\"__\")]\n        for error_code in error_codes:\n            error_info = getattr(ErrorCode, error_code)\n            if isinstance(error_info, list) and status in error_info:\n                exception_class = getattr(ExceptionMapping, error_code, WebDriverException)\n                break\n        else:\n            exception_class = WebDriverException\n    \n        if not value:\n            value = response[\"value\"]\n        if isinstance(value, str):\n            raise exception_class(value)\n        if message == \"\" and \"message\" in value:\n            message = value[\"message\"]\n    \n        screen = None  # type: ignore[assignment]\n        if \"screen\" in value:\n            screen = value[\"screen\"]\n    \n        stacktrace = None\n        st_value = value.get(\"stackTrace\") or value.get(\"stacktrace\")\n        if st_value:\n            if isinstance(st_value, str):\n                stacktrace = st_value.split(\"\\n\")\n            else:\n                stacktrace = []\n                try:\n                    for frame in st_value:\n                        line = frame.get(\"lineNumber\", \"\")\n                        file = frame.get(\"fileName\", \"<anonymous>\")\n                        if line:\n                            file = f\"{file}:{line}\"\n                        meth = frame.get(\"methodName\", \"<anonymous>\")\n                        if \"className\" in frame:\n                            meth = f\"{frame['className']}.{meth}\"\n                        msg = \"    at %s (%s)\"\n                        msg = msg % (meth, file)\n                        stacktrace.append(msg)\n                except TypeError:\n                    pass\n        if exception_class == UnexpectedAlertPresentException:\n            alert_text = None\n            if \"data\" in value:\n                alert_text = value[\"data\"].get(\"text\")\n            elif \"alert\" in value:\n                alert_text = value[\"alert\"].get(\"text\")\n            raise exception_class(message, screen, stacktrace, alert_text)  # type: ignore[call-arg]  # mypy is not smart enough here\n>       raise exception_class(message, screen, stacktrace)\nE       selenium.common.exceptions.NoSuchElementException: Message: no such element: Unable to locate element: {\"method\":\"css selector\",\"selector\":\"[id=\"pw\"]\"}\nE         (Session info: chrome=134.0.6998.35); For documentation on this error, please visit: https://www.selenium.dev/documentation/webdriver/troubleshooting/errors#no-such-element-exception\nE       Stacktrace:\nE       #0 0x557a3bcbca1a <unknown>\nE       #1 0x557a3b774390 <unknown>\nE       #2 0x557a3b7c5c85 <unknown>\nE       #3 0x557a3b7c5eb1 <unknown>\nE       #4 0x557a3b814d64 <unknown>\nE       #5 0x557a3b7ebbfd <unknown>\nE       #6 0x557a3b81207b <unknown>\nE       #7 0x557a3b7eb9a3 <unknown>\nE       #8 0x557a3b7b760e <unknown>\nE       #9 0x557a3b7b8dd1 <unknown>\nE       #10 0x557a3bc82ddb <unknown>\nE       #11 0x557a3bc86cbc <unknown>\nE       #12 0x557a3bc6a392 <unknown>\nE       #13 0x557a3bc87834 <unknown>\nE       #14 0x557a3bc4e1ef <unknown>\nE       #15 0x557a3bcab038 <unknown>\nE       #16 0x557a3bcab216 <unknown>\nE       #17 0x557a3bcbb896 <unknown>\nE       #18 0x7f2fdb89caa4 <unknown>\nE       #19 0x7f2fdb929c3c <unknown>\n\nvenv/lib/python3.11/site-packages/selenium/webdriver/remote/errorhandler.py:232: NoSuchElementException\n\nDuring handling of the above exception, another exception occurred:\n\ndriver = <selenium.webdriver.chrome.webdriver.WebDriver (session=\"d5b0d90d3a345bd1fd619fba4c44bdea\")>\n\n    @allure.feature(\"UI 테스트\")\n    @allure.story(\"로그인 테스트\")\n    def test_login(driver):\n        try:\n            # 로그인 버튼 클릭\n            login_button = driver.find_element(By.XPATH, \"//a[contains(text(),'로그인')]\")\n            login_button.click()\n            time.sleep(2)\n    \n            #아이디 패스워드 입력\n            login_username_input = driver.find_element(By.NAME, \"id\")\n            login_password_input = driver.find_element(By.ID, \"pw\")\n            login_submit_button = driver.find_element(By.ID,\"log.login\")\n            time.sleep(2)\n    \n            login_username_input.clear()\n            login_password_input.clear()\n    \n            login_username_input.send_keys('boksoon8')\n            login_password_input.send_keys('1232133123')\n            login_submit_button.click()\n            time.sleep(3)\n        except Exception as e:\n            capture_screenshot(driver, \"로그인\", \"screenshots_login\")\n>           pytest.fail(f\"❌ 로그인 실패 :{str(e)}\")\nE           Failed: ❌ 로그인 실패 :Message: no such element: Unable to locate element: {\"method\":\"css selector\",\"selector\":\"[id=\"pw\"]\"}\nE             (Session info: chrome=134.0.6998.35); For documentation on this error, please visit: https://www.selenium.dev/documentation/webdriver/troubleshooting/errors#no-such-element-exception\nE           Stacktrace:\nE           #0 0x557a3bcbca1a <unknown>\nE           #1 0x557a3b774390 <unknown>\nE           #2 0x557a3b7c5c85 <unknown>\nE           #3 0x557a3b7c5eb1 <unknown>\nE           #4 0x557a3b814d64 <unknown>\nE           #5 0x557a3b7ebbfd <unknown>\nE           #6 0x557a3b81207b <unknown>\nE           #7 0x557a3b7eb9a3 <unknown>\nE           #8 0x557a3b7b760e <unknown>\nE           #9 0x557a3b7b8dd1 <unknown>\nE           #10 0x557a3bc82ddb <unknown>\nE           #11 0x557a3bc86cbc <unknown>\nE           #12 0x557a3bc6a392 <unknown>\nE           #13 0x557a3bc87834 <unknown>\nE           #14 0x557a3bc4e1ef <unknown>\nE           #15 0x557a3bcab038 <unknown>\nE           #16 0x557a3bcab216 <unknown>\nE           #17 0x557a3bcbb896 <unknown>\nE           #18 0x7f2fdb89caa4 <unknown>\nE           #19 0x7f2fdb929c3c <unknown>\n\nsrc/tests/ui_tests/test_ui_login.py:31: Failed","flaky":false,"newFailed":false,"newBroken":false,"newPassed":false,"retriesCount":0,"retriesStatusChange":false,"beforeStages":[{"name":"driver","time":{"start":1741797170088,"stop":1741797172515,"duration":2427},"status":"passed","steps":[],"attachments":[],"parameters":[],"shouldDisplayMessage":false,"stepsCount":0,"attachmentsCount":0,"hasContent":false,"attachmentStep":false}],"testStage":{"status":"failed","statusMessage":"Failed: ❌ 로그인 실패 :Message: no such element: Unable to locate element: {\"method\":\"css selector\",\"selector\":\"[id=\"pw\"]\"}\n  (Session info: chrome=134.0.6998.35); For documentation on this error, please visit: https://www.selenium.dev/documentation/webdriver/troubleshooting/errors#no-such-element-exception\nStacktrace:\n#0 0x557a3bcbca1a <unknown>\n#1 0x557a3b774390 <unknown>\n#2 0x557a3b7c5c85 <unknown>\n#3 0x557a3b7c5eb1 <unknown>\n#4 0x557a3b814d64 <unknown>\n#5 0x557a3b7ebbfd <unknown>\n#6 0x557a3b81207b <unknown>\n#7 0x557a3b7eb9a3 <unknown>\n#8 0x557a3b7b760e <unknown>\n#9 0x557a3b7b8dd1 <unknown>\n#10 0x557a3bc82ddb <unknown>\n#11 0x557a3bc86cbc <unknown>\n#12 0x557a3bc6a392 <unknown>\n#13 0x557a3bc87834 <unknown>\n#14 0x557a3bc4e1ef <unknown>\n#15 0x557a3bcab038 <unknown>\n#16 0x557a3bcab216 <unknown>\n#17 0x557a3bcbb896 <unknown>\n#18 0x7f2fdb89caa4 <unknown>\n#19 0x7f2fdb929c3c <unknown>","statusTrace":"driver = <selenium.webdriver.chrome.webdriver.WebDriver (session=\"d5b0d90d3a345bd1fd619fba4c44bdea\")>\n\n    @allure.feature(\"UI 테스트\")\n    @allure.story(\"로그인 테스트\")\n    def test_login(driver):\n        try:\n            # 로그인 버튼 클릭\n            login_button = driver.find_element(By.XPATH, \"//a[contains(text(),'로그인')]\")\n            login_button.click()\n            time.sleep(2)\n    \n            #아이디 패스워드 입력\n            login_username_input = driver.find_element(By.NAME, \"id\")\n>           login_password_input = driver.find_element(By.ID, \"pw\")\n\nsrc/tests/ui_tests/test_ui_login.py:18: \n_ _ _ _ _ _ _ _ _ _ _ _ _ _ _ _ _ _ _ _ _ _ _ _ _ _ _ _ _ _ _ _ _ _ _ _ _ _ _ _ \nvenv/lib/python3.11/site-packages/selenium/webdriver/remote/webdriver.py:770: in find_element\n    return self.execute(Command.FIND_ELEMENT, {\"using\": by, \"value\": value})[\"value\"]\nvenv/lib/python3.11/site-packages/selenium/webdriver/remote/webdriver.py:384: in execute\n    self.error_handler.check_response(response)\n_ _ _ _ _ _ _ _ _ _ _ _ _ _ _ _ _ _ _ _ _ _ _ _ _ _ _ _ _ _ _ _ _ _ _ _ _ _ _ _ \n\nself = <selenium.webdriver.remote.errorhandler.ErrorHandler object at 0x7f4979d84690>\nresponse = {'status': 404, 'value': '{\"value\":{\"error\":\"no such element\",\"message\":\"no such element: Unable to locate element: {\\...\\\\n#17 0x557a3bcbb896 \\\\u003Cunknown>\\\\n#18 0x7f2fdb89caa4 \\\\u003Cunknown>\\\\n#19 0x7f2fdb929c3c \\\\u003Cunknown>\\\\n\"}}'}\n\n    def check_response(self, response: Dict[str, Any]) -> None:\n        \"\"\"Checks that a JSON response from the WebDriver does not have an\n        error.\n    \n        :Args:\n         - response - The JSON response from the WebDriver server as a dictionary\n           object.\n    \n        :Raises: If the response contains an error message.\n        \"\"\"\n        status = response.get(\"status\", None)\n        if not status or status == ErrorCode.SUCCESS:\n            return\n        value = None\n        message = response.get(\"message\", \"\")\n        screen: str = response.get(\"screen\", \"\")\n        stacktrace = None\n        if isinstance(status, int):\n            value_json = response.get(\"value\", None)\n            if value_json and isinstance(value_json, str):\n                import json\n    \n                try:\n                    value = json.loads(value_json)\n                    if len(value) == 1:\n                        value = value[\"value\"]\n                    status = value.get(\"error\", None)\n                    if not status:\n                        status = value.get(\"status\", ErrorCode.UNKNOWN_ERROR)\n                        message = value.get(\"value\") or value.get(\"message\")\n                        if not isinstance(message, str):\n                            value = message\n                            message = message.get(\"message\")\n                    else:\n                        message = value.get(\"message\", None)\n                except ValueError:\n                    pass\n    \n        exception_class: Type[WebDriverException]\n        e = ErrorCode()\n        error_codes = [item for item in dir(e) if not item.startswith(\"__\")]\n        for error_code in error_codes:\n            error_info = getattr(ErrorCode, error_code)\n            if isinstance(error_info, list) and status in error_info:\n                exception_class = getattr(ExceptionMapping, error_code, WebDriverException)\n                break\n        else:\n            exception_class = WebDriverException\n    \n        if not value:\n            value = response[\"value\"]\n        if isinstance(value, str):\n            raise exception_class(value)\n        if message == \"\" and \"message\" in value:\n            message = value[\"message\"]\n    \n        screen = None  # type: ignore[assignment]\n        if \"screen\" in value:\n            screen = value[\"screen\"]\n    \n        stacktrace = None\n        st_value = value.get(\"stackTrace\") or value.get(\"stacktrace\")\n        if st_value:\n            if isinstance(st_value, str):\n                stacktrace = st_value.split(\"\\n\")\n            else:\n                stacktrace = []\n                try:\n                    for frame in st_value:\n                        line = frame.get(\"lineNumber\", \"\")\n                        file = frame.get(\"fileName\", \"<anonymous>\")\n                        if line:\n                            file = f\"{file}:{line}\"\n                        meth = frame.get(\"methodName\", \"<anonymous>\")\n                        if \"className\" in frame:\n                            meth = f\"{frame['className']}.{meth}\"\n                        msg = \"    at %s (%s)\"\n                        msg = msg % (meth, file)\n                        stacktrace.append(msg)\n                except TypeError:\n                    pass\n        if exception_class == UnexpectedAlertPresentException:\n            alert_text = None\n            if \"data\" in value:\n                alert_text = value[\"data\"].get(\"text\")\n            elif \"alert\" in value:\n                alert_text = value[\"alert\"].get(\"text\")\n            raise exception_class(message, screen, stacktrace, alert_text)  # type: ignore[call-arg]  # mypy is not smart enough here\n>       raise exception_class(message, screen, stacktrace)\nE       selenium.common.exceptions.NoSuchElementException: Message: no such element: Unable to locate element: {\"method\":\"css selector\",\"selector\":\"[id=\"pw\"]\"}\nE         (Session info: chrome=134.0.6998.35); For documentation on this error, please visit: https://www.selenium.dev/documentation/webdriver/troubleshooting/errors#no-such-element-exception\nE       Stacktrace:\nE       #0 0x557a3bcbca1a <unknown>\nE       #1 0x557a3b774390 <unknown>\nE       #2 0x557a3b7c5c85 <unknown>\nE       #3 0x557a3b7c5eb1 <unknown>\nE       #4 0x557a3b814d64 <unknown>\nE       #5 0x557a3b7ebbfd <unknown>\nE       #6 0x557a3b81207b <unknown>\nE       #7 0x557a3b7eb9a3 <unknown>\nE       #8 0x557a3b7b760e <unknown>\nE       #9 0x557a3b7b8dd1 <unknown>\nE       #10 0x557a3bc82ddb <unknown>\nE       #11 0x557a3bc86cbc <unknown>\nE       #12 0x557a3bc6a392 <unknown>\nE       #13 0x557a3bc87834 <unknown>\nE       #14 0x557a3bc4e1ef <unknown>\nE       #15 0x557a3bcab038 <unknown>\nE       #16 0x557a3bcab216 <unknown>\nE       #17 0x557a3bcbb896 <unknown>\nE       #18 0x7f2fdb89caa4 <unknown>\nE       #19 0x7f2fdb929c3c <unknown>\n\nvenv/lib/python3.11/site-packages/selenium/webdriver/remote/errorhandler.py:232: NoSuchElementException\n\nDuring handling of the above exception, another exception occurred:\n\ndriver = <selenium.webdriver.chrome.webdriver.WebDriver (session=\"d5b0d90d3a345bd1fd619fba4c44bdea\")>\n\n    @allure.feature(\"UI 테스트\")\n    @allure.story(\"로그인 테스트\")\n    def test_login(driver):\n        try:\n            # 로그인 버튼 클릭\n            login_button = driver.find_element(By.XPATH, \"//a[contains(text(),'로그인')]\")\n            login_button.click()\n            time.sleep(2)\n    \n            #아이디 패스워드 입력\n            login_username_input = driver.find_element(By.NAME, \"id\")\n            login_password_input = driver.find_element(By.ID, \"pw\")\n            login_submit_button = driver.find_element(By.ID,\"log.login\")\n            time.sleep(2)\n    \n            login_username_input.clear()\n            login_password_input.clear()\n    \n            login_username_input.send_keys('boksoon8')\n            login_password_input.send_keys('1232133123')\n            login_submit_button.click()\n            time.sleep(3)\n        except Exception as e:\n            capture_screenshot(driver, \"로그인\", \"screenshots_login\")\n>           pytest.fail(f\"❌ 로그인 실패 :{str(e)}\")\nE           Failed: ❌ 로그인 실패 :Message: no such element: Unable to locate element: {\"method\":\"css selector\",\"selector\":\"[id=\"pw\"]\"}\nE             (Session info: chrome=134.0.6998.35); For documentation on this error, please visit: https://www.selenium.dev/documentation/webdriver/troubleshooting/errors#no-such-element-exception\nE           Stacktrace:\nE           #0 0x557a3bcbca1a <unknown>\nE           #1 0x557a3b774390 <unknown>\nE           #2 0x557a3b7c5c85 <unknown>\nE           #3 0x557a3b7c5eb1 <unknown>\nE           #4 0x557a3b814d64 <unknown>\nE           #5 0x557a3b7ebbfd <unknown>\nE           #6 0x557a3b81207b <unknown>\nE           #7 0x557a3b7eb9a3 <unknown>\nE           #8 0x557a3b7b760e <unknown>\nE           #9 0x557a3b7b8dd1 <unknown>\nE           #10 0x557a3bc82ddb <unknown>\nE           #11 0x557a3bc86cbc <unknown>\nE           #12 0x557a3bc6a392 <unknown>\nE           #13 0x557a3bc87834 <unknown>\nE           #14 0x557a3bc4e1ef <unknown>\nE           #15 0x557a3bcab038 <unknown>\nE           #16 0x557a3bcab216 <unknown>\nE           #17 0x557a3bcbb896 <unknown>\nE           #18 0x7f2fdb89caa4 <unknown>\nE           #19 0x7f2fdb929c3c <unknown>\n\nsrc/tests/ui_tests/test_ui_login.py:31: Failed","steps":[],"attachments":[{"uid":"c51b6e9b11198d72","name":"Failure Screenshot","source":"c51b6e9b11198d72.png","type":"image/png","size":109846},{"uid":"371f9668f279d6c2","name":"stdout","source":"371f9668f279d6c2.txt","type":"text/plain","size":81}],"parameters":[],"shouldDisplayMessage":true,"stepsCount":0,"attachmentsCount":2,"hasContent":true,"attachmentStep":false},"afterStages":[{"name":"driver::0","time":{"start":1741797185045,"stop":1741797185115,"duration":70},"status":"passed","steps":[],"attachments":[],"parameters":[],"shouldDisplayMessage":false,"stepsCount":0,"attachmentsCount":0,"hasContent":false,"attachmentStep":false}],"labels":[{"name":"feature","value":"UI 테스트"},{"name":"story","value":"로그인 테스트"},{"name":"parentSuite","value":"src.tests.ui_tests"},{"name":"suite","value":"test_ui_login"},{"name":"host","value":"fv-az1693-88"},{"name":"thread","value":"2467-MainThread"},{"name":"framework","value":"pytest"},{"name":"language","value":"cpython3"},{"name":"package","value":"src.tests.ui_tests.test_ui_login"},{"name":"resultFormat","value":"allure2"}],"parameters":[],"links":[],"hidden":false,"retry":false,"extra":{"severity":"normal","retries":[],"categories":[{"name":"Product defects","matchedStatuses":[],"flaky":false}],"tags":[]},"source":"b0000cfc2c9c0f11.json","parameterValues":[]}