{"uid":"b596c5e21808e8ea","name":"FAILED 기능 동작 하는지 확인","fullName":"src.tests.ui_tests.test_fail_screenshot#test_fail_screenshot","historyId":"295b0300b44e64aac7e9de8f2dd396ad","time":{"start":1745925973900,"stop":1745925976579,"duration":2679},"description":"\n    일부러 실패하게 만드는 테스트\n    - 올바르지 않은 요소 선택\n    - 검색창이 없는 요소를 클릭 시도하여 실패 유발\n    ","descriptionHtml":"<pre><code>일부러 실패하게 만드는 테스트\n- 올바르지 않은 요소 선택\n- 검색창이 없는 요소를 클릭 시도하여 실패 유발\n</code></pre>\n","status":"failed","statusMessage":"Failed: \uD83D\uDCCC 예상된 실패: 잘못된 XPATH로 인해 클릭할 수 없음","statusTrace":"src/tests/ui_tests/test_fail_screenshot.py:17: in test_fail_screenshot\n    driver.find_element(By.XPATH, \"//input[@id='wrong_search_id']\").click()\nvenv/lib/python3.11/site-packages/selenium/webdriver/remote/webdriver.py:770: in find_element\n    return self.execute(Command.FIND_ELEMENT, {\"using\": by, \"value\": value})[\"value\"]\nvenv/lib/python3.11/site-packages/selenium/webdriver/remote/webdriver.py:384: in execute\n    self.error_handler.check_response(response)\nvenv/lib/python3.11/site-packages/selenium/webdriver/remote/errorhandler.py:232: in check_response\n    raise exception_class(message, screen, stacktrace)\nE   selenium.common.exceptions.NoSuchElementException: Message: no such element: Unable to locate element: {\"method\":\"xpath\",\"selector\":\"//input[@id='wrong_search_id']\"}\nE     (Session info: chrome=135.0.7049.95); For documentation on this error, please visit: https://www.selenium.dev/documentation/webdriver/troubleshooting/errors#no-such-element-exception\nE   Stacktrace:\nE   #0 0x561b28d3375a <unknown>\nE   #1 0x561b287e64b0 <unknown>\nE   #2 0x561b288379b3 <unknown>\nE   #3 0x561b28837ba1 <unknown>\nE   #4 0x561b288861f4 <unknown>\nE   #5 0x561b2885d5bd <unknown>\nE   #6 0x561b288835e0 <unknown>\nE   #7 0x561b2885d363 <unknown>\nE   #8 0x561b28829d63 <unknown>\nE   #9 0x561b2882a9c1 <unknown>\nE   #10 0x561b28cf8a6b <unknown>\nE   #11 0x561b28cfc951 <unknown>\nE   #12 0x561b28ce0b62 <unknown>\nE   #13 0x561b28cfd4c4 <unknown>\nE   #14 0x561b28cc513f <unknown>\nE   #15 0x561b28d216f8 <unknown>\nE   #16 0x561b28d218d6 <unknown>\nE   #17 0x561b28d325a6 <unknown>\nE   #18 0x7f269a29caa4 <unknown>\nE   #19 0x7f269a329c3c <unknown>\n\nDuring handling of the above exception, another exception occurred:\nsrc/tests/ui_tests/test_fail_screenshot.py:20: in test_fail_screenshot\n    pytest.fail(\"\uD83D\uDCCC 예상된 실패: 잘못된 XPATH로 인해 클릭할 수 없음\")\nE   Failed: \uD83D\uDCCC 예상된 실패: 잘못된 XPATH로 인해 클릭할 수 없음","flaky":false,"newFailed":false,"newBroken":false,"newPassed":false,"retriesCount":0,"retriesStatusChange":false,"beforeStages":[{"name":"driver","time":{"start":1745925972577,"stop":1745925973900,"duration":1323},"status":"passed","steps":[],"attachments":[],"parameters":[],"shouldDisplayMessage":false,"stepsCount":0,"attachmentsCount":0,"hasContent":false,"attachmentStep":false}],"testStage":{"description":"\n    일부러 실패하게 만드는 테스트\n    - 올바르지 않은 요소 선택\n    - 검색창이 없는 요소를 클릭 시도하여 실패 유발\n    ","status":"failed","statusMessage":"Failed: \uD83D\uDCCC 예상된 실패: 잘못된 XPATH로 인해 클릭할 수 없음","statusTrace":"src/tests/ui_tests/test_fail_screenshot.py:17: in test_fail_screenshot\n    driver.find_element(By.XPATH, \"//input[@id='wrong_search_id']\").click()\nvenv/lib/python3.11/site-packages/selenium/webdriver/remote/webdriver.py:770: in find_element\n    return self.execute(Command.FIND_ELEMENT, {\"using\": by, \"value\": value})[\"value\"]\nvenv/lib/python3.11/site-packages/selenium/webdriver/remote/webdriver.py:384: in execute\n    self.error_handler.check_response(response)\nvenv/lib/python3.11/site-packages/selenium/webdriver/remote/errorhandler.py:232: in check_response\n    raise exception_class(message, screen, stacktrace)\nE   selenium.common.exceptions.NoSuchElementException: Message: no such element: Unable to locate element: {\"method\":\"xpath\",\"selector\":\"//input[@id='wrong_search_id']\"}\nE     (Session info: chrome=135.0.7049.95); For documentation on this error, please visit: https://www.selenium.dev/documentation/webdriver/troubleshooting/errors#no-such-element-exception\nE   Stacktrace:\nE   #0 0x561b28d3375a <unknown>\nE   #1 0x561b287e64b0 <unknown>\nE   #2 0x561b288379b3 <unknown>\nE   #3 0x561b28837ba1 <unknown>\nE   #4 0x561b288861f4 <unknown>\nE   #5 0x561b2885d5bd <unknown>\nE   #6 0x561b288835e0 <unknown>\nE   #7 0x561b2885d363 <unknown>\nE   #8 0x561b28829d63 <unknown>\nE   #9 0x561b2882a9c1 <unknown>\nE   #10 0x561b28cf8a6b <unknown>\nE   #11 0x561b28cfc951 <unknown>\nE   #12 0x561b28ce0b62 <unknown>\nE   #13 0x561b28cfd4c4 <unknown>\nE   #14 0x561b28cc513f <unknown>\nE   #15 0x561b28d216f8 <unknown>\nE   #16 0x561b28d218d6 <unknown>\nE   #17 0x561b28d325a6 <unknown>\nE   #18 0x7f269a29caa4 <unknown>\nE   #19 0x7f269a329c3c <unknown>\n\nDuring handling of the above exception, another exception occurred:\nsrc/tests/ui_tests/test_fail_screenshot.py:20: in test_fail_screenshot\n    pytest.fail(\"\uD83D\uDCCC 예상된 실패: 잘못된 XPATH로 인해 클릭할 수 없음\")\nE   Failed: \uD83D\uDCCC 예상된 실패: 잘못된 XPATH로 인해 클릭할 수 없음","steps":[],"attachments":[{"uid":"f24440f18a2ba489","name":"Failure Screenshot","source":"f24440f18a2ba489.png","type":"image/png","size":53007}],"parameters":[],"shouldDisplayMessage":true,"stepsCount":0,"attachmentsCount":1,"hasContent":true,"attachmentStep":false},"afterStages":[{"name":"driver::0","time":{"start":1745925976769,"stop":1745925976830,"duration":61},"status":"passed","steps":[],"attachments":[],"parameters":[],"shouldDisplayMessage":false,"stepsCount":0,"attachmentsCount":0,"hasContent":false,"attachmentStep":false}],"labels":[{"name":"feature","value":"UI 테스트"},{"name":"story","value":"검색창 FAILED 테스트"},{"name":"parentSuite","value":"src.tests.ui_tests"},{"name":"suite","value":"test_fail_screenshot"},{"name":"host","value":"fv-az1971-638"},{"name":"thread","value":"2531-MainThread"},{"name":"framework","value":"pytest"},{"name":"language","value":"cpython3"},{"name":"package","value":"src.tests.ui_tests.test_fail_screenshot"},{"name":"resultFormat","value":"allure2"}],"parameters":[],"links":[],"hidden":false,"retry":false,"extra":{"severity":"normal","retries":[],"categories":[{"name":"Product defects","matchedStatuses":[],"flaky":false}],"tags":[]},"source":"b596c5e21808e8ea.json","parameterValues":[]}