{"uid":"befd047cc18ce549","name":"FAILED 기능 동작 하는지 확인","fullName":"src.tests.ui_tests.test_fail_screenshot#test_fail_screenshot","historyId":"295b0300b44e64aac7e9de8f2dd396ad","time":{"start":1745158657955,"stop":1745158660518,"duration":2563},"description":"\n    일부러 실패하게 만드는 테스트\n    - 올바르지 않은 요소 선택\n    - 검색창이 없는 요소를 클릭 시도하여 실패 유발\n    ","descriptionHtml":"<pre><code>일부러 실패하게 만드는 테스트\n- 올바르지 않은 요소 선택\n- 검색창이 없는 요소를 클릭 시도하여 실패 유발\n</code></pre>\n","status":"failed","statusMessage":"Failed: \uD83D\uDCCC 예상된 실패: 잘못된 XPATH로 인해 클릭할 수 없음","statusTrace":"driver = <selenium.webdriver.chrome.webdriver.WebDriver (session=\"947a92b8ac99697cc95a0657957b7e0a\")>\n\n    @allure.feature(\"UI 테스트\")\n    @allure.story(\"검색창 FAILED 테스트\")\n    @allure.title(\"FAILED 기능 동작 하는지 확인\")\n    def test_fail_screenshot(driver):\n        \"\"\"\n        일부러 실패하게 만드는 테스트\n        - 올바르지 않은 요소 선택\n        - 검색창이 없는 요소를 클릭 시도하여 실패 유발\n        \"\"\"\n        driver.get(\"https://www.kurly.com/main\")\n    \n        try:\n>           driver.find_element(By.XPATH, \"//input[@id='wrong_search_id']\").click()\n\nsrc\\tests\\ui_tests\\test_fail_screenshot.py:17: \n_ _ _ _ _ _ _ _ _ _ _ _ _ _ _ _ _ _ _ _ _ _ _ _ _ _ _ _ _ _ _ _ _ _ _ _ _ _ _ _ _ _ _ _ _ _ _ _ _ _ _ _ _ _ _ _ _ _ _ _ _ _ _ _ _ _ _ _ _ _ _ _ _ _ _ _ _ _ _ _ _ _ _ _ _ _ _ _ _ _ _ _ _ _ _ _ _ _ _ _ _ _ _ _ _ _ _ _ _ _ _ _ _ \n..\\..\\..\\PycharmProjects\\pythonProject\\venv\\Lib\\site-packages\\selenium\\webdriver\\remote\\webdriver.py:770: in find_element\n    return self.execute(Command.FIND_ELEMENT, {\"using\": by, \"value\": value})[\"value\"]\n..\\..\\..\\PycharmProjects\\pythonProject\\venv\\Lib\\site-packages\\selenium\\webdriver\\remote\\webdriver.py:384: in execute\n    self.error_handler.check_response(response)\n_ _ _ _ _ _ _ _ _ _ _ _ _ _ _ _ _ _ _ _ _ _ _ _ _ _ _ _ _ _ _ _ _ _ _ _ _ _ _ _ _ _ _ _ _ _ _ _ _ _ _ _ _ _ _ _ _ _ _ _ _ _ _ _ _ _ _ _ _ _ _ _ _ _ _ _ _ _ _ _ _ _ _ _ _ _ _ _ _ _ _ _ _ _ _ _ _ _ _ _ _ _ _ _ _ _ _ _ _ _ _ _ _ \n\nself = <selenium.webdriver.remote.errorhandler.ErrorHandler object at 0x000002468521D710>\nresponse = {'status': 404, 'value': '{\"value\":{\"error\":\"no such element\",\"message\":\"no such element: Unable to locate element: {\\...dInitThunk [0x763B7BA9+25]\\\\n\\\\tRtlInitializeExceptionChain [0x771EC0CB+107]\\\\n\\\\tRtlClearBits [0x771EC04F+191]\\\\n\"}}'}\n\n    def check_response(self, response: Dict[str, Any]) -> None:\n        \"\"\"Checks that a JSON response from the WebDriver does not have an\n        error.\n    \n        :Args:\n         - response - The JSON response from the WebDriver server as a dictionary\n           object.\n    \n        :Raises: If the response contains an error message.\n        \"\"\"\n        status = response.get(\"status\", None)\n        if not status or status == ErrorCode.SUCCESS:\n            return\n        value = None\n        message = response.get(\"message\", \"\")\n        screen: str = response.get(\"screen\", \"\")\n        stacktrace = None\n        if isinstance(status, int):\n            value_json = response.get(\"value\", None)\n            if value_json and isinstance(value_json, str):\n                import json\n    \n                try:\n                    value = json.loads(value_json)\n                    if len(value) == 1:\n                        value = value[\"value\"]\n                    status = value.get(\"error\", None)\n                    if not status:\n                        status = value.get(\"status\", ErrorCode.UNKNOWN_ERROR)\n                        message = value.get(\"value\") or value.get(\"message\")\n                        if not isinstance(message, str):\n                            value = message\n                            message = message.get(\"message\")\n                    else:\n                        message = value.get(\"message\", None)\n                except ValueError:\n                    pass\n    \n        exception_class: Type[WebDriverException]\n        e = ErrorCode()\n        error_codes = [item for item in dir(e) if not item.startswith(\"__\")]\n        for error_code in error_codes:\n            error_info = getattr(ErrorCode, error_code)\n            if isinstance(error_info, list) and status in error_info:\n                exception_class = getattr(ExceptionMapping, error_code, WebDriverException)\n                break\n        else:\n            exception_class = WebDriverException\n    \n        if not value:\n            value = response[\"value\"]\n        if isinstance(value, str):\n            raise exception_class(value)\n        if message == \"\" and \"message\" in value:\n            message = value[\"message\"]\n    \n        screen = None  # type: ignore[assignment]\n        if \"screen\" in value:\n            screen = value[\"screen\"]\n    \n        stacktrace = None\n        st_value = value.get(\"stackTrace\") or value.get(\"stacktrace\")\n        if st_value:\n            if isinstance(st_value, str):\n                stacktrace = st_value.split(\"\\n\")\n            else:\n                stacktrace = []\n                try:\n                    for frame in st_value:\n                        line = frame.get(\"lineNumber\", \"\")\n                        file = frame.get(\"fileName\", \"<anonymous>\")\n                        if line:\n                            file = f\"{file}:{line}\"\n                        meth = frame.get(\"methodName\", \"<anonymous>\")\n                        if \"className\" in frame:\n                            meth = f\"{frame['className']}.{meth}\"\n                        msg = \"    at %s (%s)\"\n                        msg = msg % (meth, file)\n                        stacktrace.append(msg)\n                except TypeError:\n                    pass\n        if exception_class == UnexpectedAlertPresentException:\n            alert_text = None\n            if \"data\" in value:\n                alert_text = value[\"data\"].get(\"text\")\n            elif \"alert\" in value:\n                alert_text = value[\"alert\"].get(\"text\")\n            raise exception_class(message, screen, stacktrace, alert_text)  # type: ignore[call-arg]  # mypy is not smart enough here\n>       raise exception_class(message, screen, stacktrace)\nE       selenium.common.exceptions.NoSuchElementException: Message: no such element: Unable to locate element: {\"method\":\"xpath\",\"selector\":\"//input[@id='wrong_search_id']\"}\nE         (Session info: chrome=135.0.7049.96); For documentation on this error, please visit: https://www.selenium.dev/documentation/webdriver/troubleshooting/errors#no-such-element-exception\nE       Stacktrace:\nE       \tGetHandleVerifier [0x005D8073+60707]\nE       \tGetHandleVerifier [0x005D80B4+60772]\nE       \t(No symbol) [0x00400683]\nE       \t(No symbol) [0x00448660]\nE       \t(No symbol) [0x004489FB]\nE       \t(No symbol) [0x00491022]\nE       \t(No symbol) [0x0046D094]\nE       \t(No symbol) [0x0048E824]\nE       \t(No symbol) [0x0046CE46]\nE       \t(No symbol) [0x0043C5D3]\nE       \t(No symbol) [0x0043D424]\nE       \tGetHandleVerifier [0x0081BB53+2435075]\nE       \tGetHandleVerifier [0x008170F3+2416035]\nE       \tGetHandleVerifier [0x0083349C+2531660]\nE       \tGetHandleVerifier [0x005EF145+155125]\nE       \tGetHandleVerifier [0x005F5AED+182173]\nE       \tGetHandleVerifier [0x005DF948+91640]\nE       \tGetHandleVerifier [0x005DFAF0+92064]\nE       \tGetHandleVerifier [0x005CA5B0+4704]\nE       \tBaseThreadInitThunk [0x763B7BA9+25]\nE       \tRtlInitializeExceptionChain [0x771EC0CB+107]\nE       \tRtlClearBits [0x771EC04F+191]\n\n..\\..\\..\\PycharmProjects\\pythonProject\\venv\\Lib\\site-packages\\selenium\\webdriver\\remote\\errorhandler.py:232: NoSuchElementException\n\nDuring handling of the above exception, another exception occurred:\n\ndriver = <selenium.webdriver.chrome.webdriver.WebDriver (session=\"947a92b8ac99697cc95a0657957b7e0a\")>\n\n    @allure.feature(\"UI 테스트\")\n    @allure.story(\"검색창 FAILED 테스트\")\n    @allure.title(\"FAILED 기능 동작 하는지 확인\")\n    def test_fail_screenshot(driver):\n        \"\"\"\n        일부러 실패하게 만드는 테스트\n        - 올바르지 않은 요소 선택\n        - 검색창이 없는 요소를 클릭 시도하여 실패 유발\n        \"\"\"\n        driver.get(\"https://www.kurly.com/main\")\n    \n        try:\n            driver.find_element(By.XPATH, \"//input[@id='wrong_search_id']\").click()\n        except Exception:\n>           pytest.fail(\"\uD83D\uDCCC 예상된 실패: 잘못된 XPATH로 인해 클릭할 수 없음\")\nE           Failed: \uD83D\uDCCC 예상된 실패: 잘못된 XPATH로 인해 클릭할 수 없음\n\nsrc\\tests\\ui_tests\\test_fail_screenshot.py:19: Failed","flaky":false,"newFailed":false,"newBroken":false,"newPassed":false,"retriesCount":1,"retriesStatusChange":false,"beforeStages":[{"name":"driver","time":{"start":1745158655604,"stop":1745158657954,"duration":2350},"status":"passed","steps":[],"attachments":[],"parameters":[],"attachmentsCount":0,"shouldDisplayMessage":false,"stepsCount":0,"attachmentStep":false,"hasContent":false}],"testStage":{"description":"\n    일부러 실패하게 만드는 테스트\n    - 올바르지 않은 요소 선택\n    - 검색창이 없는 요소를 클릭 시도하여 실패 유발\n    ","status":"failed","statusMessage":"Failed: \uD83D\uDCCC 예상된 실패: 잘못된 XPATH로 인해 클릭할 수 없음","statusTrace":"driver = <selenium.webdriver.chrome.webdriver.WebDriver (session=\"947a92b8ac99697cc95a0657957b7e0a\")>\n\n    @allure.feature(\"UI 테스트\")\n    @allure.story(\"검색창 FAILED 테스트\")\n    @allure.title(\"FAILED 기능 동작 하는지 확인\")\n    def test_fail_screenshot(driver):\n        \"\"\"\n        일부러 실패하게 만드는 테스트\n        - 올바르지 않은 요소 선택\n        - 검색창이 없는 요소를 클릭 시도하여 실패 유발\n        \"\"\"\n        driver.get(\"https://www.kurly.com/main\")\n    \n        try:\n>           driver.find_element(By.XPATH, \"//input[@id='wrong_search_id']\").click()\n\nsrc\\tests\\ui_tests\\test_fail_screenshot.py:17: \n_ _ _ _ _ _ _ _ _ _ _ _ _ _ _ _ _ _ _ _ _ _ _ _ _ _ _ _ _ _ _ _ _ _ _ _ _ _ _ _ _ _ _ _ _ _ _ _ _ _ _ _ _ _ _ _ _ _ _ _ _ _ _ _ _ _ _ _ _ _ _ _ _ _ _ _ _ _ _ _ _ _ _ _ _ _ _ _ _ _ _ _ _ _ _ _ _ _ _ _ _ _ _ _ _ _ _ _ _ _ _ _ _ \n..\\..\\..\\PycharmProjects\\pythonProject\\venv\\Lib\\site-packages\\selenium\\webdriver\\remote\\webdriver.py:770: in find_element\n    return self.execute(Command.FIND_ELEMENT, {\"using\": by, \"value\": value})[\"value\"]\n..\\..\\..\\PycharmProjects\\pythonProject\\venv\\Lib\\site-packages\\selenium\\webdriver\\remote\\webdriver.py:384: in execute\n    self.error_handler.check_response(response)\n_ _ _ _ _ _ _ _ _ _ _ _ _ _ _ _ _ _ _ _ _ _ _ _ _ _ _ _ _ _ _ _ _ _ _ _ _ _ _ _ _ _ _ _ _ _ _ _ _ _ _ _ _ _ _ _ _ _ _ _ _ _ _ _ _ _ _ _ _ _ _ _ _ _ _ _ _ _ _ _ _ _ _ _ _ _ _ _ _ _ _ _ _ _ _ _ _ _ _ _ _ _ _ _ _ _ _ _ _ _ _ _ _ \n\nself = <selenium.webdriver.remote.errorhandler.ErrorHandler object at 0x000002468521D710>\nresponse = {'status': 404, 'value': '{\"value\":{\"error\":\"no such element\",\"message\":\"no such element: Unable to locate element: {\\...dInitThunk [0x763B7BA9+25]\\\\n\\\\tRtlInitializeExceptionChain [0x771EC0CB+107]\\\\n\\\\tRtlClearBits [0x771EC04F+191]\\\\n\"}}'}\n\n    def check_response(self, response: Dict[str, Any]) -> None:\n        \"\"\"Checks that a JSON response from the WebDriver does not have an\n        error.\n    \n        :Args:\n         - response - The JSON response from the WebDriver server as a dictionary\n           object.\n    \n        :Raises: If the response contains an error message.\n        \"\"\"\n        status = response.get(\"status\", None)\n        if not status or status == ErrorCode.SUCCESS:\n            return\n        value = None\n        message = response.get(\"message\", \"\")\n        screen: str = response.get(\"screen\", \"\")\n        stacktrace = None\n        if isinstance(status, int):\n            value_json = response.get(\"value\", None)\n            if value_json and isinstance(value_json, str):\n                import json\n    \n                try:\n                    value = json.loads(value_json)\n                    if len(value) == 1:\n                        value = value[\"value\"]\n                    status = value.get(\"error\", None)\n                    if not status:\n                        status = value.get(\"status\", ErrorCode.UNKNOWN_ERROR)\n                        message = value.get(\"value\") or value.get(\"message\")\n                        if not isinstance(message, str):\n                            value = message\n                            message = message.get(\"message\")\n                    else:\n                        message = value.get(\"message\", None)\n                except ValueError:\n                    pass\n    \n        exception_class: Type[WebDriverException]\n        e = ErrorCode()\n        error_codes = [item for item in dir(e) if not item.startswith(\"__\")]\n        for error_code in error_codes:\n            error_info = getattr(ErrorCode, error_code)\n            if isinstance(error_info, list) and status in error_info:\n                exception_class = getattr(ExceptionMapping, error_code, WebDriverException)\n                break\n        else:\n            exception_class = WebDriverException\n    \n        if not value:\n            value = response[\"value\"]\n        if isinstance(value, str):\n            raise exception_class(value)\n        if message == \"\" and \"message\" in value:\n            message = value[\"message\"]\n    \n        screen = None  # type: ignore[assignment]\n        if \"screen\" in value:\n            screen = value[\"screen\"]\n    \n        stacktrace = None\n        st_value = value.get(\"stackTrace\") or value.get(\"stacktrace\")\n        if st_value:\n            if isinstance(st_value, str):\n                stacktrace = st_value.split(\"\\n\")\n            else:\n                stacktrace = []\n                try:\n                    for frame in st_value:\n                        line = frame.get(\"lineNumber\", \"\")\n                        file = frame.get(\"fileName\", \"<anonymous>\")\n                        if line:\n                            file = f\"{file}:{line}\"\n                        meth = frame.get(\"methodName\", \"<anonymous>\")\n                        if \"className\" in frame:\n                            meth = f\"{frame['className']}.{meth}\"\n                        msg = \"    at %s (%s)\"\n                        msg = msg % (meth, file)\n                        stacktrace.append(msg)\n                except TypeError:\n                    pass\n        if exception_class == UnexpectedAlertPresentException:\n            alert_text = None\n            if \"data\" in value:\n                alert_text = value[\"data\"].get(\"text\")\n            elif \"alert\" in value:\n                alert_text = value[\"alert\"].get(\"text\")\n            raise exception_class(message, screen, stacktrace, alert_text)  # type: ignore[call-arg]  # mypy is not smart enough here\n>       raise exception_class(message, screen, stacktrace)\nE       selenium.common.exceptions.NoSuchElementException: Message: no such element: Unable to locate element: {\"method\":\"xpath\",\"selector\":\"//input[@id='wrong_search_id']\"}\nE         (Session info: chrome=135.0.7049.96); For documentation on this error, please visit: https://www.selenium.dev/documentation/webdriver/troubleshooting/errors#no-such-element-exception\nE       Stacktrace:\nE       \tGetHandleVerifier [0x005D8073+60707]\nE       \tGetHandleVerifier [0x005D80B4+60772]\nE       \t(No symbol) [0x00400683]\nE       \t(No symbol) [0x00448660]\nE       \t(No symbol) [0x004489FB]\nE       \t(No symbol) [0x00491022]\nE       \t(No symbol) [0x0046D094]\nE       \t(No symbol) [0x0048E824]\nE       \t(No symbol) [0x0046CE46]\nE       \t(No symbol) [0x0043C5D3]\nE       \t(No symbol) [0x0043D424]\nE       \tGetHandleVerifier [0x0081BB53+2435075]\nE       \tGetHandleVerifier [0x008170F3+2416035]\nE       \tGetHandleVerifier [0x0083349C+2531660]\nE       \tGetHandleVerifier [0x005EF145+155125]\nE       \tGetHandleVerifier [0x005F5AED+182173]\nE       \tGetHandleVerifier [0x005DF948+91640]\nE       \tGetHandleVerifier [0x005DFAF0+92064]\nE       \tGetHandleVerifier [0x005CA5B0+4704]\nE       \tBaseThreadInitThunk [0x763B7BA9+25]\nE       \tRtlInitializeExceptionChain [0x771EC0CB+107]\nE       \tRtlClearBits [0x771EC04F+191]\n\n..\\..\\..\\PycharmProjects\\pythonProject\\venv\\Lib\\site-packages\\selenium\\webdriver\\remote\\errorhandler.py:232: NoSuchElementException\n\nDuring handling of the above exception, another exception occurred:\n\ndriver = <selenium.webdriver.chrome.webdriver.WebDriver (session=\"947a92b8ac99697cc95a0657957b7e0a\")>\n\n    @allure.feature(\"UI 테스트\")\n    @allure.story(\"검색창 FAILED 테스트\")\n    @allure.title(\"FAILED 기능 동작 하는지 확인\")\n    def test_fail_screenshot(driver):\n        \"\"\"\n        일부러 실패하게 만드는 테스트\n        - 올바르지 않은 요소 선택\n        - 검색창이 없는 요소를 클릭 시도하여 실패 유발\n        \"\"\"\n        driver.get(\"https://www.kurly.com/main\")\n    \n        try:\n            driver.find_element(By.XPATH, \"//input[@id='wrong_search_id']\").click()\n        except Exception:\n>           pytest.fail(\"\uD83D\uDCCC 예상된 실패: 잘못된 XPATH로 인해 클릭할 수 없음\")\nE           Failed: \uD83D\uDCCC 예상된 실패: 잘못된 XPATH로 인해 클릭할 수 없음\n\nsrc\\tests\\ui_tests\\test_fail_screenshot.py:19: Failed","steps":[],"attachments":[{"uid":"90166b7ec176687b","name":"Failure sreenshot","source":"90166b7ec176687b.png","type":"image/png","size":1141825}],"parameters":[],"attachmentsCount":1,"shouldDisplayMessage":true,"stepsCount":0,"attachmentStep":false,"hasContent":true},"afterStages":[{"name":"driver::0","time":{"start":1745158660913,"stop":1745158663059,"duration":2146},"status":"passed","steps":[],"attachments":[],"parameters":[],"attachmentsCount":0,"shouldDisplayMessage":false,"stepsCount":0,"attachmentStep":false,"hasContent":false}],"labels":[{"name":"feature","value":"UI 테스트"},{"name":"story","value":"검색창 FAILED 테스트"},{"name":"parentSuite","value":"src.tests.ui_tests"},{"name":"suite","value":"test_fail_screenshot"},{"name":"host","value":"jmlim"},{"name":"thread","value":"1908-MainThread"},{"name":"framework","value":"pytest"},{"name":"language","value":"cpython3"},{"name":"package","value":"src.tests.ui_tests.test_fail_screenshot"},{"name":"resultFormat","value":"allure2"}],"parameters":[],"links":[],"hidden":false,"retry":false,"extra":{"severity":"normal","retries":[{"uid":"29252e3f7516e43","status":"failed","statusDetails":"Failed: \uD83D\uDCCC 예상된 실패: 잘못된 XPATH로 인해 클릭할 수 없음","time":{"start":1743616699599,"stop":1743616702299,"duration":2700}}],"categories":[{"name":"Product defects","matchedStatuses":[],"flaky":false}],"tags":[]},"source":"befd047cc18ce549.json","parameterValues":[]}