{"uid":"cb7dcc97dd356894","name":"test_fail_screenshot","fullName":"src.tests.ui_tests.test_fail_screenshot#test_fail_screenshot","historyId":"295b0300b44e64aac7e9de8f2dd396ad","time":{"start":1742829707721,"stop":1742829718943,"duration":11222},"description":"\n    일부러 실패하게 만드는 테스트\n    - 올바르지 않은 요소 선택\n    - 검색창이 없는 요소를 클릭 시도하여 실패 유발\n    ","descriptionHtml":"<pre><code>일부러 실패하게 만드는 테스트\n- 올바르지 않은 요소 선택\n- 검색창이 없는 요소를 클릭 시도하여 실패 유발\n</code></pre>\n","status":"failed","statusMessage":"Failed: \uD83D\uDCCC 예상된 실패: 잘못된 XPATH로 인해 클릭할 수 없음","statusTrace":"driver = <selenium.webdriver.chrome.webdriver.WebDriver (session=\"9c07e3788bd3ba7bac6295dd96f75413\")>\n\n    @allure.feature(\"UI 테스트\")\n    @allure.story(\"검색창 실패 테스트\")\n    def test_fail_screenshot(driver):\n        \"\"\"\n        일부러 실패하게 만드는 테스트\n        - 올바르지 않은 요소 선택\n        - 검색창이 없는 요소를 클릭 시도하여 실패 유발\n        \"\"\"\n        driver.get(\"https://www.kurly.com/main\")\n    \n        try:\n>           driver.find_element(By.XPATH, \"//input[@id='wrong_search_id']\").click()\n\nsrc/tests/ui_tests/test_fail_screenshot.py:16: \n_ _ _ _ _ _ _ _ _ _ _ _ _ _ _ _ _ _ _ _ _ _ _ _ _ _ _ _ _ _ _ _ _ _ _ _ _ _ _ _ \nvenv/lib/python3.11/site-packages/selenium/webdriver/remote/webdriver.py:770: in find_element\n    return self.execute(Command.FIND_ELEMENT, {\"using\": by, \"value\": value})[\"value\"]\nvenv/lib/python3.11/site-packages/selenium/webdriver/remote/webdriver.py:384: in execute\n    self.error_handler.check_response(response)\n_ _ _ _ _ _ _ _ _ _ _ _ _ _ _ _ _ _ _ _ _ _ _ _ _ _ _ _ _ _ _ _ _ _ _ _ _ _ _ _ \n\nself = <selenium.webdriver.remote.errorhandler.ErrorHandler object at 0x7fcdae87fcd0>\nresponse = {'status': 404, 'value': '{\"value\":{\"error\":\"no such element\",\"message\":\"no such element: Unable to locate element: {\\...\\\\n#17 0x5633c0a38e76 \\\\u003Cunknown>\\\\n#18 0x7f364369caa4 \\\\u003Cunknown>\\\\n#19 0x7f3643729c3c \\\\u003Cunknown>\\\\n\"}}'}\n\n    def check_response(self, response: Dict[str, Any]) -> None:\n        \"\"\"Checks that a JSON response from the WebDriver does not have an\n        error.\n    \n        :Args:\n         - response - The JSON response from the WebDriver server as a dictionary\n           object.\n    \n        :Raises: If the response contains an error message.\n        \"\"\"\n        status = response.get(\"status\", None)\n        if not status or status == ErrorCode.SUCCESS:\n            return\n        value = None\n        message = response.get(\"message\", \"\")\n        screen: str = response.get(\"screen\", \"\")\n        stacktrace = None\n        if isinstance(status, int):\n            value_json = response.get(\"value\", None)\n            if value_json and isinstance(value_json, str):\n                import json\n    \n                try:\n                    value = json.loads(value_json)\n                    if len(value) == 1:\n                        value = value[\"value\"]\n                    status = value.get(\"error\", None)\n                    if not status:\n                        status = value.get(\"status\", ErrorCode.UNKNOWN_ERROR)\n                        message = value.get(\"value\") or value.get(\"message\")\n                        if not isinstance(message, str):\n                            value = message\n                            message = message.get(\"message\")\n                    else:\n                        message = value.get(\"message\", None)\n                except ValueError:\n                    pass\n    \n        exception_class: Type[WebDriverException]\n        e = ErrorCode()\n        error_codes = [item for item in dir(e) if not item.startswith(\"__\")]\n        for error_code in error_codes:\n            error_info = getattr(ErrorCode, error_code)\n            if isinstance(error_info, list) and status in error_info:\n                exception_class = getattr(ExceptionMapping, error_code, WebDriverException)\n                break\n        else:\n            exception_class = WebDriverException\n    \n        if not value:\n            value = response[\"value\"]\n        if isinstance(value, str):\n            raise exception_class(value)\n        if message == \"\" and \"message\" in value:\n            message = value[\"message\"]\n    \n        screen = None  # type: ignore[assignment]\n        if \"screen\" in value:\n            screen = value[\"screen\"]\n    \n        stacktrace = None\n        st_value = value.get(\"stackTrace\") or value.get(\"stacktrace\")\n        if st_value:\n            if isinstance(st_value, str):\n                stacktrace = st_value.split(\"\\n\")\n            else:\n                stacktrace = []\n                try:\n                    for frame in st_value:\n                        line = frame.get(\"lineNumber\", \"\")\n                        file = frame.get(\"fileName\", \"<anonymous>\")\n                        if line:\n                            file = f\"{file}:{line}\"\n                        meth = frame.get(\"methodName\", \"<anonymous>\")\n                        if \"className\" in frame:\n                            meth = f\"{frame['className']}.{meth}\"\n                        msg = \"    at %s (%s)\"\n                        msg = msg % (meth, file)\n                        stacktrace.append(msg)\n                except TypeError:\n                    pass\n        if exception_class == UnexpectedAlertPresentException:\n            alert_text = None\n            if \"data\" in value:\n                alert_text = value[\"data\"].get(\"text\")\n            elif \"alert\" in value:\n                alert_text = value[\"alert\"].get(\"text\")\n            raise exception_class(message, screen, stacktrace, alert_text)  # type: ignore[call-arg]  # mypy is not smart enough here\n>       raise exception_class(message, screen, stacktrace)\nE       selenium.common.exceptions.NoSuchElementException: Message: no such element: Unable to locate element: {\"method\":\"xpath\",\"selector\":\"//input[@id='wrong_search_id']\"}\nE         (Session info: chrome=134.0.6998.88); For documentation on this error, please visit: https://www.selenium.dev/documentation/webdriver/troubleshooting/errors#no-such-element-exception\nE       Stacktrace:\nE       #0 0x5633c0a39ffa <unknown>\nE       #1 0x5633c04f8970 <unknown>\nE       #2 0x5633c054a385 <unknown>\nE       #3 0x5633c054a5b1 <unknown>\nE       #4 0x5633c05993c4 <unknown>\nE       #5 0x5633c05702bd <unknown>\nE       #6 0x5633c059670c <unknown>\nE       #7 0x5633c0570063 <unknown>\nE       #8 0x5633c053c328 <unknown>\nE       #9 0x5633c053d491 <unknown>\nE       #10 0x5633c0a0142b <unknown>\nE       #11 0x5633c0a052ec <unknown>\nE       #12 0x5633c09e8a22 <unknown>\nE       #13 0x5633c0a05e64 <unknown>\nE       #14 0x5633c09ccbef <unknown>\nE       #15 0x5633c0a28558 <unknown>\nE       #16 0x5633c0a28736 <unknown>\nE       #17 0x5633c0a38e76 <unknown>\nE       #18 0x7f364369caa4 <unknown>\nE       #19 0x7f3643729c3c <unknown>\n\nvenv/lib/python3.11/site-packages/selenium/webdriver/remote/errorhandler.py:232: NoSuchElementException\n\nDuring handling of the above exception, another exception occurred:\n\ndriver = <selenium.webdriver.chrome.webdriver.WebDriver (session=\"9c07e3788bd3ba7bac6295dd96f75413\")>\n\n    @allure.feature(\"UI 테스트\")\n    @allure.story(\"검색창 실패 테스트\")\n    def test_fail_screenshot(driver):\n        \"\"\"\n        일부러 실패하게 만드는 테스트\n        - 올바르지 않은 요소 선택\n        - 검색창이 없는 요소를 클릭 시도하여 실패 유발\n        \"\"\"\n        driver.get(\"https://www.kurly.com/main\")\n    \n        try:\n            driver.find_element(By.XPATH, \"//input[@id='wrong_search_id']\").click()\n        except Exception:\n            driver.save_screenshot(\"unexpected_result.png\")\n>           pytest.fail(\"\uD83D\uDCCC 예상된 실패: 잘못된 XPATH로 인해 클릭할 수 없음\")\nE           Failed: \uD83D\uDCCC 예상된 실패: 잘못된 XPATH로 인해 클릭할 수 없음\n\nsrc/tests/ui_tests/test_fail_screenshot.py:19: Failed","flaky":false,"newFailed":false,"newBroken":false,"newPassed":false,"retriesCount":0,"retriesStatusChange":false,"beforeStages":[{"name":"driver","time":{"start":1742829703456,"stop":1742829707720,"duration":4264},"status":"passed","steps":[],"attachments":[],"parameters":[],"shouldDisplayMessage":false,"stepsCount":0,"attachmentsCount":0,"hasContent":false,"attachmentStep":false}],"testStage":{"description":"\n    일부러 실패하게 만드는 테스트\n    - 올바르지 않은 요소 선택\n    - 검색창이 없는 요소를 클릭 시도하여 실패 유발\n    ","status":"failed","statusMessage":"Failed: \uD83D\uDCCC 예상된 실패: 잘못된 XPATH로 인해 클릭할 수 없음","statusTrace":"driver = <selenium.webdriver.chrome.webdriver.WebDriver (session=\"9c07e3788bd3ba7bac6295dd96f75413\")>\n\n    @allure.feature(\"UI 테스트\")\n    @allure.story(\"검색창 실패 테스트\")\n    def test_fail_screenshot(driver):\n        \"\"\"\n        일부러 실패하게 만드는 테스트\n        - 올바르지 않은 요소 선택\n        - 검색창이 없는 요소를 클릭 시도하여 실패 유발\n        \"\"\"\n        driver.get(\"https://www.kurly.com/main\")\n    \n        try:\n>           driver.find_element(By.XPATH, \"//input[@id='wrong_search_id']\").click()\n\nsrc/tests/ui_tests/test_fail_screenshot.py:16: \n_ _ _ _ _ _ _ _ _ _ _ _ _ _ _ _ _ _ _ _ _ _ _ _ _ _ _ _ _ _ _ _ _ _ _ _ _ _ _ _ \nvenv/lib/python3.11/site-packages/selenium/webdriver/remote/webdriver.py:770: in find_element\n    return self.execute(Command.FIND_ELEMENT, {\"using\": by, \"value\": value})[\"value\"]\nvenv/lib/python3.11/site-packages/selenium/webdriver/remote/webdriver.py:384: in execute\n    self.error_handler.check_response(response)\n_ _ _ _ _ _ _ _ _ _ _ _ _ _ _ _ _ _ _ _ _ _ _ _ _ _ _ _ _ _ _ _ _ _ _ _ _ _ _ _ \n\nself = <selenium.webdriver.remote.errorhandler.ErrorHandler object at 0x7fcdae87fcd0>\nresponse = {'status': 404, 'value': '{\"value\":{\"error\":\"no such element\",\"message\":\"no such element: Unable to locate element: {\\...\\\\n#17 0x5633c0a38e76 \\\\u003Cunknown>\\\\n#18 0x7f364369caa4 \\\\u003Cunknown>\\\\n#19 0x7f3643729c3c \\\\u003Cunknown>\\\\n\"}}'}\n\n    def check_response(self, response: Dict[str, Any]) -> None:\n        \"\"\"Checks that a JSON response from the WebDriver does not have an\n        error.\n    \n        :Args:\n         - response - The JSON response from the WebDriver server as a dictionary\n           object.\n    \n        :Raises: If the response contains an error message.\n        \"\"\"\n        status = response.get(\"status\", None)\n        if not status or status == ErrorCode.SUCCESS:\n            return\n        value = None\n        message = response.get(\"message\", \"\")\n        screen: str = response.get(\"screen\", \"\")\n        stacktrace = None\n        if isinstance(status, int):\n            value_json = response.get(\"value\", None)\n            if value_json and isinstance(value_json, str):\n                import json\n    \n                try:\n                    value = json.loads(value_json)\n                    if len(value) == 1:\n                        value = value[\"value\"]\n                    status = value.get(\"error\", None)\n                    if not status:\n                        status = value.get(\"status\", ErrorCode.UNKNOWN_ERROR)\n                        message = value.get(\"value\") or value.get(\"message\")\n                        if not isinstance(message, str):\n                            value = message\n                            message = message.get(\"message\")\n                    else:\n                        message = value.get(\"message\", None)\n                except ValueError:\n                    pass\n    \n        exception_class: Type[WebDriverException]\n        e = ErrorCode()\n        error_codes = [item for item in dir(e) if not item.startswith(\"__\")]\n        for error_code in error_codes:\n            error_info = getattr(ErrorCode, error_code)\n            if isinstance(error_info, list) and status in error_info:\n                exception_class = getattr(ExceptionMapping, error_code, WebDriverException)\n                break\n        else:\n            exception_class = WebDriverException\n    \n        if not value:\n            value = response[\"value\"]\n        if isinstance(value, str):\n            raise exception_class(value)\n        if message == \"\" and \"message\" in value:\n            message = value[\"message\"]\n    \n        screen = None  # type: ignore[assignment]\n        if \"screen\" in value:\n            screen = value[\"screen\"]\n    \n        stacktrace = None\n        st_value = value.get(\"stackTrace\") or value.get(\"stacktrace\")\n        if st_value:\n            if isinstance(st_value, str):\n                stacktrace = st_value.split(\"\\n\")\n            else:\n                stacktrace = []\n                try:\n                    for frame in st_value:\n                        line = frame.get(\"lineNumber\", \"\")\n                        file = frame.get(\"fileName\", \"<anonymous>\")\n                        if line:\n                            file = f\"{file}:{line}\"\n                        meth = frame.get(\"methodName\", \"<anonymous>\")\n                        if \"className\" in frame:\n                            meth = f\"{frame['className']}.{meth}\"\n                        msg = \"    at %s (%s)\"\n                        msg = msg % (meth, file)\n                        stacktrace.append(msg)\n                except TypeError:\n                    pass\n        if exception_class == UnexpectedAlertPresentException:\n            alert_text = None\n            if \"data\" in value:\n                alert_text = value[\"data\"].get(\"text\")\n            elif \"alert\" in value:\n                alert_text = value[\"alert\"].get(\"text\")\n            raise exception_class(message, screen, stacktrace, alert_text)  # type: ignore[call-arg]  # mypy is not smart enough here\n>       raise exception_class(message, screen, stacktrace)\nE       selenium.common.exceptions.NoSuchElementException: Message: no such element: Unable to locate element: {\"method\":\"xpath\",\"selector\":\"//input[@id='wrong_search_id']\"}\nE         (Session info: chrome=134.0.6998.88); For documentation on this error, please visit: https://www.selenium.dev/documentation/webdriver/troubleshooting/errors#no-such-element-exception\nE       Stacktrace:\nE       #0 0x5633c0a39ffa <unknown>\nE       #1 0x5633c04f8970 <unknown>\nE       #2 0x5633c054a385 <unknown>\nE       #3 0x5633c054a5b1 <unknown>\nE       #4 0x5633c05993c4 <unknown>\nE       #5 0x5633c05702bd <unknown>\nE       #6 0x5633c059670c <unknown>\nE       #7 0x5633c0570063 <unknown>\nE       #8 0x5633c053c328 <unknown>\nE       #9 0x5633c053d491 <unknown>\nE       #10 0x5633c0a0142b <unknown>\nE       #11 0x5633c0a052ec <unknown>\nE       #12 0x5633c09e8a22 <unknown>\nE       #13 0x5633c0a05e64 <unknown>\nE       #14 0x5633c09ccbef <unknown>\nE       #15 0x5633c0a28558 <unknown>\nE       #16 0x5633c0a28736 <unknown>\nE       #17 0x5633c0a38e76 <unknown>\nE       #18 0x7f364369caa4 <unknown>\nE       #19 0x7f3643729c3c <unknown>\n\nvenv/lib/python3.11/site-packages/selenium/webdriver/remote/errorhandler.py:232: NoSuchElementException\n\nDuring handling of the above exception, another exception occurred:\n\ndriver = <selenium.webdriver.chrome.webdriver.WebDriver (session=\"9c07e3788bd3ba7bac6295dd96f75413\")>\n\n    @allure.feature(\"UI 테스트\")\n    @allure.story(\"검색창 실패 테스트\")\n    def test_fail_screenshot(driver):\n        \"\"\"\n        일부러 실패하게 만드는 테스트\n        - 올바르지 않은 요소 선택\n        - 검색창이 없는 요소를 클릭 시도하여 실패 유발\n        \"\"\"\n        driver.get(\"https://www.kurly.com/main\")\n    \n        try:\n            driver.find_element(By.XPATH, \"//input[@id='wrong_search_id']\").click()\n        except Exception:\n            driver.save_screenshot(\"unexpected_result.png\")\n>           pytest.fail(\"\uD83D\uDCCC 예상된 실패: 잘못된 XPATH로 인해 클릭할 수 없음\")\nE           Failed: \uD83D\uDCCC 예상된 실패: 잘못된 XPATH로 인해 클릭할 수 없음\n\nsrc/tests/ui_tests/test_fail_screenshot.py:19: Failed","steps":[],"attachments":[{"uid":"8e5a6d35e89d859f","name":"Failure Screenshot","source":"8e5a6d35e89d859f.png","type":"image/png","size":706536}],"parameters":[],"shouldDisplayMessage":true,"stepsCount":0,"attachmentsCount":1,"hasContent":true,"attachmentStep":false},"afterStages":[{"name":"driver::0","time":{"start":1742829719175,"stop":1742829719247,"duration":72},"status":"passed","steps":[],"attachments":[],"parameters":[],"shouldDisplayMessage":false,"stepsCount":0,"attachmentsCount":0,"hasContent":false,"attachmentStep":false}],"labels":[{"name":"feature","value":"UI 테스트"},{"name":"story","value":"검색창 실패 테스트"},{"name":"parentSuite","value":"src.tests.ui_tests"},{"name":"suite","value":"test_fail_screenshot"},{"name":"host","value":"fv-az1695-672"},{"name":"thread","value":"2539-MainThread"},{"name":"framework","value":"pytest"},{"name":"language","value":"cpython3"},{"name":"package","value":"src.tests.ui_tests.test_fail_screenshot"},{"name":"resultFormat","value":"allure2"}],"parameters":[],"links":[],"hidden":false,"retry":false,"extra":{"severity":"normal","retries":[],"categories":[{"name":"Product defects","matchedStatuses":[],"flaky":false}],"tags":[]},"source":"cb7dcc97dd356894.json","parameterValues":[]}